
 ==> STARTING ROMS/WW3 7-DAY FORECAST @ 2023/10/10 01:11:01 <== 


 ==> Sourcing forecast_setup.sh for general forecast settings <==

 ... roms grid file is /home/ivans/operational/roms/grids/grid_npo0.08_07e.nc
 ... grid box is -166 -118 16 46

 ... grid size is 601 lons,  376 lats, 30 layers


 ==> 2023/10/10 01:11:01 HERE I am for step 01: start forecast <==


 ... today is 2023-10-10

 ... dir /home/ivans/operational/pacific_npo_2gr/forecast/d-storage/20231010 doesnt exist, will create it
 ... dir /home/ivans/operational/pacific_npo_2gr/forecast/d-temporary exists, will clean it

 ... end of step 01 


 ==> Sourcing forecast_setup.sh for general forecast settings <==

 ... roms grid file is /home/ivans/operational/roms/grids/grid_npo0.08_07e.nc
 ... grid box is -166 -118 16 46

 ... grid size is 601 lons,  376 lats, 30 layers


 ==> 2023/10/10 01:11:01 HERE I am @ /home/ivans/operational/pacific_npo_2gr/forecast/d-temporary for step 02: download forcing gfs data <==


 ... today is 2023-10-10
 ... will download 24 hours
 ... will store downloaded files in folder /home/ivans/operational/pacific_npo_2gr/forecast/d-storage


 +++ Starting script get_gfs_nomads_oneday+forecast.sh +++

 ... today is 20231010
 ... will download 1 day(s)


vars = :UGRD:10 m above|:VGRD:10 m above|:PREMSL|:RH:2 m above|:SPFH:2 m above|:TMP:2 m above|:PRMSL|:DSWRF|:DLWRF|:USWRF:surface|:ULWRF:surface|:PRATE:surface|:TMP:surface|:TCDC:entire atmosphere|:TCDC:high cloud layer|:TCDC:low cloud layer|:TCDC:middle cloud layer

2023-10-10 01:11:13 URL:https://nomads.ncep.noaa.gov/pub/data/nccf/com/gfs/prod/gfs.20231009/18/atmos/gfs.t18z.pgrb2.0p25.f006 [544533737/544533737] -> "nomads.tmp" [1]
1:0:d=2023100918:PRMSL:mean sea level:6 hour fcst:
563:411979843:d=2023100918:TMP:surface:6 hour fcst:
581:419211716:d=2023100918:TMP:2 m above ground:6 hour fcst:
582:420088248:d=2023100918:SPFH:2 m above ground:6 hour fcst:
584:421842469:d=2023100918:RH:2 m above ground:6 hour fcst:
588:424906646:d=2023100918:UGRD:10 m above ground:6 hour fcst:
589:425877049:d=2023100918:VGRD:10 m above ground:6 hour fcst:
593:428063975:d=2023100918:PRATE:surface:6 hour fcst:
595:429334778:d=2023100918:PRATE:surface:0-6 hour ave fcst:
636:448720038:d=2023100918:TCDC:entire atmosphere:6 hour fcst:
637:449546329:d=2023100918:TCDC:entire atmosphere:0-6 hour ave fcst:
653:465665098:d=2023100918:DSWRF:surface:0-6 hour ave fcst:
654:466634668:d=2023100918:DLWRF:surface:0-6 hour ave fcst:
655:467566867:d=2023100918:USWRF:surface:0-6 hour ave fcst:
656:468450494:d=2023100918:ULWRF:surface:0-6 hour ave fcst:

 ... downloading file https://nomads.ncep.noaa.gov/pub/data/nccf/com/gfs/prod/gfs.20231010/00/atmos/gfs.t00z.pgrb2.0p25.f003

2023-10-10 01:11:43 URL:https://nomads.ncep.noaa.gov/pub/data/nccf/com/gfs/prod/gfs.20231010/00/atmos/gfs.t00z.pgrb2.0p25.f003 [540335733/540335733] -> "nomads.tmp" [1]
1:0:d=2023101000:PRMSL:mean sea level:3 hour fcst:
563:409354119:d=2023101000:TMP:surface:3 hour fcst:
581:416768953:d=2023101000:TMP:2 m above ground:3 hour fcst:
582:417641007:d=2023101000:SPFH:2 m above ground:3 hour fcst:
584:419782963:d=2023101000:RH:2 m above ground:3 hour fcst:
588:422833511:d=2023101000:UGRD:10 m above ground:3 hour fcst:
589:423804287:d=2023101000:VGRD:10 m above ground:3 hour fcst:
593:426012108:d=2023101000:PRATE:surface:3 hour fcst:
595:427290778:d=2023101000:PRATE:surface:0-3 hour ave fcst:
636:446075598:d=2023101000:TCDC:entire atmosphere:3 hour fcst:
637:446895247:d=2023101000:TCDC:entire atmosphere:0-3 hour ave fcst:
653:462256190:d=2023101000:DSWRF:surface:0-3 hour ave fcst:
654:463075804:d=2023101000:DLWRF:surface:0-3 hour ave fcst:
655:464037647:d=2023101000:USWRF:surface:0-3 hour ave fcst:
656:464734331:d=2023101000:ULWRF:surface:0-3 hour ave fcst:

 ... downloading file https://nomads.ncep.noaa.gov/pub/data/nccf/com/gfs/prod/gfs.20231010/00/atmos/gfs.t00z.pgrb2.0p25.f006

2023-10-10 01:12:00 URL:https://nomads.ncep.noaa.gov/pub/data/nccf/com/gfs/prod/gfs.20231010/00/atmos/gfs.t00z.pgrb2.0p25.f006 [543756081/543756081] -> "nomads.tmp" [1]
1:0:d=2023101000:PRMSL:mean sea level:6 hour fcst:
563:410421215:d=2023101000:TMP:surface:6 hour fcst:
581:417839131:d=2023101000:TMP:2 m above ground:6 hour fcst:
582:418711640:d=2023101000:SPFH:2 m above ground:6 hour fcst:
584:420854301:d=2023101000:RH:2 m above ground:6 hour fcst:
588:423896579:d=2023101000:UGRD:10 m above ground:6 hour fcst:
589:424868316:d=2023101000:VGRD:10 m above ground:6 hour fcst:
593:427088279:d=2023101000:PRATE:surface:6 hour fcst:
595:428371730:d=2023101000:PRATE:surface:0-6 hour ave fcst:
636:447674125:d=2023101000:TCDC:entire atmosphere:6 hour fcst:
637:448497242:d=2023101000:TCDC:entire atmosphere:0-6 hour ave fcst:
653:464638964:d=2023101000:DSWRF:surface:0-6 hour ave fcst:
654:465599575:d=2023101000:DLWRF:surface:0-6 hour ave fcst:
655:466527379:d=2023101000:USWRF:surface:0-6 hour ave fcst:
656:467416949:d=2023101000:ULWRF:surface:0-6 hour ave fcst:

 ... downloading file https://nomads.ncep.noaa.gov/pub/data/nccf/com/gfs/prod/gfs.20231010/00/atmos/gfs.t00z.pgrb2.0p25.f009

2023-10-10 01:12:34 URL:https://nomads.ncep.noaa.gov/pub/data/nccf/com/gfs/prod/gfs.20231010/00/atmos/gfs.t00z.pgrb2.0p25.f009 [540631527/540631527] -> "nomads.tmp" [1]
1:0:d=2023101000:PRMSL:mean sea level:9 hour fcst:
563:409768149:d=2023101000:TMP:surface:9 hour fcst:
581:417187651:d=2023101000:TMP:2 m above ground:9 hour fcst:
582:418065987:d=2023101000:SPFH:2 m above ground:9 hour fcst:
584:420210161:d=2023101000:RH:2 m above ground:9 hour fcst:
588:423265428:d=2023101000:UGRD:10 m above ground:9 hour fcst:
589:424237790:d=2023101000:VGRD:10 m above ground:9 hour fcst:
593:426461203:d=2023101000:PRATE:surface:9 hour fcst:
595:427747471:d=2023101000:PRATE:surface:6-9 hour ave fcst:
636:446356837:d=2023101000:TCDC:entire atmosphere:9 hour fcst:
637:447176272:d=2023101000:TCDC:entire atmosphere:6-9 hour ave fcst:
653:462633710:d=2023101000:DSWRF:surface:6-9 hour ave fcst:
654:463449465:d=2023101000:DLWRF:surface:6-9 hour ave fcst:
655:464409474:d=2023101000:USWRF:surface:6-9 hour ave fcst:
656:465130957:d=2023101000:ULWRF:surface:6-9 hour ave fcst:

 ... downloading file https://nomads.ncep.noaa.gov/pub/data/nccf/com/gfs/prod/gfs.20231010/00/atmos/gfs.t00z.pgrb2.0p25.f012

2023-10-10 01:12:56 URL:https://nomads.ncep.noaa.gov/pub/data/nccf/com/gfs/prod/gfs.20231010/00/atmos/gfs.t00z.pgrb2.0p25.f012 [543428935/543428935] -> "nomads.tmp" [1]
1:0:d=2023101000:PRMSL:mean sea level:12 hour fcst:
563:410866507:d=2023101000:TMP:surface:12 hour fcst:
581:418102862:d=2023101000:TMP:2 m above ground:12 hour fcst:
582:418984179:d=2023101000:SPFH:2 m above ground:12 hour fcst:
584:421131826:d=2023101000:RH:2 m above ground:12 hour fcst:
588:424189071:d=2023101000:UGRD:10 m above ground:12 hour fcst:
589:425166551:d=2023101000:VGRD:10 m above ground:12 hour fcst:
593:427390360:d=2023101000:PRATE:surface:12 hour fcst:
595:428678117:d=2023101000:PRATE:surface:6-12 hour ave fcst:
636:447913089:d=2023101000:TCDC:entire atmosphere:12 hour fcst:
637:448741790:d=2023101000:TCDC:entire atmosphere:6-12 hour ave fcst:
653:465003110:d=2023101000:DSWRF:surface:6-12 hour ave fcst:
654:465928812:d=2023101000:DLWRF:surface:6-12 hour ave fcst:
655:466857059:d=2023101000:USWRF:surface:6-12 hour ave fcst:
656:467760006:d=2023101000:ULWRF:surface:6-12 hour ave fcst:

 ... downloading file https://nomads.ncep.noaa.gov/pub/data/nccf/com/gfs/prod/gfs.20231010/00/atmos/gfs.t00z.pgrb2.0p25.f015

2023-10-10 01:13:14 URL:https://nomads.ncep.noaa.gov/pub/data/nccf/com/gfs/prod/gfs.20231010/00/atmos/gfs.t00z.pgrb2.0p25.f015 [542030488/542030488] -> "nomads.tmp" [1]
1:0:d=2023101000:PRMSL:mean sea level:15 hour fcst:
563:411980157:d=2023101000:TMP:surface:15 hour fcst:
581:419215690:d=2023101000:TMP:2 m above ground:15 hour fcst:
582:419726788:d=2023101000:SPFH:2 m above ground:15 hour fcst:
584:421490789:d=2023101000:RH:2 m above ground:15 hour fcst:
588:424195417:d=2023101000:UGRD:10 m above ground:15 hour fcst:
589:425171844:d=2023101000:VGRD:10 m above ground:15 hour fcst:
593:427395583:d=2023101000:PRATE:surface:15 hour fcst:
595:428682083:d=2023101000:PRATE:surface:12-15 hour ave fcst:
636:447483131:d=2023101000:TCDC:entire atmosphere:15 hour fcst:
637:448313911:d=2023101000:TCDC:entire atmosphere:12-15 hour ave fcst:
653:463842513:d=2023101000:DSWRF:surface:12-15 hour ave fcst:
654:464664508:d=2023101000:DLWRF:surface:12-15 hour ave fcst:
655:465627461:d=2023101000:USWRF:surface:12-15 hour ave fcst:
656:466345778:d=2023101000:ULWRF:surface:12-15 hour ave fcst:

 ... downloading file https://nomads.ncep.noaa.gov/pub/data/nccf/com/gfs/prod/gfs.20231010/00/atmos/gfs.t00z.pgrb2.0p25.f018

2023-10-10 01:13:41 URL:https://nomads.ncep.noaa.gov/pub/data/nccf/com/gfs/prod/gfs.20231010/00/atmos/gfs.t00z.pgrb2.0p25.f018 [540594125/540594125] -> "nomads.tmp" [1]
1:0:d=2023101000:PRMSL:mean sea level:18 hour fcst:
563:408895534:d=2023101000:TMP:surface:18 hour fcst:
581:416146366:d=2023101000:TMP:2 m above ground:18 hour fcst:
582:416660272:d=2023101000:SPFH:2 m above ground:18 hour fcst:
584:418427956:d=2023101000:RH:2 m above ground:18 hour fcst:
588:421131399:d=2023101000:UGRD:10 m above ground:18 hour fcst:
589:422112358:d=2023101000:VGRD:10 m above ground:18 hour fcst:
593:424333187:d=2023101000:PRATE:surface:18 hour fcst:
595:425704233:d=2023101000:PRATE:surface:12-18 hour ave fcst:
636:444957954:d=2023101000:TCDC:entire atmosphere:18 hour fcst:
637:445792599:d=2023101000:TCDC:entire atmosphere:12-18 hour ave fcst:
653:462110540:d=2023101000:DSWRF:surface:12-18 hour ave fcst:
654:463051965:d=2023101000:DLWRF:surface:12-18 hour ave fcst:
655:463982133:d=2023101000:USWRF:surface:12-18 hour ave fcst:
656:464796356:d=2023101000:ULWRF:surface:12-18 hour ave fcst:

 ... downloading file https://nomads.ncep.noaa.gov/pub/data/nccf/com/gfs/prod/gfs.20231010/00/atmos/gfs.t00z.pgrb2.0p25.f021

2023-10-10 01:14:13 URL:https://nomads.ncep.noaa.gov/pub/data/nccf/com/gfs/prod/gfs.20231010/00/atmos/gfs.t00z.pgrb2.0p25.f021 [539695961/539695961] -> "nomads.tmp" [1]
1:0:d=2023101000:PRMSL:mean sea level:21 hour fcst:
563:410828871:d=2023101000:TMP:surface:21 hour fcst:
581:418069563:d=2023101000:TMP:2 m above ground:21 hour fcst:
582:418580136:d=2023101000:SPFH:2 m above ground:21 hour fcst:
584:420347964:d=2023101000:RH:2 m above ground:21 hour fcst:
588:422697385:d=2023101000:UGRD:10 m above ground:21 hour fcst:
589:423671527:d=2023101000:VGRD:10 m above ground:21 hour fcst:
593:425875653:d=2023101000:PRATE:surface:21 hour fcst:
595:427154735:d=2023101000:PRATE:surface:18-21 hour ave fcst:
636:445924198:d=2023101000:TCDC:entire atmosphere:21 hour fcst:
637:446760539:d=2023101000:TCDC:entire atmosphere:18-21 hour ave fcst:
653:461993117:d=2023101000:DSWRF:surface:18-21 hour ave fcst:
654:462829708:d=2023101000:DLWRF:surface:18-21 hour ave fcst:
655:463797449:d=2023101000:USWRF:surface:18-21 hour ave fcst:
656:464503986:d=2023101000:ULWRF:surface:18-21 hour ave fcst:

 ... downloading file https://nomads.ncep.noaa.gov/pub/data/nccf/com/gfs/prod/gfs.20231010/00/atmos/gfs.t00z.pgrb2.0p25.f024

2023-10-10 01:14:53 URL:https://nomads.ncep.noaa.gov/pub/data/nccf/com/gfs/prod/gfs.20231010/00/atmos/gfs.t00z.pgrb2.0p25.f024 [537539016/537539016] -> "nomads.tmp" [1]
1:0:d=2023101000:PRMSL:mean sea level:24 hour fcst:
563:406994073:d=2023101000:TMP:surface:24 hour fcst:
581:414419089:d=2023101000:TMP:2 m above ground:24 hour fcst:
582:415294545:d=2023101000:SPFH:2 m above ground:24 hour fcst:
584:417051509:d=2023101000:RH:2 m above ground:24 hour fcst:
588:419382913:d=2023101000:UGRD:10 m above ground:24 hour fcst:
589:420352302:d=2023101000:VGRD:10 m above ground:24 hour fcst:
593:422538551:d=2023101000:PRATE:surface:24 hour fcst:
595:423893659:d=2023101000:PRATE:surface:18-24 hour ave fcst:
636:443100576:d=2023101000:TCDC:entire atmosphere:24 hour fcst:
637:443935564:d=2023101000:TCDC:entire atmosphere:18-24 hour ave fcst:
653:460193226:d=2023101000:DSWRF:surface:18-24 hour ave fcst:
654:461165714:d=2023101000:DLWRF:surface:18-24 hour ave fcst:
655:462097747:d=2023101000:USWRF:surface:18-24 hour ave fcst:
656:462980832:d=2023101000:ULWRF:surface:18-24 hour ave fcst:
cdo    mergetime: Processed 117 variables over 9 timesteps [1.90s 56MB].

 +++ End of script get_gfs_nomads_oneday+forecast.sh +++


 ==> HERE I am @ /home/ivans/operational/pacific_npo_2gr/forecast/d-temporary to execute check procedure on file gfs_20231010.nc <==


 ... Initiating routine to check integrity of file 

 ... gfs_20231010.nc exists !!!
 ... No NaNs found !!!
 ... $test_nan is empty
 ... gfs file nbytes = 106683563
 ... donwloaded file nbytes = 485918292
 ... downloaded file is OK !!!
 ... after checking procedure check status is 0

 ==> FINISHED checking file <==

 ... %%%%%% Downloaded file is OK !! %%%%%%

 ... Starting script to fix GFS variables and attibutes for ROMS ...

cdo    sellonlatbox: Processed 13 variables over 9 timesteps [3.06s 62MB].

 ... add attribute time & coordinates to all vars


 ... modify attribute long-name in all vars


 ... modify attribute units in all vars


 ... fix lon/lat


 ... END of script to fix GFS variables and attibutes for ROMS ...


 ==> 2023/10/10 01:15:13 FINISHED downloading of forcing gfs data <==


 ==> Sourcing forecast_setup.sh for general forecast settings <==

 ... roms grid file is /home/ivans/operational/roms/grids/grid_npo0.08_07e.nc
 ... grid box is -166 -118 16 46

 ... grid size is 601 lons,  376 lats, 30 layers


 ==> 2023/10/10 01:15:13 HERE I am @ /home/ivans/operational/pacific_npo_2gr/forecast/d-temporary for step 03: download ogcm nemo data <==


 ... today is 2023-10-10, ogcm is nemo
 ... will download 1 day(s), with interval of 24 hours 
 ... will save outputs in file nemo_npo0.08_20231010.nc


 ... File /home/ivans/operational/pacific_npo_2gr/forecast/d-storage/20231010/nemo_npo0.08_20231010.nc does not exist. Will download it !!!


 ... This is try n. 1 to download ogcm file


 ... downloading nemo


 +++ Starting get nemo 06h +++


 ... starting script to get nemo anfc ssh

date ini = 2023-10-10 00:30:00
date end = 2023-10-10 23:30:00

 ... downloading ssh

2023-10-10 01:15:14.211 [ INFO] Asynchronous mode set
2023-10-10 01:15:14.212 [ INFO] Authenticating user isoares for service https://nrt.cmems-du.eu/motu-web/Motu
2023-10-10 01:15:21.139 [ INFO] Requesting file to download (this can take a while)...
2023-10-10 01:15:28.651 [ INFO] Authenticating user isoares for service https://nrt.cmems-du.eu/motu-web/Motu
2023-10-10 01:15:40.044 [ERROR] 010-27 : Error in NetcdfWriter finish

 ... starting script to get nemo anfc uvts

date ini = 2023-10-10 00:00:00
date end = 2023-10-10 23:59:59


 ... downloading var thetao

2023-10-10 01:15:40.634 [ INFO] Asynchronous mode set
2023-10-10 01:15:40.636 [ INFO] Authenticating user isoares for service https://nrt.cmems-du.eu/motu-web/Motu
2023-10-10 01:15:48.458 [ INFO] Requesting file to download (this can take a while)...
2023-10-10 01:15:55.825 [ INFO] Authenticating user isoares for service https://nrt.cmems-du.eu/motu-web/Motu
2023-10-10 01:16:08.204 [ INFO] Product is not yet available (request in progress)
2023-10-10 01:16:18.215 [ INFO] Authenticating user isoares for service https://nrt.cmems-du.eu/motu-web/Motu
2023-10-10 01:16:31.818 [ INFO] The product is ready for download
2023-10-10 01:16:31.818 [ INFO] Downloading file (this can take a while)...
2023-10-10 01:16:32.799 [ INFO] File type: application/x-netcdf
2023-10-10 01:16:32.800 [ INFO] File size: 185.1 MB (185115212 B)
2023-10-10 01:16:32.800 [ INFO] Downloading file /home/ivans/operational/pacific_npo_2gr/forecast/d-temporary/nemo_thetao.nc
2023-10-10 01:16:34.441 [ INFO] - 185.1 MB (1.0%)
2023-10-10 01:16:34.678 [ INFO] - 185.1 MB (2.1%)
2023-10-10 01:16:34.940 [ INFO] - 185.1 MB (3.1%)
2023-10-10 01:16:35.152 [ INFO] - 185.1 MB (4.1%)
2023-10-10 01:16:35.391 [ INFO] - 185.1 MB (5.1%)
2023-10-10 01:16:35.663 [ INFO] - 185.1 MB (6.2%)
2023-10-10 01:16:35.899 [ INFO] - 185.1 MB (7.2%)
2023-10-10 01:16:36.119 [ INFO] - 185.1 MB (8.2%)
2023-10-10 01:16:36.321 [ INFO] - 185.1 MB (9.2%)
2023-10-10 01:16:36.376 [ INFO] - 185.1 MB (10.3%)
2023-10-10 01:16:36.603 [ INFO] - 185.1 MB (11.3%)
2023-10-10 01:16:36.819 [ INFO] - 185.1 MB (12.3%)
2023-10-10 01:16:37.026 [ INFO] - 185.1 MB (13.3%)
2023-10-10 01:16:37.080 [ INFO] - 185.1 MB (14.4%)
2023-10-10 01:16:37.299 [ INFO] - 185.1 MB (15.4%)
2023-10-10 01:16:37.502 [ INFO] - 185.1 MB (16.4%)
2023-10-10 01:16:37.555 [ INFO] - 185.1 MB (17.5%)
2023-10-10 01:16:37.777 [ INFO] - 185.1 MB (18.5%)
2023-10-10 01:16:37.988 [ INFO] - 185.1 MB (19.5%)
2023-10-10 01:16:38.189 [ INFO] - 185.1 MB (20.5%)
2023-10-10 01:16:38.252 [ INFO] - 185.1 MB (21.6%)
2023-10-10 01:16:38.471 [ INFO] - 185.1 MB (22.6%)
2023-10-10 01:16:38.674 [ INFO] - 185.1 MB (23.6%)
2023-10-10 01:16:38.727 [ INFO] - 185.1 MB (24.6%)
2023-10-10 01:16:38.944 [ INFO] - 185.1 MB (25.7%)
2023-10-10 01:16:39.148 [ INFO] - 185.1 MB (26.7%)
2023-10-10 01:16:39.200 [ INFO] - 185.1 MB (27.7%)
2023-10-10 01:16:39.419 [ INFO] - 185.1 MB (28.7%)
2023-10-10 01:16:39.620 [ INFO] - 185.1 MB (29.8%)
2023-10-10 01:16:39.829 [ INFO] - 185.1 MB (30.8%)
2023-10-10 01:16:39.894 [ INFO] - 185.1 MB (31.8%)
2023-10-10 01:16:40.093 [ INFO] - 185.1 MB (32.9%)
2023-10-10 01:16:40.299 [ INFO] - 185.1 MB (33.9%)
2023-10-10 01:16:40.365 [ INFO] - 185.1 MB (34.9%)
2023-10-10 01:16:40.570 [ INFO] - 185.1 MB (35.9%)
2023-10-10 01:16:40.771 [ INFO] - 185.1 MB (37.0%)
2023-10-10 01:16:40.835 [ INFO] - 185.1 MB (38.0%)
2023-10-10 01:16:41.047 [ INFO] - 185.1 MB (39.0%)
2023-10-10 01:16:41.242 [ INFO] - 185.1 MB (40.0%)
2023-10-10 01:16:41.307 [ INFO] - 185.1 MB (41.1%)
2023-10-10 01:16:41.521 [ INFO] - 185.1 MB (42.1%)
2023-10-10 01:16:41.713 [ INFO] - 185.1 MB (43.1%)
2023-10-10 01:16:41.777 [ INFO] - 185.1 MB (44.1%)
2023-10-10 01:16:41.993 [ INFO] - 185.1 MB (45.2%)
2023-10-10 01:16:42.194 [ INFO] - 185.1 MB (46.2%)
2023-10-10 01:16:42.248 [ INFO] - 185.1 MB (47.2%)
2023-10-10 01:16:42.467 [ INFO] - 185.1 MB (48.3%)
2023-10-10 01:16:42.654 [ INFO] - 185.1 MB (49.3%)
2023-10-10 01:16:42.716 [ INFO] - 185.1 MB (50.3%)
2023-10-10 01:16:42.940 [ INFO] - 185.1 MB (51.3%)
2023-10-10 01:16:43.135 [ INFO] - 185.1 MB (52.4%)
2023-10-10 01:16:43.190 [ INFO] - 185.1 MB (53.4%)
2023-10-10 01:16:43.406 [ INFO] - 185.1 MB (54.4%)
2023-10-10 01:16:43.602 [ INFO] - 185.1 MB (55.4%)
2023-10-10 01:16:43.661 [ INFO] - 185.1 MB (56.5%)
2023-10-10 01:16:43.880 [ INFO] - 185.1 MB (57.5%)
2023-10-10 01:16:44.063 [ INFO] - 185.1 MB (58.5%)
2023-10-10 01:16:44.134 [ INFO] - 185.1 MB (59.5%)
2023-10-10 01:16:44.354 [ INFO] - 185.1 MB (60.6%)
2023-10-10 01:16:44.532 [ INFO] - 185.1 MB (61.6%)
2023-10-10 01:16:44.603 [ INFO] - 185.1 MB (62.6%)
2023-10-10 01:16:44.823 [ INFO] - 185.1 MB (63.7%)
2023-10-10 01:16:45.001 [ INFO] - 185.1 MB (64.7%)
2023-10-10 01:16:45.076 [ INFO] - 185.1 MB (65.7%)
2023-10-10 01:16:45.295 [ INFO] - 185.1 MB (66.7%)
2023-10-10 01:16:45.476 [ INFO] - 185.1 MB (67.8%)
2023-10-10 01:16:45.548 [ INFO] - 185.1 MB (68.8%)
2023-10-10 01:16:45.767 [ INFO] - 185.1 MB (69.8%)
2023-10-10 01:16:45.952 [ INFO] - 185.1 MB (70.8%)
2023-10-10 01:16:46.020 [ INFO] - 185.1 MB (71.9%)
2023-10-10 01:16:46.236 [ INFO] - 185.1 MB (72.9%)
2023-10-10 01:16:46.423 [ INFO] - 185.1 MB (73.9%)
2023-10-10 01:16:46.493 [ INFO] - 185.1 MB (74.9%)
2023-10-10 01:16:46.709 [ INFO] - 185.1 MB (76.0%)
2023-10-10 01:16:46.891 [ INFO] - 185.1 MB (77.0%)
2023-10-10 01:16:46.958 [ INFO] - 185.1 MB (78.0%)
2023-10-10 01:16:47.140 [ INFO] - 185.1 MB (79.1%)
2023-10-10 01:16:47.207 [ INFO] - 185.1 MB (80.1%)
2023-10-10 01:16:47.429 [ INFO] - 185.1 MB (81.1%)
2023-10-10 01:16:47.612 [ INFO] - 185.1 MB (82.1%)
2023-10-10 01:16:47.684 [ INFO] - 185.1 MB (83.2%)
2023-10-10 01:16:47.896 [ INFO] - 185.1 MB (84.2%)
2023-10-10 01:16:48.078 [ INFO] - 185.1 MB (85.2%)
2023-10-10 01:16:48.146 [ INFO] - 185.1 MB (86.2%)
2023-10-10 01:16:48.365 [ INFO] - 185.1 MB (87.3%)
2023-10-10 01:16:48.546 [ INFO] - 185.1 MB (88.3%)
2023-10-10 01:16:48.621 [ INFO] - 185.1 MB (89.3%)
2023-10-10 01:16:48.831 [ INFO] - 185.1 MB (90.3%)
2023-10-10 01:16:49.005 [ INFO] - 185.1 MB (91.4%)
2023-10-10 01:16:49.082 [ INFO] - 185.1 MB (92.4%)
2023-10-10 01:16:49.307 [ INFO] - 185.1 MB (93.4%)
2023-10-10 01:16:49.337 [ INFO] - 185.1 MB (94.5%)
2023-10-10 01:16:49.552 [ INFO] - 185.1 MB (95.5%)
2023-10-10 01:16:49.732 [ INFO] - 185.1 MB (96.5%)
2023-10-10 01:16:49.806 [ INFO] - 185.1 MB (97.5%)
2023-10-10 01:16:50.017 [ INFO] - 185.1 MB (98.6%)
2023-10-10 01:16:50.168 [ INFO] - 185.1 MB (99.6%)
2023-10-10 01:16:50.254 [ INFO] - 185.1 MB (100.0%)
2023-10-10 01:16:50.254 [ INFO] Processing  time : 0:00:52.167130
2023-10-10 01:16:50.255 [ INFO] Downloading time : 0:00:17.454137
2023-10-10 01:16:50.256 [ INFO] Total time       : 0:01:09.621267
2023-10-10 01:16:50.256 [ INFO] Download rate    : 10.0 MB/s
2023-10-10 01:16:50.256 [ INFO] Done

 ... downloading var so

2023-10-10 01:16:50.595 [ INFO] Asynchronous mode set
2023-10-10 01:16:50.597 [ INFO] Authenticating user isoares for service https://nrt.cmems-du.eu/motu-web/Motu
2023-10-10 01:16:56.562 [ INFO] Requesting file to download (this can take a while)...
2023-10-10 01:17:05.152 [ INFO] Authenticating user isoares for service https://nrt.cmems-du.eu/motu-web/Motu
2023-10-10 01:17:16.494 [ INFO] Product is not yet available (request in progress)
2023-10-10 01:17:26.504 [ INFO] Authenticating user isoares for service https://nrt.cmems-du.eu/motu-web/Motu
2023-10-10 01:17:38.347 [ INFO] The product is ready for download
2023-10-10 01:17:38.347 [ INFO] Downloading file (this can take a while)...
2023-10-10 01:17:39.532 [ INFO] File type: application/x-netcdf
2023-10-10 01:17:39.533 [ INFO] File size: 185.1 MB (185115188 B)
2023-10-10 01:17:39.533 [ INFO] Downloading file /home/ivans/operational/pacific_npo_2gr/forecast/d-temporary/nemo_so.nc
2023-10-10 01:17:40.917 [ INFO] - 185.1 MB (1.0%)
2023-10-10 01:17:41.192 [ INFO] - 185.1 MB (2.1%)
2023-10-10 01:17:41.404 [ INFO] - 185.1 MB (3.1%)
2023-10-10 01:17:41.439 [ INFO] - 185.1 MB (4.1%)
2023-10-10 01:17:41.873 [ INFO] - 185.1 MB (5.1%)
2023-10-10 01:17:42.102 [ INFO] - 185.1 MB (6.2%)
2023-10-10 01:17:42.350 [ INFO] - 185.1 MB (7.2%)
2023-10-10 01:17:42.792 [ INFO] - 185.1 MB (8.2%)
2023-10-10 01:17:43.245 [ INFO] - 185.1 MB (9.2%)
2023-10-10 01:17:43.487 [ INFO] - 185.1 MB (10.3%)
2023-10-10 01:17:43.936 [ INFO] - 185.1 MB (11.3%)
2023-10-10 01:17:44.177 [ INFO] - 185.1 MB (12.3%)
2023-10-10 01:17:44.624 [ INFO] - 185.1 MB (13.3%)
2023-10-10 01:17:44.867 [ INFO] - 185.1 MB (14.4%)
2023-10-10 01:17:45.312 [ INFO] - 185.1 MB (15.4%)
2023-10-10 01:17:45.553 [ INFO] - 185.1 MB (16.4%)
2023-10-10 01:17:45.793 [ INFO] - 185.1 MB (17.5%)
2023-10-10 01:17:46.239 [ INFO] - 185.1 MB (18.5%)
2023-10-10 01:17:46.480 [ INFO] - 185.1 MB (19.5%)
2023-10-10 01:17:46.924 [ INFO] - 185.1 MB (20.5%)
2023-10-10 01:17:47.164 [ INFO] - 185.1 MB (21.6%)
2023-10-10 01:17:47.403 [ INFO] - 185.1 MB (22.6%)
2023-10-10 01:17:47.847 [ INFO] - 185.1 MB (23.6%)
2023-10-10 01:17:48.085 [ INFO] - 185.1 MB (24.6%)
2023-10-10 01:17:48.325 [ INFO] - 185.1 MB (25.7%)
2023-10-10 01:17:48.768 [ INFO] - 185.1 MB (26.7%)
2023-10-10 01:17:49.008 [ INFO] - 185.1 MB (27.7%)
2023-10-10 01:17:49.450 [ INFO] - 185.1 MB (28.7%)
2023-10-10 01:17:49.691 [ INFO] - 185.1 MB (29.8%)
2023-10-10 01:17:49.929 [ INFO] - 185.1 MB (30.8%)
2023-10-10 01:17:50.369 [ INFO] - 185.1 MB (31.8%)
2023-10-10 01:17:50.612 [ INFO] - 185.1 MB (32.9%)
2023-10-10 01:17:50.850 [ INFO] - 185.1 MB (33.9%)
2023-10-10 01:17:51.291 [ INFO] - 185.1 MB (34.9%)
2023-10-10 01:17:51.533 [ INFO] - 185.1 MB (35.9%)
2023-10-10 01:17:51.774 [ INFO] - 185.1 MB (37.0%)
2023-10-10 01:17:52.215 [ INFO] - 185.1 MB (38.0%)
2023-10-10 01:17:52.456 [ INFO] - 185.1 MB (39.0%)
2023-10-10 01:17:52.895 [ INFO] - 185.1 MB (40.0%)
2023-10-10 01:17:53.139 [ INFO] - 185.1 MB (41.1%)
2023-10-10 01:17:53.379 [ INFO] - 185.1 MB (42.1%)
2023-10-10 01:17:53.816 [ INFO] - 185.1 MB (43.1%)
2023-10-10 01:17:54.058 [ INFO] - 185.1 MB (44.1%)
2023-10-10 01:17:54.298 [ INFO] - 185.1 MB (45.2%)
2023-10-10 01:17:54.733 [ INFO] - 185.1 MB (46.2%)
2023-10-10 01:17:54.974 [ INFO] - 185.1 MB (47.2%)
2023-10-10 01:17:55.215 [ INFO] - 185.1 MB (48.3%)
2023-10-10 01:17:55.454 [ INFO] - 185.1 MB (49.3%)
2023-10-10 01:17:55.891 [ INFO] - 185.1 MB (50.3%)
2023-10-10 01:17:56.130 [ INFO] - 185.1 MB (51.3%)
2023-10-10 01:17:56.368 [ INFO] - 185.1 MB (52.4%)
2023-10-10 01:17:56.605 [ INFO] - 185.1 MB (53.4%)
2023-10-10 01:17:57.037 [ INFO] - 185.1 MB (54.4%)
2023-10-10 01:17:57.275 [ INFO] - 185.1 MB (55.4%)
2023-10-10 01:17:57.512 [ INFO] - 185.1 MB (56.5%)
2023-10-10 01:17:57.747 [ INFO] - 185.1 MB (57.5%)
2023-10-10 01:17:57.981 [ INFO] - 185.1 MB (58.5%)
2023-10-10 01:17:58.215 [ INFO] - 185.1 MB (59.5%)
2023-10-10 01:17:58.636 [ INFO] - 185.1 MB (60.6%)
2023-10-10 01:17:58.869 [ INFO] - 185.1 MB (61.6%)
2023-10-10 01:17:59.101 [ INFO] - 185.1 MB (62.6%)
2023-10-10 01:17:59.333 [ INFO] - 185.1 MB (63.7%)
2023-10-10 01:17:59.563 [ INFO] - 185.1 MB (64.7%)
2023-10-10 01:17:59.793 [ INFO] - 185.1 MB (65.7%)
2023-10-10 01:18:00.022 [ INFO] - 185.1 MB (66.7%)
2023-10-10 01:18:00.251 [ INFO] - 185.1 MB (67.8%)
2023-10-10 01:18:00.477 [ INFO] - 185.1 MB (68.8%)
2023-10-10 01:18:00.703 [ INFO] - 185.1 MB (69.8%)
2023-10-10 01:18:00.868 [ INFO] - 185.1 MB (70.8%)
2023-10-10 01:18:00.969 [ INFO] - 185.1 MB (71.9%)
2023-10-10 01:18:01.194 [ INFO] - 185.1 MB (72.9%)
2023-10-10 01:18:01.419 [ INFO] - 185.1 MB (73.9%)
2023-10-10 01:18:01.642 [ INFO] - 185.1 MB (74.9%)
2023-10-10 01:18:01.863 [ INFO] - 185.1 MB (76.0%)
2023-10-10 01:18:02.083 [ INFO] - 185.1 MB (77.0%)
2023-10-10 01:18:02.120 [ INFO] - 185.1 MB (78.0%)
2023-10-10 01:18:02.340 [ INFO] - 185.1 MB (79.1%)
2023-10-10 01:18:02.558 [ INFO] - 185.1 MB (80.1%)
2023-10-10 01:18:02.776 [ INFO] - 185.1 MB (81.1%)
2023-10-10 01:18:02.846 [ INFO] - 185.1 MB (82.1%)
2023-10-10 01:18:03.029 [ INFO] - 185.1 MB (83.2%)
2023-10-10 01:18:03.246 [ INFO] - 185.1 MB (84.2%)
2023-10-10 01:18:03.458 [ INFO] - 185.1 MB (85.2%)
2023-10-10 01:18:03.497 [ INFO] - 185.1 MB (86.2%)
2023-10-10 01:18:03.715 [ INFO] - 185.1 MB (87.3%)
2023-10-10 01:18:03.929 [ INFO] - 185.1 MB (88.3%)
2023-10-10 01:18:04.072 [ INFO] - 185.1 MB (89.3%)
2023-10-10 01:18:04.195 [ INFO] - 185.1 MB (90.3%)
2023-10-10 01:18:04.402 [ INFO] - 185.1 MB (91.4%)
2023-10-10 01:18:04.564 [ INFO] - 185.1 MB (92.4%)
2023-10-10 01:18:04.656 [ INFO] - 185.1 MB (93.4%)
2023-10-10 01:18:04.859 [ INFO] - 185.1 MB (94.5%)
2023-10-10 01:18:05.026 [ INFO] - 185.1 MB (95.5%)
2023-10-10 01:18:05.114 [ INFO] - 185.1 MB (96.5%)
2023-10-10 01:18:05.309 [ INFO] - 185.1 MB (97.5%)
2023-10-10 01:18:05.510 [ INFO] - 185.1 MB (98.6%)
2023-10-10 01:18:05.575 [ INFO] - 185.1 MB (99.6%)
2023-10-10 01:18:05.679 [ INFO] - 185.1 MB (100.0%)
2023-10-10 01:18:05.679 [ INFO] Processing  time : 0:00:48.937733
2023-10-10 01:18:05.680 [ INFO] Downloading time : 0:00:26.146486
2023-10-10 01:18:05.680 [ INFO] Total time       : 0:01:15.084219
2023-10-10 01:18:05.680 [ INFO] Download rate    : 6.8 MB/s
2023-10-10 01:18:05.680 [ INFO] Done

 ... downloading var cur

2023-10-10 01:18:06.034 [ INFO] Asynchronous mode set
2023-10-10 01:18:06.035 [ INFO] Authenticating user isoares for service https://nrt.cmems-du.eu/motu-web/Motu
2023-10-10 01:18:12.341 [ INFO] Requesting file to download (this can take a while)...
2023-10-10 01:18:19.417 [ INFO] Authenticating user isoares for service https://nrt.cmems-du.eu/motu-web/Motu
2023-10-10 01:18:32.484 [ INFO] Product is not yet available (request in progress)
2023-10-10 01:18:42.494 [ INFO] Authenticating user isoares for service https://nrt.cmems-du.eu/motu-web/Motu
2023-10-10 01:18:57.376 [ INFO] Product is not yet available (request in progress)
2023-10-10 01:19:07.383 [ INFO] Authenticating user isoares for service https://nrt.cmems-du.eu/motu-web/Motu
2023-10-10 01:19:21.731 [ INFO] The product is ready for download
2023-10-10 01:19:21.731 [ INFO] Downloading file (this can take a while)...
2023-10-10 01:19:22.857 [ INFO] File type: application/x-netcdf
2023-10-10 01:19:22.857 [ INFO] File size: 370.2 MB (370223532 B)
2023-10-10 01:19:22.857 [ INFO] Downloading file /home/ivans/operational/pacific_npo_2gr/forecast/d-temporary/nemo_cur.nc
2023-10-10 01:19:24.712 [ INFO] - 370.2 MB (1.0%)
2023-10-10 01:19:25.180 [ INFO] - 370.2 MB (2.0%)
2023-10-10 01:19:25.665 [ INFO] - 370.2 MB (3.0%)
2023-10-10 01:19:26.117 [ INFO] - 370.2 MB (4.0%)
2023-10-10 01:19:26.366 [ INFO] - 370.2 MB (5.0%)
2023-10-10 01:19:26.809 [ INFO] - 370.2 MB (6.1%)
2023-10-10 01:19:27.062 [ INFO] - 370.2 MB (7.1%)
2023-10-10 01:19:27.309 [ INFO] - 370.2 MB (8.1%)
2023-10-10 01:19:27.754 [ INFO] - 370.2 MB (9.1%)
2023-10-10 01:19:28.002 [ INFO] - 370.2 MB (10.1%)
2023-10-10 01:19:28.438 [ INFO] - 370.2 MB (11.1%)
2023-10-10 01:19:28.692 [ INFO] - 370.2 MB (12.1%)
2023-10-10 01:19:28.942 [ INFO] - 370.2 MB (13.1%)
2023-10-10 01:19:29.374 [ INFO] - 370.2 MB (14.1%)
2023-10-10 01:19:29.624 [ INFO] - 370.2 MB (15.1%)
2023-10-10 01:19:30.046 [ INFO] - 370.2 MB (16.1%)
2023-10-10 01:19:30.299 [ INFO] - 370.2 MB (17.2%)
2023-10-10 01:19:30.556 [ INFO] - 370.2 MB (18.2%)
2023-10-10 01:19:30.975 [ INFO] - 370.2 MB (19.2%)
2023-10-10 01:19:31.234 [ INFO] - 370.2 MB (20.2%)
2023-10-10 01:19:31.484 [ INFO] - 370.2 MB (21.2%)
2023-10-10 01:19:31.903 [ INFO] - 370.2 MB (22.2%)
2023-10-10 01:19:32.163 [ INFO] - 370.2 MB (23.2%)
2023-10-10 01:19:32.413 [ INFO] - 370.2 MB (24.2%)
2023-10-10 01:19:32.826 [ INFO] - 370.2 MB (25.2%)
2023-10-10 01:19:33.077 [ INFO] - 370.2 MB (26.2%)
2023-10-10 01:19:33.341 [ INFO] - 370.2 MB (27.2%)
2023-10-10 01:19:33.586 [ INFO] - 370.2 MB (28.3%)
2023-10-10 01:19:34.002 [ INFO] - 370.2 MB (29.3%)
2023-10-10 01:19:34.260 [ INFO] - 370.2 MB (30.3%)
2023-10-10 01:19:34.508 [ INFO] - 370.2 MB (31.3%)
2023-10-10 01:19:34.922 [ INFO] - 370.2 MB (32.3%)
2023-10-10 01:19:35.187 [ INFO] - 370.2 MB (33.3%)
2023-10-10 01:19:35.435 [ INFO] - 370.2 MB (34.3%)
2023-10-10 01:19:35.680 [ INFO] - 370.2 MB (35.3%)
2023-10-10 01:19:36.091 [ INFO] - 370.2 MB (36.3%)
2023-10-10 01:19:36.368 [ INFO] - 370.2 MB (37.3%)
2023-10-10 01:19:36.615 [ INFO] - 370.2 MB (38.3%)
2023-10-10 01:19:36.859 [ INFO] - 370.2 MB (39.4%)
2023-10-10 01:19:37.268 [ INFO] - 370.2 MB (40.4%)
2023-10-10 01:19:37.544 [ INFO] - 370.2 MB (41.4%)
2023-10-10 01:19:37.789 [ INFO] - 370.2 MB (42.4%)
2023-10-10 01:19:38.176 [ INFO] - 370.2 MB (43.4%)
2023-10-10 01:19:38.469 [ INFO] - 370.2 MB (44.4%)
2023-10-10 01:19:38.715 [ INFO] - 370.2 MB (45.4%)
2023-10-10 01:19:38.961 [ INFO] - 370.2 MB (46.4%)
2023-10-10 01:19:39.353 [ INFO] - 370.2 MB (47.4%)
2023-10-10 01:19:39.633 [ INFO] - 370.2 MB (48.4%)
2023-10-10 01:19:39.881 [ INFO] - 370.2 MB (49.4%)
2023-10-10 01:19:40.258 [ INFO] - 370.2 MB (50.4%)
2023-10-10 01:19:40.517 [ INFO] - 370.2 MB (51.5%)
2023-10-10 01:19:40.808 [ INFO] - 370.2 MB (52.5%)
2023-10-10 01:19:41.063 [ INFO] - 370.2 MB (53.5%)
2023-10-10 01:19:41.415 [ INFO] - 370.2 MB (54.5%)
2023-10-10 01:19:41.684 [ INFO] - 370.2 MB (55.5%)
2023-10-10 01:19:41.974 [ INFO] - 370.2 MB (56.5%)
2023-10-10 01:19:42.220 [ INFO] - 370.2 MB (57.5%)
2023-10-10 01:19:42.577 [ INFO] - 370.2 MB (58.5%)
2023-10-10 01:19:42.904 [ INFO] - 370.2 MB (59.5%)
2023-10-10 01:19:43.158 [ INFO] - 370.2 MB (60.5%)
2023-10-10 01:19:43.407 [ INFO] - 370.2 MB (61.5%)
2023-10-10 01:19:43.667 [ INFO] - 370.2 MB (62.6%)
2023-10-10 01:19:43.979 [ INFO] - 370.2 MB (63.6%)
2023-10-10 01:19:44.326 [ INFO] - 370.2 MB (64.6%)
2023-10-10 01:19:44.577 [ INFO] - 370.2 MB (65.6%)
2023-10-10 01:19:44.828 [ INFO] - 370.2 MB (66.6%)
2023-10-10 01:19:45.075 [ INFO] - 370.2 MB (67.6%)
2023-10-10 01:19:45.474 [ INFO] - 370.2 MB (68.6%)
2023-10-10 01:19:45.742 [ INFO] - 370.2 MB (69.6%)
2023-10-10 01:19:45.988 [ INFO] - 370.2 MB (70.6%)
2023-10-10 01:19:46.241 [ INFO] - 370.2 MB (71.6%)
2023-10-10 01:19:46.624 [ INFO] - 370.2 MB (72.6%)
2023-10-10 01:19:46.876 [ INFO] - 370.2 MB (73.7%)
2023-10-10 01:19:47.143 [ INFO] - 370.2 MB (74.7%)
2023-10-10 01:19:47.420 [ INFO] - 370.2 MB (75.7%)
2023-10-10 01:19:47.671 [ INFO] - 370.2 MB (76.7%)
2023-10-10 01:19:48.010 [ INFO] - 370.2 MB (77.7%)
2023-10-10 01:19:48.282 [ INFO] - 370.2 MB (78.7%)
2023-10-10 01:19:48.563 [ INFO] - 370.2 MB (79.7%)
2023-10-10 01:19:48.811 [ INFO] - 370.2 MB (80.7%)
2023-10-10 01:19:49.158 [ INFO] - 370.2 MB (81.7%)
2023-10-10 01:19:49.439 [ INFO] - 370.2 MB (82.7%)
2023-10-10 01:19:49.685 [ INFO] - 370.2 MB (83.7%)
2023-10-10 01:19:49.971 [ INFO] - 370.2 MB (84.8%)
2023-10-10 01:19:50.234 [ INFO] - 370.2 MB (85.8%)
2023-10-10 01:19:50.550 [ INFO] - 370.2 MB (86.8%)
2023-10-10 01:19:50.859 [ INFO] - 370.2 MB (87.8%)
2023-10-10 01:19:51.116 [ INFO] - 370.2 MB (88.8%)
2023-10-10 01:19:51.366 [ INFO] - 370.2 MB (89.8%)
2023-10-10 01:19:51.646 [ INFO] - 370.2 MB (90.8%)
2023-10-10 01:19:51.965 [ INFO] - 370.2 MB (91.8%)
2023-10-10 01:19:52.231 [ INFO] - 370.2 MB (92.8%)
2023-10-10 01:19:52.510 [ INFO] - 370.2 MB (93.8%)
2023-10-10 01:19:52.792 [ INFO] - 370.2 MB (94.8%)
2023-10-10 01:19:53.037 [ INFO] - 370.2 MB (95.9%)
2023-10-10 01:19:53.384 [ INFO] - 370.2 MB (96.9%)
2023-10-10 01:19:53.661 [ INFO] - 370.2 MB (97.9%)
2023-10-10 01:19:53.906 [ INFO] - 370.2 MB (98.9%)
2023-10-10 01:19:54.210 [ INFO] - 370.2 MB (99.9%)
2023-10-10 01:19:54.223 [ INFO] - 370.2 MB (100.0%)
2023-10-10 01:19:54.224 [ INFO] Processing  time : 0:01:16.823529
2023-10-10 01:19:54.224 [ INFO] Downloading time : 0:00:31.366676
2023-10-10 01:19:54.224 [ INFO] Total time       : 0:01:48.190205
2023-10-10 01:19:54.224 [ INFO] Download rate    : 11.4 MB/s
2023-10-10 01:19:54.224 [ INFO] Done

 ... end of get_nemo_anfc_uvts

ncks: ERROR file nemo_ssh_20231010.nc not found. It does not exist on the local filesystem, nor does it match remote filename patterns (e.g., http://foo or foo.bar.edu:file).
ncks: HINT file-not-found errors usually arise from filename typos, incorrect paths, missing files, or capricious gods. Please verify spelling and location of requested file. If the file resides on a High Performance Storage System (HPSS) accessible via the 'hsi' command, then add the --hpss option and re-try command.
rm: cannot remove 'nemo_ssh_20231010.nc': No such file or directory
ncap2: ERROR file ssh2.nc not found. It does not exist on the local filesystem, nor does it match remote filename patterns (e.g., http://foo or foo.bar.edu:file).
ncap2: HINT file-not-found errors usually arise from filename typos, incorrect paths, missing files, or capricious gods. Please verify spelling and location of requested file. If the file resides on a High Performance Storage System (HPSS) accessible via the 'hsi' command, then add the --hpss option and re-try command.
ncks: ERROR file ssh3.nc not found. It does not exist on the local filesystem, nor does it match remote filename patterns (e.g., http://foo or foo.bar.edu:file).
ncks: HINT file-not-found errors usually arise from filename typos, incorrect paths, missing files, or capricious gods. Please verify spelling and location of requested file. If the file resides on a High Performance Storage System (HPSS) accessible via the 'hsi' command, then add the --hpss option and re-try command.
rm: cannot remove 'ssh2.nc': No such file or directory
rm: cannot remove 'ssh3.nc': No such file or directory
ncdump: nemo_ssh_20231010.nc: No such file or directory
ncdump: nemo_ssh_20231010.nc: No such file or directory
ncgen: cdf.cdf line 5: syntax error, unexpected ';'
Traceback (most recent call last):
  File "write_nemo_file.py", line 11, in <module>
    infile2 = Dataset(in2,'r')
  File "src/netCDF4/_netCDF4.pyx", line 2353, in netCDF4._netCDF4.Dataset.__init__
  File "src/netCDF4/_netCDF4.pyx", line 1963, in netCDF4._netCDF4._ensure_nc_success
FileNotFoundError: [Errno 2] No such file or directory: b'nemo_ssh_20231010.nc'
rm: cannot remove 'nemo_ssh_20231010.nc': No such file or directory

 +++ End of get nemo 06h +++


 +++ Starting get nemo 06h +++


 ... starting script to get nemo anfc ssh

date ini = 2023-10-11 00:30:00
date end = 2023-10-11 00:30:00

 ... downloading ssh

2023-10-10 01:20:05.178 [ INFO] Asynchronous mode set
2023-10-10 01:20:05.180 [ INFO] Authenticating user isoares for service https://nrt.cmems-du.eu/motu-web/Motu
2023-10-10 01:20:09.919 [ INFO] Requesting file to download (this can take a while)...
2023-10-10 01:20:17.447 [ INFO] Authenticating user isoares for service https://nrt.cmems-du.eu/motu-web/Motu
2023-10-10 01:20:32.463 [ERROR] 010-27 : Error in NetcdfWriter finish

 ... starting script to get nemo anfc pt6h1 uvts

date ini = 2023-10-11 00:00:00
date end = 2023-10-11 00:00:00


 ... downloading var thetao

2023-10-10 01:20:32.860 [ INFO] Asynchronous mode set
2023-10-10 01:20:32.861 [ INFO] Authenticating user isoares for service https://nrt.cmems-du.eu/motu-web/Motu
2023-10-10 01:20:38.805 [ INFO] Requesting file to download (this can take a while)...
2023-10-10 01:20:45.900 [ INFO] Authenticating user isoares for service https://nrt.cmems-du.eu/motu-web/Motu
2023-10-10 01:21:00.862 [ INFO] The product is ready for download
2023-10-10 01:21:00.862 [ INFO] Downloading file (this can take a while)...
2023-10-10 01:21:01.889 [ INFO] File type: application/x-netcdf
2023-10-10 01:21:01.890 [ INFO] File size: 46.3 MB (46284188 B)
2023-10-10 01:21:01.890 [ INFO] Downloading file /home/ivans/operational/pacific_npo_2gr/forecast/d-temporary/nemo_thetao.nc
2023-10-10 01:21:03.148 [ INFO] -  46.3 MB (1.1%)
2023-10-10 01:21:03.401 [ INFO] -  46.3 MB (2.3%)
2023-10-10 01:21:03.407 [ INFO] -  46.3 MB (3.4%)
2023-10-10 01:21:03.654 [ INFO] -  46.3 MB (4.5%)
2023-10-10 01:21:03.661 [ INFO] -  46.3 MB (5.7%)
2023-10-10 01:21:03.667 [ INFO] -  46.3 MB (6.8%)
2023-10-10 01:21:03.903 [ INFO] -  46.3 MB (7.9%)
2023-10-10 01:21:03.910 [ INFO] -  46.3 MB (9.1%)
2023-10-10 01:21:03.917 [ INFO] -  46.3 MB (10.2%)
2023-10-10 01:21:03.923 [ INFO] -  46.3 MB (11.3%)
2023-10-10 01:21:04.185 [ INFO] -  46.3 MB (12.5%)
2023-10-10 01:21:04.209 [ INFO] -  46.3 MB (13.6%)
2023-10-10 01:21:04.216 [ INFO] -  46.3 MB (14.7%)
2023-10-10 01:21:04.219 [ INFO] -  46.3 MB (15.9%)
2023-10-10 01:21:04.221 [ INFO] -  46.3 MB (17.0%)
2023-10-10 01:21:04.224 [ INFO] -  46.3 MB (18.1%)
2023-10-10 01:21:04.464 [ INFO] -  46.3 MB (19.3%)
2023-10-10 01:21:04.469 [ INFO] -  46.3 MB (20.4%)
2023-10-10 01:21:04.728 [ INFO] -  46.3 MB (21.5%)
2023-10-10 01:21:04.732 [ INFO] -  46.3 MB (22.7%)
2023-10-10 01:21:04.736 [ INFO] -  46.3 MB (23.8%)
2023-10-10 01:21:04.943 [ INFO] -  46.3 MB (24.9%)
2023-10-10 01:21:04.947 [ INFO] -  46.3 MB (26.1%)
2023-10-10 01:21:04.950 [ INFO] -  46.3 MB (27.2%)
2023-10-10 01:21:04.989 [ INFO] -  46.3 MB (28.3%)
2023-10-10 01:21:05.193 [ INFO] -  46.3 MB (29.5%)
2023-10-10 01:21:05.199 [ INFO] -  46.3 MB (30.6%)
2023-10-10 01:21:05.477 [ INFO] -  46.3 MB (31.7%)
2023-10-10 01:21:05.483 [ INFO] -  46.3 MB (32.8%)
2023-10-10 01:21:05.486 [ INFO] -  46.3 MB (34.0%)
2023-10-10 01:21:05.490 [ INFO] -  46.3 MB (35.1%)
2023-10-10 01:21:05.493 [ INFO] -  46.3 MB (36.2%)
2023-10-10 01:21:05.496 [ INFO] -  46.3 MB (37.4%)
2023-10-10 01:21:05.734 [ INFO] -  46.3 MB (38.5%)
2023-10-10 01:21:05.740 [ INFO] -  46.3 MB (39.6%)
2023-10-10 01:21:05.745 [ INFO] -  46.3 MB (40.8%)
2023-10-10 01:21:05.752 [ INFO] -  46.3 MB (41.9%)
2023-10-10 01:21:05.987 [ INFO] -  46.3 MB (43.0%)
2023-10-10 01:21:05.994 [ INFO] -  46.3 MB (44.2%)
2023-10-10 01:21:06.001 [ INFO] -  46.3 MB (45.3%)
2023-10-10 01:21:06.007 [ INFO] -  46.3 MB (46.4%)
2023-10-10 01:21:06.241 [ INFO] -  46.3 MB (47.6%)
2023-10-10 01:21:06.248 [ INFO] -  46.3 MB (48.7%)
2023-10-10 01:21:06.254 [ INFO] -  46.3 MB (49.8%)
2023-10-10 01:21:06.485 [ INFO] -  46.3 MB (51.0%)
2023-10-10 01:21:06.494 [ INFO] -  46.3 MB (52.1%)
2023-10-10 01:21:06.501 [ INFO] -  46.3 MB (53.2%)
2023-10-10 01:21:06.508 [ INFO] -  46.3 MB (54.4%)
2023-10-10 01:21:06.740 [ INFO] -  46.3 MB (55.5%)
2023-10-10 01:21:06.747 [ INFO] -  46.3 MB (56.6%)
2023-10-10 01:21:06.755 [ INFO] -  46.3 MB (57.8%)
2023-10-10 01:21:06.761 [ INFO] -  46.3 MB (58.9%)
2023-10-10 01:21:06.993 [ INFO] -  46.3 MB (60.0%)
2023-10-10 01:21:07.000 [ INFO] -  46.3 MB (61.2%)
2023-10-10 01:21:07.007 [ INFO] -  46.3 MB (62.3%)
2023-10-10 01:21:07.014 [ INFO] -  46.3 MB (63.4%)
2023-10-10 01:21:07.244 [ INFO] -  46.3 MB (64.6%)
2023-10-10 01:21:07.253 [ INFO] -  46.3 MB (65.7%)
2023-10-10 01:21:07.259 [ INFO] -  46.3 MB (66.8%)
2023-10-10 01:21:07.266 [ INFO] -  46.3 MB (68.0%)
2023-10-10 01:21:07.497 [ INFO] -  46.3 MB (69.1%)
2023-10-10 01:21:07.504 [ INFO] -  46.3 MB (70.2%)
2023-10-10 01:21:07.512 [ INFO] -  46.3 MB (71.4%)
2023-10-10 01:21:07.518 [ INFO] -  46.3 MB (72.5%)
2023-10-10 01:21:07.748 [ INFO] -  46.3 MB (73.6%)
2023-10-10 01:21:07.756 [ INFO] -  46.3 MB (74.8%)
2023-10-10 01:21:07.763 [ INFO] -  46.3 MB (75.9%)
2023-10-10 01:21:07.770 [ INFO] -  46.3 MB (77.0%)
2023-10-10 01:21:07.999 [ INFO] -  46.3 MB (78.2%)
2023-10-10 01:21:08.007 [ INFO] -  46.3 MB (79.3%)
2023-10-10 01:21:08.015 [ INFO] -  46.3 MB (80.4%)
2023-10-10 01:21:08.021 [ INFO] -  46.3 MB (81.6%)
2023-10-10 01:21:08.251 [ INFO] -  46.3 MB (82.7%)
2023-10-10 01:21:08.259 [ INFO] -  46.3 MB (83.8%)
2023-10-10 01:21:08.266 [ INFO] -  46.3 MB (85.0%)
2023-10-10 01:21:08.272 [ INFO] -  46.3 MB (86.1%)
2023-10-10 01:21:08.491 [ INFO] -  46.3 MB (87.2%)
2023-10-10 01:21:08.509 [ INFO] -  46.3 MB (88.4%)
2023-10-10 01:21:08.517 [ INFO] -  46.3 MB (89.5%)
2023-10-10 01:21:08.524 [ INFO] -  46.3 MB (90.6%)
2023-10-10 01:21:08.530 [ INFO] -  46.3 MB (91.8%)
2023-10-10 01:21:08.759 [ INFO] -  46.3 MB (92.9%)
2023-10-10 01:21:08.766 [ INFO] -  46.3 MB (94.0%)
2023-10-10 01:21:08.774 [ INFO] -  46.3 MB (95.2%)
2023-10-10 01:21:08.781 [ INFO] -  46.3 MB (96.3%)
2023-10-10 01:21:09.008 [ INFO] -  46.3 MB (97.4%)
2023-10-10 01:21:09.016 [ INFO] -  46.3 MB (98.5%)
2023-10-10 01:21:09.025 [ INFO] -  46.3 MB (99.7%)
2023-10-10 01:21:09.027 [ INFO] -  46.3 MB (100.0%)
2023-10-10 01:21:09.027 [ INFO] Processing  time : 0:00:29.030191
2023-10-10 01:21:09.027 [ INFO] Downloading time : 0:00:07.137293
2023-10-10 01:21:09.027 [ INFO] Total time       : 0:00:36.167484
2023-10-10 01:21:09.027 [ INFO] Download rate    : 5.7 MB/s
2023-10-10 01:21:09.027 [ INFO] Done

 ... downloading var so

2023-10-10 01:21:09.301 [ INFO] Asynchronous mode set
2023-10-10 01:21:09.302 [ INFO] Authenticating user isoares for service https://nrt.cmems-du.eu/motu-web/Motu
2023-10-10 01:21:13.609 [ INFO] Requesting file to download (this can take a while)...
2023-10-10 01:21:20.697 [ INFO] Authenticating user isoares for service https://nrt.cmems-du.eu/motu-web/Motu
2023-10-10 01:21:32.027 [ INFO] The product is ready for download
2023-10-10 01:21:32.027 [ INFO] Downloading file (this can take a while)...
2023-10-10 01:21:33.062 [ INFO] File type: application/x-netcdf
2023-10-10 01:21:33.063 [ INFO] File size: 46.3 MB (46284164 B)
2023-10-10 01:21:33.063 [ INFO] Downloading file /home/ivans/operational/pacific_npo_2gr/forecast/d-temporary/nemo_so.nc
2023-10-10 01:21:34.309 [ INFO] -  46.3 MB (1.1%)
2023-10-10 01:21:34.560 [ INFO] -  46.3 MB (2.3%)
2023-10-10 01:21:34.567 [ INFO] -  46.3 MB (3.4%)
2023-10-10 01:21:34.811 [ INFO] -  46.3 MB (4.5%)
2023-10-10 01:21:34.817 [ INFO] -  46.3 MB (5.7%)
2023-10-10 01:21:34.824 [ INFO] -  46.3 MB (6.8%)
2023-10-10 01:21:35.055 [ INFO] -  46.3 MB (7.9%)
2023-10-10 01:21:35.063 [ INFO] -  46.3 MB (9.1%)
2023-10-10 01:21:35.070 [ INFO] -  46.3 MB (10.2%)
2023-10-10 01:21:35.076 [ INFO] -  46.3 MB (11.3%)
2023-10-10 01:21:35.083 [ INFO] -  46.3 MB (12.5%)
2023-10-10 01:21:35.350 [ INFO] -  46.3 MB (13.6%)
2023-10-10 01:21:35.353 [ INFO] -  46.3 MB (14.7%)
2023-10-10 01:21:35.356 [ INFO] -  46.3 MB (15.9%)
2023-10-10 01:21:35.359 [ INFO] -  46.3 MB (17.0%)
2023-10-10 01:21:35.362 [ INFO] -  46.3 MB (18.1%)
2023-10-10 01:21:35.601 [ INFO] -  46.3 MB (19.3%)
2023-10-10 01:21:35.607 [ INFO] -  46.3 MB (20.4%)
2023-10-10 01:21:35.614 [ INFO] -  46.3 MB (21.5%)
2023-10-10 01:21:35.621 [ INFO] -  46.3 MB (22.7%)
2023-10-10 01:21:36.106 [ INFO] -  46.3 MB (23.8%)
2023-10-10 01:21:36.110 [ INFO] -  46.3 MB (24.9%)
2023-10-10 01:21:36.112 [ INFO] -  46.3 MB (26.1%)
2023-10-10 01:21:36.115 [ INFO] -  46.3 MB (27.2%)
2023-10-10 01:21:36.117 [ INFO] -  46.3 MB (28.3%)
2023-10-10 01:21:36.119 [ INFO] -  46.3 MB (29.5%)
2023-10-10 01:21:36.362 [ INFO] -  46.3 MB (30.6%)
2023-10-10 01:21:36.369 [ INFO] -  46.3 MB (31.7%)
2023-10-10 01:21:36.627 [ INFO] -  46.3 MB (32.9%)
2023-10-10 01:21:36.631 [ INFO] -  46.3 MB (34.0%)
2023-10-10 01:21:36.854 [ INFO] -  46.3 MB (35.1%)
2023-10-10 01:21:36.860 [ INFO] -  46.3 MB (36.2%)
2023-10-10 01:21:36.864 [ INFO] -  46.3 MB (37.4%)
2023-10-10 01:21:36.882 [ INFO] -  46.3 MB (38.5%)
2023-10-10 01:21:37.105 [ INFO] -  46.3 MB (39.6%)
2023-10-10 01:21:37.113 [ INFO] -  46.3 MB (40.8%)
2023-10-10 01:21:37.119 [ INFO] -  46.3 MB (41.9%)
2023-10-10 01:21:37.387 [ INFO] -  46.3 MB (43.0%)
2023-10-10 01:21:37.392 [ INFO] -  46.3 MB (44.2%)
2023-10-10 01:21:37.395 [ INFO] -  46.3 MB (45.3%)
2023-10-10 01:21:37.397 [ INFO] -  46.3 MB (46.4%)
2023-10-10 01:21:37.601 [ INFO] -  46.3 MB (47.6%)
2023-10-10 01:21:37.616 [ INFO] -  46.3 MB (48.7%)
2023-10-10 01:21:37.637 [ INFO] -  46.3 MB (49.8%)
2023-10-10 01:21:37.855 [ INFO] -  46.3 MB (51.0%)
2023-10-10 01:21:37.869 [ INFO] -  46.3 MB (52.1%)
2023-10-10 01:21:37.890 [ INFO] -  46.3 MB (53.2%)
2023-10-10 01:21:38.109 [ INFO] -  46.3 MB (54.4%)
2023-10-10 01:21:38.121 [ INFO] -  46.3 MB (55.5%)
2023-10-10 01:21:38.143 [ INFO] -  46.3 MB (56.6%)
2023-10-10 01:21:38.361 [ INFO] -  46.3 MB (57.8%)
2023-10-10 01:21:38.373 [ INFO] -  46.3 MB (58.9%)
2023-10-10 01:21:38.395 [ INFO] -  46.3 MB (60.0%)
2023-10-10 01:21:38.613 [ INFO] -  46.3 MB (61.2%)
2023-10-10 01:21:38.632 [ INFO] -  46.3 MB (62.3%)
2023-10-10 01:21:38.646 [ INFO] -  46.3 MB (63.4%)
2023-10-10 01:21:38.862 [ INFO] -  46.3 MB (64.6%)
2023-10-10 01:21:38.880 [ INFO] -  46.3 MB (65.7%)
2023-10-10 01:21:38.898 [ INFO] -  46.3 MB (66.8%)
2023-10-10 01:21:39.111 [ INFO] -  46.3 MB (68.0%)
2023-10-10 01:21:39.125 [ INFO] -  46.3 MB (69.1%)
2023-10-10 01:21:39.148 [ INFO] -  46.3 MB (70.2%)
2023-10-10 01:21:39.360 [ INFO] -  46.3 MB (71.4%)
2023-10-10 01:21:39.374 [ INFO] -  46.3 MB (72.5%)
2023-10-10 01:21:39.399 [ INFO] -  46.3 MB (73.6%)
2023-10-10 01:21:39.605 [ INFO] -  46.3 MB (74.8%)
2023-10-10 01:21:39.623 [ INFO] -  46.3 MB (75.9%)
2023-10-10 01:21:39.645 [ INFO] -  46.3 MB (77.0%)
2023-10-10 01:21:39.852 [ INFO] -  46.3 MB (78.2%)
2023-10-10 01:21:39.872 [ INFO] -  46.3 MB (79.3%)
2023-10-10 01:21:39.894 [ INFO] -  46.3 MB (80.4%)
2023-10-10 01:21:40.098 [ INFO] -  46.3 MB (81.6%)
2023-10-10 01:21:40.117 [ INFO] -  46.3 MB (82.7%)
2023-10-10 01:21:40.138 [ INFO] -  46.3 MB (83.8%)
2023-10-10 01:21:40.157 [ INFO] -  46.3 MB (85.0%)
2023-10-10 01:21:40.366 [ INFO] -  46.3 MB (86.1%)
2023-10-10 01:21:40.380 [ INFO] -  46.3 MB (87.2%)
2023-10-10 01:21:40.402 [ INFO] -  46.3 MB (88.4%)
2023-10-10 01:21:40.610 [ INFO] -  46.3 MB (89.5%)
2023-10-10 01:21:40.629 [ INFO] -  46.3 MB (90.6%)
2023-10-10 01:21:40.647 [ INFO] -  46.3 MB (91.8%)
2023-10-10 01:21:40.851 [ INFO] -  46.3 MB (92.9%)
2023-10-10 01:21:40.873 [ INFO] -  46.3 MB (94.0%)
2023-10-10 01:21:40.891 [ INFO] -  46.3 MB (95.2%)
2023-10-10 01:21:41.096 [ INFO] -  46.3 MB (96.3%)
2023-10-10 01:21:41.118 [ INFO] -  46.3 MB (97.4%)
2023-10-10 01:21:41.134 [ INFO] -  46.3 MB (98.6%)
2023-10-10 01:21:41.155 [ INFO] -  46.3 MB (99.7%)
2023-10-10 01:21:41.342 [ INFO] -  46.3 MB (100.0%)
2023-10-10 01:21:41.342 [ INFO] Processing  time : 0:00:23.761965
2023-10-10 01:21:41.342 [ INFO] Downloading time : 0:00:08.279023
2023-10-10 01:21:41.342 [ INFO] Total time       : 0:00:32.040988
2023-10-10 01:21:41.342 [ INFO] Download rate    : 5.0 MB/s
2023-10-10 01:21:41.342 [ INFO] Done

 ... downloading var cur

2023-10-10 01:21:41.744 [ INFO] Asynchronous mode set
2023-10-10 01:21:41.745 [ INFO] Authenticating user isoares for service https://nrt.cmems-du.eu/motu-web/Motu
2023-10-10 01:21:46.034 [ INFO] Requesting file to download (this can take a while)...
2023-10-10 01:21:53.100 [ INFO] Authenticating user isoares for service https://nrt.cmems-du.eu/motu-web/Motu
2023-10-10 01:22:04.468 [ INFO] Product is not yet available (request in progress)
2023-10-10 01:22:14.478 [ INFO] Authenticating user isoares for service https://nrt.cmems-du.eu/motu-web/Motu
2023-10-10 01:22:26.283 [ INFO] The product is ready for download
2023-10-10 01:22:26.283 [ INFO] Downloading file (this can take a while)...
2023-10-10 01:22:27.458 [ INFO] File type: application/x-netcdf
2023-10-10 01:22:27.459 [ INFO] File size: 92.6 MB (92561508 B)
2023-10-10 01:22:27.459 [ INFO] Downloading file /home/ivans/operational/pacific_npo_2gr/forecast/d-temporary/nemo_cur.nc
2023-10-10 01:22:28.612 [ INFO] -  92.6 MB (1.1%)
2023-10-10 01:22:28.845 [ INFO] -  92.6 MB (2.1%)
2023-10-10 01:22:28.857 [ INFO] -  92.6 MB (3.2%)
2023-10-10 01:22:29.079 [ INFO] -  92.6 MB (4.2%)
2023-10-10 01:22:29.321 [ INFO] -  92.6 MB (5.3%)
2023-10-10 01:22:29.330 [ INFO] -  92.6 MB (6.4%)
2023-10-10 01:22:29.339 [ INFO] -  92.6 MB (7.4%)
2023-10-10 01:22:29.343 [ INFO] -  92.6 MB (8.5%)
2023-10-10 01:22:29.576 [ INFO] -  92.6 MB (9.6%)
2023-10-10 01:22:30.033 [ INFO] -  92.6 MB (10.6%)
2023-10-10 01:22:30.038 [ INFO] -  92.6 MB (11.7%)
2023-10-10 01:22:30.045 [ INFO] -  92.6 MB (12.7%)
2023-10-10 01:22:30.274 [ INFO] -  92.6 MB (13.8%)
2023-10-10 01:22:30.722 [ INFO] -  92.6 MB (14.9%)
2023-10-10 01:22:30.736 [ INFO] -  92.6 MB (15.9%)
2023-10-10 01:22:30.740 [ INFO] -  92.6 MB (17.0%)
2023-10-10 01:22:30.744 [ INFO] -  92.6 MB (18.1%)
2023-10-10 01:22:30.974 [ INFO] -  92.6 MB (19.1%)
2023-10-10 01:22:31.427 [ INFO] -  92.6 MB (20.2%)
2023-10-10 01:22:31.434 [ INFO] -  92.6 MB (21.2%)
2023-10-10 01:22:31.439 [ INFO] -  92.6 MB (22.3%)
2023-10-10 01:22:31.663 [ INFO] -  92.6 MB (23.4%)
2023-10-10 01:22:31.889 [ INFO] -  92.6 MB (24.4%)
2023-10-10 01:22:31.907 [ INFO] -  92.6 MB (25.5%)
2023-10-10 01:22:32.131 [ INFO] -  92.6 MB (26.6%)
2023-10-10 01:22:32.357 [ INFO] -  92.6 MB (27.6%)
2023-10-10 01:22:32.582 [ INFO] -  92.6 MB (28.7%)
2023-10-10 01:22:32.599 [ INFO] -  92.6 MB (29.7%)
2023-10-10 01:22:32.824 [ INFO] -  92.6 MB (30.8%)
2023-10-10 01:22:33.049 [ INFO] -  92.6 MB (31.9%)
2023-10-10 01:22:33.272 [ INFO] -  92.6 MB (32.9%)
2023-10-10 01:22:33.291 [ INFO] -  92.6 MB (34.0%)
2023-10-10 01:22:33.514 [ INFO] -  92.6 MB (35.0%)
2023-10-10 01:22:33.738 [ INFO] -  92.6 MB (36.1%)
2023-10-10 01:22:33.955 [ INFO] -  92.6 MB (37.2%)
2023-10-10 01:22:33.978 [ INFO] -  92.6 MB (38.2%)
2023-10-10 01:22:34.202 [ INFO] -  92.6 MB (39.3%)
2023-10-10 01:22:34.421 [ INFO] -  92.6 MB (40.4%)
2023-10-10 01:22:34.443 [ INFO] -  92.6 MB (41.4%)
2023-10-10 01:22:34.666 [ INFO] -  92.6 MB (42.5%)
2023-10-10 01:22:34.887 [ INFO] -  92.6 MB (43.5%)
2023-10-10 01:22:35.100 [ INFO] -  92.6 MB (44.6%)
2023-10-10 01:22:35.129 [ INFO] -  92.6 MB (45.7%)
2023-10-10 01:22:35.350 [ INFO] -  92.6 MB (46.7%)
2023-10-10 01:22:35.564 [ INFO] -  92.6 MB (47.8%)
2023-10-10 01:22:35.590 [ INFO] -  92.6 MB (48.9%)
2023-10-10 01:22:35.812 [ INFO] -  92.6 MB (49.9%)
2023-10-10 01:22:36.027 [ INFO] -  92.6 MB (51.0%)
2023-10-10 01:22:36.053 [ INFO] -  92.6 MB (52.0%)
2023-10-10 01:22:36.275 [ INFO] -  92.6 MB (53.1%)
2023-10-10 01:22:36.491 [ INFO] -  92.6 MB (54.2%)
2023-10-10 01:22:36.514 [ INFO] -  92.6 MB (55.2%)
2023-10-10 01:22:36.737 [ INFO] -  92.6 MB (56.3%)
2023-10-10 01:22:36.952 [ INFO] -  92.6 MB (57.4%)
2023-10-10 01:22:36.977 [ INFO] -  92.6 MB (58.4%)
2023-10-10 01:22:37.198 [ INFO] -  92.6 MB (59.5%)
2023-10-10 01:22:37.416 [ INFO] -  92.6 MB (60.5%)
2023-10-10 01:22:37.438 [ INFO] -  92.6 MB (61.6%)
2023-10-10 01:22:37.661 [ INFO] -  92.6 MB (62.7%)
2023-10-10 01:22:37.877 [ INFO] -  92.6 MB (63.7%)
2023-10-10 01:22:37.899 [ INFO] -  92.6 MB (64.8%)
2023-10-10 01:22:38.122 [ INFO] -  92.6 MB (65.8%)
2023-10-10 01:22:38.338 [ INFO] -  92.6 MB (66.9%)
2023-10-10 01:22:38.528 [ INFO] -  92.6 MB (68.0%)
2023-10-10 01:22:38.583 [ INFO] -  92.6 MB (69.0%)
2023-10-10 01:22:38.802 [ INFO] -  92.6 MB (70.1%)
2023-10-10 01:22:39.014 [ INFO] -  92.6 MB (71.2%)
2023-10-10 01:22:39.044 [ INFO] -  92.6 MB (72.2%)
2023-10-10 01:22:39.263 [ INFO] -  92.6 MB (73.3%)
2023-10-10 01:22:39.474 [ INFO] -  92.6 MB (74.3%)
2023-10-10 01:22:39.504 [ INFO] -  92.6 MB (75.4%)
2023-10-10 01:22:39.723 [ INFO] -  92.6 MB (76.5%)
2023-10-10 01:22:39.938 [ INFO] -  92.6 MB (77.5%)
2023-10-10 01:22:39.966 [ INFO] -  92.6 MB (78.6%)
2023-10-10 01:22:40.184 [ INFO] -  92.6 MB (79.7%)
2023-10-10 01:22:40.397 [ INFO] -  92.6 MB (80.7%)
2023-10-10 01:22:40.427 [ INFO] -  92.6 MB (81.8%)
2023-10-10 01:22:40.644 [ INFO] -  92.6 MB (82.8%)
2023-10-10 01:22:40.857 [ INFO] -  92.6 MB (83.9%)
2023-10-10 01:22:40.887 [ INFO] -  92.6 MB (85.0%)
2023-10-10 01:22:41.105 [ INFO] -  92.6 MB (86.0%)
2023-10-10 01:22:41.320 [ INFO] -  92.6 MB (87.1%)
2023-10-10 01:22:41.350 [ INFO] -  92.6 MB (88.1%)
2023-10-10 01:22:41.566 [ INFO] -  92.6 MB (89.2%)
2023-10-10 01:22:41.781 [ INFO] -  92.6 MB (90.3%)
2023-10-10 01:22:41.811 [ INFO] -  92.6 MB (91.3%)
2023-10-10 01:22:42.027 [ INFO] -  92.6 MB (92.4%)
2023-10-10 01:22:42.242 [ INFO] -  92.6 MB (93.5%)
2023-10-10 01:22:42.272 [ INFO] -  92.6 MB (94.5%)
2023-10-10 01:22:42.488 [ INFO] -  92.6 MB (95.6%)
2023-10-10 01:22:42.703 [ INFO] -  92.6 MB (96.6%)
2023-10-10 01:22:42.732 [ INFO] -  92.6 MB (97.7%)
2023-10-10 01:22:42.949 [ INFO] -  92.6 MB (98.8%)
2023-10-10 01:22:43.164 [ INFO] -  92.6 MB (99.8%)
2023-10-10 01:22:43.169 [ INFO] -  92.6 MB (100.0%)
2023-10-10 01:22:43.169 [ INFO] Processing  time : 0:00:45.714405
2023-10-10 01:22:43.169 [ INFO] Downloading time : 0:00:15.710162
2023-10-10 01:22:43.169 [ INFO] Total time       : 0:01:01.424567
2023-10-10 01:22:43.169 [ INFO] Download rate    : 5.5 MB/s
2023-10-10 01:22:43.169 [ INFO] Done

 ... end of get_nemo_anfc_uvts

ncks: ERROR file nemo_ssh_20231011.nc not found. It does not exist on the local filesystem, nor does it match remote filename patterns (e.g., http://foo or foo.bar.edu:file).
ncks: HINT file-not-found errors usually arise from filename typos, incorrect paths, missing files, or capricious gods. Please verify spelling and location of requested file. If the file resides on a High Performance Storage System (HPSS) accessible via the 'hsi' command, then add the --hpss option and re-try command.
rm: cannot remove 'nemo_ssh_20231011.nc': No such file or directory
ncap2: ERROR file ssh2.nc not found. It does not exist on the local filesystem, nor does it match remote filename patterns (e.g., http://foo or foo.bar.edu:file).
ncap2: HINT file-not-found errors usually arise from filename typos, incorrect paths, missing files, or capricious gods. Please verify spelling and location of requested file. If the file resides on a High Performance Storage System (HPSS) accessible via the 'hsi' command, then add the --hpss option and re-try command.
ncks: ERROR file ssh3.nc not found. It does not exist on the local filesystem, nor does it match remote filename patterns (e.g., http://foo or foo.bar.edu:file).
ncks: HINT file-not-found errors usually arise from filename typos, incorrect paths, missing files, or capricious gods. Please verify spelling and location of requested file. If the file resides on a High Performance Storage System (HPSS) accessible via the 'hsi' command, then add the --hpss option and re-try command.
rm: cannot remove 'ssh2.nc': No such file or directory
rm: cannot remove 'ssh3.nc': No such file or directory
ncdump: nemo_ssh_20231011.nc: No such file or directory
ncdump: nemo_ssh_20231011.nc: No such file or directory
ncgen: cdf.cdf line 5: syntax error, unexpected ';'
Traceback (most recent call last):
  File "write_nemo_file.py", line 11, in <module>
    infile2 = Dataset(in2,'r')
  File "src/netCDF4/_netCDF4.pyx", line 2353, in netCDF4._netCDF4.Dataset.__init__
  File "src/netCDF4/_netCDF4.pyx", line 1963, in netCDF4._netCDF4._ensure_nc_success
FileNotFoundError: [Errno 2] No such file or directory: b'nemo_ssh_20231011.nc'
rm: cannot remove 'nemo_ssh_20231011.nc': No such file or directory

 +++ End of get nemo 06h +++

 ... merge downloaded files into file nemo_npo0.08_20231010.nc
cdo    mergetime: Open failed on >nemo_20*.nc<
                  No such file or directory
mv: cannot stat 'nemo_20*.nc': No such file or directory
 ... fix longitudes
 ... include new attributes: _FillValue and missing values
cdo    setmissval: Open failed on >tmp1<
                   No such file or directory
cdo    setmissval: Open failed on >tmp2<
                   No such file or directory
rm: cannot remove 'tmp*': No such file or directory

 ... check integrity of downloaded file 


 ... after check procedure check status is 0

 ... %%%%%% Downloaded file is OK !! %%%%%%

 ... move file to storage 

mv: cannot stat 'nemo_npo0.08_20231010.nc': No such file or directory

 ==> 2023/10/10 01:22:45 FINISHED downloading OGCM nemo for ROMS <==


 ==> Sourcing forecast_setup.sh for general forecast settings <==

 ... roms grid file is /home/ivans/operational/roms/grids/grid_npo0.08_07e.nc
 ... grid box is -166 -118 16 46

 ... grid size is 601 lons,  376 lats, 30 layers


 ==> 2023/10/10 01:22:45 HERE I am @ /home/ivans/operational/pacific_npo_2gr/forecast/d-temporary for step 04: make input files for ROMS <==


 ... today is 2023-10-10, ogcm is nemo
 ... will read 5 time steps every 24 hours
 ... will run for 1 day(s)
 ... donor file is /home/ivans/operational/pacific_npo_2gr/forecast/d-storage/20231010/nemo_npo0.08_20231010.nc


     ... horizontal interpolation: remap donor ogcm to roms grid

 ... found file grid_r_npo0.08.nc; will use it !!

cdo    genbil: Open failed on >/home/ivans/operational/pacific_npo_2gr/forecast/d-storage/20231010/nemo_npo0.08_20231010.nc<
               No such file or directory
cdo    remap: Open failed on >/home/ivans/operational/pacific_npo_2gr/forecast/d-storage/20231010/nemo_npo0.08_20231010.nc<
              No such file or directory

     ... vertical interpolation: interp remaped ogcm to sigma level

cdo    intlevel3d: Open failed on >remaped_nemo_20231010.nc<
                   No such file or directory
cp: cannot stat 'remaped_nemo_20231010_sig.nc': No such file or directory
     ... inpaint nans on remaped, sigma coord ogcm

     ... will use a temporary roms mask /home/ivans/operational/pacific_npo_2gr/forecast/d-interp/roms_npo0.08_07e_tmpmsk.nc
     ... to avoid inpainting on land points

 
 +++ Starting python program to inpaint nans on donor OGCM +++
 
 ... arguments are: ['/home/ivans/scripts/4roms/make_clim_step01_inpaint_nans_on_remaped_ogcm.py', '20231010', 'nemo', '5', '30', '24', '/home/ivans/operational/roms/grids/grid_npo0.08_07e.nc', 'remaped_nemo_20231010', '/home/ivans/operational/pacific_npo_2gr/forecast/d-interp/roms_npo0.08_07e_tmpmsk.nc']
 
 
 ... ogcm is nemo
 ... ntimes is 5
 ... storage interval is 24.0
 ... start date is 2023/10/10
 
Traceback (most recent call last):
  File "/home/ivans/scripts/4roms/make_clim_step01_inpaint_nans_on_remaped_ogcm.py", line 58, in <module>
    inpfile = Dataset(file2 + '_sig.nc','r')
  File "src/netCDF4/_netCDF4.pyx", line 2353, in netCDF4._netCDF4.Dataset.__init__
  File "src/netCDF4/_netCDF4.pyx", line 1963, in netCDF4._netCDF4._ensure_nc_success
FileNotFoundError: [Errno 2] No such file or directory: b'remaped_nemo_20231010_sig.nc'
     ... re-write interpolated ogcm vars on staggered grid

 +++ Scripts to create climatology & obc files for ROMS +++

 ... will output empty netcdf files named clm.nc & bry.nc 
 ... ref date, nlon, nlat, nsig = 20000101, 601, 376, 30

 
 +++ Starting python program to write vars on clim files +++
 
 ... arguments are: ['/home/ivans/scripts/4roms/make_clim_step02_write_clm_bry_files.py', '5', '20231010', 'nemo', '0.', '1', '2', '4', '10.0', '4.0', '150', '150', '30', 'remaped_nemo_20231010_nonans.nc', '/home/ivans/operational/roms/grids/grid_npo0.08_07e.nc', 'input_clm_npo0.08_07e_20231010_nemo.nc', 'input_bry_npo0.08_07e_20231010_nemo.nc']
 
 
 ... ogcm is nemo
 ... ntimes is 5
 ... rotation ang is 0.0
 ... start date is 2023/10/10
 
Traceback (most recent call last):
  File "/home/ivans/scripts/4roms/make_clim_step02_write_clm_bry_files.py", line 73, in <module>
    INP = Dataset(inpfile, 'r')
  File "src/netCDF4/_netCDF4.pyx", line 2353, in netCDF4._netCDF4.Dataset.__init__
  File "src/netCDF4/_netCDF4.pyx", line 1963, in netCDF4._netCDF4._ensure_nc_success
FileNotFoundError: [Errno 2] No such file or directory: b'remaped_nemo_20231010_nonans.nc'

 ==> 2023/10/10 01:22:51 FINISHED making input files for ROMS <==


 ==> Sourcing forecast_setup.sh for general forecast settings <==

 ... roms grid file is /home/ivans/operational/roms/grids/grid_npo0.08_07e.nc
 ... grid box is -166 -118 16 46

 ... grid size is 601 lons,  376 lats, 30 layers


 ==> 2023/10/10 01:22:51 HERE I am @ /home/ivans/operational/pacific_npo_2gr/forecast/d-temporary for step 05: run ROMS <==


 ... today is 2023-10-10

 ... roms grid size is 601 x 376 x 30
 ... roms grid limits are: x1,x2 = -166,-118, y1,y2 = 16,46
 ... roms grid resolution is regular: 0.08 x 0.08

 ... will store outputs in folder /home/ivans/operational/pacific_npo_2gr/forecast/d-storage

 ... start day is 20231010
 ... the expt is npo0.08_07e_20231010
 ... will run for 1 day(s)

 ... the donor file is /home/ivans/operational/pacific_npo_2gr/forecast/d-storage/20231010/nemo_npo0.08_20231010.nc
 ... will read donor 5 time steps every 24 hours

 ... the grid file is /home/ivans/operational/roms/grids/grid_npo0.08_07e.nc
 ... the ngc  file is /home/ivans/operational/roms/grids/ngc_npo0.08_07e+npo0.0267_01c.nc
 ... the nudg file is /home/ivans/operational/roms/nudge/nudge_npo0.08_07e_exp_strong.nc
 ... the tide file is /home/ivans/operational/roms/tides/tide_npo0.08_07e_2023_ref2000.nc


 ... will read roms input files from /home/ivans/operational/pacific_npo_2gr/forecast/d-temporary/roms_in
 ... will output roms results to /home/ivans/operational/pacific_npo_2gr/forecast/d-temporary/roms_out

 ... /home/ivans/operational/pacific_npo_2gr/forecast/d-temporary/roms_in DOES NOT exist, will create it
 ... /home/ivans/operational/pacific_npo_2gr/forecast/d-temporary/roms_out DOES NOT exist, will create it

 ... make links to ROMS input files


 ... accessing ROMS grid file /home/ivans/operational/roms/grids/grid_npo0.08_07e.nc


 ... accessing ROMS grid file /home/ivans/operational/roms/grids/grid_npo0.0267_01c.nc


 ... accessing ROMS ngc file /home/ivans/operational/roms/grids/ngc_npo0.08_07e+npo0.0267_01c.nc


 ... accessing ROMS tide file /home/ivans/operational/roms/tides/tide_npo0.08_07e_2023_ref2000.nc


 ... this implementation uses no rivers


 ... accessing ROMS nudg file /home/ivans/operational/roms/nudge/nudge_npo0.08_07e_exp_strong.nc


 ... didnt find ROMS init file /home/ivans/operational/pacific_npo_2gr/forecast/d-storage/20231009/roms_rst_npo0.08_07e_20231010_nemo.nc

 ... will use file /home/ivans/operational/pacific_npo_2gr/forecast/d-storage/20231010/input_clm_npo0.08_07e_20231010_nemo.nc


 ... didnt find ROMS init file /home/ivans/operational/pacific_npo_2gr/forecast/d-storage/20231009/roms_rst_npo0.0267_01c_20231010_nemo.nc

 ... will use file /home/ivans/operational/pacific_npo_2gr/forecast/d-storage/20231010/input_clm_npo0.0267_01c_20231010_nemo.nc


 +++ Starting script to interp climatology to higher resolution +++

 ... DIDNT find file /home/ivans/oper/pacific_npo_2gr/forecast/d-storage/20231010/input_clm_npo0.08_07e_20231010_glby.nc, exiting now 

 ... DIDNT find file input_clm_npo0.0267_01c_20231010_nemo.nc, exiting !!


 ==> FINISHED ROMS/WW3 7-DAY FORECAST @ 2023/10/10 01:22:51 <== 

