
 ==> STARTING ROMS/WW3 7-DAY FORECAST @ 2023/10/09 01:11:01 <== 


 ==> Sourcing forecast_setup.sh for general forecast settings <==

 ... roms grid file is /home/ivans/operational/roms/grids/grid_npo0.08_07e.nc
 ... grid box is -166 -118 16 46

 ... grid size is 601 lons,  376 lats, 30 layers


 ==> 2023/10/09 01:11:01 HERE I am for step 01: start forecast <==


 ... today is 2023-10-09

 ... dir /home/ivans/operational/pacific_npo_2gr/forecast/d-storage/20231009 doesnt exist, will create it
 ... dir /home/ivans/operational/pacific_npo_2gr/forecast/d-temporary exists, will clean it

 ... end of step 01 


 ==> Sourcing forecast_setup.sh for general forecast settings <==

 ... roms grid file is /home/ivans/operational/roms/grids/grid_npo0.08_07e.nc
 ... grid box is -166 -118 16 46

 ... grid size is 601 lons,  376 lats, 30 layers


 ==> 2023/10/09 01:11:02 HERE I am @ /home/ivans/operational/pacific_npo_2gr/forecast/d-temporary for step 02: download forcing gfs data <==


 ... today is 2023-10-09
 ... will download 24 hours
 ... will store downloaded files in folder /home/ivans/operational/pacific_npo_2gr/forecast/d-storage


 +++ Starting script get_gfs_nomads_oneday+forecast.sh +++

 ... today is 20231009
 ... will download 1 day(s)


vars = :UGRD:10 m above|:VGRD:10 m above|:PREMSL|:RH:2 m above|:SPFH:2 m above|:TMP:2 m above|:PRMSL|:DSWRF|:DLWRF|:USWRF:surface|:ULWRF:surface|:PRATE:surface|:TMP:surface|:TCDC:entire atmosphere|:TCDC:high cloud layer|:TCDC:low cloud layer|:TCDC:middle cloud layer

2023-10-09 01:11:10 URL:https://nomads.ncep.noaa.gov/pub/data/nccf/com/gfs/prod/gfs.20231008/18/atmos/gfs.t18z.pgrb2.0p25.f006 [543333305/543333305] -> "nomads.tmp" [1]
1:0:d=2023100818:PRMSL:mean sea level:6 hour fcst:
563:411774514:d=2023100818:TMP:surface:6 hour fcst:
581:419008216:d=2023100818:TMP:2 m above ground:6 hour fcst:
582:419512360:d=2023100818:SPFH:2 m above ground:6 hour fcst:
584:421264695:d=2023100818:RH:2 m above ground:6 hour fcst:
588:423600196:d=2023100818:UGRD:10 m above ground:6 hour fcst:
589:424575025:d=2023100818:VGRD:10 m above ground:6 hour fcst:
593:426793033:d=2023100818:PRATE:surface:6 hour fcst:
595:428173812:d=2023100818:PRATE:surface:0-6 hour ave fcst:
636:447544028:d=2023100818:TCDC:entire atmosphere:6 hour fcst:
637:448353462:d=2023100818:TCDC:entire atmosphere:0-6 hour ave fcst:
653:464475831:d=2023100818:DSWRF:surface:0-6 hour ave fcst:
654:465445707:d=2023100818:DLWRF:surface:0-6 hour ave fcst:
655:466378101:d=2023100818:USWRF:surface:0-6 hour ave fcst:
656:467265233:d=2023100818:ULWRF:surface:0-6 hour ave fcst:

 ... downloading file https://nomads.ncep.noaa.gov/pub/data/nccf/com/gfs/prod/gfs.20231009/00/atmos/gfs.t00z.pgrb2.0p25.f003

2023-10-09 01:11:35 URL:https://nomads.ncep.noaa.gov/pub/data/nccf/com/gfs/prod/gfs.20231009/00/atmos/gfs.t00z.pgrb2.0p25.f003 [537311426/537311426] -> "nomads.tmp" [1]
1:0:d=2023100900:PRMSL:mean sea level:3 hour fcst:
563:406908873:d=2023100900:TMP:surface:3 hour fcst:
581:414323967:d=2023100900:TMP:2 m above ground:3 hour fcst:
582:415195190:d=2023100900:SPFH:2 m above ground:3 hour fcst:
584:416946745:d=2023100900:RH:2 m above ground:3 hour fcst:
588:419637195:d=2023100900:UGRD:10 m above ground:3 hour fcst:
589:420610898:d=2023100900:VGRD:10 m above ground:3 hour fcst:
593:422828872:d=2023100900:PRATE:surface:3 hour fcst:
595:424115954:d=2023100900:PRATE:surface:0-3 hour ave fcst:
636:442849507:d=2023100900:TCDC:entire atmosphere:3 hour fcst:
637:443648423:d=2023100900:TCDC:entire atmosphere:0-3 hour ave fcst:
653:458981740:d=2023100900:DSWRF:surface:0-3 hour ave fcst:
654:459798959:d=2023100900:DLWRF:surface:0-3 hour ave fcst:
655:460762441:d=2023100900:USWRF:surface:0-3 hour ave fcst:
656:461461403:d=2023100900:ULWRF:surface:0-3 hour ave fcst:

 ... downloading file https://nomads.ncep.noaa.gov/pub/data/nccf/com/gfs/prod/gfs.20231009/00/atmos/gfs.t00z.pgrb2.0p25.f006

2023-10-09 01:11:53 URL:https://nomads.ncep.noaa.gov/pub/data/nccf/com/gfs/prod/gfs.20231009/00/atmos/gfs.t00z.pgrb2.0p25.f006 [541486529/541486529] -> "nomads.tmp" [1]
1:0:d=2023100900:PRMSL:mean sea level:6 hour fcst:
563:408765856:d=2023100900:TMP:surface:6 hour fcst:
581:416004916:d=2023100900:TMP:2 m above ground:6 hour fcst:
582:416877865:d=2023100900:SPFH:2 m above ground:6 hour fcst:
584:419019468:d=2023100900:RH:2 m above ground:6 hour fcst:
588:422069265:d=2023100900:UGRD:10 m above ground:6 hour fcst:
589:423044359:d=2023100900:VGRD:10 m above ground:6 hour fcst:
593:425185089:d=2023100900:PRATE:surface:6 hour fcst:
595:426557615:d=2023100900:PRATE:surface:0-6 hour ave fcst:
636:445682937:d=2023100900:TCDC:entire atmosphere:6 hour fcst:
637:446481165:d=2023100900:TCDC:entire atmosphere:0-6 hour ave fcst:
653:462485565:d=2023100900:DSWRF:surface:0-6 hour ave fcst:
654:463442968:d=2023100900:DLWRF:surface:0-6 hour ave fcst:
655:464372897:d=2023100900:USWRF:surface:0-6 hour ave fcst:
656:465262682:d=2023100900:ULWRF:surface:0-6 hour ave fcst:

 ... downloading file https://nomads.ncep.noaa.gov/pub/data/nccf/com/gfs/prod/gfs.20231009/00/atmos/gfs.t00z.pgrb2.0p25.f009

2023-10-09 01:12:26 URL:https://nomads.ncep.noaa.gov/pub/data/nccf/com/gfs/prod/gfs.20231009/00/atmos/gfs.t00z.pgrb2.0p25.f009 [539121160/539121160] -> "nomads.tmp" [1]
1:0:d=2023100900:PRMSL:mean sea level:9 hour fcst:
563:408792637:d=2023100900:TMP:surface:9 hour fcst:
581:416038308:d=2023100900:TMP:2 m above ground:9 hour fcst:
582:416913169:d=2023100900:SPFH:2 m above ground:9 hour fcst:
584:419053047:d=2023100900:RH:2 m above ground:9 hour fcst:
588:422117041:d=2023100900:UGRD:10 m above ground:9 hour fcst:
589:423091470:d=2023100900:VGRD:10 m above ground:9 hour fcst:
593:425234747:d=2023100900:PRATE:surface:9 hour fcst:
595:426512616:d=2023100900:PRATE:surface:6-9 hour ave fcst:
636:445346509:d=2023100900:TCDC:entire atmosphere:9 hour fcst:
637:446150959:d=2023100900:TCDC:entire atmosphere:6-9 hour ave fcst:
653:461474875:d=2023100900:DSWRF:surface:6-9 hour ave fcst:
654:462291567:d=2023100900:DLWRF:surface:6-9 hour ave fcst:
655:463251789:d=2023100900:USWRF:surface:6-9 hour ave fcst:
656:463974867:d=2023100900:ULWRF:surface:6-9 hour ave fcst:

 ... downloading file https://nomads.ncep.noaa.gov/pub/data/nccf/com/gfs/prod/gfs.20231009/00/atmos/gfs.t00z.pgrb2.0p25.f012

2023-10-09 01:12:47 URL:https://nomads.ncep.noaa.gov/pub/data/nccf/com/gfs/prod/gfs.20231009/00/atmos/gfs.t00z.pgrb2.0p25.f012 [541639375/541639375] -> "nomads.tmp" [1]
1:0:d=2023100900:PRMSL:mean sea level:12 hour fcst:
563:409123049:d=2023100900:TMP:surface:12 hour fcst:
581:416364563:d=2023100900:TMP:2 m above ground:12 hour fcst:
582:417240960:d=2023100900:SPFH:2 m above ground:12 hour fcst:
584:419381828:d=2023100900:RH:2 m above ground:12 hour fcst:
588:422439013:d=2023100900:UGRD:10 m above ground:12 hour fcst:
589:423414323:d=2023100900:VGRD:10 m above ground:12 hour fcst:
593:425620830:d=2023100900:PRATE:surface:12 hour fcst:
595:426896890:d=2023100900:PRATE:surface:6-12 hour ave fcst:
636:446298224:d=2023100900:TCDC:entire atmosphere:12 hour fcst:
637:447106050:d=2023100900:TCDC:entire atmosphere:6-12 hour ave fcst:
653:463175437:d=2023100900:DSWRF:surface:6-12 hour ave fcst:
654:464104424:d=2023100900:DLWRF:surface:6-12 hour ave fcst:
655:465033722:d=2023100900:USWRF:surface:6-12 hour ave fcst:
656:465941261:d=2023100900:ULWRF:surface:6-12 hour ave fcst:

 ... downloading file https://nomads.ncep.noaa.gov/pub/data/nccf/com/gfs/prod/gfs.20231009/00/atmos/gfs.t00z.pgrb2.0p25.f015

2023-10-09 01:13:31 URL:https://nomads.ncep.noaa.gov/pub/data/nccf/com/gfs/prod/gfs.20231009/00/atmos/gfs.t00z.pgrb2.0p25.f015 [541606824/541606824] -> "nomads.tmp" [1]
1:0:d=2023100900:PRMSL:mean sea level:15 hour fcst:
563:411327452:d=2023100900:TMP:surface:15 hour fcst:
581:418562926:d=2023100900:TMP:2 m above ground:15 hour fcst:
582:419072335:d=2023100900:SPFH:2 m above ground:15 hour fcst:
584:420829297:d=2023100900:RH:2 m above ground:15 hour fcst:
588:423901777:d=2023100900:UGRD:10 m above ground:15 hour fcst:
589:424877729:d=2023100900:VGRD:10 m above ground:15 hour fcst:
593:427084018:d=2023100900:PRATE:surface:15 hour fcst:
595:428355061:d=2023100900:PRATE:surface:12-15 hour ave fcst:
636:447411163:d=2023100900:TCDC:entire atmosphere:15 hour fcst:
637:448223984:d=2023100900:TCDC:entire atmosphere:12-15 hour ave fcst:
653:463557563:d=2023100900:DSWRF:surface:12-15 hour ave fcst:
654:464378491:d=2023100900:DLWRF:surface:12-15 hour ave fcst:
655:465341707:d=2023100900:USWRF:surface:12-15 hour ave fcst:
656:466059487:d=2023100900:ULWRF:surface:12-15 hour ave fcst:

 ... downloading file https://nomads.ncep.noaa.gov/pub/data/nccf/com/gfs/prod/gfs.20231009/00/atmos/gfs.t00z.pgrb2.0p25.f018

2023-10-09 01:13:47 URL:https://nomads.ncep.noaa.gov/pub/data/nccf/com/gfs/prod/gfs.20231009/00/atmos/gfs.t00z.pgrb2.0p25.f018 [542975855/542975855] -> "nomads.tmp" [1]
1:0:d=2023100900:PRMSL:mean sea level:18 hour fcst:
563:411407527:d=2023100900:TMP:surface:18 hour fcst:
581:418650929:d=2023100900:TMP:2 m above ground:18 hour fcst:
582:419165048:d=2023100900:SPFH:2 m above ground:18 hour fcst:
584:420922601:d=2023100900:RH:2 m above ground:18 hour fcst:
588:423631861:d=2023100900:UGRD:10 m above ground:18 hour fcst:
589:424607840:d=2023100900:VGRD:10 m above ground:18 hour fcst:
593:426729810:d=2023100900:PRATE:surface:18 hour fcst:
595:428080704:d=2023100900:PRATE:surface:12-18 hour ave fcst:
636:447671663:d=2023100900:TCDC:entire atmosphere:18 hour fcst:
637:448490151:d=2023100900:TCDC:entire atmosphere:12-18 hour ave fcst:
653:464576080:d=2023100900:DSWRF:surface:12-18 hour ave fcst:
654:465515980:d=2023100900:DLWRF:surface:12-18 hour ave fcst:
655:466446003:d=2023100900:USWRF:surface:12-18 hour ave fcst:
656:467255138:d=2023100900:ULWRF:surface:12-18 hour ave fcst:

 ... downloading file https://nomads.ncep.noaa.gov/pub/data/nccf/com/gfs/prod/gfs.20231009/00/atmos/gfs.t00z.pgrb2.0p25.f021

2023-10-09 01:14:06 URL:https://nomads.ncep.noaa.gov/pub/data/nccf/com/gfs/prod/gfs.20231009/00/atmos/gfs.t00z.pgrb2.0p25.f021 [545297001/545297001] -> "nomads.tmp" [1]
1:0:d=2023100900:PRMSL:mean sea level:21 hour fcst:
563:414815444:d=2023100900:TMP:surface:21 hour fcst:
581:422051973:d=2023100900:TMP:2 m above ground:21 hour fcst:
582:422928092:d=2023100900:SPFH:2 m above ground:21 hour fcst:
584:425071059:d=2023100900:RH:2 m above ground:21 hour fcst:
588:427774485:d=2023100900:UGRD:10 m above ground:21 hour fcst:
589:428748193:d=2023100900:VGRD:10 m above ground:21 hour fcst:
593:430922128:d=2023100900:PRATE:surface:21 hour fcst:
595:432178188:d=2023100900:PRATE:surface:18-21 hour ave fcst:
636:451281671:d=2023100900:TCDC:entire atmosphere:21 hour fcst:
637:452098322:d=2023100900:TCDC:entire atmosphere:18-21 hour ave fcst:
653:467409168:d=2023100900:DSWRF:surface:18-21 hour ave fcst:
654:468242270:d=2023100900:DLWRF:surface:18-21 hour ave fcst:
655:469207557:d=2023100900:USWRF:surface:18-21 hour ave fcst:
656:469911246:d=2023100900:ULWRF:surface:18-21 hour ave fcst:

 ... downloading file https://nomads.ncep.noaa.gov/pub/data/nccf/com/gfs/prod/gfs.20231009/00/atmos/gfs.t00z.pgrb2.0p25.f024

2023-10-09 01:14:27 URL:https://nomads.ncep.noaa.gov/pub/data/nccf/com/gfs/prod/gfs.20231009/00/atmos/gfs.t00z.pgrb2.0p25.f024 [544772042/544772042] -> "nomads.tmp" [1]
1:0:d=2023100900:PRMSL:mean sea level:24 hour fcst:
563:412369474:d=2023100900:TMP:surface:24 hour fcst:
581:419600486:d=2023100900:TMP:2 m above ground:24 hour fcst:
582:420473061:d=2023100900:SPFH:2 m above ground:24 hour fcst:
584:422611018:d=2023100900:RH:2 m above ground:24 hour fcst:
588:425665725:d=2023100900:UGRD:10 m above ground:24 hour fcst:
589:426633820:d=2023100900:VGRD:10 m above ground:24 hour fcst:
593:428808108:d=2023100900:PRATE:surface:24 hour fcst:
595:430065415:d=2023100900:PRATE:surface:18-24 hour ave fcst:
636:449736292:d=2023100900:TCDC:entire atmosphere:24 hour fcst:
637:450548248:d=2023100900:TCDC:entire atmosphere:18-24 hour ave fcst:
653:466602155:d=2023100900:DSWRF:surface:18-24 hour ave fcst:
654:467572709:d=2023100900:DLWRF:surface:18-24 hour ave fcst:
655:468501659:d=2023100900:USWRF:surface:18-24 hour ave fcst:
656:469383700:d=2023100900:ULWRF:surface:18-24 hour ave fcst:
cdo    mergetime: Processed 117 variables over 9 timesteps [2.18s 55MB].

 +++ End of script get_gfs_nomads_oneday+forecast.sh +++


 ==> HERE I am @ /home/ivans/operational/pacific_npo_2gr/forecast/d-temporary to execute check procedure on file gfs_20231009.nc <==


 ... Initiating routine to check integrity of file 

 ... gfs_20231009.nc exists !!!
 ... No NaNs found !!!
 ... $test_nan is empty
 ... gfs file nbytes = 106683563
 ... donwloaded file nbytes = 485918292
 ... downloaded file is OK !!!
 ... after checking procedure check status is 0

 ==> FINISHED checking file <==

 ... %%%%%% Downloaded file is OK !! %%%%%%

 ... Starting script to fix GFS variables and attibutes for ROMS ...

cdo    sellonlatbox: Processed 13 variables over 9 timesteps [0.67s 62MB].

 ... add attribute time & coordinates to all vars


 ... modify attribute long-name in all vars


 ... modify attribute units in all vars


 ... fix lon/lat


 ... END of script to fix GFS variables and attibutes for ROMS ...


 ==> 2023/10/09 01:14:41 FINISHED downloading of forcing gfs data <==


 ==> Sourcing forecast_setup.sh for general forecast settings <==

 ... roms grid file is /home/ivans/operational/roms/grids/grid_npo0.08_07e.nc
 ... grid box is -166 -118 16 46

 ... grid size is 601 lons,  376 lats, 30 layers


 ==> 2023/10/09 01:14:42 HERE I am @ /home/ivans/operational/pacific_npo_2gr/forecast/d-temporary for step 03: download ogcm nemo data <==


 ... today is 2023-10-09, ogcm is nemo
 ... will download 1 day(s), with interval of 24 hours 
 ... will save outputs in file nemo_npo0.08_20231009.nc


 ... File /home/ivans/operational/pacific_npo_2gr/forecast/d-storage/20231009/nemo_npo0.08_20231009.nc does not exist. Will download it !!!


 ... This is try n. 1 to download ogcm file


 ... downloading nemo


 +++ Starting get nemo 06h +++


 ... starting script to get nemo anfc ssh

date ini = 2023-10-09 00:30:00
date end = 2023-10-09 23:30:00

 ... downloading ssh

2023-10-09 01:14:42.753 [ INFO] Asynchronous mode set
2023-10-09 01:14:42.755 [ INFO] Authenticating user isoares for service https://nrt.cmems-du.eu/motu-web/Motu
2023-10-09 01:14:48.557 [ INFO] Requesting file to download (this can take a while)...
2023-10-09 01:14:56.049 [ INFO] Authenticating user isoares for service https://nrt.cmems-du.eu/motu-web/Motu
2023-10-09 01:15:07.275 [ INFO] Product is not yet available (request in progress)
2023-10-09 01:15:17.286 [ INFO] Authenticating user isoares for service https://nrt.cmems-du.eu/motu-web/Motu
2023-10-09 01:15:29.852 [ INFO] The product is ready for download
2023-10-09 01:15:29.852 [ INFO] Downloading file (this can take a while)...
2023-10-09 01:15:30.820 [ INFO] File type: application/x-netcdf
2023-10-09 01:15:30.821 [ INFO] File size: 22.2 MB (22219724 B)
2023-10-09 01:15:30.821 [ INFO] Downloading file /home/ivans/operational/pacific_npo_2gr/forecast/d-temporary/nemo_ssh_20231009.nc
2023-10-09 01:15:32.008 [ INFO] -  22.2 MB (1.2%)
2023-10-09 01:15:32.246 [ INFO] -  22.2 MB (2.4%)
2023-10-09 01:15:32.249 [ INFO] -  22.2 MB (3.5%)
2023-10-09 01:15:32.484 [ INFO] -  22.2 MB (4.7%)
2023-10-09 01:15:32.487 [ INFO] -  22.2 MB (5.9%)
2023-10-09 01:15:32.490 [ INFO] -  22.2 MB (7.1%)
2023-10-09 01:15:32.493 [ INFO] -  22.2 MB (8.3%)
2023-10-09 01:15:32.722 [ INFO] -  22.2 MB (9.4%)
2023-10-09 01:15:32.725 [ INFO] -  22.2 MB (10.6%)
2023-10-09 01:15:32.728 [ INFO] -  22.2 MB (11.8%)
2023-10-09 01:15:32.731 [ INFO] -  22.2 MB (13.0%)
2023-10-09 01:15:32.735 [ INFO] -  22.2 MB (14.2%)
2023-10-09 01:15:32.738 [ INFO] -  22.2 MB (15.3%)
2023-10-09 01:15:32.741 [ INFO] -  22.2 MB (16.5%)
2023-10-09 01:15:33.195 [ INFO] -  22.2 MB (17.7%)
2023-10-09 01:15:33.198 [ INFO] -  22.2 MB (18.9%)
2023-10-09 01:15:33.201 [ INFO] -  22.2 MB (20.1%)
2023-10-09 01:15:33.203 [ INFO] -  22.2 MB (21.2%)
2023-10-09 01:15:33.205 [ INFO] -  22.2 MB (22.4%)
2023-10-09 01:15:33.206 [ INFO] -  22.2 MB (23.6%)
2023-10-09 01:15:33.208 [ INFO] -  22.2 MB (24.8%)
2023-10-09 01:15:33.210 [ INFO] -  22.2 MB (26.0%)
2023-10-09 01:15:33.211 [ INFO] -  22.2 MB (27.1%)
2023-10-09 01:15:33.213 [ INFO] -  22.2 MB (28.3%)
2023-10-09 01:15:33.226 [ INFO] -  22.2 MB (29.5%)
2023-10-09 01:15:33.229 [ INFO] -  22.2 MB (30.7%)
2023-10-09 01:15:33.434 [ INFO] -  22.2 MB (31.9%)
2023-10-09 01:15:33.437 [ INFO] -  22.2 MB (33.0%)
2023-10-09 01:15:33.446 [ INFO] -  22.2 MB (34.2%)
2023-10-09 01:15:33.449 [ INFO] -  22.2 MB (35.4%)
2023-10-09 01:15:33.452 [ INFO] -  22.2 MB (36.6%)
2023-10-09 01:15:33.456 [ INFO] -  22.2 MB (37.8%)
2023-10-09 01:15:33.464 [ INFO] -  22.2 MB (38.9%)
2023-10-09 01:15:33.467 [ INFO] -  22.2 MB (40.1%)
2023-10-09 01:15:33.470 [ INFO] -  22.2 MB (41.3%)
2023-10-09 01:15:33.474 [ INFO] -  22.2 MB (42.5%)
2023-10-09 01:15:33.477 [ INFO] -  22.2 MB (43.7%)
2023-10-09 01:15:33.681 [ INFO] -  22.2 MB (44.8%)
2023-10-09 01:15:33.684 [ INFO] -  22.2 MB (46.0%)
2023-10-09 01:15:33.687 [ INFO] -  22.2 MB (47.2%)
2023-10-09 01:15:33.691 [ INFO] -  22.2 MB (48.4%)
2023-10-09 01:15:33.694 [ INFO] -  22.2 MB (49.6%)
2023-10-09 01:15:33.700 [ INFO] -  22.2 MB (50.7%)
2023-10-09 01:15:33.705 [ INFO] -  22.2 MB (51.9%)
2023-10-09 01:15:33.708 [ INFO] -  22.2 MB (53.1%)
2023-10-09 01:15:33.711 [ INFO] -  22.2 MB (54.3%)
2023-10-09 01:15:33.715 [ INFO] -  22.2 MB (55.4%)
2023-10-09 01:15:33.910 [ INFO] -  22.2 MB (56.6%)
2023-10-09 01:15:33.922 [ INFO] -  22.2 MB (57.8%)
2023-10-09 01:15:33.925 [ INFO] -  22.2 MB (59.0%)
2023-10-09 01:15:33.929 [ INFO] -  22.2 MB (60.2%)
2023-10-09 01:15:33.932 [ INFO] -  22.2 MB (61.3%)
2023-10-09 01:15:33.935 [ INFO] -  22.2 MB (62.5%)
2023-10-09 01:15:33.940 [ INFO] -  22.2 MB (63.7%)
2023-10-09 01:15:33.944 [ INFO] -  22.2 MB (64.9%)
2023-10-09 01:15:33.948 [ INFO] -  22.2 MB (66.1%)
2023-10-09 01:15:33.951 [ INFO] -  22.2 MB (67.2%)
2023-10-09 01:15:33.954 [ INFO] -  22.2 MB (68.4%)
2023-10-09 01:15:34.150 [ INFO] -  22.2 MB (69.6%)
2023-10-09 01:15:34.162 [ INFO] -  22.2 MB (70.8%)
2023-10-09 01:15:34.165 [ INFO] -  22.2 MB (72.0%)
2023-10-09 01:15:34.168 [ INFO] -  22.2 MB (73.1%)
2023-10-09 01:15:34.173 [ INFO] -  22.2 MB (74.3%)
2023-10-09 01:15:34.177 [ INFO] -  22.2 MB (75.5%)
2023-10-09 01:15:34.180 [ INFO] -  22.2 MB (76.7%)
2023-10-09 01:15:34.184 [ INFO] -  22.2 MB (77.9%)
2023-10-09 01:15:34.187 [ INFO] -  22.2 MB (79.0%)
2023-10-09 01:15:34.191 [ INFO] -  22.2 MB (80.2%)
2023-10-09 01:15:34.387 [ INFO] -  22.2 MB (81.4%)
2023-10-09 01:15:34.393 [ INFO] -  22.2 MB (82.6%)
2023-10-09 01:15:34.401 [ INFO] -  22.2 MB (83.8%)
2023-10-09 01:15:34.404 [ INFO] -  22.2 MB (84.9%)
2023-10-09 01:15:34.408 [ INFO] -  22.2 MB (86.1%)
2023-10-09 01:15:34.414 [ INFO] -  22.2 MB (87.3%)
2023-10-09 01:15:34.417 [ INFO] -  22.2 MB (88.5%)
2023-10-09 01:15:34.420 [ INFO] -  22.2 MB (89.7%)
2023-10-09 01:15:34.423 [ INFO] -  22.2 MB (90.8%)
2023-10-09 01:15:34.427 [ INFO] -  22.2 MB (92.0%)
2023-10-09 01:15:34.430 [ INFO] -  22.2 MB (93.2%)
2023-10-09 01:15:34.627 [ INFO] -  22.2 MB (94.4%)
2023-10-09 01:15:34.639 [ INFO] -  22.2 MB (95.6%)
2023-10-09 01:15:34.643 [ INFO] -  22.2 MB (96.7%)
2023-10-09 01:15:34.646 [ INFO] -  22.2 MB (97.9%)
2023-10-09 01:15:34.648 [ INFO] -  22.2 MB (99.1%)
2023-10-09 01:15:34.654 [ INFO] -  22.2 MB (100.0%)
2023-10-09 01:15:34.654 [ INFO] Processing  time : 0:00:48.069498
2023-10-09 01:15:34.655 [ INFO] Downloading time : 0:00:03.832933
2023-10-09 01:15:34.655 [ INFO] Total time       : 0:00:51.902431
2023-10-09 01:15:34.655 [ INFO] Download rate    : 4.6 MB/s
2023-10-09 01:15:34.655 [ INFO] Done

 ... starting script to get nemo anfc uvts

date ini = 2023-10-09 00:00:00
date end = 2023-10-09 23:59:59


 ... downloading var thetao

2023-10-09 01:15:35.164 [ INFO] Asynchronous mode set
2023-10-09 01:15:35.166 [ INFO] Authenticating user isoares for service https://nrt.cmems-du.eu/motu-web/Motu
2023-10-09 01:15:39.537 [ INFO] Requesting file to download (this can take a while)...
2023-10-09 01:15:46.658 [ INFO] Authenticating user isoares for service https://nrt.cmems-du.eu/motu-web/Motu
2023-10-09 01:15:58.717 [ INFO] Product is not yet available (request in progress)
2023-10-09 01:16:08.727 [ INFO] Authenticating user isoares for service https://nrt.cmems-du.eu/motu-web/Motu
2023-10-09 01:16:20.190 [ INFO] The product is ready for download
2023-10-09 01:16:20.190 [ INFO] Downloading file (this can take a while)...
2023-10-09 01:16:21.158 [ INFO] File type: application/x-netcdf
2023-10-09 01:16:21.159 [ INFO] File size: 185.1 MB (185115212 B)
2023-10-09 01:16:21.159 [ INFO] Downloading file /home/ivans/operational/pacific_npo_2gr/forecast/d-temporary/nemo_thetao.nc
2023-10-09 01:16:22.778 [ INFO] - 185.1 MB (1.0%)
2023-10-09 01:16:23.013 [ INFO] - 185.1 MB (2.1%)
2023-10-09 01:16:23.036 [ INFO] - 185.1 MB (3.1%)
2023-10-09 01:16:23.486 [ INFO] - 185.1 MB (4.1%)
2023-10-09 01:16:23.715 [ INFO] - 185.1 MB (5.1%)
2023-10-09 01:16:24.179 [ INFO] - 185.1 MB (6.2%)
2023-10-09 01:16:24.195 [ INFO] - 185.1 MB (7.2%)
2023-10-09 01:16:24.869 [ INFO] - 185.1 MB (8.2%)
2023-10-09 01:16:24.887 [ INFO] - 185.1 MB (9.2%)
2023-10-09 01:16:25.120 [ INFO] - 185.1 MB (10.3%)
2023-10-09 01:16:25.371 [ INFO] - 185.1 MB (11.3%)
2023-10-09 01:16:25.589 [ INFO] - 185.1 MB (12.3%)
2023-10-09 01:16:26.034 [ INFO] - 185.1 MB (13.3%)
2023-10-09 01:16:26.277 [ INFO] - 185.1 MB (14.4%)
2023-10-09 01:16:26.517 [ INFO] - 185.1 MB (15.4%)
2023-10-09 01:16:26.756 [ INFO] - 185.1 MB (16.4%)
2023-10-09 01:16:27.199 [ INFO] - 185.1 MB (17.5%)
2023-10-09 01:16:27.438 [ INFO] - 185.1 MB (18.5%)
2023-10-09 01:16:27.677 [ INFO] - 185.1 MB (19.5%)
2023-10-09 01:16:27.915 [ INFO] - 185.1 MB (20.5%)
2023-10-09 01:16:28.350 [ INFO] - 185.1 MB (21.6%)
2023-10-09 01:16:28.590 [ INFO] - 185.1 MB (22.6%)
2023-10-09 01:16:28.830 [ INFO] - 185.1 MB (23.6%)
2023-10-09 01:16:29.067 [ INFO] - 185.1 MB (24.6%)
2023-10-09 01:16:29.303 [ INFO] - 185.1 MB (25.7%)
2023-10-09 01:16:29.542 [ INFO] - 185.1 MB (26.7%)
2023-10-09 01:16:29.970 [ INFO] - 185.1 MB (27.7%)
2023-10-09 01:16:30.209 [ INFO] - 185.1 MB (28.7%)
2023-10-09 01:16:30.448 [ INFO] - 185.1 MB (29.8%)
2023-10-09 01:16:30.688 [ INFO] - 185.1 MB (30.8%)
2023-10-09 01:16:30.925 [ INFO] - 185.1 MB (31.8%)
2023-10-09 01:16:31.161 [ INFO] - 185.1 MB (32.9%)
2023-10-09 01:16:31.397 [ INFO] - 185.1 MB (33.9%)
2023-10-09 01:16:31.818 [ INFO] - 185.1 MB (34.9%)
2023-10-09 01:16:32.059 [ INFO] - 185.1 MB (35.9%)
2023-10-09 01:16:32.298 [ INFO] - 185.1 MB (37.0%)
2023-10-09 01:16:32.535 [ INFO] - 185.1 MB (38.0%)
2023-10-09 01:16:32.772 [ INFO] - 185.1 MB (39.0%)
2023-10-09 01:16:33.011 [ INFO] - 185.1 MB (40.0%)
2023-10-09 01:16:33.250 [ INFO] - 185.1 MB (41.1%)
2023-10-09 01:16:33.486 [ INFO] - 185.1 MB (42.1%)
2023-10-09 01:16:33.903 [ INFO] - 185.1 MB (43.1%)
2023-10-09 01:16:34.147 [ INFO] - 185.1 MB (44.1%)
2023-10-09 01:16:34.386 [ INFO] - 185.1 MB (45.2%)
2023-10-09 01:16:34.622 [ INFO] - 185.1 MB (46.2%)
2023-10-09 01:16:34.859 [ INFO] - 185.1 MB (47.2%)
2023-10-09 01:16:35.100 [ INFO] - 185.1 MB (48.3%)
2023-10-09 01:16:35.337 [ INFO] - 185.1 MB (49.3%)
2023-10-09 01:16:35.574 [ INFO] - 185.1 MB (50.3%)
2023-10-09 01:16:35.987 [ INFO] - 185.1 MB (51.3%)
2023-10-09 01:16:36.233 [ INFO] - 185.1 MB (52.4%)
2023-10-09 01:16:36.469 [ INFO] - 185.1 MB (53.4%)
2023-10-09 01:16:36.708 [ INFO] - 185.1 MB (54.4%)
2023-10-09 01:16:36.945 [ INFO] - 185.1 MB (55.4%)
2023-10-09 01:16:37.182 [ INFO] - 185.1 MB (56.5%)
2023-10-09 01:16:37.422 [ INFO] - 185.1 MB (57.5%)
2023-10-09 01:16:37.658 [ INFO] - 185.1 MB (58.5%)
2023-10-09 01:16:37.894 [ INFO] - 185.1 MB (59.5%)
2023-10-09 01:16:38.306 [ INFO] - 185.1 MB (60.6%)
2023-10-09 01:16:38.547 [ INFO] - 185.1 MB (61.6%)
2023-10-09 01:16:38.787 [ INFO] - 185.1 MB (62.6%)
2023-10-09 01:16:39.024 [ INFO] - 185.1 MB (63.7%)
2023-10-09 01:16:39.258 [ INFO] - 185.1 MB (64.7%)
2023-10-09 01:16:39.494 [ INFO] - 185.1 MB (65.7%)
2023-10-09 01:16:39.728 [ INFO] - 185.1 MB (66.7%)
2023-10-09 01:16:39.963 [ INFO] - 185.1 MB (67.8%)
2023-10-09 01:16:40.195 [ INFO] - 185.1 MB (68.8%)
2023-10-09 01:16:40.429 [ INFO] - 185.1 MB (69.8%)
2023-10-09 01:16:40.662 [ INFO] - 185.1 MB (70.8%)
2023-10-09 01:16:40.894 [ INFO] - 185.1 MB (71.9%)
2023-10-09 01:16:41.125 [ INFO] - 185.1 MB (72.9%)
2023-10-09 01:16:41.355 [ INFO] - 185.1 MB (73.9%)
2023-10-09 01:16:41.588 [ INFO] - 185.1 MB (74.9%)
2023-10-09 01:16:41.816 [ INFO] - 185.1 MB (76.0%)
2023-10-09 01:16:42.054 [ INFO] - 185.1 MB (77.0%)
2023-10-09 01:16:42.284 [ INFO] - 185.1 MB (78.0%)
2023-10-09 01:16:42.513 [ INFO] - 185.1 MB (79.1%)
2023-10-09 01:16:42.732 [ INFO] - 185.1 MB (80.1%)
2023-10-09 01:16:42.951 [ INFO] - 185.1 MB (81.1%)
2023-10-09 01:16:43.165 [ INFO] - 185.1 MB (82.1%)
2023-10-09 01:16:43.229 [ INFO] - 185.1 MB (83.2%)
2023-10-09 01:16:43.456 [ INFO] - 185.1 MB (84.2%)
2023-10-09 01:16:43.683 [ INFO] - 185.1 MB (85.2%)
2023-10-09 01:16:43.908 [ INFO] - 185.1 MB (86.2%)
2023-10-09 01:16:44.125 [ INFO] - 185.1 MB (87.3%)
2023-10-09 01:16:44.337 [ INFO] - 185.1 MB (88.3%)
2023-10-09 01:16:44.389 [ INFO] - 185.1 MB (89.3%)
2023-10-09 01:16:44.614 [ INFO] - 185.1 MB (90.3%)
2023-10-09 01:16:44.835 [ INFO] - 185.1 MB (91.4%)
2023-10-09 01:16:45.046 [ INFO] - 185.1 MB (92.4%)
2023-10-09 01:16:45.241 [ INFO] - 185.1 MB (93.4%)
2023-10-09 01:16:45.312 [ INFO] - 185.1 MB (94.5%)
2023-10-09 01:16:45.532 [ INFO] - 185.1 MB (95.5%)
2023-10-09 01:16:45.737 [ INFO] - 185.1 MB (96.5%)
2023-10-09 01:16:45.926 [ INFO] - 185.1 MB (97.5%)
2023-10-09 01:16:46.007 [ INFO] - 185.1 MB (98.6%)
2023-10-09 01:16:46.223 [ INFO] - 185.1 MB (99.6%)
2023-10-09 01:16:46.242 [ INFO] - 185.1 MB (100.0%)
2023-10-09 01:16:46.243 [ INFO] Processing  time : 0:00:45.994964
2023-10-09 01:16:46.244 [ INFO] Downloading time : 0:00:25.083533
2023-10-09 01:16:46.244 [ INFO] Total time       : 0:01:11.078497
2023-10-09 01:16:46.244 [ INFO] Download rate    : 7.1 MB/s
2023-10-09 01:16:46.244 [ INFO] Done

 ... downloading var so

2023-10-09 01:16:46.638 [ INFO] Asynchronous mode set
2023-10-09 01:16:46.639 [ INFO] Authenticating user isoares for service https://nrt.cmems-du.eu/motu-web/Motu
2023-10-09 01:16:50.908 [ INFO] Requesting file to download (this can take a while)...
2023-10-09 01:16:57.968 [ INFO] Authenticating user isoares for service https://nrt.cmems-du.eu/motu-web/Motu
2023-10-09 01:17:09.182 [ INFO] Product is not yet available (request in progress)
2023-10-09 01:17:19.193 [ INFO] Authenticating user isoares for service https://nrt.cmems-du.eu/motu-web/Motu
2023-10-09 01:17:30.478 [ INFO] The product is ready for download
2023-10-09 01:17:30.478 [ INFO] Downloading file (this can take a while)...
2023-10-09 01:17:31.487 [ INFO] File type: application/x-netcdf
2023-10-09 01:17:31.488 [ INFO] File size: 185.1 MB (185115188 B)
2023-10-09 01:17:31.488 [ INFO] Downloading file /home/ivans/operational/pacific_npo_2gr/forecast/d-temporary/nemo_so.nc
2023-10-09 01:17:33.173 [ INFO] - 185.1 MB (1.0%)
2023-10-09 01:17:33.414 [ INFO] - 185.1 MB (2.1%)
2023-10-09 01:17:33.437 [ INFO] - 185.1 MB (3.1%)
2023-10-09 01:17:33.693 [ INFO] - 185.1 MB (4.1%)
2023-10-09 01:17:33.936 [ INFO] - 185.1 MB (5.1%)
2023-10-09 01:17:34.196 [ INFO] - 185.1 MB (6.2%)
2023-10-09 01:17:34.434 [ INFO] - 185.1 MB (7.2%)
2023-10-09 01:17:34.666 [ INFO] - 185.1 MB (8.2%)
2023-10-09 01:17:34.895 [ INFO] - 185.1 MB (9.2%)
2023-10-09 01:17:34.921 [ INFO] - 185.1 MB (10.3%)
2023-10-09 01:17:35.150 [ INFO] - 185.1 MB (11.3%)
2023-10-09 01:17:35.380 [ INFO] - 185.1 MB (12.3%)
2023-10-09 01:17:35.406 [ INFO] - 185.1 MB (13.3%)
2023-10-09 01:17:35.636 [ INFO] - 185.1 MB (14.4%)
2023-10-09 01:17:35.864 [ INFO] - 185.1 MB (15.4%)
2023-10-09 01:17:35.894 [ INFO] - 185.1 MB (16.4%)
2023-10-09 01:17:36.125 [ INFO] - 185.1 MB (17.5%)
2023-10-09 01:17:36.345 [ INFO] - 185.1 MB (18.5%)
2023-10-09 01:17:36.380 [ INFO] - 185.1 MB (19.5%)
2023-10-09 01:17:36.607 [ INFO] - 185.1 MB (20.5%)
2023-10-09 01:17:36.828 [ INFO] - 185.1 MB (21.6%)
2023-10-09 01:17:36.863 [ INFO] - 185.1 MB (22.6%)
2023-10-09 01:17:37.095 [ INFO] - 185.1 MB (23.6%)
2023-10-09 01:17:37.122 [ INFO] - 185.1 MB (24.6%)
2023-10-09 01:17:37.350 [ INFO] - 185.1 MB (25.7%)
2023-10-09 01:17:37.556 [ INFO] - 185.1 MB (26.7%)
2023-10-09 01:17:37.604 [ INFO] - 185.1 MB (27.7%)
2023-10-09 01:17:37.835 [ INFO] - 185.1 MB (28.7%)
2023-10-09 01:17:37.866 [ INFO] - 185.1 MB (29.8%)
2023-10-09 01:17:38.089 [ INFO] - 185.1 MB (30.8%)
2023-10-09 01:17:38.282 [ INFO] - 185.1 MB (31.8%)
2023-10-09 01:17:38.346 [ INFO] - 185.1 MB (32.9%)
2023-10-09 01:17:38.571 [ INFO] - 185.1 MB (33.9%)
2023-10-09 01:17:38.764 [ INFO] - 185.1 MB (34.9%)
2023-10-09 01:17:38.832 [ INFO] - 185.1 MB (35.9%)
2023-10-09 01:17:39.052 [ INFO] - 185.1 MB (37.0%)
2023-10-09 01:17:39.088 [ INFO] - 185.1 MB (38.0%)
2023-10-09 01:17:39.306 [ INFO] - 185.1 MB (39.0%)
2023-10-09 01:17:39.491 [ INFO] - 185.1 MB (40.0%)
2023-10-09 01:17:39.565 [ INFO] - 185.1 MB (41.1%)
2023-10-09 01:17:39.793 [ INFO] - 185.1 MB (42.1%)
2023-10-09 01:17:39.826 [ INFO] - 185.1 MB (43.1%)
2023-10-09 01:17:40.050 [ INFO] - 185.1 MB (44.1%)
2023-10-09 01:17:40.230 [ INFO] - 185.1 MB (45.2%)
2023-10-09 01:17:40.306 [ INFO] - 185.1 MB (46.2%)
2023-10-09 01:17:40.524 [ INFO] - 185.1 MB (47.2%)
2023-10-09 01:17:40.705 [ INFO] - 185.1 MB (48.3%)
2023-10-09 01:17:40.787 [ INFO] - 185.1 MB (49.3%)
2023-10-09 01:17:41.005 [ INFO] - 185.1 MB (50.3%)
2023-10-09 01:17:41.050 [ INFO] - 185.1 MB (51.3%)
2023-10-09 01:17:41.261 [ INFO] - 185.1 MB (52.4%)
2023-10-09 01:17:41.433 [ INFO] - 185.1 MB (53.4%)
2023-10-09 01:17:41.519 [ INFO] - 185.1 MB (54.4%)
2023-10-09 01:17:41.742 [ INFO] - 185.1 MB (55.4%)
2023-10-09 01:17:41.920 [ INFO] - 185.1 MB (56.5%)
2023-10-09 01:17:42.000 [ INFO] - 185.1 MB (57.5%)
2023-10-09 01:17:42.175 [ INFO] - 185.1 MB (58.5%)
2023-10-09 01:17:42.257 [ INFO] - 185.1 MB (59.5%)
2023-10-09 01:17:42.469 [ INFO] - 185.1 MB (60.6%)
2023-10-09 01:17:42.651 [ INFO] - 185.1 MB (61.6%)
2023-10-09 01:17:42.744 [ INFO] - 185.1 MB (62.6%)
2023-10-09 01:17:42.952 [ INFO] - 185.1 MB (63.7%)
2023-10-09 01:17:43.000 [ INFO] - 185.1 MB (64.7%)
2023-10-09 01:17:43.209 [ INFO] - 185.1 MB (65.7%)
2023-10-09 01:17:43.398 [ INFO] - 185.1 MB (66.7%)
2023-10-09 01:17:43.471 [ INFO] - 185.1 MB (67.8%)
2023-10-09 01:17:43.694 [ INFO] - 185.1 MB (68.8%)
2023-10-09 01:17:43.872 [ INFO] - 185.1 MB (69.8%)
2023-10-09 01:17:43.948 [ INFO] - 185.1 MB (70.8%)
2023-10-09 01:17:44.149 [ INFO] - 185.1 MB (71.9%)
2023-10-09 01:17:44.338 [ INFO] - 185.1 MB (72.9%)
2023-10-09 01:17:44.431 [ INFO] - 185.1 MB (73.9%)
2023-10-09 01:17:44.630 [ INFO] - 185.1 MB (74.9%)
2023-10-09 01:17:44.693 [ INFO] - 185.1 MB (76.0%)
2023-10-09 01:17:44.887 [ INFO] - 185.1 MB (77.0%)
2023-10-09 01:17:45.074 [ INFO] - 185.1 MB (78.0%)
2023-10-09 01:17:45.170 [ INFO] - 185.1 MB (79.1%)
2023-10-09 01:17:45.374 [ INFO] - 185.1 MB (80.1%)
2023-10-09 01:17:45.527 [ INFO] - 185.1 MB (81.1%)
2023-10-09 01:17:45.631 [ INFO] - 185.1 MB (82.1%)
2023-10-09 01:17:45.802 [ INFO] - 185.1 MB (83.2%)
2023-10-09 01:17:46.013 [ INFO] - 185.1 MB (84.2%)
2023-10-09 01:17:46.115 [ INFO] - 185.1 MB (85.2%)
2023-10-09 01:17:46.268 [ INFO] - 185.1 MB (86.2%)
2023-10-09 01:17:46.371 [ INFO] - 185.1 MB (87.3%)
2023-10-09 01:17:46.597 [ INFO] - 185.1 MB (88.3%)
2023-10-09 01:17:46.744 [ INFO] - 185.1 MB (89.3%)
2023-10-09 01:17:46.857 [ INFO] - 185.1 MB (90.3%)
2023-10-09 01:17:47.009 [ INFO] - 185.1 MB (91.4%)
2023-10-09 01:17:47.111 [ INFO] - 185.1 MB (92.4%)
2023-10-09 01:17:47.323 [ INFO] - 185.1 MB (93.4%)
2023-10-09 01:17:47.490 [ INFO] - 185.1 MB (94.5%)
2023-10-09 01:17:47.598 [ INFO] - 185.1 MB (95.5%)
2023-10-09 01:17:47.750 [ INFO] - 185.1 MB (96.5%)
2023-10-09 01:17:47.855 [ INFO] - 185.1 MB (97.5%)
2023-10-09 01:17:48.049 [ INFO] - 185.1 MB (98.6%)
2023-10-09 01:17:48.226 [ INFO] - 185.1 MB (99.6%)
2023-10-09 01:17:48.248 [ INFO] - 185.1 MB (100.0%)
2023-10-09 01:17:48.248 [ INFO] Processing  time : 0:00:44.850283
2023-10-09 01:17:48.249 [ INFO] Downloading time : 0:00:16.760624
2023-10-09 01:17:48.249 [ INFO] Total time       : 0:01:01.610907
2023-10-09 01:17:48.249 [ INFO] Download rate    : 10.4 MB/s
2023-10-09 01:17:48.249 [ INFO] Done

 ... downloading var cur

2023-10-09 01:17:48.584 [ INFO] Asynchronous mode set
2023-10-09 01:17:48.584 [ INFO] Authenticating user isoares for service https://nrt.cmems-du.eu/motu-web/Motu
2023-10-09 01:17:53.363 [ INFO] Requesting file to download (this can take a while)...
2023-10-09 01:18:00.615 [ INFO] Authenticating user isoares for service https://nrt.cmems-du.eu/motu-web/Motu
2023-10-09 01:18:12.993 [ INFO] Product is not yet available (request in progress)
2023-10-09 01:18:23.003 [ INFO] Authenticating user isoares for service https://nrt.cmems-du.eu/motu-web/Motu
2023-10-09 01:18:39.890 [ INFO] Product is not yet available (request in progress)
2023-10-09 01:18:49.900 [ INFO] Authenticating user isoares for service https://nrt.cmems-du.eu/motu-web/Motu
2023-10-09 01:19:01.592 [ INFO] The product is ready for download
2023-10-09 01:19:01.592 [ INFO] Downloading file (this can take a while)...
2023-10-09 01:19:02.890 [ INFO] File type: application/x-netcdf
2023-10-09 01:19:02.891 [ INFO] File size: 370.2 MB (370223532 B)
2023-10-09 01:19:02.891 [ INFO] Downloading file /home/ivans/operational/pacific_npo_2gr/forecast/d-temporary/nemo_cur.nc
2023-10-09 01:19:04.580 [ INFO] - 370.2 MB (1.0%)
2023-10-09 01:19:04.860 [ INFO] - 370.2 MB (2.0%)
2023-10-09 01:19:05.585 [ INFO] - 370.2 MB (3.0%)
2023-10-09 01:19:06.305 [ INFO] - 370.2 MB (4.0%)
2023-10-09 01:19:06.807 [ INFO] - 370.2 MB (5.0%)
2023-10-09 01:19:07.288 [ INFO] - 370.2 MB (6.1%)
2023-10-09 01:19:08.011 [ INFO] - 370.2 MB (7.1%)
2023-10-09 01:19:08.730 [ INFO] - 370.2 MB (8.1%)
2023-10-09 01:19:09.445 [ INFO] - 370.2 MB (9.1%)
2023-10-09 01:19:09.945 [ INFO] - 370.2 MB (10.1%)
2023-10-09 01:19:10.659 [ INFO] - 370.2 MB (11.1%)
2023-10-09 01:19:11.363 [ INFO] - 370.2 MB (12.1%)
2023-10-09 01:19:11.868 [ INFO] - 370.2 MB (13.1%)
2023-10-09 01:19:12.570 [ INFO] - 370.2 MB (14.1%)
2023-10-09 01:19:13.073 [ INFO] - 370.2 MB (15.1%)
2023-10-09 01:19:13.774 [ INFO] - 370.2 MB (16.1%)
2023-10-09 01:19:14.277 [ INFO] - 370.2 MB (17.2%)
2023-10-09 01:19:14.977 [ INFO] - 370.2 MB (18.2%)
2023-10-09 01:19:15.483 [ INFO] - 370.2 MB (19.2%)
2023-10-09 01:19:16.182 [ INFO] - 370.2 MB (20.2%)
2023-10-09 01:19:16.686 [ INFO] - 370.2 MB (21.2%)
2023-10-09 01:19:17.385 [ INFO] - 370.2 MB (22.2%)
2023-10-09 01:19:17.891 [ INFO] - 370.2 MB (23.2%)
2023-10-09 01:19:18.597 [ INFO] - 370.2 MB (24.2%)
2023-10-09 01:19:19.090 [ INFO] - 370.2 MB (25.2%)
2023-10-09 01:19:19.794 [ INFO] - 370.2 MB (26.2%)
2023-10-09 01:19:20.297 [ INFO] - 370.2 MB (27.2%)
2023-10-09 01:19:20.787 [ INFO] - 370.2 MB (28.3%)
2023-10-09 01:19:21.477 [ INFO] - 370.2 MB (29.3%)
2023-10-09 01:19:21.977 [ INFO] - 370.2 MB (30.3%)
2023-10-09 01:19:22.467 [ INFO] - 370.2 MB (31.3%)
2023-10-09 01:19:22.955 [ INFO] - 370.2 MB (32.3%)
2023-10-09 01:19:23.437 [ INFO] - 370.2 MB (33.3%)
2023-10-09 01:19:23.918 [ INFO] - 370.2 MB (34.3%)
2023-10-09 01:19:24.397 [ INFO] - 370.2 MB (35.3%)
2023-10-09 01:19:24.864 [ INFO] - 370.2 MB (36.3%)
2023-10-09 01:19:25.312 [ INFO] - 370.2 MB (37.3%)
2023-10-09 01:19:25.618 [ INFO] - 370.2 MB (38.3%)
2023-10-09 01:19:26.077 [ INFO] - 370.2 MB (39.4%)
2023-10-09 01:19:26.485 [ INFO] - 370.2 MB (40.4%)
2023-10-09 01:19:26.808 [ INFO] - 370.2 MB (41.4%)
2023-10-09 01:19:27.207 [ INFO] - 370.2 MB (42.4%)
2023-10-09 01:19:27.528 [ INFO] - 370.2 MB (43.4%)
2023-10-09 01:19:27.796 [ INFO] - 370.2 MB (44.4%)
2023-10-09 01:19:28.237 [ INFO] - 370.2 MB (45.4%)
2023-10-09 01:19:28.514 [ INFO] - 370.2 MB (46.4%)
2023-10-09 01:19:28.942 [ INFO] - 370.2 MB (47.4%)
2023-10-09 01:19:29.229 [ INFO] - 370.2 MB (48.4%)
2023-10-09 01:19:29.634 [ INFO] - 370.2 MB (49.4%)
2023-10-09 01:19:29.940 [ INFO] - 370.2 MB (50.4%)
2023-10-09 01:19:30.208 [ INFO] - 370.2 MB (51.5%)
2023-10-09 01:19:30.642 [ INFO] - 370.2 MB (52.5%)
2023-10-09 01:19:30.921 [ INFO] - 370.2 MB (53.5%)
2023-10-09 01:19:31.322 [ INFO] - 370.2 MB (54.5%)
2023-10-09 01:19:31.627 [ INFO] - 370.2 MB (55.5%)
2023-10-09 01:19:31.894 [ INFO] - 370.2 MB (56.5%)
2023-10-09 01:19:32.318 [ INFO] - 370.2 MB (57.5%)
2023-10-09 01:19:32.610 [ INFO] - 370.2 MB (58.5%)
2023-10-09 01:19:32.869 [ INFO] - 370.2 MB (59.5%)
2023-10-09 01:19:33.294 [ INFO] - 370.2 MB (60.5%)
2023-10-09 01:19:33.578 [ INFO] - 370.2 MB (61.5%)
2023-10-09 01:19:33.943 [ INFO] - 370.2 MB (62.6%)
2023-10-09 01:19:34.260 [ INFO] - 370.2 MB (63.6%)
2023-10-09 01:19:34.543 [ INFO] - 370.2 MB (64.6%)
2023-10-09 01:19:34.944 [ INFO] - 370.2 MB (65.6%)
2023-10-09 01:19:35.223 [ INFO] - 370.2 MB (66.6%)
2023-10-09 01:19:35.511 [ INFO] - 370.2 MB (67.6%)
2023-10-09 01:19:35.899 [ INFO] - 370.2 MB (68.6%)
2023-10-09 01:19:36.197 [ INFO] - 370.2 MB (69.6%)
2023-10-09 01:19:36.475 [ INFO] - 370.2 MB (70.6%)
2023-10-09 01:19:36.834 [ INFO] - 370.2 MB (71.6%)
2023-10-09 01:19:37.142 [ INFO] - 370.2 MB (72.6%)
2023-10-09 01:19:37.430 [ INFO] - 370.2 MB (73.7%)
2023-10-09 01:19:37.714 [ INFO] - 370.2 MB (74.7%)
2023-10-09 01:19:38.086 [ INFO] - 370.2 MB (75.7%)
2023-10-09 01:19:38.391 [ INFO] - 370.2 MB (76.7%)
2023-10-09 01:19:38.653 [ INFO] - 370.2 MB (77.7%)
2023-10-09 01:19:38.915 [ INFO] - 370.2 MB (78.7%)
2023-10-09 01:19:39.303 [ INFO] - 370.2 MB (79.7%)
2023-10-09 01:19:39.598 [ INFO] - 370.2 MB (80.7%)
2023-10-09 01:19:39.877 [ INFO] - 370.2 MB (81.7%)
2023-10-09 01:19:40.136 [ INFO] - 370.2 MB (82.7%)
2023-10-09 01:19:40.501 [ INFO] - 370.2 MB (83.7%)
2023-10-09 01:19:40.776 [ INFO] - 370.2 MB (84.8%)
2023-10-09 01:19:41.080 [ INFO] - 370.2 MB (85.8%)
2023-10-09 01:19:41.333 [ INFO] - 370.2 MB (86.8%)
2023-10-09 01:19:41.627 [ INFO] - 370.2 MB (87.8%)
2023-10-09 01:19:41.955 [ INFO] - 370.2 MB (88.8%)
2023-10-09 01:19:42.294 [ INFO] - 370.2 MB (89.8%)
2023-10-09 01:19:42.555 [ INFO] - 370.2 MB (90.8%)
2023-10-09 01:19:42.813 [ INFO] - 370.2 MB (91.8%)
2023-10-09 01:19:43.160 [ INFO] - 370.2 MB (92.8%)
2023-10-09 01:19:43.453 [ INFO] - 370.2 MB (93.8%)
2023-10-09 01:19:43.751 [ INFO] - 370.2 MB (94.8%)
2023-10-09 01:19:44.005 [ INFO] - 370.2 MB (95.9%)
2023-10-09 01:19:44.297 [ INFO] - 370.2 MB (96.9%)
2023-10-09 01:19:44.609 [ INFO] - 370.2 MB (97.9%)
2023-10-09 01:19:44.938 [ INFO] - 370.2 MB (98.9%)
2023-10-09 01:19:45.192 [ INFO] - 370.2 MB (99.9%)
2023-10-09 01:19:45.212 [ INFO] - 370.2 MB (100.0%)
2023-10-09 01:19:45.212 [ INFO] Processing  time : 0:01:14.307634
2023-10-09 01:19:45.212 [ INFO] Downloading time : 0:00:42.321051
2023-10-09 01:19:45.212 [ INFO] Total time       : 0:01:56.628685
2023-10-09 01:19:45.212 [ INFO] Download rate    : 8.5 MB/s
2023-10-09 01:19:45.213 [ INFO] Done

 ... end of get_nemo_anfc_uvts

/home/ivans/.local/lib/python3.8/site-packages/numpy/ma/core.py:1156: RuntimeWarning: overflow encountered in true_divide
  result = self.f(da, db, *args, **kwargs)

 +++ End of get nemo 06h +++


 +++ Starting get nemo 06h +++


 ... starting script to get nemo anfc ssh

date ini = 2023-10-10 00:30:00
date end = 2023-10-10 00:30:00

 ... downloading ssh

2023-10-09 01:20:12.755 [ INFO] Asynchronous mode set
2023-10-09 01:20:12.756 [ INFO] Authenticating user isoares for service https://nrt.cmems-du.eu/motu-web/Motu
2023-10-09 01:20:20.327 [ INFO] Requesting file to download (this can take a while)...
2023-10-09 01:20:27.330 [ INFO] Authenticating user isoares for service https://nrt.cmems-du.eu/motu-web/Motu
2023-10-09 01:20:38.538 [ INFO] The product is ready for download
2023-10-09 01:20:38.538 [ INFO] Downloading file (this can take a while)...
2023-10-09 01:20:39.706 [ INFO] File type: application/x-netcdf
2023-10-09 01:20:39.706 [ INFO] File size: 932.1 kB (932120 B)
2023-10-09 01:20:39.706 [ INFO] Downloading file /home/ivans/operational/pacific_npo_2gr/forecast/d-temporary/nemo_ssh_20231010.nc
2023-10-09 01:20:39.936 [ INFO] - 932.1 kB (7.0%)
2023-10-09 01:20:40.166 [ INFO] - 932.1 kB (14.1%)
2023-10-09 01:20:40.396 [ INFO] - 932.1 kB (21.1%)
2023-10-09 01:20:40.397 [ INFO] - 932.1 kB (28.1%)
2023-10-09 01:20:40.398 [ INFO] - 932.1 kB (35.2%)
2023-10-09 01:20:40.439 [ INFO] - 932.1 kB (42.2%)
2023-10-09 01:20:40.638 [ INFO] - 932.1 kB (49.2%)
2023-10-09 01:20:40.640 [ INFO] - 932.1 kB (56.2%)
2023-10-09 01:20:40.641 [ INFO] - 932.1 kB (63.3%)
2023-10-09 01:20:40.641 [ INFO] - 932.1 kB (70.3%)
2023-10-09 01:20:40.642 [ INFO] - 932.1 kB (77.3%)
2023-10-09 01:20:40.667 [ INFO] - 932.1 kB (84.4%)
2023-10-09 01:20:40.668 [ INFO] - 932.1 kB (91.4%)
2023-10-09 01:20:40.869 [ INFO] - 932.1 kB (98.4%)
2023-10-09 01:20:40.869 [ INFO] - 932.1 kB (100.0%)
2023-10-09 01:20:40.869 [ INFO] Processing  time : 0:00:26.950622
2023-10-09 01:20:40.869 [ INFO] Downloading time : 0:00:01.163501
2023-10-09 01:20:40.869 [ INFO] Total time       : 0:00:28.114123
2023-10-09 01:20:40.869 [ INFO] Download rate    : 399.8 kB/s
2023-10-09 01:20:40.869 [ INFO] Done

 ... starting script to get nemo anfc pt6h1 uvts

date ini = 2023-10-10 00:00:00
date end = 2023-10-10 00:00:00


 ... downloading var thetao

2023-10-09 01:20:41.058 [ INFO] Asynchronous mode set
2023-10-09 01:20:41.058 [ INFO] Authenticating user isoares for service https://nrt.cmems-du.eu/motu-web/Motu
2023-10-09 01:20:46.195 [ INFO] Requesting file to download (this can take a while)...
2023-10-09 01:20:54.394 [ INFO] Authenticating user isoares for service https://nrt.cmems-du.eu/motu-web/Motu
2023-10-09 01:21:05.645 [ INFO] The product is ready for download
2023-10-09 01:21:05.645 [ INFO] Downloading file (this can take a while)...
2023-10-09 01:21:06.704 [ INFO] File type: application/x-netcdf
2023-10-09 01:21:06.704 [ INFO] File size: 46.3 MB (46284188 B)
2023-10-09 01:21:06.704 [ INFO] Downloading file /home/ivans/operational/pacific_npo_2gr/forecast/d-temporary/nemo_thetao.nc
2023-10-09 01:21:07.953 [ INFO] -  46.3 MB (1.1%)
2023-10-09 01:21:08.203 [ INFO] -  46.3 MB (2.3%)
2023-10-09 01:21:08.210 [ INFO] -  46.3 MB (3.4%)
2023-10-09 01:21:08.455 [ INFO] -  46.3 MB (4.5%)
2023-10-09 01:21:08.462 [ INFO] -  46.3 MB (5.7%)
2023-10-09 01:21:08.469 [ INFO] -  46.3 MB (6.8%)
2023-10-09 01:21:08.701 [ INFO] -  46.3 MB (7.9%)
2023-10-09 01:21:08.707 [ INFO] -  46.3 MB (9.1%)
2023-10-09 01:21:08.714 [ INFO] -  46.3 MB (10.2%)
2023-10-09 01:21:08.721 [ INFO] -  46.3 MB (11.3%)
2023-10-09 01:21:08.727 [ INFO] -  46.3 MB (12.5%)
2023-10-09 01:21:08.984 [ INFO] -  46.3 MB (13.6%)
2023-10-09 01:21:09.201 [ INFO] -  46.3 MB (14.7%)
2023-10-09 01:21:09.204 [ INFO] -  46.3 MB (15.9%)
2023-10-09 01:21:09.207 [ INFO] -  46.3 MB (17.0%)
2023-10-09 01:21:09.210 [ INFO] -  46.3 MB (18.1%)
2023-10-09 01:21:09.214 [ INFO] -  46.3 MB (19.3%)
2023-10-09 01:21:09.451 [ INFO] -  46.3 MB (20.4%)
2023-10-09 01:21:09.457 [ INFO] -  46.3 MB (21.5%)
2023-10-09 01:21:09.464 [ INFO] -  46.3 MB (22.7%)
2023-10-09 01:21:09.721 [ INFO] -  46.3 MB (23.8%)
2023-10-09 01:21:09.727 [ INFO] -  46.3 MB (24.9%)
2023-10-09 01:21:09.750 [ INFO] -  46.3 MB (26.1%)
2023-10-09 01:21:09.754 [ INFO] -  46.3 MB (27.2%)
2023-10-09 01:21:09.757 [ INFO] -  46.3 MB (28.3%)
2023-10-09 01:21:09.760 [ INFO] -  46.3 MB (29.5%)
2023-10-09 01:21:10.006 [ INFO] -  46.3 MB (30.6%)
2023-10-09 01:21:10.012 [ INFO] -  46.3 MB (31.7%)
2023-10-09 01:21:10.469 [ INFO] -  46.3 MB (32.8%)
2023-10-09 01:21:10.475 [ INFO] -  46.3 MB (34.0%)
2023-10-09 01:21:10.479 [ INFO] -  46.3 MB (35.1%)
2023-10-09 01:21:10.482 [ INFO] -  46.3 MB (36.2%)
2023-10-09 01:21:10.493 [ INFO] -  46.3 MB (37.4%)
2023-10-09 01:21:10.723 [ INFO] -  46.3 MB (38.5%)
2023-10-09 01:21:10.729 [ INFO] -  46.3 MB (39.6%)
2023-10-09 01:21:10.741 [ INFO] -  46.3 MB (40.8%)
2023-10-09 01:21:10.748 [ INFO] -  46.3 MB (41.9%)
2023-10-09 01:21:11.222 [ INFO] -  46.3 MB (43.0%)
2023-10-09 01:21:11.224 [ INFO] -  46.3 MB (44.2%)
2023-10-09 01:21:11.227 [ INFO] -  46.3 MB (45.3%)
2023-10-09 01:21:11.229 [ INFO] -  46.3 MB (46.4%)
2023-10-09 01:21:11.232 [ INFO] -  46.3 MB (47.6%)
2023-10-09 01:21:11.234 [ INFO] -  46.3 MB (48.7%)
2023-10-09 01:21:11.473 [ INFO] -  46.3 MB (49.8%)
2023-10-09 01:21:11.479 [ INFO] -  46.3 MB (51.0%)
2023-10-09 01:21:11.493 [ INFO] -  46.3 MB (52.1%)
2023-10-09 01:21:11.723 [ INFO] -  46.3 MB (53.2%)
2023-10-09 01:21:11.730 [ INFO] -  46.3 MB (54.4%)
2023-10-09 01:21:11.744 [ INFO] -  46.3 MB (55.5%)
2023-10-09 01:21:11.975 [ INFO] -  46.3 MB (56.6%)
2023-10-09 01:21:11.983 [ INFO] -  46.3 MB (57.8%)
2023-10-09 01:21:11.993 [ INFO] -  46.3 MB (58.9%)
2023-10-09 01:21:12.227 [ INFO] -  46.3 MB (60.0%)
2023-10-09 01:21:12.234 [ INFO] -  46.3 MB (61.2%)
2023-10-09 01:21:12.245 [ INFO] -  46.3 MB (62.3%)
2023-10-09 01:21:12.477 [ INFO] -  46.3 MB (63.4%)
2023-10-09 01:21:12.484 [ INFO] -  46.3 MB (64.6%)
2023-10-09 01:21:12.493 [ INFO] -  46.3 MB (65.7%)
2023-10-09 01:21:12.725 [ INFO] -  46.3 MB (66.8%)
2023-10-09 01:21:12.732 [ INFO] -  46.3 MB (68.0%)
2023-10-09 01:21:12.742 [ INFO] -  46.3 MB (69.1%)
2023-10-09 01:21:12.970 [ INFO] -  46.3 MB (70.2%)
2023-10-09 01:21:12.981 [ INFO] -  46.3 MB (71.4%)
2023-10-09 01:21:12.992 [ INFO] -  46.3 MB (72.5%)
2023-10-09 01:21:13.218 [ INFO] -  46.3 MB (73.6%)
2023-10-09 01:21:13.228 [ INFO] -  46.3 MB (74.8%)
2023-10-09 01:21:13.240 [ INFO] -  46.3 MB (75.9%)
2023-10-09 01:21:13.251 [ INFO] -  46.3 MB (77.0%)
2023-10-09 01:21:13.479 [ INFO] -  46.3 MB (78.2%)
2023-10-09 01:21:13.488 [ INFO] -  46.3 MB (79.3%)
2023-10-09 01:21:13.498 [ INFO] -  46.3 MB (80.4%)
2023-10-09 01:21:13.727 [ INFO] -  46.3 MB (81.6%)
2023-10-09 01:21:13.737 [ INFO] -  46.3 MB (82.7%)
2023-10-09 01:21:13.744 [ INFO] -  46.3 MB (83.8%)
2023-10-09 01:21:13.975 [ INFO] -  46.3 MB (85.0%)
2023-10-09 01:21:13.985 [ INFO] -  46.3 MB (86.1%)
2023-10-09 01:21:13.993 [ INFO] -  46.3 MB (87.2%)
2023-10-09 01:21:14.002 [ INFO] -  46.3 MB (88.4%)
2023-10-09 01:21:14.231 [ INFO] -  46.3 MB (89.5%)
2023-10-09 01:21:14.240 [ INFO] -  46.3 MB (90.6%)
2023-10-09 01:21:14.251 [ INFO] -  46.3 MB (91.8%)
2023-10-09 01:21:14.476 [ INFO] -  46.3 MB (92.9%)
2023-10-09 01:21:14.486 [ INFO] -  46.3 MB (94.0%)
2023-10-09 01:21:14.494 [ INFO] -  46.3 MB (95.2%)
2023-10-09 01:21:14.722 [ INFO] -  46.3 MB (96.3%)
2023-10-09 01:21:14.733 [ INFO] -  46.3 MB (97.4%)
2023-10-09 01:21:14.741 [ INFO] -  46.3 MB (98.5%)
2023-10-09 01:21:14.754 [ INFO] -  46.3 MB (99.7%)
2023-10-09 01:21:14.970 [ INFO] -  46.3 MB (100.0%)
2023-10-09 01:21:14.970 [ INFO] Processing  time : 0:00:25.646886
2023-10-09 01:21:14.970 [ INFO] Downloading time : 0:00:08.265908
2023-10-09 01:21:14.970 [ INFO] Total time       : 0:00:33.912794
2023-10-09 01:21:14.971 [ INFO] Download rate    : 5.0 MB/s
2023-10-09 01:21:14.971 [ INFO] Done

 ... downloading var so

2023-10-09 01:21:15.394 [ INFO] Asynchronous mode set
2023-10-09 01:21:15.396 [ INFO] Authenticating user isoares for service https://nrt.cmems-du.eu/motu-web/Motu
2023-10-09 01:21:19.607 [ INFO] Requesting file to download (this can take a while)...
2023-10-09 01:21:26.613 [ INFO] Authenticating user isoares for service https://nrt.cmems-du.eu/motu-web/Motu
2023-10-09 01:21:38.180 [ INFO] The product is ready for download
2023-10-09 01:21:38.180 [ INFO] Downloading file (this can take a while)...
2023-10-09 01:21:39.203 [ INFO] File type: application/x-netcdf
2023-10-09 01:21:39.204 [ INFO] File size: 46.3 MB (46284164 B)
2023-10-09 01:21:39.204 [ INFO] Downloading file /home/ivans/operational/pacific_npo_2gr/forecast/d-temporary/nemo_so.nc
2023-10-09 01:21:40.449 [ INFO] -  46.3 MB (1.1%)
2023-10-09 01:21:40.700 [ INFO] -  46.3 MB (2.3%)
2023-10-09 01:21:40.707 [ INFO] -  46.3 MB (3.4%)
2023-10-09 01:21:40.950 [ INFO] -  46.3 MB (4.5%)
2023-10-09 01:21:40.957 [ INFO] -  46.3 MB (5.7%)
2023-10-09 01:21:40.964 [ INFO] -  46.3 MB (6.8%)
2023-10-09 01:21:41.219 [ INFO] -  46.3 MB (7.9%)
2023-10-09 01:21:41.225 [ INFO] -  46.3 MB (9.1%)
2023-10-09 01:21:41.232 [ INFO] -  46.3 MB (10.2%)
2023-10-09 01:21:41.733 [ INFO] -  46.3 MB (11.3%)
2023-10-09 01:21:41.737 [ INFO] -  46.3 MB (12.5%)
2023-10-09 01:21:41.740 [ INFO] -  46.3 MB (13.6%)
2023-10-09 01:21:41.743 [ INFO] -  46.3 MB (14.7%)
2023-10-09 01:21:41.751 [ INFO] -  46.3 MB (15.9%)
2023-10-09 01:21:41.989 [ INFO] -  46.3 MB (17.0%)
2023-10-09 01:21:42.000 [ INFO] -  46.3 MB (18.1%)
2023-10-09 01:21:42.232 [ INFO] -  46.3 MB (19.3%)
2023-10-09 01:21:42.248 [ INFO] -  46.3 MB (20.4%)
2023-10-09 01:21:42.257 [ INFO] -  46.3 MB (21.5%)
2023-10-09 01:21:42.495 [ INFO] -  46.3 MB (22.7%)
2023-10-09 01:21:42.506 [ INFO] -  46.3 MB (23.8%)
2023-10-09 01:21:42.739 [ INFO] -  46.3 MB (24.9%)
2023-10-09 01:21:42.752 [ INFO] -  46.3 MB (26.1%)
2023-10-09 01:21:42.761 [ INFO] -  46.3 MB (27.2%)
2023-10-09 01:21:43.000 [ INFO] -  46.3 MB (28.3%)
2023-10-09 01:21:43.008 [ INFO] -  46.3 MB (29.5%)
2023-10-09 01:21:43.239 [ INFO] -  46.3 MB (30.6%)
2023-10-09 01:21:43.254 [ INFO] -  46.3 MB (31.7%)
2023-10-09 01:21:43.263 [ INFO] -  46.3 MB (32.9%)
2023-10-09 01:21:43.498 [ INFO] -  46.3 MB (34.0%)
2023-10-09 01:21:43.509 [ INFO] -  46.3 MB (35.1%)
2023-10-09 01:21:43.737 [ INFO] -  46.3 MB (36.2%)
2023-10-09 01:21:43.752 [ INFO] -  46.3 MB (37.4%)
2023-10-09 01:21:43.763 [ INFO] -  46.3 MB (38.5%)
2023-10-09 01:21:43.992 [ INFO] -  46.3 MB (39.6%)
2023-10-09 01:21:44.007 [ INFO] -  46.3 MB (40.8%)
2023-10-09 01:21:44.015 [ INFO] -  46.3 MB (41.9%)
2023-10-09 01:21:44.247 [ INFO] -  46.3 MB (43.0%)
2023-10-09 01:21:44.261 [ INFO] -  46.3 MB (44.2%)
2023-10-09 01:21:44.479 [ INFO] -  46.3 MB (45.3%)
2023-10-09 01:21:44.502 [ INFO] -  46.3 MB (46.4%)
2023-10-09 01:21:44.513 [ INFO] -  46.3 MB (47.6%)
2023-10-09 01:21:44.741 [ INFO] -  46.3 MB (48.7%)
2023-10-09 01:21:44.756 [ INFO] -  46.3 MB (49.8%)
2023-10-09 01:21:44.767 [ INFO] -  46.3 MB (51.0%)
2023-10-09 01:21:44.993 [ INFO] -  46.3 MB (52.1%)
2023-10-09 01:21:45.008 [ INFO] -  46.3 MB (53.2%)
2023-10-09 01:21:45.019 [ INFO] -  46.3 MB (54.4%)
2023-10-09 01:21:45.245 [ INFO] -  46.3 MB (55.5%)
2023-10-09 01:21:45.260 [ INFO] -  46.3 MB (56.6%)
2023-10-09 01:21:45.270 [ INFO] -  46.3 MB (57.8%)
2023-10-09 01:21:45.499 [ INFO] -  46.3 MB (58.9%)
2023-10-09 01:21:45.512 [ INFO] -  46.3 MB (60.0%)
2023-10-09 01:21:45.521 [ INFO] -  46.3 MB (61.2%)
2023-10-09 01:21:45.750 [ INFO] -  46.3 MB (62.3%)
2023-10-09 01:21:45.764 [ INFO] -  46.3 MB (63.4%)
2023-10-09 01:21:45.773 [ INFO] -  46.3 MB (64.6%)
2023-10-09 01:21:46.002 [ INFO] -  46.3 MB (65.7%)
2023-10-09 01:21:46.015 [ INFO] -  46.3 MB (66.8%)
2023-10-09 01:21:46.024 [ INFO] -  46.3 MB (68.0%)
2023-10-09 01:21:46.253 [ INFO] -  46.3 MB (69.1%)
2023-10-09 01:21:46.267 [ INFO] -  46.3 MB (70.2%)
2023-10-09 01:21:46.276 [ INFO] -  46.3 MB (71.4%)
2023-10-09 01:21:46.503 [ INFO] -  46.3 MB (72.5%)
2023-10-09 01:21:46.515 [ INFO] -  46.3 MB (73.6%)
2023-10-09 01:21:46.526 [ INFO] -  46.3 MB (74.8%)
2023-10-09 01:21:46.753 [ INFO] -  46.3 MB (75.9%)
2023-10-09 01:21:46.765 [ INFO] -  46.3 MB (77.0%)
2023-10-09 01:21:46.776 [ INFO] -  46.3 MB (78.2%)
2023-10-09 01:21:47.000 [ INFO] -  46.3 MB (79.3%)
2023-10-09 01:21:47.015 [ INFO] -  46.3 MB (80.4%)
2023-10-09 01:21:47.026 [ INFO] -  46.3 MB (81.6%)
2023-10-09 01:21:47.250 [ INFO] -  46.3 MB (82.7%)
2023-10-09 01:21:47.265 [ INFO] -  46.3 MB (83.8%)
2023-10-09 01:21:47.276 [ INFO] -  46.3 MB (85.0%)
2023-10-09 01:21:47.499 [ INFO] -  46.3 MB (86.1%)
2023-10-09 01:21:47.514 [ INFO] -  46.3 MB (87.2%)
2023-10-09 01:21:47.525 [ INFO] -  46.3 MB (88.4%)
2023-10-09 01:21:47.747 [ INFO] -  46.3 MB (89.5%)
2023-10-09 01:21:47.763 [ INFO] -  46.3 MB (90.6%)
2023-10-09 01:21:47.774 [ INFO] -  46.3 MB (91.8%)
2023-10-09 01:21:47.990 [ INFO] -  46.3 MB (92.9%)
2023-10-09 01:21:48.013 [ INFO] -  46.3 MB (94.0%)
2023-10-09 01:21:48.024 [ INFO] -  46.3 MB (95.2%)
2023-10-09 01:21:48.034 [ INFO] -  46.3 MB (96.3%)
2023-10-09 01:21:48.259 [ INFO] -  46.3 MB (97.4%)
2023-10-09 01:21:48.273 [ INFO] -  46.3 MB (98.6%)
2023-10-09 01:21:48.284 [ INFO] -  46.3 MB (99.7%)
2023-10-09 01:21:48.487 [ INFO] -  46.3 MB (100.0%)
2023-10-09 01:21:48.487 [ INFO] Processing  time : 0:00:23.810075
2023-10-09 01:21:48.487 [ INFO] Downloading time : 0:00:09.283316
2023-10-09 01:21:48.487 [ INFO] Total time       : 0:00:33.093391
2023-10-09 01:21:48.487 [ INFO] Download rate    : 4.5 MB/s
2023-10-09 01:21:48.488 [ INFO] Done

 ... downloading var cur

2023-10-09 01:21:48.780 [ INFO] Asynchronous mode set
2023-10-09 01:21:48.781 [ INFO] Authenticating user isoares for service https://nrt.cmems-du.eu/motu-web/Motu
2023-10-09 01:21:53.016 [ INFO] Requesting file to download (this can take a while)...
2023-10-09 01:22:00.301 [ INFO] Authenticating user isoares for service https://nrt.cmems-du.eu/motu-web/Motu
2023-10-09 01:22:11.473 [ INFO] Product is not yet available (request in progress)
2023-10-09 01:22:21.483 [ INFO] Authenticating user isoares for service https://nrt.cmems-du.eu/motu-web/Motu
2023-10-09 01:22:33.142 [ INFO] The product is ready for download
2023-10-09 01:22:33.142 [ INFO] Downloading file (this can take a while)...
2023-10-09 01:22:34.076 [ INFO] File type: application/x-netcdf
2023-10-09 01:22:34.076 [ INFO] File size: 92.6 MB (92561508 B)
2023-10-09 01:22:34.077 [ INFO] Downloading file /home/ivans/operational/pacific_npo_2gr/forecast/d-temporary/nemo_cur.nc
2023-10-09 01:22:35.438 [ INFO] -  92.6 MB (1.1%)
2023-10-09 01:22:35.667 [ INFO] -  92.6 MB (2.1%)
2023-10-09 01:22:35.679 [ INFO] -  92.6 MB (3.2%)
2023-10-09 01:22:35.902 [ INFO] -  92.6 MB (4.2%)
2023-10-09 01:22:36.120 [ INFO] -  92.6 MB (5.3%)
2023-10-09 01:22:36.136 [ INFO] -  92.6 MB (6.4%)
2023-10-09 01:22:36.353 [ INFO] -  92.6 MB (7.4%)
2023-10-09 01:22:36.369 [ INFO] -  92.6 MB (8.5%)
2023-10-09 01:22:36.586 [ INFO] -  92.6 MB (9.6%)
2023-10-09 01:22:36.600 [ INFO] -  92.6 MB (10.6%)
2023-10-09 01:22:36.817 [ INFO] -  92.6 MB (11.7%)
2023-10-09 01:22:36.831 [ INFO] -  92.6 MB (12.7%)
2023-10-09 01:22:37.047 [ INFO] -  92.6 MB (13.8%)
2023-10-09 01:22:37.060 [ INFO] -  92.6 MB (14.9%)
2023-10-09 01:22:37.274 [ INFO] -  92.6 MB (15.9%)
2023-10-09 01:22:37.289 [ INFO] -  92.6 MB (17.0%)
2023-10-09 01:22:37.501 [ INFO] -  92.6 MB (18.1%)
2023-10-09 01:22:37.516 [ INFO] -  92.6 MB (19.1%)
2023-10-09 01:22:37.725 [ INFO] -  92.6 MB (20.2%)
2023-10-09 01:22:37.741 [ INFO] -  92.6 MB (21.2%)
2023-10-09 01:22:37.948 [ INFO] -  92.6 MB (22.3%)
2023-10-09 01:22:37.969 [ INFO] -  92.6 MB (23.4%)
2023-10-09 01:22:37.989 [ INFO] -  92.6 MB (24.4%)
2023-10-09 01:22:38.187 [ INFO] -  92.6 MB (25.5%)
2023-10-09 01:22:38.210 [ INFO] -  92.6 MB (26.6%)
2023-10-09 01:22:38.405 [ INFO] -  92.6 MB (27.6%)
2023-10-09 01:22:38.428 [ INFO] -  92.6 MB (28.7%)
2023-10-09 01:22:38.444 [ INFO] -  92.6 MB (29.7%)
2023-10-09 01:22:38.642 [ INFO] -  92.6 MB (30.8%)
2023-10-09 01:22:38.663 [ INFO] -  92.6 MB (31.9%)
2023-10-09 01:22:38.682 [ INFO] -  92.6 MB (32.9%)
2023-10-09 01:22:38.878 [ INFO] -  92.6 MB (34.0%)
2023-10-09 01:22:38.898 [ INFO] -  92.6 MB (35.0%)
2023-10-09 01:22:39.096 [ INFO] -  92.6 MB (36.1%)
2023-10-09 01:22:39.116 [ INFO] -  92.6 MB (37.2%)
2023-10-09 01:22:39.131 [ INFO] -  92.6 MB (38.2%)
2023-10-09 01:22:39.329 [ INFO] -  92.6 MB (39.3%)
2023-10-09 01:22:39.349 [ INFO] -  92.6 MB (40.4%)
2023-10-09 01:22:39.368 [ INFO] -  92.6 MB (41.4%)
2023-10-09 01:22:39.563 [ INFO] -  92.6 MB (42.5%)
2023-10-09 01:22:39.581 [ INFO] -  92.6 MB (43.5%)
2023-10-09 01:22:39.776 [ INFO] -  92.6 MB (44.6%)
2023-10-09 01:22:39.798 [ INFO] -  92.6 MB (45.7%)
2023-10-09 01:22:39.815 [ INFO] -  92.6 MB (46.7%)
2023-10-09 01:22:40.012 [ INFO] -  92.6 MB (47.8%)
2023-10-09 01:22:40.032 [ INFO] -  92.6 MB (48.9%)
2023-10-09 01:22:40.049 [ INFO] -  92.6 MB (49.9%)
2023-10-09 01:22:40.248 [ INFO] -  92.6 MB (51.0%)
2023-10-09 01:22:40.266 [ INFO] -  92.6 MB (52.0%)
2023-10-09 01:22:40.457 [ INFO] -  92.6 MB (53.1%)
2023-10-09 01:22:40.480 [ INFO] -  92.6 MB (54.2%)
2023-10-09 01:22:40.498 [ INFO] -  92.6 MB (55.2%)
2023-10-09 01:22:40.690 [ INFO] -  92.6 MB (56.3%)
2023-10-09 01:22:40.715 [ INFO] -  92.6 MB (57.4%)
2023-10-09 01:22:40.730 [ INFO] -  92.6 MB (58.4%)
2023-10-09 01:22:40.923 [ INFO] -  92.6 MB (59.5%)
2023-10-09 01:22:40.946 [ INFO] -  92.6 MB (60.5%)
2023-10-09 01:22:40.962 [ INFO] -  92.6 MB (61.6%)
2023-10-09 01:22:41.156 [ INFO] -  92.6 MB (62.7%)
2023-10-09 01:22:41.178 [ INFO] -  92.6 MB (63.7%)
2023-10-09 01:22:41.197 [ INFO] -  92.6 MB (64.8%)
2023-10-09 01:22:41.392 [ INFO] -  92.6 MB (65.8%)
2023-10-09 01:22:41.411 [ INFO] -  92.6 MB (66.9%)
2023-10-09 01:22:41.601 [ INFO] -  92.6 MB (68.0%)
2023-10-09 01:22:41.626 [ INFO] -  92.6 MB (69.0%)
2023-10-09 01:22:41.642 [ INFO] -  92.6 MB (70.1%)
2023-10-09 01:22:41.834 [ INFO] -  92.6 MB (71.2%)
2023-10-09 01:22:41.858 [ INFO] -  92.6 MB (72.2%)
2023-10-09 01:22:41.874 [ INFO] -  92.6 MB (73.3%)
2023-10-09 01:22:42.067 [ INFO] -  92.6 MB (74.3%)
2023-10-09 01:22:42.091 [ INFO] -  92.6 MB (75.4%)
2023-10-09 01:22:42.106 [ INFO] -  92.6 MB (76.5%)
2023-10-09 01:22:42.299 [ INFO] -  92.6 MB (77.5%)
2023-10-09 01:22:42.323 [ INFO] -  92.6 MB (78.6%)
2023-10-09 01:22:42.383 [ INFO] -  92.6 MB (79.7%)
2023-10-09 01:22:42.538 [ INFO] -  92.6 MB (80.7%)
2023-10-09 01:22:42.554 [ INFO] -  92.6 MB (81.8%)
2023-10-09 01:22:42.614 [ INFO] -  92.6 MB (82.8%)
2023-10-09 01:22:42.772 [ INFO] -  92.6 MB (83.9%)
2023-10-09 01:22:42.785 [ INFO] -  92.6 MB (85.0%)
2023-10-09 01:22:42.976 [ INFO] -  92.6 MB (86.0%)
2023-10-09 01:22:43.004 [ INFO] -  92.6 MB (87.1%)
2023-10-09 01:22:43.017 [ INFO] -  92.6 MB (88.1%)
2023-10-09 01:22:43.208 [ INFO] -  92.6 MB (89.2%)
2023-10-09 01:22:43.235 [ INFO] -  92.6 MB (90.3%)
2023-10-09 01:22:43.248 [ INFO] -  92.6 MB (91.3%)
2023-10-09 01:22:43.439 [ INFO] -  92.6 MB (92.4%)
2023-10-09 01:22:43.466 [ INFO] -  92.6 MB (93.5%)
2023-10-09 01:22:43.481 [ INFO] -  92.6 MB (94.5%)
2023-10-09 01:22:43.679 [ INFO] -  92.6 MB (95.6%)
2023-10-09 01:22:43.698 [ INFO] -  92.6 MB (96.6%)
2023-10-09 01:22:43.756 [ INFO] -  92.6 MB (97.7%)
2023-10-09 01:22:43.913 [ INFO] -  92.6 MB (98.8%)
2023-10-09 01:22:43.929 [ INFO] -  92.6 MB (99.8%)
2023-10-09 01:22:43.933 [ INFO] -  92.6 MB (100.0%)
2023-10-09 01:22:43.933 [ INFO] Processing  time : 0:00:45.296870
2023-10-09 01:22:43.933 [ INFO] Downloading time : 0:00:09.856387
2023-10-09 01:22:43.933 [ INFO] Total time       : 0:00:55.153257
2023-10-09 01:22:43.933 [ INFO] Download rate    : 8.6 MB/s
2023-10-09 01:22:43.934 [ INFO] Done

 ... end of get_nemo_anfc_uvts

/home/ivans/.local/lib/python3.8/site-packages/numpy/ma/core.py:1156: RuntimeWarning: overflow encountered in true_divide
  result = self.f(da, db, *args, **kwargs)

 +++ End of get nemo 06h +++

 ... merge downloaded files into file nemo_npo0.08_20231009.nc
 ... fix longitudes
 ... include new attributes: _FillValue and missing values
cdo    setmissval: Processed 5 variables over 5 timesteps [9.22s 107MB].
cdo    setmissval: Processed 5 variables over 5 timesteps [10.17s 107MB].

 ... check integrity of downloaded file 


 ... after check procedure check status is 0

 ... %%%%%% Downloaded file is OK !! %%%%%%

 ... move file to storage 


 ==> 2023/10/09 01:23:38 FINISHED downloading OGCM nemo for ROMS <==


 ==> Sourcing forecast_setup.sh for general forecast settings <==

 ... roms grid file is /home/ivans/operational/roms/grids/grid_npo0.08_07e.nc
 ... grid box is -166 -118 16 46

 ... grid size is 601 lons,  376 lats, 30 layers


 ==> 2023/10/09 01:23:38 HERE I am @ /home/ivans/operational/pacific_npo_2gr/forecast/d-temporary for step 04: make input files for ROMS <==


 ... today is 2023-10-09, ogcm is nemo
 ... will read 5 time steps every 24 hours
 ... will run for 1 day(s)
 ... donor file is /home/ivans/operational/pacific_npo_2gr/forecast/d-storage/20231009/nemo_npo0.08_20231009.nc


     ... horizontal interpolation: remap donor ogcm to roms grid

 ... found file grid_r_npo0.08.nc; will use it !!


     ... vertical interpolation: interp remaped ogcm to sigma level

Warning (cdfInqContents): Coordinates variable sigma can't be assigned!
Warning (cdfInqContents): Coordinates variable level can't be assigned!
Warning: Non monotonic zaxis!
     ... inpaint nans on remaped, sigma coord ogcm

     ... will use a temporary roms mask /home/ivans/operational/pacific_npo_2gr/forecast/d-interp/roms_npo0.08_07e_tmpmsk.nc
     ... to avoid inpainting on land points

 
 +++ Starting python program to inpaint nans on donor OGCM +++
 
 ... arguments are: ['/home/ivans/scripts/4roms/make_clim_step01_inpaint_nans_on_remaped_ogcm.py', '20231009', 'nemo', '5', '30', '24', '/home/ivans/operational/roms/grids/grid_npo0.08_07e.nc', 'remaped_nemo_20231009', '/home/ivans/operational/pacific_npo_2gr/forecast/d-interp/roms_npo0.08_07e_tmpmsk.nc']
 
 
 ... ogcm is nemo
 ... ntimes is 5
 ... storage interval is 24.0
 ... start date is 2023/10/09
 
 
 ... ogcm NaN is -9999.0
 
 ... doing time step 0 ... at time 750124800.0 secs
 ... doing time step 1 ... at time 750211200.0 secs
 ... doing time step 2 ... at time 750297600.0 secs
 ... doing time step 3 ... at time 750384000.0 secs
 ... doing time step 4 ... at time 750470400.0 secs
 
 +++ End of Python  +++
 
     ... re-write interpolated ogcm vars on staggered grid

 +++ Scripts to create climatology & obc files for ROMS +++

 ... will output empty netcdf files named clm.nc & bry.nc 
 ... ref date, nlon, nlat, nsig = 20000101, 601, 376, 30

 
 +++ Starting python program to write vars on clim files +++
 
 ... arguments are: ['/home/ivans/scripts/4roms/make_clim_step02_write_clm_bry_files.py', '5', '20231009', 'nemo', '0.', '1', '2', '4', '10.0', '4.0', '150', '150', '30', 'remaped_nemo_20231009_nonans.nc', '/home/ivans/operational/roms/grids/grid_npo0.08_07e.nc', 'input_clm_npo0.08_07e_20231009_nemo.nc', 'input_bry_npo0.08_07e_20231009_nemo.nc']
 
 
 ... ogcm is nemo
 ... ntimes is 5
 ... rotation ang is 0.0
 ... start date is 2023/10/9
 
 
 ... will write clim file input_clm_npo0.08_07e_20231009_nemo.nc
 ... and bdry file input_bry_npo0.08_07e_20231009_nemo.nc
 
 ... grid size is 601 x 376
 
 ... writing grid params in roms file ...
 
 
 ... writing grid params in roms file ...
 
 
 ... writing lon/lat in clm file ...
 
 
 ... writing lon/lat in bry file ...
 
 ... reading time 646656.0
 
##############################################################################
#                                                                             
#    ... writing vars in clmfile @ day: 8682.0, ntime: 0
#                                                                             
##############################################################################
 
 
##############################################################################
#                                                                             
#    ... writing vars in bryfile @ day: 8682.0, ntime: 0
#                                                                             
##############################################################################
 
 ... writting time = 750124800.0
 
               %%%%%%%%%%%%%%%%%%%%%%%%
 
 ... reading time 646662.0
 
##############################################################################
#                                                                             
#    ... writing vars in clmfile @ day: 8682.25, ntime: 1
#                                                                             
##############################################################################
 
 
##############################################################################
#                                                                             
#    ... writing vars in bryfile @ day: 8682.25, ntime: 1
#                                                                             
##############################################################################
 
 ... writting time = 750146400.0
 
               %%%%%%%%%%%%%%%%%%%%%%%%
 
 ... reading time 646668.0
 
##############################################################################
#                                                                             
#    ... writing vars in clmfile @ day: 8682.5, ntime: 2
#                                                                             
##############################################################################
 
 
##############################################################################
#                                                                             
#    ... writing vars in bryfile @ day: 8682.5, ntime: 2
#                                                                             
##############################################################################
 
 ... writting time = 750168000.0
 
               %%%%%%%%%%%%%%%%%%%%%%%%
 
 ... reading time 646674.0
 
##############################################################################
#                                                                             
#    ... writing vars in clmfile @ day: 8682.75, ntime: 3
#                                                                             
##############################################################################
 
 
##############################################################################
#                                                                             
#    ... writing vars in bryfile @ day: 8682.75, ntime: 3
#                                                                             
##############################################################################
 
 ... writting time = 750189600.0
 
               %%%%%%%%%%%%%%%%%%%%%%%%
 
 ... reading time 646680.0
 
##############################################################################
#                                                                             
#    ... writing vars in clmfile @ day: 8683.0, ntime: 4
#                                                                             
##############################################################################
 
 
##############################################################################
#                                                                             
#    ... writing vars in bryfile @ day: 8683.0, ntime: 4
#                                                                             
##############################################################################
 
 ... writting time = 750211200.0
 
               %%%%%%%%%%%%%%%%%%%%%%%%
 
 
 +++ End of python program +++ 
 

 ==> 2023/10/09 01:46:09 FINISHED making input files for ROMS <==


 ==> Sourcing forecast_setup.sh for general forecast settings <==

 ... roms grid file is /home/ivans/operational/roms/grids/grid_npo0.08_07e.nc
 ... grid box is -166 -118 16 46

 ... grid size is 601 lons,  376 lats, 30 layers


 ==> 2023/10/09 01:46:10 HERE I am @ /home/ivans/operational/pacific_npo_2gr/forecast/d-temporary for step 05: run ROMS <==


 ... today is 2023-10-09

 ... roms grid size is 601 x 376 x 30
 ... roms grid limits are: x1,x2 = -166,-118, y1,y2 = 16,46
 ... roms grid resolution is regular: 0.08 x 0.08

 ... will store outputs in folder /home/ivans/operational/pacific_npo_2gr/forecast/d-storage

 ... start day is 20231009
 ... the expt is npo0.08_07e_20231009
 ... will run for 1 day(s)

 ... the donor file is /home/ivans/operational/pacific_npo_2gr/forecast/d-storage/20231009/nemo_npo0.08_20231009.nc
 ... will read donor 5 time steps every 24 hours

 ... the grid file is /home/ivans/operational/roms/grids/grid_npo0.08_07e.nc
 ... the ngc  file is /home/ivans/operational/roms/grids/ngc_npo0.08_07e+npo0.0267_01c.nc
 ... the nudg file is /home/ivans/operational/roms/nudge/nudge_npo0.08_07e_exp_strong.nc
 ... the tide file is /home/ivans/operational/roms/tides/tide_npo0.08_07e_2023_ref2000.nc


 ... will read roms input files from /home/ivans/operational/pacific_npo_2gr/forecast/d-temporary/roms_in
 ... will output roms results to /home/ivans/operational/pacific_npo_2gr/forecast/d-temporary/roms_out

 ... /home/ivans/operational/pacific_npo_2gr/forecast/d-temporary/roms_in DOES NOT exist, will create it
 ... /home/ivans/operational/pacific_npo_2gr/forecast/d-temporary/roms_out DOES NOT exist, will create it

 ... make links to ROMS input files


 ... accessing ROMS grid file /home/ivans/operational/roms/grids/grid_npo0.08_07e.nc


 ... accessing ROMS grid file /home/ivans/operational/roms/grids/grid_npo0.0267_01c.nc


 ... accessing ROMS ngc file /home/ivans/operational/roms/grids/ngc_npo0.08_07e+npo0.0267_01c.nc


 ... accessing ROMS tide file /home/ivans/operational/roms/tides/tide_npo0.08_07e_2023_ref2000.nc


 ... this implementation uses no rivers


 ... accessing ROMS nudg file /home/ivans/operational/roms/nudge/nudge_npo0.08_07e_exp_strong.nc


 ... didnt find ROMS init file /home/ivans/operational/pacific_npo_2gr/forecast/d-storage/20231008/roms_rst_npo0.08_07e_20231009_nemo.nc

 ... will use file /home/ivans/operational/pacific_npo_2gr/forecast/d-storage/20231009/input_clm_npo0.08_07e_20231009_nemo.nc


 ... didnt find ROMS init file /home/ivans/operational/pacific_npo_2gr/forecast/d-storage/20231008/roms_rst_npo0.0267_01c_20231009_nemo.nc

 ... will use file /home/ivans/operational/pacific_npo_2gr/forecast/d-storage/20231009/input_clm_npo0.0267_01c_20231009_nemo.nc


 +++ Starting script to interp climatology to higher resolution +++

 ... DIDNT find file /home/ivans/oper/pacific_npo_2gr/forecast/d-storage/20231009/input_clm_npo0.08_07e_20231009_glby.nc, exiting now 

 ... DIDNT find file input_clm_npo0.0267_01c_20231009_nemo.nc, exiting !!


 ==> FINISHED ROMS/WW3 7-DAY FORECAST @ 2023/10/09 01:46:10 <== 

