
 ==> STARTING ROMS/WW3 7-DAY FORECAST @ 2023/10/13 01:11:01 <== 


 ==> Sourcing forecast_setup.sh for general forecast settings <==

 ... roms grid file is /home/ivans/operational/roms/grids/grid_npo0.08_07e.nc
 ... grid box is -166 -118 16 46

 ... grid size is 601 lons,  376 lats, 30 layers


 ==> 2023/10/13 01:11:02 HERE I am for step 01: start forecast <==


 ... today is 2023-10-13

 ... dir /home/ivans/operational/pacific_npo_2gr/forecast/d-storage/20231013 doesnt exist, will create it
 ... dir /home/ivans/operational/pacific_npo_2gr/forecast/d-temporary exists, will clean it

 ... end of step 01 


 ==> Sourcing forecast_setup.sh for general forecast settings <==

 ... roms grid file is /home/ivans/operational/roms/grids/grid_npo0.08_07e.nc
 ... grid box is -166 -118 16 46

 ... grid size is 601 lons,  376 lats, 30 layers


 ==> 2023/10/13 01:11:02 HERE I am @ /home/ivans/operational/pacific_npo_2gr/forecast/d-temporary for step 02: download forcing gfs data <==


 ... today is 2023-10-13
 ... will download 24 hours
 ... will store downloaded files in folder /home/ivans/operational/pacific_npo_2gr/forecast/d-storage


 +++ Starting script get_gfs_nomads_oneday+forecast.sh +++

 ... today is 20231013
 ... will download 1 day(s)


vars = :UGRD:10 m above|:VGRD:10 m above|:PREMSL|:RH:2 m above|:SPFH:2 m above|:TMP:2 m above|:PRMSL|:DSWRF|:DLWRF|:USWRF:surface|:ULWRF:surface|:PRATE:surface|:TMP:surface|:TCDC:entire atmosphere|:TCDC:high cloud layer|:TCDC:low cloud layer|:TCDC:middle cloud layer

2023-10-13 01:11:36 URL:https://nomads.ncep.noaa.gov/pub/data/nccf/com/gfs/prod/gfs.20231012/18/atmos/gfs.t18z.pgrb2.0p25.f006 [520664546/520664546] -> "nomads.tmp" [1]
1:0:d=2023101218:PRMSL:mean sea level:6 hour fcst:
563:398427176:d=2023101218:TMP:surface:6 hour fcst:
581:405868350:d=2023101218:TMP:2 m above ground:6 hour fcst:
582:406741378:d=2023101218:SPFH:2 m above ground:6 hour fcst:
584:408486086:d=2023101218:RH:2 m above ground:6 hour fcst:
588:411183547:d=2023101218:UGRD:10 m above ground:6 hour fcst:
589:411763625:d=2023101218:VGRD:10 m above ground:6 hour fcst:
593:413542020:d=2023101218:PRATE:surface:6 hour fcst:
595:414887970:d=2023101218:PRATE:surface:0-6 hour ave fcst:
636:434169053:d=2023101218:TCDC:entire atmosphere:6 hour fcst:
637:434981011:d=2023101218:TCDC:entire atmosphere:0-6 hour ave fcst:
653:451016558:d=2023101218:DSWRF:surface:0-6 hour ave fcst:
654:451984096:d=2023101218:DLWRF:surface:0-6 hour ave fcst:
655:452910834:d=2023101218:USWRF:surface:0-6 hour ave fcst:
656:453794318:d=2023101218:ULWRF:surface:0-6 hour ave fcst:

 ... downloading file https://nomads.ncep.noaa.gov/pub/data/nccf/com/gfs/prod/gfs.20231013/00/atmos/gfs.t00z.pgrb2.0p25.f003

2023-10-13 01:11:58 URL:https://nomads.ncep.noaa.gov/pub/data/nccf/com/gfs/prod/gfs.20231013/00/atmos/gfs.t00z.pgrb2.0p25.f003 [515982777/515982777] -> "nomads.tmp" [1]
1:0:d=2023101300:PRMSL:mean sea level:3 hour fcst:
563:394694407:d=2023101300:TMP:surface:3 hour fcst:
581:402131997:d=2023101300:TMP:2 m above ground:3 hour fcst:
582:403002346:d=2023101300:SPFH:2 m above ground:3 hour fcst:
584:404749727:d=2023101300:RH:2 m above ground:3 hour fcst:
588:407792922:d=2023101300:UGRD:10 m above ground:3 hour fcst:
589:408756963:d=2023101300:VGRD:10 m above ground:3 hour fcst:
593:410860479:d=2023101300:PRATE:surface:3 hour fcst:
595:412201461:d=2023101300:PRATE:surface:0-3 hour ave fcst:
636:429990549:d=2023101300:TCDC:entire atmosphere:3 hour fcst:
637:430792870:d=2023101300:TCDC:entire atmosphere:0-3 hour ave fcst:
653:446074859:d=2023101300:DSWRF:surface:0-3 hour ave fcst:
654:446876317:d=2023101300:DLWRF:surface:0-3 hour ave fcst:
655:447828572:d=2023101300:USWRF:surface:0-3 hour ave fcst:
656:448596105:d=2023101300:ULWRF:surface:0-3 hour ave fcst:

 ... downloading file https://nomads.ncep.noaa.gov/pub/data/nccf/com/gfs/prod/gfs.20231013/00/atmos/gfs.t00z.pgrb2.0p25.f006

2023-10-13 01:12:20 URL:https://nomads.ncep.noaa.gov/pub/data/nccf/com/gfs/prod/gfs.20231013/00/atmos/gfs.t00z.pgrb2.0p25.f006 [519444261/519444261] -> "nomads.tmp" [1]
1:0:d=2023101300:PRMSL:mean sea level:6 hour fcst:
563:396948643:d=2023101300:TMP:surface:6 hour fcst:
581:404208024:d=2023101300:TMP:2 m above ground:6 hour fcst:
582:405080819:d=2023101300:SPFH:2 m above ground:6 hour fcst:
584:406828577:d=2023101300:RH:2 m above ground:6 hour fcst:
588:409867491:d=2023101300:UGRD:10 m above ground:6 hour fcst:
589:410831587:d=2023101300:VGRD:10 m above ground:6 hour fcst:
593:413003005:d=2023101300:PRATE:surface:6 hour fcst:
595:414254472:d=2023101300:PRATE:surface:0-6 hour ave fcst:
636:433047310:d=2023101300:TCDC:entire atmosphere:6 hour fcst:
637:433862662:d=2023101300:TCDC:entire atmosphere:0-6 hour ave fcst:
653:449895512:d=2023101300:DSWRF:surface:0-6 hour ave fcst:
654:450834789:d=2023101300:DLWRF:surface:0-6 hour ave fcst:
655:451753949:d=2023101300:USWRF:surface:0-6 hour ave fcst:
656:452635173:d=2023101300:ULWRF:surface:0-6 hour ave fcst:

 ... downloading file https://nomads.ncep.noaa.gov/pub/data/nccf/com/gfs/prod/gfs.20231013/00/atmos/gfs.t00z.pgrb2.0p25.f009

2023-10-13 01:12:37 URL:https://nomads.ncep.noaa.gov/pub/data/nccf/com/gfs/prod/gfs.20231013/00/atmos/gfs.t00z.pgrb2.0p25.f009 [519439602/519439602] -> "nomads.tmp" [1]
1:0:d=2023101300:PRMSL:mean sea level:9 hour fcst:
563:396966801:d=2023101300:TMP:surface:9 hour fcst:
581:404231908:d=2023101300:TMP:2 m above ground:9 hour fcst:
582:405107388:d=2023101300:SPFH:2 m above ground:9 hour fcst:
584:407238633:d=2023101300:RH:2 m above ground:9 hour fcst:
588:410289218:d=2023101300:UGRD:10 m above ground:9 hour fcst:
589:411256082:d=2023101300:VGRD:10 m above ground:9 hour fcst:
593:413421272:d=2023101300:PRATE:surface:9 hour fcst:
595:414664274:d=2023101300:PRATE:surface:6-9 hour ave fcst:
636:433536539:d=2023101300:TCDC:entire atmosphere:9 hour fcst:
637:434361955:d=2023101300:TCDC:entire atmosphere:6-9 hour ave fcst:
653:449690022:d=2023101300:DSWRF:surface:6-9 hour ave fcst:
654:450496085:d=2023101300:DLWRF:surface:6-9 hour ave fcst:
655:451447804:d=2023101300:USWRF:surface:6-9 hour ave fcst:
656:452166379:d=2023101300:ULWRF:surface:6-9 hour ave fcst:

 ... downloading file https://nomads.ncep.noaa.gov/pub/data/nccf/com/gfs/prod/gfs.20231013/00/atmos/gfs.t00z.pgrb2.0p25.f012

2023-10-13 01:12:59 URL:https://nomads.ncep.noaa.gov/pub/data/nccf/com/gfs/prod/gfs.20231013/00/atmos/gfs.t00z.pgrb2.0p25.f012 [519758807/519758807] -> "nomads.tmp" [1]
1:0:d=2023101300:PRMSL:mean sea level:12 hour fcst:
563:395431222:d=2023101300:TMP:surface:12 hour fcst:
581:402696744:d=2023101300:TMP:2 m above ground:12 hour fcst:
582:403204255:d=2023101300:SPFH:2 m above ground:12 hour fcst:
584:404951146:d=2023101300:RH:2 m above ground:12 hour fcst:
588:407992565:d=2023101300:UGRD:10 m above ground:12 hour fcst:
589:408961714:d=2023101300:VGRD:10 m above ground:12 hour fcst:
593:411064328:d=2023101300:PRATE:surface:12 hour fcst:
595:412394051:d=2023101300:PRATE:surface:6-12 hour ave fcst:
636:431992098:d=2023101300:TCDC:entire atmosphere:12 hour fcst:
637:432824567:d=2023101300:TCDC:entire atmosphere:6-12 hour ave fcst:
653:448925959:d=2023101300:DSWRF:surface:6-12 hour ave fcst:
654:449875598:d=2023101300:DLWRF:surface:6-12 hour ave fcst:
655:450795638:d=2023101300:USWRF:surface:6-12 hour ave fcst:
656:451696094:d=2023101300:ULWRF:surface:6-12 hour ave fcst:

 ... downloading file https://nomads.ncep.noaa.gov/pub/data/nccf/com/gfs/prod/gfs.20231013/00/atmos/gfs.t00z.pgrb2.0p25.f015

2023-10-13 01:13:15 URL:https://nomads.ncep.noaa.gov/pub/data/nccf/com/gfs/prod/gfs.20231013/00/atmos/gfs.t00z.pgrb2.0p25.f015 [520003768/520003768] -> "nomads.tmp" [1]
1:0:d=2023101300:PRMSL:mean sea level:15 hour fcst:
563:397072117:d=2023101300:TMP:surface:15 hour fcst:
581:404340202:d=2023101300:TMP:2 m above ground:15 hour fcst:
582:404850378:d=2023101300:SPFH:2 m above ground:15 hour fcst:
584:406592131:d=2023101300:RH:2 m above ground:15 hour fcst:
588:408930025:d=2023101300:UGRD:10 m above ground:15 hour fcst:
589:409906938:d=2023101300:VGRD:10 m above ground:15 hour fcst:
593:412003759:d=2023101300:PRATE:surface:15 hour fcst:
595:413334450:d=2023101300:PRATE:surface:12-15 hour ave fcst:
636:432512296:d=2023101300:TCDC:entire atmosphere:15 hour fcst:
637:433347604:d=2023101300:TCDC:entire atmosphere:12-15 hour ave fcst:
653:448704229:d=2023101300:DSWRF:surface:12-15 hour ave fcst:
654:449529189:d=2023101300:DLWRF:surface:12-15 hour ave fcst:
655:450482658:d=2023101300:USWRF:surface:12-15 hour ave fcst:
656:451205951:d=2023101300:ULWRF:surface:12-15 hour ave fcst:

 ... downloading file https://nomads.ncep.noaa.gov/pub/data/nccf/com/gfs/prod/gfs.20231013/00/atmos/gfs.t00z.pgrb2.0p25.f018

2023-10-13 01:13:32 URL:https://nomads.ncep.noaa.gov/pub/data/nccf/com/gfs/prod/gfs.20231013/00/atmos/gfs.t00z.pgrb2.0p25.f018 [526667114/526667114] -> "nomads.tmp" [1]
1:0:d=2023101300:PRMSL:mean sea level:18 hour fcst:
563:403353772:d=2023101300:TMP:surface:18 hour fcst:
581:410632728:d=2023101300:TMP:2 m above ground:18 hour fcst:
582:411146343:d=2023101300:SPFH:2 m above ground:18 hour fcst:
584:412890113:d=2023101300:RH:2 m above ground:18 hour fcst:
588:415228682:d=2023101300:UGRD:10 m above ground:18 hour fcst:
589:416206288:d=2023101300:VGRD:10 m above ground:18 hour fcst:
593:418369539:d=2023101300:PRATE:surface:18 hour fcst:
595:419623052:d=2023101300:PRATE:surface:12-18 hour ave fcst:
636:439101683:d=2023101300:TCDC:entire atmosphere:18 hour fcst:
637:439938418:d=2023101300:TCDC:entire atmosphere:12-18 hour ave fcst:
653:456046783:d=2023101300:DSWRF:surface:12-18 hour ave fcst:
654:456991309:d=2023101300:DLWRF:surface:12-18 hour ave fcst:
655:457913480:d=2023101300:USWRF:surface:12-18 hour ave fcst:
656:458728555:d=2023101300:ULWRF:surface:12-18 hour ave fcst:

 ... downloading file https://nomads.ncep.noaa.gov/pub/data/nccf/com/gfs/prod/gfs.20231013/00/atmos/gfs.t00z.pgrb2.0p25.f021

2023-10-13 01:13:48 URL:https://nomads.ncep.noaa.gov/pub/data/nccf/com/gfs/prod/gfs.20231013/00/atmos/gfs.t00z.pgrb2.0p25.f021 [523080806/523080806] -> "nomads.tmp" [1]
1:0:d=2023101300:PRMSL:mean sea level:21 hour fcst:
563:401357235:d=2023101300:TMP:surface:21 hour fcst:
581:408628191:d=2023101300:TMP:2 m above ground:21 hour fcst:
582:409139390:d=2023101300:SPFH:2 m above ground:21 hour fcst:
584:410883767:d=2023101300:RH:2 m above ground:21 hour fcst:
588:413225773:d=2023101300:UGRD:10 m above ground:21 hour fcst:
589:414197159:d=2023101300:VGRD:10 m above ground:21 hour fcst:
593:416273107:d=2023101300:PRATE:surface:21 hour fcst:
595:417609539:d=2023101300:PRATE:surface:18-21 hour ave fcst:
636:436904181:d=2023101300:TCDC:entire atmosphere:21 hour fcst:
637:437733351:d=2023101300:TCDC:entire atmosphere:18-21 hour ave fcst:
653:452985836:d=2023101300:DSWRF:surface:18-21 hour ave fcst:
654:453816552:d=2023101300:DLWRF:surface:18-21 hour ave fcst:
655:454774255:d=2023101300:USWRF:surface:18-21 hour ave fcst:
656:455478405:d=2023101300:ULWRF:surface:18-21 hour ave fcst:

 ... downloading file https://nomads.ncep.noaa.gov/pub/data/nccf/com/gfs/prod/gfs.20231013/00/atmos/gfs.t00z.pgrb2.0p25.f024

2023-10-13 01:15:10 URL:https://nomads.ncep.noaa.gov/pub/data/nccf/com/gfs/prod/gfs.20231013/00/atmos/gfs.t00z.pgrb2.0p25.f024 [531152361/531152361] -> "nomads.tmp" [1]
1:0:d=2023101300:PRMSL:mean sea level:24 hour fcst:
563:404762866:d=2023101300:TMP:surface:24 hour fcst:
581:412214668:d=2023101300:TMP:2 m above ground:24 hour fcst:
582:413087207:d=2023101300:SPFH:2 m above ground:24 hour fcst:
584:414828463:d=2023101300:RH:2 m above ground:24 hour fcst:
588:417153797:d=2023101300:UGRD:10 m above ground:24 hour fcst:
589:418119763:d=2023101300:VGRD:10 m above ground:24 hour fcst:
593:420258414:d=2023101300:PRATE:surface:24 hour fcst:
595:421591695:d=2023101300:PRATE:surface:18-24 hour ave fcst:
636:441308116:d=2023101300:TCDC:entire atmosphere:24 hour fcst:
637:442128600:d=2023101300:TCDC:entire atmosphere:18-24 hour ave fcst:
653:458059693:d=2023101300:DSWRF:surface:18-24 hour ave fcst:
654:459023021:d=2023101300:DLWRF:surface:18-24 hour ave fcst:
655:459945406:d=2023101300:USWRF:surface:18-24 hour ave fcst:
656:460823317:d=2023101300:ULWRF:surface:18-24 hour ave fcst:
cdo    mergetime: Processed 117 variables over 9 timesteps [1.67s 56MB].

 +++ End of script get_gfs_nomads_oneday+forecast.sh +++


 ==> HERE I am @ /home/ivans/operational/pacific_npo_2gr/forecast/d-temporary to execute check procedure on file gfs_20231013.nc <==


 ... Initiating routine to check integrity of file 

 ... gfs_20231013.nc exists !!!
 ... No NaNs found !!!
 ... $test_nan is empty
 ... gfs file nbytes = 106683563
 ... donwloaded file nbytes = 485918292
 ... downloaded file is OK !!!
 ... after checking procedure check status is 0

 ==> FINISHED checking file <==

 ... %%%%%% Downloaded file is OK !! %%%%%%

 ... Starting script to fix GFS variables and attibutes for ROMS ...

cdo    sellonlatbox: Processed 13 variables over 9 timesteps [0.78s 63MB].

 ... add attribute time & coordinates to all vars


 ... modify attribute long-name in all vars


 ... modify attribute units in all vars


 ... fix lon/lat


 ... END of script to fix GFS variables and attibutes for ROMS ...


 ==> 2023/10/13 01:15:27 FINISHED downloading of forcing gfs data <==


 ==> Sourcing forecast_setup.sh for general forecast settings <==

 ... roms grid file is /home/ivans/operational/roms/grids/grid_npo0.08_07e.nc
 ... grid box is -166 -118 16 46

 ... grid size is 601 lons,  376 lats, 30 layers


 ==> 2023/10/13 01:15:27 HERE I am @ /home/ivans/operational/pacific_npo_2gr/forecast/d-temporary for step 03: download ogcm nemo data <==


 ... today is 2023-10-13, ogcm is nemo
 ... will download 1 day(s), with interval of 24 hours 
 ... will save outputs in file nemo_npo0.08_20231013.nc


 ... File /home/ivans/operational/pacific_npo_2gr/forecast/d-storage/20231013/nemo_npo0.08_20231013.nc does not exist. Will download it !!!


 ... This is try n. 1 to download ogcm file


 ... downloading nemo


 +++ Starting get nemo 06h +++


 ... starting script to get nemo anfc ssh

date ini = 2023-10-13 00:30:00
date end = 2023-10-13 23:30:00

 ... downloading ssh

2023-10-13 01:15:28.227 [ INFO] Asynchronous mode set
2023-10-13 01:15:28.229 [ INFO] Authenticating user isoares for service https://nrt.cmems-du.eu/motu-web/Motu
2023-10-13 01:15:34.417 [ INFO] Requesting file to download (this can take a while)...
2023-10-13 01:15:42.725 [ INFO] Authenticating user isoares for service https://nrt.cmems-du.eu/motu-web/Motu
2023-10-13 01:15:54.635 [ INFO] Product is not yet available (request in progress)
2023-10-13 01:16:04.643 [ INFO] Authenticating user isoares for service https://nrt.cmems-du.eu/motu-web/Motu
2023-10-13 01:16:15.950 [ INFO] The product is ready for download
2023-10-13 01:16:15.951 [ INFO] Downloading file (this can take a while)...
2023-10-13 01:16:16.962 [ INFO] File type: application/x-netcdf
2023-10-13 01:16:16.963 [ INFO] File size: 22.2 MB (22219724 B)
2023-10-13 01:16:16.963 [ INFO] Downloading file /home/ivans/operational/pacific_npo_2gr/forecast/d-temporary/nemo_ssh_20231013.nc
2023-10-13 01:16:17.957 [ INFO] -  22.2 MB (1.2%)
2023-10-13 01:16:18.202 [ INFO] -  22.2 MB (2.4%)
2023-10-13 01:16:18.209 [ INFO] -  22.2 MB (3.5%)
2023-10-13 01:16:18.448 [ INFO] -  22.2 MB (4.7%)
2023-10-13 01:16:18.453 [ INFO] -  22.2 MB (5.9%)
2023-10-13 01:16:18.456 [ INFO] -  22.2 MB (7.1%)
2023-10-13 01:16:18.692 [ INFO] -  22.2 MB (8.3%)
2023-10-13 01:16:18.696 [ INFO] -  22.2 MB (9.4%)
2023-10-13 01:16:18.699 [ INFO] -  22.2 MB (10.6%)
2023-10-13 01:16:18.703 [ INFO] -  22.2 MB (11.8%)
2023-10-13 01:16:18.706 [ INFO] -  22.2 MB (13.0%)
2023-10-13 01:16:18.709 [ INFO] -  22.2 MB (14.2%)
2023-10-13 01:16:18.713 [ INFO] -  22.2 MB (15.3%)
2023-10-13 01:16:18.937 [ INFO] -  22.2 MB (16.5%)
2023-10-13 01:16:18.942 [ INFO] -  22.2 MB (17.7%)
2023-10-13 01:16:18.945 [ INFO] -  22.2 MB (18.9%)
2023-10-13 01:16:18.949 [ INFO] -  22.2 MB (20.1%)
2023-10-13 01:16:18.952 [ INFO] -  22.2 MB (21.2%)
2023-10-13 01:16:18.955 [ INFO] -  22.2 MB (22.4%)
2023-10-13 01:16:18.958 [ INFO] -  22.2 MB (23.6%)
2023-10-13 01:16:18.962 [ INFO] -  22.2 MB (24.8%)
2023-10-13 01:16:18.965 [ INFO] -  22.2 MB (26.0%)
2023-10-13 01:16:19.221 [ INFO] -  22.2 MB (27.1%)
2023-10-13 01:16:19.223 [ INFO] -  22.2 MB (28.3%)
2023-10-13 01:16:19.431 [ INFO] -  22.2 MB (29.5%)
2023-10-13 01:16:19.432 [ INFO] -  22.2 MB (30.7%)
2023-10-13 01:16:19.434 [ INFO] -  22.2 MB (31.9%)
2023-10-13 01:16:19.435 [ INFO] -  22.2 MB (33.0%)
2023-10-13 01:16:19.436 [ INFO] -  22.2 MB (34.2%)
2023-10-13 01:16:19.437 [ INFO] -  22.2 MB (35.4%)
2023-10-13 01:16:19.439 [ INFO] -  22.2 MB (36.6%)
2023-10-13 01:16:19.440 [ INFO] -  22.2 MB (37.8%)
2023-10-13 01:16:19.441 [ INFO] -  22.2 MB (38.9%)
2023-10-13 01:16:19.442 [ INFO] -  22.2 MB (40.1%)
2023-10-13 01:16:19.678 [ INFO] -  22.2 MB (41.3%)
2023-10-13 01:16:19.681 [ INFO] -  22.2 MB (42.5%)
2023-10-13 01:16:19.685 [ INFO] -  22.2 MB (43.7%)
2023-10-13 01:16:19.688 [ INFO] -  22.2 MB (44.8%)
2023-10-13 01:16:19.691 [ INFO] -  22.2 MB (46.0%)
2023-10-13 01:16:19.941 [ INFO] -  22.2 MB (47.2%)
2023-10-13 01:16:19.943 [ INFO] -  22.2 MB (48.4%)
2023-10-13 01:16:19.947 [ INFO] -  22.2 MB (49.6%)
2023-10-13 01:16:19.950 [ INFO] -  22.2 MB (50.7%)
2023-10-13 01:16:19.964 [ INFO] -  22.2 MB (51.9%)
2023-10-13 01:16:19.966 [ INFO] -  22.2 MB (53.1%)
2023-10-13 01:16:19.968 [ INFO] -  22.2 MB (54.3%)
2023-10-13 01:16:19.969 [ INFO] -  22.2 MB (55.4%)
2023-10-13 01:16:19.970 [ INFO] -  22.2 MB (56.6%)
2023-10-13 01:16:19.971 [ INFO] -  22.2 MB (57.8%)
2023-10-13 01:16:20.195 [ INFO] -  22.2 MB (59.0%)
2023-10-13 01:16:20.198 [ INFO] -  22.2 MB (60.2%)
2023-10-13 01:16:20.212 [ INFO] -  22.2 MB (61.3%)
2023-10-13 01:16:20.215 [ INFO] -  22.2 MB (62.5%)
2023-10-13 01:16:20.218 [ INFO] -  22.2 MB (63.7%)
2023-10-13 01:16:20.222 [ INFO] -  22.2 MB (64.9%)
2023-10-13 01:16:20.477 [ INFO] -  22.2 MB (66.1%)
2023-10-13 01:16:20.692 [ INFO] -  22.2 MB (67.2%)
2023-10-13 01:16:20.695 [ INFO] -  22.2 MB (68.4%)
2023-10-13 01:16:20.698 [ INFO] -  22.2 MB (69.6%)
2023-10-13 01:16:20.699 [ INFO] -  22.2 MB (70.8%)
2023-10-13 01:16:20.700 [ INFO] -  22.2 MB (72.0%)
2023-10-13 01:16:20.702 [ INFO] -  22.2 MB (73.1%)
2023-10-13 01:16:20.703 [ INFO] -  22.2 MB (74.3%)
2023-10-13 01:16:20.704 [ INFO] -  22.2 MB (75.5%)
2023-10-13 01:16:20.705 [ INFO] -  22.2 MB (76.7%)
2023-10-13 01:16:20.706 [ INFO] -  22.2 MB (77.9%)
2023-10-13 01:16:20.707 [ INFO] -  22.2 MB (79.0%)
2023-10-13 01:16:20.940 [ INFO] -  22.2 MB (80.2%)
2023-10-13 01:16:20.943 [ INFO] -  22.2 MB (81.4%)
2023-10-13 01:16:20.946 [ INFO] -  22.2 MB (82.6%)
2023-10-13 01:16:20.950 [ INFO] -  22.2 MB (83.8%)
2023-10-13 01:16:20.953 [ INFO] -  22.2 MB (84.9%)
2023-10-13 01:16:21.204 [ INFO] -  22.2 MB (86.1%)
2023-10-13 01:16:21.206 [ INFO] -  22.2 MB (87.3%)
2023-10-13 01:16:21.208 [ INFO] -  22.2 MB (88.5%)
2023-10-13 01:16:21.209 [ INFO] -  22.2 MB (89.7%)
2023-10-13 01:16:21.211 [ INFO] -  22.2 MB (90.8%)
2023-10-13 01:16:21.212 [ INFO] -  22.2 MB (92.0%)
2023-10-13 01:16:21.213 [ INFO] -  22.2 MB (93.2%)
2023-10-13 01:16:21.214 [ INFO] -  22.2 MB (94.4%)
2023-10-13 01:16:21.215 [ INFO] -  22.2 MB (95.6%)
2023-10-13 01:16:21.437 [ INFO] -  22.2 MB (96.7%)
2023-10-13 01:16:21.453 [ INFO] -  22.2 MB (97.9%)
2023-10-13 01:16:21.457 [ INFO] -  22.2 MB (99.1%)
2023-10-13 01:16:21.460 [ INFO] -  22.2 MB (100.0%)
2023-10-13 01:16:21.460 [ INFO] Processing  time : 0:00:48.736809
2023-10-13 01:16:21.460 [ INFO] Downloading time : 0:00:04.496884
2023-10-13 01:16:21.460 [ INFO] Total time       : 0:00:53.233693
2023-10-13 01:16:21.460 [ INFO] Download rate    : 4.0 MB/s
2023-10-13 01:16:21.461 [ INFO] Done

 ... starting script to get nemo anfc uvts

date ini = 2023-10-13 00:00:00
date end = 2023-10-13 23:59:59


 ... downloading var thetao

2023-10-13 01:16:21.779 [ INFO] Asynchronous mode set
2023-10-13 01:16:21.780 [ INFO] Authenticating user isoares for service https://nrt.cmems-du.eu/motu-web/Motu
2023-10-13 01:16:26.064 [ INFO] Requesting file to download (this can take a while)...
2023-10-13 01:16:34.110 [ INFO] Authenticating user isoares for service https://nrt.cmems-du.eu/motu-web/Motu
2023-10-13 01:16:45.466 [ INFO] Product is not yet available (request in progress)
2023-10-13 01:16:55.476 [ INFO] Authenticating user isoares for service https://nrt.cmems-du.eu/motu-web/Motu
2023-10-13 01:17:06.785 [ INFO] The product is ready for download
2023-10-13 01:17:06.785 [ INFO] Downloading file (this can take a while)...
2023-10-13 01:17:07.757 [ INFO] File type: application/x-netcdf
2023-10-13 01:17:07.757 [ INFO] File size: 185.1 MB (185115212 B)
2023-10-13 01:17:07.757 [ INFO] Downloading file /home/ivans/operational/pacific_npo_2gr/forecast/d-temporary/nemo_thetao.nc
2023-10-13 01:17:09.400 [ INFO] - 185.1 MB (1.0%)
2023-10-13 01:17:09.637 [ INFO] - 185.1 MB (2.1%)
2023-10-13 01:17:09.894 [ INFO] - 185.1 MB (3.1%)
2023-10-13 01:17:10.113 [ INFO] - 185.1 MB (4.1%)
2023-10-13 01:17:10.595 [ INFO] - 185.1 MB (5.1%)
2023-10-13 01:17:10.615 [ INFO] - 185.1 MB (6.2%)
2023-10-13 01:17:10.853 [ INFO] - 185.1 MB (7.2%)
2023-10-13 01:17:11.323 [ INFO] - 185.1 MB (8.2%)
2023-10-13 01:17:11.332 [ INFO] - 185.1 MB (9.2%)
2023-10-13 01:17:12.023 [ INFO] - 185.1 MB (10.3%)
2023-10-13 01:17:12.034 [ INFO] - 185.1 MB (11.3%)
2023-10-13 01:17:12.491 [ INFO] - 185.1 MB (12.3%)
2023-10-13 01:17:12.737 [ INFO] - 185.1 MB (13.3%)
2023-10-13 01:17:12.985 [ INFO] - 185.1 MB (14.4%)
2023-10-13 01:17:13.437 [ INFO] - 185.1 MB (15.4%)
2023-10-13 01:17:13.680 [ INFO] - 185.1 MB (16.4%)
2023-10-13 01:17:14.127 [ INFO] - 185.1 MB (17.5%)
2023-10-13 01:17:14.374 [ INFO] - 185.1 MB (18.5%)
2023-10-13 01:17:14.618 [ INFO] - 185.1 MB (19.5%)
2023-10-13 01:17:14.900 [ INFO] - 185.1 MB (20.5%)
2023-10-13 01:17:15.307 [ INFO] - 185.1 MB (21.6%)
2023-10-13 01:17:15.553 [ INFO] - 185.1 MB (22.6%)
2023-10-13 01:17:15.793 [ INFO] - 185.1 MB (23.6%)
2023-10-13 01:17:16.237 [ INFO] - 185.1 MB (24.6%)
2023-10-13 01:17:16.480 [ INFO] - 185.1 MB (25.7%)
2023-10-13 01:17:16.724 [ INFO] - 185.1 MB (26.7%)
2023-10-13 01:17:16.966 [ INFO] - 185.1 MB (27.7%)
2023-10-13 01:17:17.408 [ INFO] - 185.1 MB (28.7%)
2023-10-13 01:17:17.650 [ INFO] - 185.1 MB (29.8%)
2023-10-13 01:17:17.894 [ INFO] - 185.1 MB (30.8%)
2023-10-13 01:17:18.135 [ INFO] - 185.1 MB (31.8%)
2023-10-13 01:17:18.577 [ INFO] - 185.1 MB (32.9%)
2023-10-13 01:17:18.821 [ INFO] - 185.1 MB (33.9%)
2023-10-13 01:17:19.063 [ INFO] - 185.1 MB (34.9%)
2023-10-13 01:17:19.307 [ INFO] - 185.1 MB (35.9%)
2023-10-13 01:17:19.749 [ INFO] - 185.1 MB (37.0%)
2023-10-13 01:17:20.008 [ INFO] - 185.1 MB (38.0%)
2023-10-13 01:17:20.279 [ INFO] - 185.1 MB (39.0%)
2023-10-13 01:17:20.519 [ INFO] - 185.1 MB (40.0%)
2023-10-13 01:17:20.931 [ INFO] - 185.1 MB (41.1%)
2023-10-13 01:17:21.204 [ INFO] - 185.1 MB (42.1%)
2023-10-13 01:17:21.452 [ INFO] - 185.1 MB (43.1%)
2023-10-13 01:17:21.694 [ INFO] - 185.1 MB (44.1%)
2023-10-13 01:17:21.934 [ INFO] - 185.1 MB (45.2%)
2023-10-13 01:17:22.367 [ INFO] - 185.1 MB (46.2%)
2023-10-13 01:17:22.620 [ INFO] - 185.1 MB (47.2%)
2023-10-13 01:17:22.864 [ INFO] - 185.1 MB (48.3%)
2023-10-13 01:17:23.104 [ INFO] - 185.1 MB (49.3%)
2023-10-13 01:17:23.529 [ INFO] - 185.1 MB (50.3%)
2023-10-13 01:17:23.785 [ INFO] - 185.1 MB (51.3%)
2023-10-13 01:17:24.030 [ INFO] - 185.1 MB (52.4%)
2023-10-13 01:17:24.271 [ INFO] - 185.1 MB (53.4%)
2023-10-13 01:17:24.512 [ INFO] - 185.1 MB (54.4%)
2023-10-13 01:17:24.937 [ INFO] - 185.1 MB (55.4%)
2023-10-13 01:17:25.186 [ INFO] - 185.1 MB (56.5%)
2023-10-13 01:17:25.431 [ INFO] - 185.1 MB (57.5%)
2023-10-13 01:17:25.672 [ INFO] - 185.1 MB (58.5%)
2023-10-13 01:17:25.910 [ INFO] - 185.1 MB (59.5%)
2023-10-13 01:17:26.151 [ INFO] - 185.1 MB (60.6%)
2023-10-13 01:17:26.556 [ INFO] - 185.1 MB (61.6%)
2023-10-13 01:17:26.812 [ INFO] - 185.1 MB (62.6%)
2023-10-13 01:17:27.056 [ INFO] - 185.1 MB (63.7%)
2023-10-13 01:17:27.297 [ INFO] - 185.1 MB (64.7%)
2023-10-13 01:17:27.535 [ INFO] - 185.1 MB (65.7%)
2023-10-13 01:17:27.773 [ INFO] - 185.1 MB (66.7%)
2023-10-13 01:17:28.010 [ INFO] - 185.1 MB (67.8%)
2023-10-13 01:17:28.244 [ INFO] - 185.1 MB (68.8%)
2023-10-13 01:17:28.479 [ INFO] - 185.1 MB (69.8%)
2023-10-13 01:17:28.713 [ INFO] - 185.1 MB (70.8%)
2023-10-13 01:17:28.947 [ INFO] - 185.1 MB (71.9%)
2023-10-13 01:17:29.180 [ INFO] - 185.1 MB (72.9%)
2023-10-13 01:17:29.410 [ INFO] - 185.1 MB (73.9%)
2023-10-13 01:17:29.641 [ INFO] - 185.1 MB (74.9%)
2023-10-13 01:17:29.868 [ INFO] - 185.1 MB (76.0%)
2023-10-13 01:17:30.094 [ INFO] - 185.1 MB (77.0%)
2023-10-13 01:17:30.318 [ INFO] - 185.1 MB (78.0%)
2023-10-13 01:17:30.526 [ INFO] - 185.1 MB (79.1%)
2023-10-13 01:17:30.598 [ INFO] - 185.1 MB (80.1%)
2023-10-13 01:17:30.826 [ INFO] - 185.1 MB (81.1%)
2023-10-13 01:17:31.052 [ INFO] - 185.1 MB (82.1%)
2023-10-13 01:17:31.275 [ INFO] - 185.1 MB (83.2%)
2023-10-13 01:17:31.490 [ INFO] - 185.1 MB (84.2%)
2023-10-13 01:17:31.570 [ INFO] - 185.1 MB (85.2%)
2023-10-13 01:17:31.761 [ INFO] - 185.1 MB (86.2%)
2023-10-13 01:17:31.984 [ INFO] - 185.1 MB (87.3%)
2023-10-13 01:17:32.201 [ INFO] - 185.1 MB (88.3%)
2023-10-13 01:17:32.396 [ INFO] - 185.1 MB (89.3%)
2023-10-13 01:17:32.467 [ INFO] - 185.1 MB (90.3%)
2023-10-13 01:17:32.686 [ INFO] - 185.1 MB (91.4%)
2023-10-13 01:17:32.901 [ INFO] - 185.1 MB (92.4%)
2023-10-13 01:17:33.076 [ INFO] - 185.1 MB (93.4%)
2023-10-13 01:17:33.170 [ INFO] - 185.1 MB (94.5%)
2023-10-13 01:17:33.388 [ INFO] - 185.1 MB (95.5%)
2023-10-13 01:17:33.598 [ INFO] - 185.1 MB (96.5%)
2023-10-13 01:17:33.648 [ INFO] - 185.1 MB (97.5%)
2023-10-13 01:17:33.868 [ INFO] - 185.1 MB (98.6%)
2023-10-13 01:17:34.084 [ INFO] - 185.1 MB (99.6%)
2023-10-13 01:17:34.104 [ INFO] - 185.1 MB (100.0%)
2023-10-13 01:17:34.104 [ INFO] Processing  time : 0:00:45.978890
2023-10-13 01:17:34.105 [ INFO] Downloading time : 0:00:26.347062
2023-10-13 01:17:34.105 [ INFO] Total time       : 0:01:12.325952
2023-10-13 01:17:34.105 [ INFO] Download rate    : 6.8 MB/s
2023-10-13 01:17:34.105 [ INFO] Done

 ... downloading var so

2023-10-13 01:17:34.405 [ INFO] Asynchronous mode set
2023-10-13 01:17:34.406 [ INFO] Authenticating user isoares for service https://nrt.cmems-du.eu/motu-web/Motu
2023-10-13 01:17:38.731 [ INFO] Requesting file to download (this can take a while)...
2023-10-13 01:17:45.816 [ INFO] Authenticating user isoares for service https://nrt.cmems-du.eu/motu-web/Motu
2023-10-13 01:17:57.186 [ INFO] Product is not yet available (request in progress)
2023-10-13 01:18:07.194 [ INFO] Authenticating user isoares for service https://nrt.cmems-du.eu/motu-web/Motu
2023-10-13 01:18:18.515 [ INFO] Product is not yet available (request in progress)
2023-10-13 01:18:28.523 [ INFO] Authenticating user isoares for service https://nrt.cmems-du.eu/motu-web/Motu
2023-10-13 01:18:40.020 [ INFO] The product is ready for download
2023-10-13 01:18:40.020 [ INFO] Downloading file (this can take a while)...
2023-10-13 01:18:41.064 [ INFO] File type: application/x-netcdf
2023-10-13 01:18:41.064 [ INFO] File size: 185.1 MB (185115188 B)
2023-10-13 01:18:41.064 [ INFO] Downloading file /home/ivans/operational/pacific_npo_2gr/forecast/d-temporary/nemo_so.nc
2023-10-13 01:18:42.812 [ INFO] - 185.1 MB (1.0%)
2023-10-13 01:18:43.062 [ INFO] - 185.1 MB (2.1%)
2023-10-13 01:18:43.085 [ INFO] - 185.1 MB (3.1%)
2023-10-13 01:18:43.569 [ INFO] - 185.1 MB (4.1%)
2023-10-13 01:18:43.813 [ INFO] - 185.1 MB (5.1%)
2023-10-13 01:18:44.090 [ INFO] - 185.1 MB (6.2%)
2023-10-13 01:18:44.100 [ INFO] - 185.1 MB (7.2%)
2023-10-13 01:18:44.613 [ INFO] - 185.1 MB (8.2%)
2023-10-13 01:18:44.844 [ INFO] - 185.1 MB (9.2%)
2023-10-13 01:18:45.093 [ INFO] - 185.1 MB (10.3%)
2023-10-13 01:18:45.335 [ INFO] - 185.1 MB (11.3%)
2023-10-13 01:18:45.380 [ INFO] - 185.1 MB (12.3%)
2023-10-13 01:18:45.629 [ INFO] - 185.1 MB (13.3%)
2023-10-13 01:18:45.877 [ INFO] - 185.1 MB (14.4%)
2023-10-13 01:18:46.125 [ INFO] - 185.1 MB (15.4%)
2023-10-13 01:18:46.372 [ INFO] - 185.1 MB (16.4%)
2023-10-13 01:18:46.603 [ INFO] - 185.1 MB (17.5%)
2023-10-13 01:18:46.839 [ INFO] - 185.1 MB (18.5%)
2023-10-13 01:18:46.889 [ INFO] - 185.1 MB (19.5%)
2023-10-13 01:18:47.136 [ INFO] - 185.1 MB (20.5%)
2023-10-13 01:18:47.381 [ INFO] - 185.1 MB (21.6%)
2023-10-13 01:18:47.617 [ INFO] - 185.1 MB (22.6%)
2023-10-13 01:18:47.850 [ INFO] - 185.1 MB (23.6%)
2023-10-13 01:18:47.896 [ INFO] - 185.1 MB (24.6%)
2023-10-13 01:18:48.141 [ INFO] - 185.1 MB (25.7%)
2023-10-13 01:18:48.385 [ INFO] - 185.1 MB (26.7%)
2023-10-13 01:18:48.618 [ INFO] - 185.1 MB (27.7%)
2023-10-13 01:18:48.857 [ INFO] - 185.1 MB (28.7%)
2023-10-13 01:18:48.900 [ INFO] - 185.1 MB (29.8%)
2023-10-13 01:18:49.144 [ INFO] - 185.1 MB (30.8%)
2023-10-13 01:18:49.384 [ INFO] - 185.1 MB (31.8%)
2023-10-13 01:18:49.620 [ INFO] - 185.1 MB (32.9%)
2023-10-13 01:18:49.850 [ INFO] - 185.1 MB (33.9%)
2023-10-13 01:18:49.901 [ INFO] - 185.1 MB (34.9%)
2023-10-13 01:18:50.141 [ INFO] - 185.1 MB (35.9%)
2023-10-13 01:18:50.375 [ INFO] - 185.1 MB (37.0%)
2023-10-13 01:18:50.608 [ INFO] - 185.1 MB (38.0%)
2023-10-13 01:18:50.657 [ INFO] - 185.1 MB (39.0%)
2023-10-13 01:18:50.896 [ INFO] - 185.1 MB (40.0%)
2023-10-13 01:18:51.132 [ INFO] - 185.1 MB (41.1%)
2023-10-13 01:18:51.361 [ INFO] - 185.1 MB (42.1%)
2023-10-13 01:18:51.412 [ INFO] - 185.1 MB (43.1%)
2023-10-13 01:18:51.651 [ INFO] - 185.1 MB (44.1%)
2023-10-13 01:18:51.887 [ INFO] - 185.1 MB (45.2%)
2023-10-13 01:18:52.113 [ INFO] - 185.1 MB (46.2%)
2023-10-13 01:18:52.166 [ INFO] - 185.1 MB (47.2%)
2023-10-13 01:18:52.406 [ INFO] - 185.1 MB (48.3%)
2023-10-13 01:18:52.642 [ INFO] - 185.1 MB (49.3%)
2023-10-13 01:18:52.871 [ INFO] - 185.1 MB (50.3%)
2023-10-13 01:18:52.921 [ INFO] - 185.1 MB (51.3%)
2023-10-13 01:18:53.159 [ INFO] - 185.1 MB (52.4%)
2023-10-13 01:18:53.406 [ INFO] - 185.1 MB (53.4%)
2023-10-13 01:18:53.621 [ INFO] - 185.1 MB (54.4%)
2023-10-13 01:18:53.815 [ INFO] - 185.1 MB (55.4%)
2023-10-13 01:18:53.920 [ INFO] - 185.1 MB (56.5%)
2023-10-13 01:18:54.162 [ INFO] - 185.1 MB (57.5%)
2023-10-13 01:18:54.375 [ INFO] - 185.1 MB (58.5%)
2023-10-13 01:18:54.592 [ INFO] - 185.1 MB (59.5%)
2023-10-13 01:18:54.675 [ INFO] - 185.1 MB (60.6%)
2023-10-13 01:18:54.914 [ INFO] - 185.1 MB (61.6%)
2023-10-13 01:18:55.129 [ INFO] - 185.1 MB (62.6%)
2023-10-13 01:18:55.347 [ INFO] - 185.1 MB (63.7%)
2023-10-13 01:18:55.430 [ INFO] - 185.1 MB (64.7%)
2023-10-13 01:18:55.668 [ INFO] - 185.1 MB (65.7%)
2023-10-13 01:18:55.881 [ INFO] - 185.1 MB (66.7%)
2023-10-13 01:18:56.100 [ INFO] - 185.1 MB (67.8%)
2023-10-13 01:18:56.185 [ INFO] - 185.1 MB (68.8%)
2023-10-13 01:18:56.422 [ INFO] - 185.1 MB (69.8%)
2023-10-13 01:18:56.634 [ INFO] - 185.1 MB (70.8%)
2023-10-13 01:18:56.852 [ INFO] - 185.1 MB (71.9%)
2023-10-13 01:18:56.938 [ INFO] - 185.1 MB (72.9%)
2023-10-13 01:18:57.174 [ INFO] - 185.1 MB (73.9%)
2023-10-13 01:18:57.386 [ INFO] - 185.1 MB (74.9%)
2023-10-13 01:18:57.602 [ INFO] - 185.1 MB (76.0%)
2023-10-13 01:18:57.691 [ INFO] - 185.1 MB (77.0%)
2023-10-13 01:18:57.921 [ INFO] - 185.1 MB (78.0%)
2023-10-13 01:18:58.133 [ INFO] - 185.1 MB (79.1%)
2023-10-13 01:18:58.341 [ INFO] - 185.1 MB (80.1%)
2023-10-13 01:18:58.444 [ INFO] - 185.1 MB (81.1%)
2023-10-13 01:18:58.666 [ INFO] - 185.1 MB (82.1%)
2023-10-13 01:18:58.879 [ INFO] - 185.1 MB (83.2%)
2023-10-13 01:18:59.083 [ INFO] - 185.1 MB (84.2%)
2023-10-13 01:18:59.193 [ INFO] - 185.1 MB (85.2%)
2023-10-13 01:18:59.406 [ INFO] - 185.1 MB (86.2%)
2023-10-13 01:18:59.618 [ INFO] - 185.1 MB (87.3%)
2023-10-13 01:18:59.796 [ INFO] - 185.1 MB (88.3%)
2023-10-13 01:18:59.936 [ INFO] - 185.1 MB (89.3%)
2023-10-13 01:19:00.148 [ INFO] - 185.1 MB (90.3%)
2023-10-13 01:19:00.363 [ INFO] - 185.1 MB (91.4%)
2023-10-13 01:19:00.459 [ INFO] - 185.1 MB (92.4%)
2023-10-13 01:19:00.678 [ INFO] - 185.1 MB (93.4%)
2023-10-13 01:19:00.890 [ INFO] - 185.1 MB (94.5%)
2023-10-13 01:19:01.102 [ INFO] - 185.1 MB (95.5%)
2023-10-13 01:19:01.205 [ INFO] - 185.1 MB (96.5%)
2023-10-13 01:19:01.417 [ INFO] - 185.1 MB (97.5%)
2023-10-13 01:19:01.629 [ INFO] - 185.1 MB (98.6%)
2023-10-13 01:19:01.837 [ INFO] - 185.1 MB (99.6%)
2023-10-13 01:19:01.882 [ INFO] - 185.1 MB (100.0%)
2023-10-13 01:19:01.883 [ INFO] Processing  time : 0:01:06.659785
2023-10-13 01:19:01.883 [ INFO] Downloading time : 0:00:20.818513
2023-10-13 01:19:01.883 [ INFO] Total time       : 0:01:27.478298
2023-10-13 01:19:01.883 [ INFO] Download rate    : 8.5 MB/s
2023-10-13 01:19:01.883 [ INFO] Done

 ... downloading var cur

2023-10-13 01:19:02.241 [ INFO] Asynchronous mode set
2023-10-13 01:19:02.243 [ INFO] Authenticating user isoares for service https://nrt.cmems-du.eu/motu-web/Motu
2023-10-13 01:19:06.560 [ INFO] Requesting file to download (this can take a while)...
2023-10-13 01:19:13.547 [ INFO] Authenticating user isoares for service https://nrt.cmems-du.eu/motu-web/Motu
2023-10-13 01:19:24.953 [ INFO] Product is not yet available (request in progress)
2023-10-13 01:19:34.964 [ INFO] Authenticating user isoares for service https://nrt.cmems-du.eu/motu-web/Motu
2023-10-13 01:19:46.233 [ INFO] Product is not yet available (request in progress)
2023-10-13 01:19:56.244 [ INFO] Authenticating user isoares for service https://nrt.cmems-du.eu/motu-web/Motu
2023-10-13 01:20:07.597 [ INFO] Product is not yet available (request in progress)
2023-10-13 01:20:17.607 [ INFO] Authenticating user isoares for service https://nrt.cmems-du.eu/motu-web/Motu
2023-10-13 01:20:30.286 [ INFO] The product is ready for download
2023-10-13 01:20:30.286 [ INFO] Downloading file (this can take a while)...
2023-10-13 01:20:31.344 [ INFO] File type: application/x-netcdf
2023-10-13 01:20:31.344 [ INFO] File size: 370.2 MB (370223532 B)
2023-10-13 01:20:31.344 [ INFO] Downloading file /home/ivans/operational/pacific_npo_2gr/forecast/d-temporary/nemo_cur.nc
2023-10-13 01:20:33.592 [ INFO] - 370.2 MB (1.0%)
2023-10-13 01:20:33.852 [ INFO] - 370.2 MB (2.0%)
2023-10-13 01:20:34.375 [ INFO] - 370.2 MB (3.0%)
2023-10-13 01:20:35.130 [ INFO] - 370.2 MB (4.0%)
2023-10-13 01:20:35.879 [ INFO] - 370.2 MB (5.0%)
2023-10-13 01:20:36.621 [ INFO] - 370.2 MB (6.1%)
2023-10-13 01:20:37.148 [ INFO] - 370.2 MB (7.1%)
2023-10-13 01:20:37.888 [ INFO] - 370.2 MB (8.1%)
2023-10-13 01:20:38.571 [ INFO] - 370.2 MB (9.1%)
2023-10-13 01:20:39.145 [ INFO] - 370.2 MB (10.1%)
2023-10-13 01:20:39.858 [ INFO] - 370.2 MB (11.1%)
2023-10-13 01:20:40.397 [ INFO] - 370.2 MB (12.1%)
2023-10-13 01:20:41.103 [ INFO] - 370.2 MB (13.1%)
2023-10-13 01:20:41.644 [ INFO] - 370.2 MB (14.1%)
2023-10-13 01:20:42.346 [ INFO] - 370.2 MB (15.1%)
2023-10-13 01:20:42.884 [ INFO] - 370.2 MB (16.1%)
2023-10-13 01:20:43.590 [ INFO] - 370.2 MB (17.2%)
2023-10-13 01:20:44.132 [ INFO] - 370.2 MB (18.2%)
2023-10-13 01:20:44.666 [ INFO] - 370.2 MB (19.2%)
2023-10-13 01:20:45.372 [ INFO] - 370.2 MB (20.2%)
2023-10-13 01:20:45.909 [ INFO] - 370.2 MB (21.2%)
2023-10-13 01:20:46.608 [ INFO] - 370.2 MB (22.2%)
2023-10-13 01:20:47.145 [ INFO] - 370.2 MB (23.2%)
2023-10-13 01:20:47.833 [ INFO] - 370.2 MB (24.2%)
2023-10-13 01:20:48.367 [ INFO] - 370.2 MB (25.2%)
2023-10-13 01:20:48.893 [ INFO] - 370.2 MB (26.2%)
2023-10-13 01:20:49.569 [ INFO] - 370.2 MB (27.2%)
2023-10-13 01:20:50.088 [ INFO] - 370.2 MB (28.3%)
2023-10-13 01:20:50.602 [ INFO] - 370.2 MB (29.3%)
2023-10-13 01:20:51.107 [ INFO] - 370.2 MB (30.3%)
2023-10-13 01:20:51.607 [ INFO] - 370.2 MB (31.3%)
2023-10-13 01:20:52.100 [ INFO] - 370.2 MB (32.3%)
2023-10-13 01:20:52.589 [ INFO] - 370.2 MB (33.3%)
2023-10-13 01:20:53.062 [ INFO] - 370.2 MB (34.3%)
2023-10-13 01:20:53.388 [ INFO] - 370.2 MB (35.3%)
2023-10-13 01:20:53.891 [ INFO] - 370.2 MB (36.3%)
2023-10-13 01:20:54.338 [ INFO] - 370.2 MB (37.3%)
2023-10-13 01:20:54.652 [ INFO] - 370.2 MB (38.3%)
2023-10-13 01:20:55.094 [ INFO] - 370.2 MB (39.4%)
2023-10-13 01:20:55.403 [ INFO] - 370.2 MB (40.4%)
2023-10-13 01:20:55.836 [ INFO] - 370.2 MB (41.4%)
2023-10-13 01:20:56.143 [ INFO] - 370.2 MB (42.4%)
2023-10-13 01:20:56.421 [ INFO] - 370.2 MB (43.4%)
2023-10-13 01:20:56.870 [ INFO] - 370.2 MB (44.4%)
2023-10-13 01:20:57.167 [ INFO] - 370.2 MB (45.4%)
2023-10-13 01:20:57.600 [ INFO] - 370.2 MB (46.4%)
2023-10-13 01:20:57.900 [ INFO] - 370.2 MB (47.4%)
2023-10-13 01:20:58.319 [ INFO] - 370.2 MB (48.4%)
2023-10-13 01:20:58.623 [ INFO] - 370.2 MB (49.4%)
2023-10-13 01:20:58.923 [ INFO] - 370.2 MB (50.4%)
2023-10-13 01:20:59.351 [ INFO] - 370.2 MB (51.5%)
2023-10-13 01:20:59.652 [ INFO] - 370.2 MB (52.5%)
2023-10-13 01:20:59.939 [ INFO] - 370.2 MB (53.5%)
2023-10-13 01:21:00.372 [ INFO] - 370.2 MB (54.5%)
2023-10-13 01:21:00.674 [ INFO] - 370.2 MB (55.5%)
2023-10-13 01:21:01.095 [ INFO] - 370.2 MB (56.5%)
2023-10-13 01:21:01.390 [ INFO] - 370.2 MB (57.5%)
2023-10-13 01:21:01.693 [ INFO] - 370.2 MB (58.5%)
2023-10-13 01:21:02.113 [ INFO] - 370.2 MB (59.5%)
2023-10-13 01:21:02.400 [ INFO] - 370.2 MB (60.5%)
2023-10-13 01:21:02.690 [ INFO] - 370.2 MB (61.5%)
2023-10-13 01:21:03.091 [ INFO] - 370.2 MB (62.6%)
2023-10-13 01:21:03.409 [ INFO] - 370.2 MB (63.6%)
2023-10-13 01:21:03.674 [ INFO] - 370.2 MB (64.6%)
2023-10-13 01:21:04.089 [ INFO] - 370.2 MB (65.6%)
2023-10-13 01:21:04.363 [ INFO] - 370.2 MB (66.6%)
2023-10-13 01:21:04.667 [ INFO] - 370.2 MB (67.6%)
2023-10-13 01:21:04.952 [ INFO] - 370.2 MB (68.6%)
2023-10-13 01:21:05.342 [ INFO] - 370.2 MB (69.6%)
2023-10-13 01:21:05.639 [ INFO] - 370.2 MB (70.6%)
2023-10-13 01:21:05.902 [ INFO] - 370.2 MB (71.6%)
2023-10-13 01:21:06.221 [ INFO] - 370.2 MB (72.6%)
2023-10-13 01:21:06.489 [ INFO] - 370.2 MB (73.7%)
2023-10-13 01:21:06.846 [ INFO] - 370.2 MB (74.7%)
2023-10-13 01:21:07.180 [ INFO] - 370.2 MB (75.7%)
2023-10-13 01:21:07.445 [ INFO] - 370.2 MB (76.7%)
2023-10-13 01:21:07.761 [ INFO] - 370.2 MB (77.7%)
2023-10-13 01:21:08.021 [ INFO] - 370.2 MB (78.7%)
2023-10-13 01:21:08.365 [ INFO] - 370.2 MB (79.7%)
2023-10-13 01:21:08.696 [ INFO] - 370.2 MB (80.7%)
2023-10-13 01:21:08.984 [ INFO] - 370.2 MB (81.7%)
2023-10-13 01:21:09.258 [ INFO] - 370.2 MB (82.7%)
2023-10-13 01:21:09.526 [ INFO] - 370.2 MB (83.7%)
2023-10-13 01:21:09.930 [ INFO] - 370.2 MB (84.8%)
2023-10-13 01:21:10.198 [ INFO] - 370.2 MB (85.8%)
2023-10-13 01:21:10.535 [ INFO] - 370.2 MB (86.8%)
2023-10-13 01:21:10.802 [ INFO] - 370.2 MB (87.8%)
2023-10-13 01:21:11.079 [ INFO] - 370.2 MB (88.8%)
2023-10-13 01:21:11.458 [ INFO] - 370.2 MB (89.8%)
2023-10-13 01:21:11.766 [ INFO] - 370.2 MB (90.8%)
2023-10-13 01:21:12.029 [ INFO] - 370.2 MB (91.8%)
2023-10-13 01:21:12.336 [ INFO] - 370.2 MB (92.8%)
2023-10-13 01:21:12.619 [ INFO] - 370.2 MB (93.8%)
2023-10-13 01:21:12.960 [ INFO] - 370.2 MB (94.8%)
2023-10-13 01:21:13.304 [ INFO] - 370.2 MB (95.9%)
2023-10-13 01:21:13.570 [ INFO] - 370.2 MB (96.9%)
2023-10-13 01:21:13.901 [ INFO] - 370.2 MB (97.9%)
2023-10-13 01:21:14.187 [ INFO] - 370.2 MB (98.9%)
2023-10-13 01:21:14.461 [ INFO] - 370.2 MB (99.9%)
2023-10-13 01:21:14.554 [ INFO] - 370.2 MB (100.0%)
2023-10-13 01:21:14.555 [ INFO] Processing  time : 0:01:29.103885
2023-10-13 01:21:14.555 [ INFO] Downloading time : 0:00:43.210452
2023-10-13 01:21:14.555 [ INFO] Total time       : 0:02:12.314337
2023-10-13 01:21:14.555 [ INFO] Download rate    : 8.4 MB/s
2023-10-13 01:21:14.556 [ INFO] Done

 ... end of get_nemo_anfc_uvts

/home/ivans/.local/lib/python3.8/site-packages/numpy/ma/core.py:1156: RuntimeWarning: overflow encountered in true_divide
  result = self.f(da, db, *args, **kwargs)

 +++ End of get nemo 06h +++


 +++ Starting get nemo 06h +++


 ... starting script to get nemo anfc ssh

date ini = 2023-10-14 00:30:00
date end = 2023-10-14 00:30:00

 ... downloading ssh

2023-10-13 01:21:28.658 [ INFO] Asynchronous mode set
2023-10-13 01:21:28.659 [ INFO] Authenticating user isoares for service https://nrt.cmems-du.eu/motu-web/Motu
2023-10-13 01:21:32.989 [ INFO] Requesting file to download (this can take a while)...
2023-10-13 01:21:40.026 [ INFO] Authenticating user isoares for service https://nrt.cmems-du.eu/motu-web/Motu
2023-10-13 01:21:51.432 [ INFO] The product is ready for download
2023-10-13 01:21:51.432 [ INFO] Downloading file (this can take a while)...
2023-10-13 01:21:52.419 [ INFO] File type: application/x-netcdf
2023-10-13 01:21:52.419 [ INFO] File size: 932.1 kB (932120 B)
2023-10-13 01:21:52.419 [ INFO] Downloading file /home/ivans/operational/pacific_npo_2gr/forecast/d-temporary/nemo_ssh_20231014.nc
2023-10-13 01:21:52.904 [ INFO] - 932.1 kB (7.0%)
2023-10-13 01:21:53.146 [ INFO] - 932.1 kB (14.1%)
2023-10-13 01:21:53.386 [ INFO] - 932.1 kB (21.1%)
2023-10-13 01:21:53.390 [ INFO] - 932.1 kB (28.1%)
2023-10-13 01:21:53.391 [ INFO] - 932.1 kB (35.2%)
2023-10-13 01:21:53.392 [ INFO] - 932.1 kB (42.2%)
2023-10-13 01:21:53.628 [ INFO] - 932.1 kB (49.2%)
2023-10-13 01:21:53.632 [ INFO] - 932.1 kB (56.2%)
2023-10-13 01:21:53.632 [ INFO] - 932.1 kB (63.3%)
2023-10-13 01:21:53.635 [ INFO] - 932.1 kB (70.3%)
2023-10-13 01:21:53.636 [ INFO] - 932.1 kB (77.3%)
2023-10-13 01:21:53.637 [ INFO] - 932.1 kB (84.4%)
2023-10-13 01:21:53.638 [ INFO] - 932.1 kB (91.4%)
2023-10-13 01:21:53.870 [ INFO] - 932.1 kB (98.4%)
2023-10-13 01:21:53.870 [ INFO] - 932.1 kB (100.0%)
2023-10-13 01:21:53.870 [ INFO] Processing  time : 0:00:23.761623
2023-10-13 01:21:53.871 [ INFO] Downloading time : 0:00:01.451438
2023-10-13 01:21:53.871 [ INFO] Total time       : 0:00:25.213061
2023-10-13 01:21:53.871 [ INFO] Download rate    : 382.3 kB/s
2023-10-13 01:21:53.871 [ INFO] Done

 ... starting script to get nemo anfc pt6h1 uvts

date ini = 2023-10-14 00:00:00
date end = 2023-10-14 00:00:00


 ... downloading var thetao

2023-10-13 01:21:54.109 [ INFO] Asynchronous mode set
2023-10-13 01:21:54.110 [ INFO] Authenticating user isoares for service https://nrt.cmems-du.eu/motu-web/Motu
2023-10-13 01:21:58.307 [ INFO] Requesting file to download (this can take a while)...
2023-10-13 01:22:05.433 [ INFO] Authenticating user isoares for service https://nrt.cmems-du.eu/motu-web/Motu
2023-10-13 01:22:16.784 [ INFO] The product is ready for download
2023-10-13 01:22:16.784 [ INFO] Downloading file (this can take a while)...
2023-10-13 01:22:17.831 [ INFO] File type: application/x-netcdf
2023-10-13 01:22:17.831 [ INFO] File size: 46.3 MB (46284188 B)
2023-10-13 01:22:17.831 [ INFO] Downloading file /home/ivans/operational/pacific_npo_2gr/forecast/d-temporary/nemo_thetao.nc
2023-10-13 01:22:19.106 [ INFO] -  46.3 MB (1.1%)
2023-10-13 01:22:19.363 [ INFO] -  46.3 MB (2.3%)
2023-10-13 01:22:19.369 [ INFO] -  46.3 MB (3.4%)
2023-10-13 01:22:19.621 [ INFO] -  46.3 MB (4.5%)
2023-10-13 01:22:19.627 [ INFO] -  46.3 MB (5.7%)
2023-10-13 01:22:19.633 [ INFO] -  46.3 MB (6.8%)
2023-10-13 01:22:20.130 [ INFO] -  46.3 MB (7.9%)
2023-10-13 01:22:20.133 [ INFO] -  46.3 MB (9.1%)
2023-10-13 01:22:20.136 [ INFO] -  46.3 MB (10.2%)
2023-10-13 01:22:20.147 [ INFO] -  46.3 MB (11.3%)
2023-10-13 01:22:20.153 [ INFO] -  46.3 MB (12.5%)
2023-10-13 01:22:20.157 [ INFO] -  46.3 MB (13.6%)
2023-10-13 01:22:20.405 [ INFO] -  46.3 MB (14.7%)
2023-10-13 01:22:20.412 [ INFO] -  46.3 MB (15.9%)
2023-10-13 01:22:20.674 [ INFO] -  46.3 MB (17.0%)
2023-10-13 01:22:20.678 [ INFO] -  46.3 MB (18.1%)
2023-10-13 01:22:20.918 [ INFO] -  46.3 MB (19.3%)
2023-10-13 01:22:20.923 [ INFO] -  46.3 MB (20.4%)
2023-10-13 01:22:20.927 [ INFO] -  46.3 MB (21.5%)
2023-10-13 01:22:20.931 [ INFO] -  46.3 MB (22.7%)
2023-10-13 01:22:21.173 [ INFO] -  46.3 MB (23.8%)
2023-10-13 01:22:21.179 [ INFO] -  46.3 MB (24.9%)
2023-10-13 01:22:21.186 [ INFO] -  46.3 MB (26.1%)
2023-10-13 01:22:21.448 [ INFO] -  46.3 MB (27.2%)
2023-10-13 01:22:21.452 [ INFO] -  46.3 MB (28.3%)
2023-10-13 01:22:21.455 [ INFO] -  46.3 MB (29.5%)
2023-10-13 01:22:21.685 [ INFO] -  46.3 MB (30.6%)
2023-10-13 01:22:21.698 [ INFO] -  46.3 MB (31.7%)
2023-10-13 01:22:21.938 [ INFO] -  46.3 MB (32.8%)
2023-10-13 01:22:21.952 [ INFO] -  46.3 MB (34.0%)
2023-10-13 01:22:21.959 [ INFO] -  46.3 MB (35.1%)
2023-10-13 01:22:22.201 [ INFO] -  46.3 MB (36.2%)
2023-10-13 01:22:22.212 [ INFO] -  46.3 MB (37.4%)
2023-10-13 01:22:22.454 [ INFO] -  46.3 MB (38.5%)
2023-10-13 01:22:22.465 [ INFO] -  46.3 MB (39.6%)
2023-10-13 01:22:22.472 [ INFO] -  46.3 MB (40.8%)
2023-10-13 01:22:22.714 [ INFO] -  46.3 MB (41.9%)
2023-10-13 01:22:22.725 [ INFO] -  46.3 MB (43.0%)
2023-10-13 01:22:22.964 [ INFO] -  46.3 MB (44.2%)
2023-10-13 01:22:22.976 [ INFO] -  46.3 MB (45.3%)
2023-10-13 01:22:22.985 [ INFO] -  46.3 MB (46.4%)
2023-10-13 01:22:23.226 [ INFO] -  46.3 MB (47.6%)
2023-10-13 01:22:23.237 [ INFO] -  46.3 MB (48.7%)
2023-10-13 01:22:23.474 [ INFO] -  46.3 MB (49.8%)
2023-10-13 01:22:23.485 [ INFO] -  46.3 MB (51.0%)
2023-10-13 01:22:23.496 [ INFO] -  46.3 MB (52.1%)
2023-10-13 01:22:23.737 [ INFO] -  46.3 MB (53.2%)
2023-10-13 01:22:23.745 [ INFO] -  46.3 MB (54.4%)
2023-10-13 01:22:23.983 [ INFO] -  46.3 MB (55.5%)
2023-10-13 01:22:23.995 [ INFO] -  46.3 MB (56.6%)
2023-10-13 01:22:24.006 [ INFO] -  46.3 MB (57.8%)
2023-10-13 01:22:24.242 [ INFO] -  46.3 MB (58.9%)
2023-10-13 01:22:24.254 [ INFO] -  46.3 MB (60.0%)
2023-10-13 01:22:24.264 [ INFO] -  46.3 MB (61.2%)
2023-10-13 01:22:24.505 [ INFO] -  46.3 MB (62.3%)
2023-10-13 01:22:24.513 [ INFO] -  46.3 MB (63.4%)
2023-10-13 01:22:24.751 [ INFO] -  46.3 MB (64.6%)
2023-10-13 01:22:24.764 [ INFO] -  46.3 MB (65.7%)
2023-10-13 01:22:24.773 [ INFO] -  46.3 MB (66.8%)
2023-10-13 01:22:25.010 [ INFO] -  46.3 MB (68.0%)
2023-10-13 01:22:25.021 [ INFO] -  46.3 MB (69.1%)
2023-10-13 01:22:25.031 [ INFO] -  46.3 MB (70.2%)
2023-10-13 01:22:25.269 [ INFO] -  46.3 MB (71.4%)
2023-10-13 01:22:25.280 [ INFO] -  46.3 MB (72.5%)
2023-10-13 01:22:25.511 [ INFO] -  46.3 MB (73.6%)
2023-10-13 01:22:25.527 [ INFO] -  46.3 MB (74.8%)
2023-10-13 01:22:25.537 [ INFO] -  46.3 MB (75.9%)
2023-10-13 01:22:25.772 [ INFO] -  46.3 MB (77.0%)
2023-10-13 01:22:25.786 [ INFO] -  46.3 MB (78.2%)
2023-10-13 01:22:25.795 [ INFO] -  46.3 MB (79.3%)
2023-10-13 01:22:26.032 [ INFO] -  46.3 MB (80.4%)
2023-10-13 01:22:26.043 [ INFO] -  46.3 MB (81.6%)
2023-10-13 01:22:26.053 [ INFO] -  46.3 MB (82.7%)
2023-10-13 01:22:26.290 [ INFO] -  46.3 MB (83.8%)
2023-10-13 01:22:26.302 [ INFO] -  46.3 MB (85.0%)
2023-10-13 01:22:26.311 [ INFO] -  46.3 MB (86.1%)
2023-10-13 01:22:26.550 [ INFO] -  46.3 MB (87.2%)
2023-10-13 01:22:26.559 [ INFO] -  46.3 MB (88.4%)
2023-10-13 01:22:26.796 [ INFO] -  46.3 MB (89.5%)
2023-10-13 01:22:26.808 [ INFO] -  46.3 MB (90.6%)
2023-10-13 01:22:26.818 [ INFO] -  46.3 MB (91.8%)
2023-10-13 01:22:27.053 [ INFO] -  46.3 MB (92.9%)
2023-10-13 01:22:27.066 [ INFO] -  46.3 MB (94.0%)
2023-10-13 01:22:27.075 [ INFO] -  46.3 MB (95.2%)
2023-10-13 01:22:27.311 [ INFO] -  46.3 MB (96.3%)
2023-10-13 01:22:27.323 [ INFO] -  46.3 MB (97.4%)
2023-10-13 01:22:27.333 [ INFO] -  46.3 MB (98.5%)
2023-10-13 01:22:27.571 [ INFO] -  46.3 MB (99.7%)
2023-10-13 01:22:27.575 [ INFO] -  46.3 MB (100.0%)
2023-10-13 01:22:27.575 [ INFO] Processing  time : 0:00:23.721832
2023-10-13 01:22:27.575 [ INFO] Downloading time : 0:00:09.744077
2023-10-13 01:22:27.575 [ INFO] Total time       : 0:00:33.465909
2023-10-13 01:22:27.575 [ INFO] Download rate    : 4.3 MB/s
2023-10-13 01:22:27.575 [ INFO] Done

 ... downloading var so

2023-10-13 01:22:28.025 [ INFO] Asynchronous mode set
2023-10-13 01:22:28.027 [ INFO] Authenticating user isoares for service https://nrt.cmems-du.eu/motu-web/Motu
2023-10-13 01:22:32.364 [ INFO] Requesting file to download (this can take a while)...
2023-10-13 01:22:39.708 [ INFO] Authenticating user isoares for service https://nrt.cmems-du.eu/motu-web/Motu
2023-10-13 01:22:51.265 [ INFO] The product is ready for download
2023-10-13 01:22:51.266 [ INFO] Downloading file (this can take a while)...
2023-10-13 01:22:52.260 [ INFO] File type: application/x-netcdf
2023-10-13 01:22:52.261 [ INFO] File size: 46.3 MB (46284164 B)
2023-10-13 01:22:52.261 [ INFO] Downloading file /home/ivans/operational/pacific_npo_2gr/forecast/d-temporary/nemo_so.nc
2023-10-13 01:22:53.466 [ INFO] -  46.3 MB (1.1%)
2023-10-13 01:22:53.706 [ INFO] -  46.3 MB (2.3%)
2023-10-13 01:22:53.712 [ INFO] -  46.3 MB (3.4%)
2023-10-13 01:22:53.950 [ INFO] -  46.3 MB (4.5%)
2023-10-13 01:22:53.957 [ INFO] -  46.3 MB (5.7%)
2023-10-13 01:22:53.967 [ INFO] -  46.3 MB (6.8%)
2023-10-13 01:22:54.190 [ INFO] -  46.3 MB (7.9%)
2023-10-13 01:22:54.197 [ INFO] -  46.3 MB (9.1%)
2023-10-13 01:22:54.203 [ INFO] -  46.3 MB (10.2%)
2023-10-13 01:22:54.210 [ INFO] -  46.3 MB (11.3%)
2023-10-13 01:22:54.463 [ INFO] -  46.3 MB (12.5%)
2023-10-13 01:22:54.668 [ INFO] -  46.3 MB (13.6%)
2023-10-13 01:22:54.671 [ INFO] -  46.3 MB (14.7%)
2023-10-13 01:22:54.675 [ INFO] -  46.3 MB (15.9%)
2023-10-13 01:22:54.678 [ INFO] -  46.3 MB (17.0%)
2023-10-13 01:22:54.701 [ INFO] -  46.3 MB (18.1%)
2023-10-13 01:22:54.912 [ INFO] -  46.3 MB (19.3%)
2023-10-13 01:22:54.918 [ INFO] -  46.3 MB (20.4%)
2023-10-13 01:22:55.166 [ INFO] -  46.3 MB (21.5%)
2023-10-13 01:22:55.170 [ INFO] -  46.3 MB (22.7%)
2023-10-13 01:22:55.185 [ INFO] -  46.3 MB (23.8%)
2023-10-13 01:22:55.190 [ INFO] -  46.3 MB (24.9%)
2023-10-13 01:22:55.196 [ INFO] -  46.3 MB (26.1%)
2023-10-13 01:22:55.201 [ INFO] -  46.3 MB (27.2%)
2023-10-13 01:22:55.425 [ INFO] -  46.3 MB (28.3%)
2023-10-13 01:22:55.434 [ INFO] -  46.3 MB (29.5%)
2023-10-13 01:22:55.440 [ INFO] -  46.3 MB (30.6%)
2023-10-13 01:22:55.902 [ INFO] -  46.3 MB (31.7%)
2023-10-13 01:22:55.906 [ INFO] -  46.3 MB (32.9%)
2023-10-13 01:22:55.909 [ INFO] -  46.3 MB (34.0%)
2023-10-13 01:22:55.912 [ INFO] -  46.3 MB (35.1%)
2023-10-13 01:22:55.915 [ INFO] -  46.3 MB (36.2%)
2023-10-13 01:22:55.918 [ INFO] -  46.3 MB (37.4%)
2023-10-13 01:22:56.147 [ INFO] -  46.3 MB (38.5%)
2023-10-13 01:22:56.154 [ INFO] -  46.3 MB (39.6%)
2023-10-13 01:22:56.404 [ INFO] -  46.3 MB (40.8%)
2023-10-13 01:22:56.408 [ INFO] -  46.3 MB (41.9%)
2023-10-13 01:22:56.412 [ INFO] -  46.3 MB (43.0%)
2023-10-13 01:22:56.416 [ INFO] -  46.3 MB (44.2%)
2023-10-13 01:22:56.633 [ INFO] -  46.3 MB (45.3%)
2023-10-13 01:22:56.648 [ INFO] -  46.3 MB (46.4%)
2023-10-13 01:22:56.867 [ INFO] -  46.3 MB (47.6%)
2023-10-13 01:22:56.886 [ INFO] -  46.3 MB (48.7%)
2023-10-13 01:22:56.893 [ INFO] -  46.3 MB (49.8%)
2023-10-13 01:22:57.113 [ INFO] -  46.3 MB (51.0%)
2023-10-13 01:22:57.130 [ INFO] -  46.3 MB (52.1%)
2023-10-13 01:22:57.137 [ INFO] -  46.3 MB (53.2%)
2023-10-13 01:22:57.358 [ INFO] -  46.3 MB (54.4%)
2023-10-13 01:22:57.374 [ INFO] -  46.3 MB (55.5%)
2023-10-13 01:22:57.592 [ INFO] -  46.3 MB (56.6%)
2023-10-13 01:22:57.608 [ INFO] -  46.3 MB (57.8%)
2023-10-13 01:22:57.617 [ INFO] -  46.3 MB (58.9%)
2023-10-13 01:22:57.835 [ INFO] -  46.3 MB (60.0%)
2023-10-13 01:22:57.853 [ INFO] -  46.3 MB (61.2%)
2023-10-13 01:22:57.860 [ INFO] -  46.3 MB (62.3%)
2023-10-13 01:22:58.079 [ INFO] -  46.3 MB (63.4%)
2023-10-13 01:22:58.096 [ INFO] -  46.3 MB (64.6%)
2023-10-13 01:22:58.103 [ INFO] -  46.3 MB (65.7%)
2023-10-13 01:22:58.324 [ INFO] -  46.3 MB (66.8%)
2023-10-13 01:22:58.339 [ INFO] -  46.3 MB (68.0%)
2023-10-13 01:22:58.551 [ INFO] -  46.3 MB (69.1%)
2023-10-13 01:22:58.570 [ INFO] -  46.3 MB (70.2%)
2023-10-13 01:22:58.582 [ INFO] -  46.3 MB (71.4%)
2023-10-13 01:22:58.796 [ INFO] -  46.3 MB (72.5%)
2023-10-13 01:22:58.814 [ INFO] -  46.3 MB (73.6%)
2023-10-13 01:22:58.823 [ INFO] -  46.3 MB (74.8%)
2023-10-13 01:22:59.036 [ INFO] -  46.3 MB (75.9%)
2023-10-13 01:22:59.055 [ INFO] -  46.3 MB (77.0%)
2023-10-13 01:22:59.065 [ INFO] -  46.3 MB (78.2%)
2023-10-13 01:22:59.278 [ INFO] -  46.3 MB (79.3%)
2023-10-13 01:22:59.298 [ INFO] -  46.3 MB (80.4%)
2023-10-13 01:22:59.307 [ INFO] -  46.3 MB (81.6%)
2023-10-13 01:22:59.520 [ INFO] -  46.3 MB (82.7%)
2023-10-13 01:22:59.539 [ INFO] -  46.3 MB (83.8%)
2023-10-13 01:22:59.548 [ INFO] -  46.3 MB (85.0%)
2023-10-13 01:22:59.761 [ INFO] -  46.3 MB (86.1%)
2023-10-13 01:22:59.779 [ INFO] -  46.3 MB (87.2%)
2023-10-13 01:22:59.790 [ INFO] -  46.3 MB (88.4%)
2023-10-13 01:23:00.003 [ INFO] -  46.3 MB (89.5%)
2023-10-13 01:23:00.021 [ INFO] -  46.3 MB (90.6%)
2023-10-13 01:23:00.031 [ INFO] -  46.3 MB (91.8%)
2023-10-13 01:23:00.244 [ INFO] -  46.3 MB (92.9%)
2023-10-13 01:23:00.263 [ INFO] -  46.3 MB (94.0%)
2023-10-13 01:23:00.272 [ INFO] -  46.3 MB (95.2%)
2023-10-13 01:23:00.485 [ INFO] -  46.3 MB (96.3%)
2023-10-13 01:23:00.503 [ INFO] -  46.3 MB (97.4%)
2023-10-13 01:23:00.512 [ INFO] -  46.3 MB (98.6%)
2023-10-13 01:23:00.726 [ INFO] -  46.3 MB (99.7%)
2023-10-13 01:23:00.730 [ INFO] -  46.3 MB (100.0%)
2023-10-13 01:23:00.731 [ INFO] Processing  time : 0:00:24.236295
2023-10-13 01:23:00.731 [ INFO] Downloading time : 0:00:08.469616
2023-10-13 01:23:00.731 [ INFO] Total time       : 0:00:32.705911
2023-10-13 01:23:00.731 [ INFO] Download rate    : 4.9 MB/s
2023-10-13 01:23:00.731 [ INFO] Done

 ... downloading var cur

2023-10-13 01:23:01.196 [ INFO] Asynchronous mode set
2023-10-13 01:23:01.198 [ INFO] Authenticating user isoares for service https://nrt.cmems-du.eu/motu-web/Motu
2023-10-13 01:23:05.435 [ INFO] Requesting file to download (this can take a while)...
2023-10-13 01:23:12.556 [ INFO] Authenticating user isoares for service https://nrt.cmems-du.eu/motu-web/Motu
2023-10-13 01:23:23.954 [ INFO] Product is not yet available (request in progress)
2023-10-13 01:23:33.965 [ INFO] Authenticating user isoares for service https://nrt.cmems-du.eu/motu-web/Motu
2023-10-13 01:23:45.528 [ INFO] The product is ready for download
2023-10-13 01:23:45.528 [ INFO] Downloading file (this can take a while)...
2023-10-13 01:23:46.549 [ INFO] File type: application/x-netcdf
2023-10-13 01:23:46.550 [ INFO] File size: 92.6 MB (92561508 B)
2023-10-13 01:23:46.550 [ INFO] Downloading file /home/ivans/operational/pacific_npo_2gr/forecast/d-temporary/nemo_cur.nc
2023-10-13 01:23:48.001 [ INFO] -  92.6 MB (1.1%)
2023-10-13 01:23:48.244 [ INFO] -  92.6 MB (2.1%)
2023-10-13 01:23:48.256 [ INFO] -  92.6 MB (3.2%)
2023-10-13 01:23:48.491 [ INFO] -  92.6 MB (4.2%)
2023-10-13 01:23:48.501 [ INFO] -  92.6 MB (5.3%)
2023-10-13 01:23:48.757 [ INFO] -  92.6 MB (6.4%)
2023-10-13 01:23:48.973 [ INFO] -  92.6 MB (7.4%)
2023-10-13 01:23:48.981 [ INFO] -  92.6 MB (8.5%)
2023-10-13 01:23:49.210 [ INFO] -  92.6 MB (9.6%)
2023-10-13 01:23:49.222 [ INFO] -  92.6 MB (10.6%)
2023-10-13 01:23:49.477 [ INFO] -  92.6 MB (11.7%)
2023-10-13 01:23:49.490 [ INFO] -  92.6 MB (12.7%)
2023-10-13 01:23:49.495 [ INFO] -  92.6 MB (13.8%)
2023-10-13 01:23:49.735 [ INFO] -  92.6 MB (14.9%)
2023-10-13 01:23:50.198 [ INFO] -  92.6 MB (15.9%)
2023-10-13 01:23:50.213 [ INFO] -  92.6 MB (17.0%)
2023-10-13 01:23:50.221 [ INFO] -  92.6 MB (18.1%)
2023-10-13 01:23:50.453 [ INFO] -  92.6 MB (19.1%)
2023-10-13 01:23:50.710 [ INFO] -  92.6 MB (20.2%)
2023-10-13 01:23:50.944 [ INFO] -  92.6 MB (21.2%)
2023-10-13 01:23:50.951 [ INFO] -  92.6 MB (22.3%)
2023-10-13 01:23:51.180 [ INFO] -  92.6 MB (23.4%)
2023-10-13 01:23:51.193 [ INFO] -  92.6 MB (24.4%)
2023-10-13 01:23:51.431 [ INFO] -  92.6 MB (25.5%)
2023-10-13 01:23:51.669 [ INFO] -  92.6 MB (26.6%)
2023-10-13 01:23:51.900 [ INFO] -  92.6 MB (27.6%)
2023-10-13 01:23:51.918 [ INFO] -  92.6 MB (28.7%)
2023-10-13 01:23:52.154 [ INFO] -  92.6 MB (29.7%)
2023-10-13 01:23:52.383 [ INFO] -  92.6 MB (30.8%)
2023-10-13 01:23:52.404 [ INFO] -  92.6 MB (31.9%)
2023-10-13 01:23:52.637 [ INFO] -  92.6 MB (32.9%)
2023-10-13 01:23:52.653 [ INFO] -  92.6 MB (34.0%)
2023-10-13 01:23:52.888 [ INFO] -  92.6 MB (35.0%)
2023-10-13 01:23:53.117 [ INFO] -  92.6 MB (36.1%)
2023-10-13 01:23:53.138 [ INFO] -  92.6 MB (37.2%)
2023-10-13 01:23:53.369 [ INFO] -  92.6 MB (38.2%)
2023-10-13 01:23:53.592 [ INFO] -  92.6 MB (39.3%)
2023-10-13 01:23:53.619 [ INFO] -  92.6 MB (40.4%)
2023-10-13 01:23:53.848 [ INFO] -  92.6 MB (41.4%)
2023-10-13 01:23:53.868 [ INFO] -  92.6 MB (42.5%)
2023-10-13 01:23:54.099 [ INFO] -  92.6 MB (43.5%)
2023-10-13 01:23:54.321 [ INFO] -  92.6 MB (44.6%)
2023-10-13 01:23:54.347 [ INFO] -  92.6 MB (45.7%)
2023-10-13 01:23:54.574 [ INFO] -  92.6 MB (46.7%)
2023-10-13 01:23:54.596 [ INFO] -  92.6 MB (47.8%)
2023-10-13 01:23:54.824 [ INFO] -  92.6 MB (48.9%)
2023-10-13 01:23:55.046 [ INFO] -  92.6 MB (49.9%)
2023-10-13 01:23:55.076 [ INFO] -  92.6 MB (51.0%)
2023-10-13 01:23:55.299 [ INFO] -  92.6 MB (52.0%)
2023-10-13 01:23:55.324 [ INFO] -  92.6 MB (53.1%)
2023-10-13 01:23:55.547 [ INFO] -  92.6 MB (54.2%)
2023-10-13 01:23:55.768 [ INFO] -  92.6 MB (55.2%)
2023-10-13 01:23:55.797 [ INFO] -  92.6 MB (56.3%)
2023-10-13 01:23:56.019 [ INFO] -  92.6 MB (57.4%)
2023-10-13 01:23:56.049 [ INFO] -  92.6 MB (58.4%)
2023-10-13 01:23:56.268 [ INFO] -  92.6 MB (59.5%)
2023-10-13 01:23:56.298 [ INFO] -  92.6 MB (60.5%)
2023-10-13 01:23:56.517 [ INFO] -  92.6 MB (61.6%)
2023-10-13 01:23:56.737 [ INFO] -  92.6 MB (62.7%)
2023-10-13 01:23:56.770 [ INFO] -  92.6 MB (63.7%)
2023-10-13 01:23:56.988 [ INFO] -  92.6 MB (64.8%)
2023-10-13 01:23:57.017 [ INFO] -  92.6 MB (65.8%)
2023-10-13 01:23:57.235 [ INFO] -  92.6 MB (66.9%)
2023-10-13 01:23:57.457 [ INFO] -  92.6 MB (68.0%)
2023-10-13 01:23:57.487 [ INFO] -  92.6 MB (69.0%)
2023-10-13 01:23:57.706 [ INFO] -  92.6 MB (70.1%)
2023-10-13 01:23:57.742 [ INFO] -  92.6 MB (71.2%)
2023-10-13 01:23:57.957 [ INFO] -  92.6 MB (72.2%)
2023-10-13 01:23:57.990 [ INFO] -  92.6 MB (73.3%)
2023-10-13 01:23:58.204 [ INFO] -  92.6 MB (74.3%)
2023-10-13 01:23:58.426 [ INFO] -  92.6 MB (75.4%)
2023-10-13 01:23:58.455 [ INFO] -  92.6 MB (76.5%)
2023-10-13 01:23:58.675 [ INFO] -  92.6 MB (77.5%)
2023-10-13 01:23:58.708 [ INFO] -  92.6 MB (78.6%)
2023-10-13 01:23:58.924 [ INFO] -  92.6 MB (79.7%)
2023-10-13 01:23:58.957 [ INFO] -  92.6 MB (80.7%)
2023-10-13 01:23:59.172 [ INFO] -  92.6 MB (81.8%)
2023-10-13 01:23:59.392 [ INFO] -  92.6 MB (82.8%)
2023-10-13 01:23:59.421 [ INFO] -  92.6 MB (83.9%)
2023-10-13 01:23:59.643 [ INFO] -  92.6 MB (85.0%)
2023-10-13 01:23:59.674 [ INFO] -  92.6 MB (86.0%)
2023-10-13 01:23:59.893 [ INFO] -  92.6 MB (87.1%)
2023-10-13 01:23:59.923 [ INFO] -  92.6 MB (88.1%)
2023-10-13 01:24:00.141 [ INFO] -  92.6 MB (89.2%)
2023-10-13 01:24:00.361 [ INFO] -  92.6 MB (90.3%)
2023-10-13 01:24:00.390 [ INFO] -  92.6 MB (91.3%)
2023-10-13 01:24:00.610 [ INFO] -  92.6 MB (92.4%)
2023-10-13 01:24:00.642 [ INFO] -  92.6 MB (93.5%)
2023-10-13 01:24:00.858 [ INFO] -  92.6 MB (94.5%)
2023-10-13 01:24:00.982 [ INFO] -  92.6 MB (95.6%)
2023-10-13 01:24:01.108 [ INFO] -  92.6 MB (96.6%)
2023-10-13 01:24:01.330 [ INFO] -  92.6 MB (97.7%)
2023-10-13 01:24:01.359 [ INFO] -  92.6 MB (98.8%)
2023-10-13 01:24:01.579 [ INFO] -  92.6 MB (99.8%)
2023-10-13 01:24:01.583 [ INFO] -  92.6 MB (100.0%)
2023-10-13 01:24:01.583 [ INFO] Processing  time : 0:00:45.354372
2023-10-13 01:24:01.584 [ INFO] Downloading time : 0:00:15.033274
2023-10-13 01:24:01.584 [ INFO] Total time       : 0:01:00.387646
2023-10-13 01:24:01.584 [ INFO] Download rate    : 5.8 MB/s
2023-10-13 01:24:01.584 [ INFO] Done

 ... end of get_nemo_anfc_uvts

/home/ivans/.local/lib/python3.8/site-packages/numpy/ma/core.py:1156: RuntimeWarning: overflow encountered in true_divide
  result = self.f(da, db, *args, **kwargs)

 +++ End of get nemo 06h +++

 ... merge downloaded files into file nemo_npo0.08_20231013.nc
 ... fix longitudes
 ... include new attributes: _FillValue and missing values
cdo    setmissval: Processed 5 variables over 5 timesteps [11.06s 105MB].
cdo    setmissval: Processed 5 variables over 5 timesteps [45.96s 107MB].

 ... check integrity of downloaded file 


 ... after check procedure check status is 0

 ... %%%%%% Downloaded file is OK !! %%%%%%

 ... move file to storage 


 ==> 2023/10/13 01:25:22 FINISHED downloading OGCM nemo for ROMS <==


 ==> Sourcing forecast_setup.sh for general forecast settings <==

 ... roms grid file is /home/ivans/operational/roms/grids/grid_npo0.08_07e.nc
 ... grid box is -166 -118 16 46

 ... grid size is 601 lons,  376 lats, 30 layers


 ==> 2023/10/13 01:25:22 HERE I am @ /home/ivans/operational/pacific_npo_2gr/forecast/d-temporary for step 04: make input files for ROMS <==


 ... today is 2023-10-13, ogcm is nemo
 ... will read 5 time steps every 24 hours
 ... will run for 1 day(s)
 ... donor file is /home/ivans/operational/pacific_npo_2gr/forecast/d-storage/20231013/nemo_npo0.08_20231013.nc


     ... horizontal interpolation: remap donor ogcm to roms grid

 ... found file grid_r_npo0.08.nc; will use it !!


     ... vertical interpolation: interp remaped ogcm to sigma level

Warning (cdfInqContents): Coordinates variable sigma can't be assigned!
Warning (cdfInqContents): Coordinates variable level can't be assigned!
Warning: Non monotonic zaxis!
     ... inpaint nans on remaped, sigma coord ogcm

     ... will use a temporary roms mask /home/ivans/operational/pacific_npo_2gr/forecast/d-interp/roms_npo0.08_07e_tmpmsk.nc
     ... to avoid inpainting on land points

 
 +++ Starting python program to inpaint nans on donor OGCM +++
 
 ... arguments are: ['/home/ivans/scripts/4roms/make_clim_step01_inpaint_nans_on_remaped_ogcm.py', '20231013', 'nemo', '5', '30', '24', '/home/ivans/operational/roms/grids/grid_npo0.08_07e.nc', 'remaped_nemo_20231013', '/home/ivans/operational/pacific_npo_2gr/forecast/d-interp/roms_npo0.08_07e_tmpmsk.nc']
 
 
 ... ogcm is nemo
 ... ntimes is 5
 ... storage interval is 24.0
 ... start date is 2023/10/13
 
 
 ... ogcm NaN is -9999.0
 
 ... doing time step 0 ... at time 750470400.0 secs
 ... doing time step 1 ... at time 750556800.0 secs
 ... doing time step 2 ... at time 750643200.0 secs
 ... doing time step 3 ... at time 750729600.0 secs
 ... doing time step 4 ... at time 750816000.0 secs
 
 +++ End of Python  +++
 
     ... re-write interpolated ogcm vars on staggered grid

 +++ Scripts to create climatology & obc files for ROMS +++

 ... will output empty netcdf files named clm.nc & bry.nc 
 ... ref date, nlon, nlat, nsig = 20000101, 601, 376, 30

 
 +++ Starting python program to write vars on clim files +++
 
 ... arguments are: ['/home/ivans/scripts/4roms/make_clim_step02_write_clm_bry_files.py', '5', '20231013', 'nemo', '0.', '1', '2', '4', '10.0', '4.0', '150', '150', '30', 'remaped_nemo_20231013_nonans.nc', '/home/ivans/operational/roms/grids/grid_npo0.08_07e.nc', 'input_clm_npo0.08_07e_20231013_nemo.nc', 'input_bry_npo0.08_07e_20231013_nemo.nc']
 
 
 ... ogcm is nemo
 ... ntimes is 5
 ... rotation ang is 0.0
 ... start date is 2023/10/13
 
 
 ... will write clim file input_clm_npo0.08_07e_20231013_nemo.nc
 ... and bdry file input_bry_npo0.08_07e_20231013_nemo.nc
 
 ... grid size is 601 x 376
 
 ... writing grid params in roms file ...
 
 
 ... writing grid params in roms file ...
 
 
 ... writing lon/lat in clm file ...
 
 
 ... writing lon/lat in bry file ...
 
 ... reading time 646752.0
 
##############################################################################
#                                                                             
#    ... writing vars in clmfile @ day: 8686.0, ntime: 0
#                                                                             
##############################################################################
 
 
##############################################################################
#                                                                             
#    ... writing vars in bryfile @ day: 8686.0, ntime: 0
#                                                                             
##############################################################################
 
 ... writting time = 750470400.0
 
               %%%%%%%%%%%%%%%%%%%%%%%%
 
 ... reading time 646758.0
 
##############################################################################
#                                                                             
#    ... writing vars in clmfile @ day: 8686.25, ntime: 1
#                                                                             
##############################################################################
 
 
##############################################################################
#                                                                             
#    ... writing vars in bryfile @ day: 8686.25, ntime: 1
#                                                                             
##############################################################################
 
 ... writting time = 750492000.0
 
               %%%%%%%%%%%%%%%%%%%%%%%%
 
 ... reading time 646764.0
 
##############################################################################
#                                                                             
#    ... writing vars in clmfile @ day: 8686.5, ntime: 2
#                                                                             
##############################################################################
 
 
##############################################################################
#                                                                             
#    ... writing vars in bryfile @ day: 8686.5, ntime: 2
#                                                                             
##############################################################################
 
 ... writting time = 750513600.0
 
               %%%%%%%%%%%%%%%%%%%%%%%%
 
 ... reading time 646770.0
 
##############################################################################
#                                                                             
#    ... writing vars in clmfile @ day: 8686.75, ntime: 3
#                                                                             
##############################################################################
 
 
##############################################################################
#                                                                             
#    ... writing vars in bryfile @ day: 8686.75, ntime: 3
#                                                                             
##############################################################################
 
 ... writting time = 750535200.0
 
               %%%%%%%%%%%%%%%%%%%%%%%%
 
 ... reading time 646776.0
 
##############################################################################
#                                                                             
#    ... writing vars in clmfile @ day: 8687.0, ntime: 4
#                                                                             
##############################################################################
 
 
##############################################################################
#                                                                             
#    ... writing vars in bryfile @ day: 8687.0, ntime: 4
#                                                                             
##############################################################################
 
 ... writting time = 750556800.0
 
               %%%%%%%%%%%%%%%%%%%%%%%%
 
 
 +++ End of python program +++ 
 

 ==> 2023/10/13 01:55:51 FINISHED making input files for ROMS <==


 ==> Sourcing forecast_setup.sh for general forecast settings <==

 ... roms grid file is /home/ivans/operational/roms/grids/grid_npo0.08_07e.nc
 ... grid box is -166 -118 16 46

 ... grid size is 601 lons,  376 lats, 30 layers


 ==> 2023/10/13 01:55:52 HERE I am @ /home/ivans/operational/pacific_npo_2gr/forecast/d-temporary for step 05: run ROMS <==


 ... today is 2023-10-13

 ... roms grid size is 601 x 376 x 30
 ... roms grid limits are: x1,x2 = -166,-118, y1,y2 = 16,46
 ... roms grid resolution is regular: 0.08 x 0.08

 ... will store outputs in folder /home/ivans/operational/pacific_npo_2gr/forecast/d-storage

 ... start day is 20231013
 ... the expt is npo0.08_07e_20231013
 ... will run for 1 day(s)

 ... the donor file is /home/ivans/operational/pacific_npo_2gr/forecast/d-storage/20231013/nemo_npo0.08_20231013.nc
 ... will read donor 5 time steps every 24 hours

 ... the grid file is /home/ivans/operational/roms/grids/grid_npo0.08_07e.nc
 ... the ngc  file is /home/ivans/operational/roms/grids/ngc_npo0.08_07e+npo0.0267_01c.nc
 ... the nudg file is /home/ivans/operational/roms/nudge/nudge_npo0.08_07e_exp_strong.nc
 ... the tide file is /home/ivans/operational/roms/tides/tide_npo0.08_07e_2023_ref2000.nc


 ... will read roms input files from /home/ivans/operational/pacific_npo_2gr/forecast/d-temporary/roms_in
 ... will output roms results to /home/ivans/operational/pacific_npo_2gr/forecast/d-temporary/roms_out

 ... /home/ivans/operational/pacific_npo_2gr/forecast/d-temporary/roms_in DOES NOT exist, will create it
 ... /home/ivans/operational/pacific_npo_2gr/forecast/d-temporary/roms_out DOES NOT exist, will create it

 ... make links to ROMS input files


 ... accessing ROMS grid file /home/ivans/operational/roms/grids/grid_npo0.08_07e.nc


 ... accessing ROMS grid file /home/ivans/operational/roms/grids/grid_npo0.0267_01c.nc


 ... accessing ROMS ngc file /home/ivans/operational/roms/grids/ngc_npo0.08_07e+npo0.0267_01c.nc


 ... accessing ROMS tide file /home/ivans/operational/roms/tides/tide_npo0.08_07e_2023_ref2000.nc


 ... this implementation uses no rivers


 ... accessing ROMS nudg file /home/ivans/operational/roms/nudge/nudge_npo0.08_07e_exp_strong.nc


 ... didnt find ROMS init file /home/ivans/operational/pacific_npo_2gr/forecast/d-storage/20231012/roms_rst_npo0.08_07e_20231013_nemo.nc

 ... will use file /home/ivans/operational/pacific_npo_2gr/forecast/d-storage/20231013/input_clm_npo0.08_07e_20231013_nemo.nc


 ... didnt find ROMS init file /home/ivans/operational/pacific_npo_2gr/forecast/d-storage/20231012/roms_rst_npo0.0267_01c_20231013_nemo.nc

 ... will use file /home/ivans/operational/pacific_npo_2gr/forecast/d-storage/20231013/input_clm_npo0.0267_01c_20231013_nemo.nc


 +++ Starting script to interp climatology to higher resolution +++

 ... DIDNT find file /home/ivans/oper/pacific_npo_2gr/forecast/d-storage/20231013/input_clm_npo0.08_07e_20231013_glby.nc, exiting now 

 ... DIDNT find file input_clm_npo0.0267_01c_20231013_nemo.nc, exiting !!


 ==> FINISHED ROMS/WW3 7-DAY FORECAST @ 2023/10/13 01:55:52 <== 

