
 ==> STARTING ROMS/WW3 7-DAY FORECAST @ 2023/10/14 01:11:01 <== 


 ==> Sourcing forecast_setup.sh for general forecast settings <==

 ... roms grid file is /home/ivans/operational/roms/grids/grid_npo0.08_07e.nc
 ... grid box is -166 -118 16 46

 ... grid size is 601 lons,  376 lats, 30 layers


 ==> 2023/10/14 01:11:01 HERE I am for step 01: start forecast <==


 ... today is 2023-10-14

 ... dir /home/ivans/operational/pacific_npo_2gr/forecast/d-storage/20231014 doesnt exist, will create it
 ... dir /home/ivans/operational/pacific_npo_2gr/forecast/d-temporary exists, will clean it

 ... end of step 01 


 ==> Sourcing forecast_setup.sh for general forecast settings <==

 ... roms grid file is /home/ivans/operational/roms/grids/grid_npo0.08_07e.nc
 ... grid box is -166 -118 16 46

 ... grid size is 601 lons,  376 lats, 30 layers


 ==> 2023/10/14 01:11:02 HERE I am @ /home/ivans/operational/pacific_npo_2gr/forecast/d-temporary for step 02: download forcing gfs data <==


 ... today is 2023-10-14
 ... will download 24 hours
 ... will store downloaded files in folder /home/ivans/operational/pacific_npo_2gr/forecast/d-storage


 +++ Starting script get_gfs_nomads_oneday+forecast.sh +++

 ... today is 20231014
 ... will download 1 day(s)


vars = :UGRD:10 m above|:VGRD:10 m above|:PREMSL|:RH:2 m above|:SPFH:2 m above|:TMP:2 m above|:PRMSL|:DSWRF|:DLWRF|:USWRF:surface|:ULWRF:surface|:PRATE:surface|:TMP:surface|:TCDC:entire atmosphere|:TCDC:high cloud layer|:TCDC:low cloud layer|:TCDC:middle cloud layer

2023-10-14 01:11:19 URL:https://nomads.ncep.noaa.gov/pub/data/nccf/com/gfs/prod/gfs.20231013/18/atmos/gfs.t18z.pgrb2.0p25.f006 [535503949/535503949] -> "nomads.tmp" [1]
1:0:d=2023101318:PRMSL:mean sea level:6 hour fcst:
563:404532490:d=2023101318:TMP:surface:6 hour fcst:
581:411987783:d=2023101318:TMP:2 m above ground:6 hour fcst:
582:412859442:d=2023101318:SPFH:2 m above ground:6 hour fcst:
584:414598477:d=2023101318:RH:2 m above ground:6 hour fcst:
588:416923791:d=2023101318:UGRD:10 m above ground:6 hour fcst:
589:417889563:d=2023101318:VGRD:10 m above ground:6 hour fcst:
593:419957194:d=2023101318:PRATE:surface:6 hour fcst:
595:421212133:d=2023101318:PRATE:surface:0-6 hour ave fcst:
636:440619994:d=2023101318:TCDC:entire atmosphere:6 hour fcst:
637:441449702:d=2023101318:TCDC:entire atmosphere:0-6 hour ave fcst:
653:457382128:d=2023101318:DSWRF:surface:0-6 hour ave fcst:
654:458346384:d=2023101318:DLWRF:surface:0-6 hour ave fcst:
655:459271031:d=2023101318:USWRF:surface:0-6 hour ave fcst:
656:460153334:d=2023101318:ULWRF:surface:0-6 hour ave fcst:

 ... downloading file https://nomads.ncep.noaa.gov/pub/data/nccf/com/gfs/prod/gfs.20231014/00/atmos/gfs.t00z.pgrb2.0p25.f003

2023-10-14 01:11:40 URL:https://nomads.ncep.noaa.gov/pub/data/nccf/com/gfs/prod/gfs.20231014/00/atmos/gfs.t00z.pgrb2.0p25.f003 [530121870/530121870] -> "nomads.tmp" [1]
1:0:d=2023101400:PRMSL:mean sea level:3 hour fcst:
563:401692237:d=2023101400:TMP:surface:3 hour fcst:
581:409142590:d=2023101400:TMP:2 m above ground:3 hour fcst:
582:409645779:d=2023101400:SPFH:2 m above ground:3 hour fcst:
584:411381868:d=2023101400:RH:2 m above ground:3 hour fcst:
588:414062961:d=2023101400:UGRD:10 m above ground:3 hour fcst:
589:415027455:d=2023101400:VGRD:10 m above ground:3 hour fcst:
593:417115148:d=2023101400:PRATE:surface:3 hour fcst:
595:418456544:d=2023101400:PRATE:surface:0-3 hour ave fcst:
636:436546274:d=2023101400:TCDC:entire atmosphere:3 hour fcst:
637:437358371:d=2023101400:TCDC:entire atmosphere:0-3 hour ave fcst:
653:452440127:d=2023101400:DSWRF:surface:0-3 hour ave fcst:
654:453239562:d=2023101400:DLWRF:surface:0-3 hour ave fcst:
655:454189356:d=2023101400:USWRF:surface:0-3 hour ave fcst:
656:454954302:d=2023101400:ULWRF:surface:0-3 hour ave fcst:

 ... downloading file https://nomads.ncep.noaa.gov/pub/data/nccf/com/gfs/prod/gfs.20231014/00/atmos/gfs.t00z.pgrb2.0p25.f006

2023-10-14 01:12:03 URL:https://nomads.ncep.noaa.gov/pub/data/nccf/com/gfs/prod/gfs.20231014/00/atmos/gfs.t00z.pgrb2.0p25.f006 [538190549/538190549] -> "nomads.tmp" [1]
1:0:d=2023101400:PRMSL:mean sea level:6 hour fcst:
563:406386425:d=2023101400:TMP:surface:6 hour fcst:
581:413840153:d=2023101400:TMP:2 m above ground:6 hour fcst:
582:414710343:d=2023101400:SPFH:2 m above ground:6 hour fcst:
584:416839286:d=2023101400:RH:2 m above ground:6 hour fcst:
588:419874210:d=2023101400:UGRD:10 m above ground:6 hour fcst:
589:420839832:d=2023101400:VGRD:10 m above ground:6 hour fcst:
593:422919814:d=2023101400:PRATE:surface:6 hour fcst:
595:424261508:d=2023101400:PRATE:surface:0-6 hour ave fcst:
636:443529204:d=2023101400:TCDC:entire atmosphere:6 hour fcst:
637:444344957:d=2023101400:TCDC:entire atmosphere:0-6 hour ave fcst:
653:460229948:d=2023101400:DSWRF:surface:0-6 hour ave fcst:
654:461168393:d=2023101400:DLWRF:surface:0-6 hour ave fcst:
655:462084980:d=2023101400:USWRF:surface:0-6 hour ave fcst:
656:462967667:d=2023101400:ULWRF:surface:0-6 hour ave fcst:

 ... downloading file https://nomads.ncep.noaa.gov/pub/data/nccf/com/gfs/prod/gfs.20231014/00/atmos/gfs.t00z.pgrb2.0p25.f009

2023-10-14 01:12:41 URL:https://nomads.ncep.noaa.gov/pub/data/nccf/com/gfs/prod/gfs.20231014/00/atmos/gfs.t00z.pgrb2.0p25.f009 [537661374/537661374] -> "nomads.tmp" [1]
1:0:d=2023101400:PRMSL:mean sea level:9 hour fcst:
563:407275581:d=2023101400:TMP:surface:9 hour fcst:
581:414726170:d=2023101400:TMP:2 m above ground:9 hour fcst:
582:415604474:d=2023101400:SPFH:2 m above ground:9 hour fcst:
584:417733389:d=2023101400:RH:2 m above ground:9 hour fcst:
588:420785855:d=2023101400:UGRD:10 m above ground:9 hour fcst:
589:421755422:d=2023101400:VGRD:10 m above ground:9 hour fcst:
593:423917726:d=2023101400:PRATE:surface:9 hour fcst:
595:425252492:d=2023101400:PRATE:surface:6-9 hour ave fcst:
636:444267316:d=2023101400:TCDC:entire atmosphere:9 hour fcst:
637:445087794:d=2023101400:TCDC:entire atmosphere:6-9 hour ave fcst:
653:460176866:d=2023101400:DSWRF:surface:6-9 hour ave fcst:
654:460985122:d=2023101400:DLWRF:surface:6-9 hour ave fcst:
655:461936073:d=2023101400:USWRF:surface:6-9 hour ave fcst:
656:462660890:d=2023101400:ULWRF:surface:6-9 hour ave fcst:

 ... downloading file https://nomads.ncep.noaa.gov/pub/data/nccf/com/gfs/prod/gfs.20231014/00/atmos/gfs.t00z.pgrb2.0p25.f012

2023-10-14 01:13:32 URL:https://nomads.ncep.noaa.gov/pub/data/nccf/com/gfs/prod/gfs.20231014/00/atmos/gfs.t00z.pgrb2.0p25.f012 [539335751/539335751] -> "nomads.tmp" [1]
1:0:d=2023101400:PRMSL:mean sea level:12 hour fcst:
563:407777480:d=2023101400:TMP:surface:12 hour fcst:
581:415048954:d=2023101400:TMP:2 m above ground:12 hour fcst:
582:415558414:d=2023101400:SPFH:2 m above ground:12 hour fcst:
584:417304323:d=2023101400:RH:2 m above ground:12 hour fcst:
588:420355801:d=2023101400:UGRD:10 m above ground:12 hour fcst:
589:421328444:d=2023101400:VGRD:10 m above ground:12 hour fcst:
593:423492307:d=2023101400:PRATE:surface:12 hour fcst:
595:424749289:d=2023101400:PRATE:surface:6-12 hour ave fcst:
636:444044156:d=2023101400:TCDC:entire atmosphere:12 hour fcst:
637:444865878:d=2023101400:TCDC:entire atmosphere:6-12 hour ave fcst:
653:460757526:d=2023101400:DSWRF:surface:6-12 hour ave fcst:
654:461709389:d=2023101400:DLWRF:surface:6-12 hour ave fcst:
655:462630873:d=2023101400:USWRF:surface:6-12 hour ave fcst:
656:463536454:d=2023101400:ULWRF:surface:6-12 hour ave fcst:

 ... downloading file https://nomads.ncep.noaa.gov/pub/data/nccf/com/gfs/prod/gfs.20231014/00/atmos/gfs.t00z.pgrb2.0p25.f015

2023-10-14 01:14:50 URL:https://nomads.ncep.noaa.gov/pub/data/nccf/com/gfs/prod/gfs.20231014/00/atmos/gfs.t00z.pgrb2.0p25.f015 [537912333/537912333] -> "nomads.tmp" [1]
1:0:d=2023101400:PRMSL:mean sea level:15 hour fcst:
563:409073308:d=2023101400:TMP:surface:15 hour fcst:
581:416345577:d=2023101400:TMP:2 m above ground:15 hour fcst:
582:416856098:d=2023101400:SPFH:2 m above ground:15 hour fcst:
584:418602453:d=2023101400:RH:2 m above ground:15 hour fcst:
588:420944252:d=2023101400:UGRD:10 m above ground:15 hour fcst:
589:421923085:d=2023101400:VGRD:10 m above ground:15 hour fcst:
593:424098898:d=2023101400:PRATE:surface:15 hour fcst:
595:425360767:d=2023101400:PRATE:surface:12-15 hour ave fcst:
636:444273913:d=2023101400:TCDC:entire atmosphere:15 hour fcst:
637:445103893:d=2023101400:TCDC:entire atmosphere:12-15 hour ave fcst:
653:460219049:d=2023101400:DSWRF:surface:12-15 hour ave fcst:
654:461040437:d=2023101400:DLWRF:surface:12-15 hour ave fcst:
655:461998263:d=2023101400:USWRF:surface:12-15 hour ave fcst:
656:462720908:d=2023101400:ULWRF:surface:12-15 hour ave fcst:

 ... downloading file https://nomads.ncep.noaa.gov/pub/data/nccf/com/gfs/prod/gfs.20231014/00/atmos/gfs.t00z.pgrb2.0p25.f018

2023-10-14 01:18:15 URL:https://nomads.ncep.noaa.gov/pub/data/nccf/com/gfs/prod/gfs.20231014/00/atmos/gfs.t00z.pgrb2.0p25.f018 [543009005/543009005] -> "nomads.tmp" [1]
1:0:d=2023101400:PRMSL:mean sea level:18 hour fcst:
563:411496154:d=2023101400:TMP:surface:18 hour fcst:
581:418774648:d=2023101400:TMP:2 m above ground:18 hour fcst:
582:419287340:d=2023101400:SPFH:2 m above ground:18 hour fcst:
584:421036354:d=2023101400:RH:2 m above ground:18 hour fcst:
588:423380977:d=2023101400:UGRD:10 m above ground:18 hour fcst:
589:424356052:d=2023101400:VGRD:10 m above ground:18 hour fcst:
593:426530295:d=2023101400:PRATE:surface:18 hour fcst:
595:427792509:d=2023101400:PRATE:surface:12-18 hour ave fcst:
636:447589670:d=2023101400:TCDC:entire atmosphere:18 hour fcst:
637:448415250:d=2023101400:TCDC:entire atmosphere:12-18 hour ave fcst:
653:464326633:d=2023101400:DSWRF:surface:12-18 hour ave fcst:
654:465261833:d=2023101400:DLWRF:surface:12-18 hour ave fcst:
655:466187386:d=2023101400:USWRF:surface:12-18 hour ave fcst:
656:466999628:d=2023101400:ULWRF:surface:12-18 hour ave fcst:

 ... downloading file https://nomads.ncep.noaa.gov/pub/data/nccf/com/gfs/prod/gfs.20231014/00/atmos/gfs.t00z.pgrb2.0p25.f021

2023-10-14 01:19:41 URL:https://nomads.ncep.noaa.gov/pub/data/nccf/com/gfs/prod/gfs.20231014/00/atmos/gfs.t00z.pgrb2.0p25.f021 [543851533/543851533] -> "nomads.tmp" [1]
1:0:d=2023101400:PRMSL:mean sea level:21 hour fcst:
563:414869193:d=2023101400:TMP:surface:21 hour fcst:
581:422144024:d=2023101400:TMP:2 m above ground:21 hour fcst:
582:422653902:d=2023101400:SPFH:2 m above ground:21 hour fcst:
584:424403467:d=2023101400:RH:2 m above ground:21 hour fcst:
588:426747046:d=2023101400:UGRD:10 m above ground:21 hour fcst:
589:427723805:d=2023101400:VGRD:10 m above ground:21 hour fcst:
593:429808148:d=2023101400:PRATE:surface:21 hour fcst:
595:431064438:d=2023101400:PRATE:surface:18-21 hour ave fcst:
636:450046756:d=2023101400:TCDC:entire atmosphere:21 hour fcst:
637:450861506:d=2023101400:TCDC:entire atmosphere:18-21 hour ave fcst:
653:465924498:d=2023101400:DSWRF:surface:18-21 hour ave fcst:
654:466751306:d=2023101400:DLWRF:surface:18-21 hour ave fcst:
655:467711192:d=2023101400:USWRF:surface:18-21 hour ave fcst:
656:468413173:d=2023101400:ULWRF:surface:18-21 hour ave fcst:

 ... downloading file https://nomads.ncep.noaa.gov/pub/data/nccf/com/gfs/prod/gfs.20231014/00/atmos/gfs.t00z.pgrb2.0p25.f024

2023-10-14 01:22:56 URL:https://nomads.ncep.noaa.gov/pub/data/nccf/com/gfs/prod/gfs.20231014/00/atmos/gfs.t00z.pgrb2.0p25.f024 [544850823/544850823] -> "nomads.tmp" [1]
1:0:d=2023101400:PRMSL:mean sea level:24 hour fcst:
563:414033462:d=2023101400:TMP:surface:24 hour fcst:
581:421491380:d=2023101400:TMP:2 m above ground:24 hour fcst:
582:422365254:d=2023101400:SPFH:2 m above ground:24 hour fcst:
584:424110011:d=2023101400:RH:2 m above ground:24 hour fcst:
588:426440881:d=2023101400:UGRD:10 m above ground:24 hour fcst:
589:427407656:d=2023101400:VGRD:10 m above ground:24 hour fcst:
593:429563483:d=2023101400:PRATE:surface:24 hour fcst:
595:430805361:d=2023101400:PRATE:surface:18-24 hour ave fcst:
636:450146533:d=2023101400:TCDC:entire atmosphere:24 hour fcst:
637:450955315:d=2023101400:TCDC:entire atmosphere:18-24 hour ave fcst:
653:466695192:d=2023101400:DSWRF:surface:18-24 hour ave fcst:
654:467654102:d=2023101400:DLWRF:surface:18-24 hour ave fcst:
655:468578004:d=2023101400:USWRF:surface:18-24 hour ave fcst:
656:469458883:d=2023101400:ULWRF:surface:18-24 hour ave fcst:
cdo    mergetime: Processed 117 variables over 9 timesteps [1.01s 56MB].

 +++ End of script get_gfs_nomads_oneday+forecast.sh +++


 ==> HERE I am @ /home/ivans/operational/pacific_npo_2gr/forecast/d-temporary to execute check procedure on file gfs_20231014.nc <==


 ... Initiating routine to check integrity of file 

 ... gfs_20231014.nc exists !!!
 ... No NaNs found !!!
 ... $test_nan is empty
 ... gfs file nbytes = 106683563
 ... donwloaded file nbytes = 485918292
 ... downloaded file is OK !!!
 ... after checking procedure check status is 0

 ==> FINISHED checking file <==

 ... %%%%%% Downloaded file is OK !! %%%%%%

 ... Starting script to fix GFS variables and attibutes for ROMS ...

cdo    sellonlatbox: Processed 13 variables over 9 timesteps [0.44s 63MB].

 ... add attribute time & coordinates to all vars


 ... modify attribute long-name in all vars


 ... modify attribute units in all vars


 ... fix lon/lat


 ... END of script to fix GFS variables and attibutes for ROMS ...


 ==> 2023/10/14 01:23:06 FINISHED downloading of forcing gfs data <==


 ==> Sourcing forecast_setup.sh for general forecast settings <==

 ... roms grid file is /home/ivans/operational/roms/grids/grid_npo0.08_07e.nc
 ... grid box is -166 -118 16 46

 ... grid size is 601 lons,  376 lats, 30 layers


 ==> 2023/10/14 01:23:06 HERE I am @ /home/ivans/operational/pacific_npo_2gr/forecast/d-temporary for step 03: download ogcm nemo data <==


 ... today is 2023-10-14, ogcm is nemo
 ... will download 1 day(s), with interval of 24 hours 
 ... will save outputs in file nemo_npo0.08_20231014.nc


 ... File /home/ivans/operational/pacific_npo_2gr/forecast/d-storage/20231014/nemo_npo0.08_20231014.nc does not exist. Will download it !!!


 ... This is try n. 1 to download ogcm file


 ... downloading nemo


 +++ Starting get nemo 06h +++


 ... starting script to get nemo anfc ssh

date ini = 2023-10-14 00:30:00
date end = 2023-10-14 23:30:00

 ... downloading ssh

2023-10-14 01:23:07.264 [ INFO] Asynchronous mode set
2023-10-14 01:23:07.265 [ INFO] Authenticating user isoares for service https://nrt.cmems-du.eu/motu-web/Motu
2023-10-14 01:23:12.780 [ INFO] Requesting file to download (this can take a while)...
2023-10-14 01:23:20.261 [ INFO] Authenticating user isoares for service https://nrt.cmems-du.eu/motu-web/Motu
2023-10-14 01:23:32.290 [ INFO] Product is not yet available (request in progress)
2023-10-14 01:23:42.298 [ INFO] Authenticating user isoares for service https://nrt.cmems-du.eu/motu-web/Motu
2023-10-14 01:23:54.264 [ INFO] The product is ready for download
2023-10-14 01:23:54.265 [ INFO] Downloading file (this can take a while)...
2023-10-14 01:23:55.222 [ INFO] File type: application/x-netcdf
2023-10-14 01:23:55.223 [ INFO] File size: 22.2 MB (22219724 B)
2023-10-14 01:23:55.223 [ INFO] Downloading file /home/ivans/operational/pacific_npo_2gr/forecast/d-temporary/nemo_ssh_20231014.nc
2023-10-14 01:23:56.156 [ INFO] -  22.2 MB (1.2%)
2023-10-14 01:23:56.390 [ INFO] -  22.2 MB (2.4%)
2023-10-14 01:23:56.624 [ INFO] -  22.2 MB (3.5%)
2023-10-14 01:23:56.628 [ INFO] -  22.2 MB (4.7%)
2023-10-14 01:23:56.630 [ INFO] -  22.2 MB (5.9%)
2023-10-14 01:23:56.632 [ INFO] -  22.2 MB (7.1%)
2023-10-14 01:23:56.863 [ INFO] -  22.2 MB (8.3%)
2023-10-14 01:23:56.870 [ INFO] -  22.2 MB (9.4%)
2023-10-14 01:23:56.875 [ INFO] -  22.2 MB (10.6%)
2023-10-14 01:23:56.878 [ INFO] -  22.2 MB (11.8%)
2023-10-14 01:23:56.880 [ INFO] -  22.2 MB (13.0%)
2023-10-14 01:23:56.882 [ INFO] -  22.2 MB (14.2%)
2023-10-14 01:23:57.093 [ INFO] -  22.2 MB (15.3%)
2023-10-14 01:23:57.096 [ INFO] -  22.2 MB (16.5%)
2023-10-14 01:23:57.099 [ INFO] -  22.2 MB (17.7%)
2023-10-14 01:23:57.103 [ INFO] -  22.2 MB (18.9%)
2023-10-14 01:23:57.106 [ INFO] -  22.2 MB (20.1%)
2023-10-14 01:23:57.109 [ INFO] -  22.2 MB (21.2%)
2023-10-14 01:23:57.113 [ INFO] -  22.2 MB (22.4%)
2023-10-14 01:23:57.355 [ INFO] -  22.2 MB (23.6%)
2023-10-14 01:23:57.357 [ INFO] -  22.2 MB (24.8%)
2023-10-14 01:23:57.358 [ INFO] -  22.2 MB (26.0%)
2023-10-14 01:23:57.360 [ INFO] -  22.2 MB (27.1%)
2023-10-14 01:23:57.361 [ INFO] -  22.2 MB (28.3%)
2023-10-14 01:23:57.362 [ INFO] -  22.2 MB (29.5%)
2023-10-14 01:23:57.363 [ INFO] -  22.2 MB (30.7%)
2023-10-14 01:23:57.364 [ INFO] -  22.2 MB (31.9%)
2023-10-14 01:23:57.366 [ INFO] -  22.2 MB (33.0%)
2023-10-14 01:23:57.367 [ INFO] -  22.2 MB (34.2%)
2023-10-14 01:23:57.588 [ INFO] -  22.2 MB (35.4%)
2023-10-14 01:23:57.591 [ INFO] -  22.2 MB (36.6%)
2023-10-14 01:23:57.593 [ INFO] -  22.2 MB (37.8%)
2023-10-14 01:23:57.597 [ INFO] -  22.2 MB (38.9%)
2023-10-14 01:23:57.600 [ INFO] -  22.2 MB (40.1%)
2023-10-14 01:23:57.604 [ INFO] -  22.2 MB (41.3%)
2023-10-14 01:23:57.607 [ INFO] -  22.2 MB (42.5%)
2023-10-14 01:23:57.610 [ INFO] -  22.2 MB (43.7%)
2023-10-14 01:23:58.059 [ INFO] -  22.2 MB (44.8%)
2023-10-14 01:23:58.062 [ INFO] -  22.2 MB (46.0%)
2023-10-14 01:23:58.064 [ INFO] -  22.2 MB (47.2%)
2023-10-14 01:23:58.067 [ INFO] -  22.2 MB (48.4%)
2023-10-14 01:23:58.068 [ INFO] -  22.2 MB (49.6%)
2023-10-14 01:23:58.070 [ INFO] -  22.2 MB (50.7%)
2023-10-14 01:23:58.071 [ INFO] -  22.2 MB (51.9%)
2023-10-14 01:23:58.073 [ INFO] -  22.2 MB (53.1%)
2023-10-14 01:23:58.075 [ INFO] -  22.2 MB (54.3%)
2023-10-14 01:23:58.076 [ INFO] -  22.2 MB (55.4%)
2023-10-14 01:23:58.078 [ INFO] -  22.2 MB (56.6%)
2023-10-14 01:23:58.080 [ INFO] -  22.2 MB (57.8%)
2023-10-14 01:23:58.299 [ INFO] -  22.2 MB (59.0%)
2023-10-14 01:23:58.302 [ INFO] -  22.2 MB (60.2%)
2023-10-14 01:23:58.305 [ INFO] -  22.2 MB (61.3%)
2023-10-14 01:23:58.309 [ INFO] -  22.2 MB (62.5%)
2023-10-14 01:23:58.312 [ INFO] -  22.2 MB (63.7%)
2023-10-14 01:23:58.315 [ INFO] -  22.2 MB (64.9%)
2023-10-14 01:23:58.319 [ INFO] -  22.2 MB (66.1%)
2023-10-14 01:23:58.322 [ INFO] -  22.2 MB (67.2%)
2023-10-14 01:23:58.325 [ INFO] -  22.2 MB (68.4%)
2023-10-14 01:23:58.531 [ INFO] -  22.2 MB (69.6%)
2023-10-14 01:23:58.536 [ INFO] -  22.2 MB (70.8%)
2023-10-14 01:23:58.539 [ INFO] -  22.2 MB (72.0%)
2023-10-14 01:23:58.542 [ INFO] -  22.2 MB (73.1%)
2023-10-14 01:23:58.545 [ INFO] -  22.2 MB (74.3%)
2023-10-14 01:23:58.549 [ INFO] -  22.2 MB (75.5%)
2023-10-14 01:23:58.552 [ INFO] -  22.2 MB (76.7%)
2023-10-14 01:23:58.555 [ INFO] -  22.2 MB (77.9%)
2023-10-14 01:23:58.559 [ INFO] -  22.2 MB (79.0%)
2023-10-14 01:23:58.562 [ INFO] -  22.2 MB (80.2%)
2023-10-14 01:23:58.767 [ INFO] -  22.2 MB (81.4%)
2023-10-14 01:23:58.771 [ INFO] -  22.2 MB (82.6%)
2023-10-14 01:23:58.775 [ INFO] -  22.2 MB (83.8%)
2023-10-14 01:23:58.778 [ INFO] -  22.2 MB (84.9%)
2023-10-14 01:23:58.781 [ INFO] -  22.2 MB (86.1%)
2023-10-14 01:23:58.785 [ INFO] -  22.2 MB (87.3%)
2023-10-14 01:23:58.788 [ INFO] -  22.2 MB (88.5%)
2023-10-14 01:23:58.791 [ INFO] -  22.2 MB (89.7%)
2023-10-14 01:23:58.795 [ INFO] -  22.2 MB (90.8%)
2023-10-14 01:23:58.996 [ INFO] -  22.2 MB (92.0%)
2023-10-14 01:23:59.003 [ INFO] -  22.2 MB (93.2%)
2023-10-14 01:23:59.007 [ INFO] -  22.2 MB (94.4%)
2023-10-14 01:23:59.011 [ INFO] -  22.2 MB (95.6%)
2023-10-14 01:23:59.014 [ INFO] -  22.2 MB (96.7%)
2023-10-14 01:23:59.017 [ INFO] -  22.2 MB (97.9%)
2023-10-14 01:23:59.020 [ INFO] -  22.2 MB (99.1%)
2023-10-14 01:23:59.024 [ INFO] -  22.2 MB (100.0%)
2023-10-14 01:23:59.024 [ INFO] Processing  time : 0:00:47.959160
2023-10-14 01:23:59.024 [ INFO] Downloading time : 0:00:03.801192
2023-10-14 01:23:59.024 [ INFO] Total time       : 0:00:51.760352
2023-10-14 01:23:59.024 [ INFO] Download rate    : 4.7 MB/s
2023-10-14 01:23:59.024 [ INFO] Done

 ... starting script to get nemo anfc uvts

date ini = 2023-10-14 00:00:00
date end = 2023-10-14 23:59:59


 ... downloading var thetao

2023-10-14 01:23:59.402 [ INFO] Asynchronous mode set
2023-10-14 01:23:59.402 [ INFO] Authenticating user isoares for service https://nrt.cmems-du.eu/motu-web/Motu
2023-10-14 01:24:04.437 [ INFO] Requesting file to download (this can take a while)...
2023-10-14 01:24:12.889 [ INFO] Authenticating user isoares for service https://nrt.cmems-du.eu/motu-web/Motu
2023-10-14 01:24:24.245 [ INFO] Product is not yet available (request in progress)
2023-10-14 01:24:34.255 [ INFO] Authenticating user isoares for service https://nrt.cmems-du.eu/motu-web/Motu
2023-10-14 01:24:45.612 [ INFO] Product is not yet available (request in progress)
2023-10-14 01:24:55.622 [ INFO] Authenticating user isoares for service https://nrt.cmems-du.eu/motu-web/Motu
2023-10-14 01:25:06.889 [ INFO] The product is ready for download
2023-10-14 01:25:06.889 [ INFO] Downloading file (this can take a while)...
2023-10-14 01:25:07.877 [ INFO] File type: application/x-netcdf
2023-10-14 01:25:07.877 [ INFO] File size: 185.1 MB (185115212 B)
2023-10-14 01:25:07.877 [ INFO] Downloading file /home/ivans/operational/pacific_npo_2gr/forecast/d-temporary/nemo_thetao.nc
2023-10-14 01:25:09.531 [ INFO] - 185.1 MB (1.0%)
2023-10-14 01:25:09.775 [ INFO] - 185.1 MB (2.1%)
2023-10-14 01:25:10.034 [ INFO] - 185.1 MB (3.1%)
2023-10-14 01:25:10.267 [ INFO] - 185.1 MB (4.1%)
2023-10-14 01:25:10.746 [ INFO] - 185.1 MB (5.1%)
2023-10-14 01:25:10.758 [ INFO] - 185.1 MB (6.2%)
2023-10-14 01:25:11.466 [ INFO] - 185.1 MB (7.2%)
2023-10-14 01:25:11.480 [ INFO] - 185.1 MB (8.2%)
2023-10-14 01:25:11.715 [ INFO] - 185.1 MB (9.2%)
2023-10-14 01:25:11.957 [ INFO] - 185.1 MB (10.3%)
2023-10-14 01:25:12.199 [ INFO] - 185.1 MB (11.3%)
2023-10-14 01:25:12.654 [ INFO] - 185.1 MB (12.3%)
2023-10-14 01:25:12.896 [ INFO] - 185.1 MB (13.3%)
2023-10-14 01:25:13.136 [ INFO] - 185.1 MB (14.4%)
2023-10-14 01:25:13.377 [ INFO] - 185.1 MB (15.4%)
2023-10-14 01:25:13.617 [ INFO] - 185.1 MB (16.4%)
2023-10-14 01:25:13.856 [ INFO] - 185.1 MB (17.5%)
2023-10-14 01:25:14.095 [ INFO] - 185.1 MB (18.5%)
2023-10-14 01:25:14.334 [ INFO] - 185.1 MB (19.5%)
2023-10-14 01:25:14.573 [ INFO] - 185.1 MB (20.5%)
2023-10-14 01:25:14.812 [ INFO] - 185.1 MB (21.6%)
2023-10-14 01:25:15.255 [ INFO] - 185.1 MB (22.6%)
2023-10-14 01:25:15.494 [ INFO] - 185.1 MB (23.6%)
2023-10-14 01:25:15.734 [ INFO] - 185.1 MB (24.6%)
2023-10-14 01:25:15.971 [ INFO] - 185.1 MB (25.7%)
2023-10-14 01:25:16.209 [ INFO] - 185.1 MB (26.7%)
2023-10-14 01:25:16.445 [ INFO] - 185.1 MB (27.7%)
2023-10-14 01:25:16.684 [ INFO] - 185.1 MB (28.7%)
2023-10-14 01:25:16.921 [ INFO] - 185.1 MB (29.8%)
2023-10-14 01:25:17.158 [ INFO] - 185.1 MB (30.8%)
2023-10-14 01:25:17.397 [ INFO] - 185.1 MB (31.8%)
2023-10-14 01:25:17.634 [ INFO] - 185.1 MB (32.9%)
2023-10-14 01:25:17.871 [ INFO] - 185.1 MB (33.9%)
2023-10-14 01:25:18.109 [ INFO] - 185.1 MB (34.9%)
2023-10-14 01:25:18.347 [ INFO] - 185.1 MB (35.9%)
2023-10-14 01:25:18.583 [ INFO] - 185.1 MB (37.0%)
2023-10-14 01:25:18.819 [ INFO] - 185.1 MB (38.0%)
2023-10-14 01:25:19.057 [ INFO] - 185.1 MB (39.0%)
2023-10-14 01:25:19.295 [ INFO] - 185.1 MB (40.0%)
2023-10-14 01:25:19.532 [ INFO] - 185.1 MB (41.1%)
2023-10-14 01:25:19.769 [ INFO] - 185.1 MB (42.1%)
2023-10-14 01:25:20.006 [ INFO] - 185.1 MB (43.1%)
2023-10-14 01:25:20.243 [ INFO] - 185.1 MB (44.1%)
2023-10-14 01:25:20.481 [ INFO] - 185.1 MB (45.2%)
2023-10-14 01:25:20.719 [ INFO] - 185.1 MB (46.2%)
2023-10-14 01:25:20.955 [ INFO] - 185.1 MB (47.2%)
2023-10-14 01:25:21.193 [ INFO] - 185.1 MB (48.3%)
2023-10-14 01:25:21.431 [ INFO] - 185.1 MB (49.3%)
2023-10-14 01:25:21.667 [ INFO] - 185.1 MB (50.3%)
2023-10-14 01:25:21.905 [ INFO] - 185.1 MB (51.3%)
2023-10-14 01:25:22.143 [ INFO] - 185.1 MB (52.4%)
2023-10-14 01:25:22.380 [ INFO] - 185.1 MB (53.4%)
2023-10-14 01:25:22.617 [ INFO] - 185.1 MB (54.4%)
2023-10-14 01:25:22.855 [ INFO] - 185.1 MB (55.4%)
2023-10-14 01:25:23.092 [ INFO] - 185.1 MB (56.5%)
2023-10-14 01:25:23.327 [ INFO] - 185.1 MB (57.5%)
2023-10-14 01:25:23.563 [ INFO] - 185.1 MB (58.5%)
2023-10-14 01:25:23.801 [ INFO] - 185.1 MB (59.5%)
2023-10-14 01:25:24.038 [ INFO] - 185.1 MB (60.6%)
2023-10-14 01:25:24.275 [ INFO] - 185.1 MB (61.6%)
2023-10-14 01:25:24.509 [ INFO] - 185.1 MB (62.6%)
2023-10-14 01:25:24.747 [ INFO] - 185.1 MB (63.7%)
2023-10-14 01:25:24.981 [ INFO] - 185.1 MB (64.7%)
2023-10-14 01:25:25.218 [ INFO] - 185.1 MB (65.7%)
2023-10-14 01:25:25.452 [ INFO] - 185.1 MB (66.7%)
2023-10-14 01:25:25.679 [ INFO] - 185.1 MB (67.8%)
2023-10-14 01:25:25.910 [ INFO] - 185.1 MB (68.8%)
2023-10-14 01:25:26.099 [ INFO] - 185.1 MB (69.8%)
2023-10-14 01:25:26.209 [ INFO] - 185.1 MB (70.8%)
2023-10-14 01:25:26.444 [ INFO] - 185.1 MB (71.9%)
2023-10-14 01:25:26.677 [ INFO] - 185.1 MB (72.9%)
2023-10-14 01:25:26.908 [ INFO] - 185.1 MB (73.9%)
2023-10-14 01:25:27.141 [ INFO] - 185.1 MB (74.9%)
2023-10-14 01:25:27.372 [ INFO] - 185.1 MB (76.0%)
2023-10-14 01:25:27.606 [ INFO] - 185.1 MB (77.0%)
2023-10-14 01:25:27.839 [ INFO] - 185.1 MB (78.0%)
2023-10-14 01:25:28.068 [ INFO] - 185.1 MB (79.1%)
2023-10-14 01:25:28.287 [ INFO] - 185.1 MB (80.1%)
2023-10-14 01:25:28.345 [ INFO] - 185.1 MB (81.1%)
2023-10-14 01:25:28.571 [ INFO] - 185.1 MB (82.1%)
2023-10-14 01:25:28.799 [ INFO] - 185.1 MB (83.2%)
2023-10-14 01:25:29.029 [ INFO] - 185.1 MB (84.2%)
2023-10-14 01:25:29.258 [ INFO] - 185.1 MB (85.2%)
2023-10-14 01:25:29.481 [ INFO] - 185.1 MB (86.2%)
2023-10-14 01:25:29.528 [ INFO] - 185.1 MB (87.3%)
2023-10-14 01:25:29.754 [ INFO] - 185.1 MB (88.3%)
2023-10-14 01:25:29.981 [ INFO] - 185.1 MB (89.3%)
2023-10-14 01:25:30.204 [ INFO] - 185.1 MB (90.3%)
2023-10-14 01:25:30.420 [ INFO] - 185.1 MB (91.4%)
2023-10-14 01:25:30.474 [ INFO] - 185.1 MB (92.4%)
2023-10-14 01:25:30.698 [ INFO] - 185.1 MB (93.4%)
2023-10-14 01:25:30.921 [ INFO] - 185.1 MB (94.5%)
2023-10-14 01:25:31.133 [ INFO] - 185.1 MB (95.5%)
2023-10-14 01:25:31.187 [ INFO] - 185.1 MB (96.5%)
2023-10-14 01:25:31.408 [ INFO] - 185.1 MB (97.5%)
2023-10-14 01:25:31.629 [ INFO] - 185.1 MB (98.6%)
2023-10-14 01:25:31.839 [ INFO] - 185.1 MB (99.6%)
2023-10-14 01:25:31.869 [ INFO] - 185.1 MB (100.0%)
2023-10-14 01:25:31.869 [ INFO] Processing  time : 0:01:08.475951
2023-10-14 01:25:31.869 [ INFO] Downloading time : 0:00:23.992022
2023-10-14 01:25:31.870 [ INFO] Total time       : 0:01:32.467973
2023-10-14 01:25:31.870 [ INFO] Download rate    : 7.4 MB/s
2023-10-14 01:25:31.870 [ INFO] Done

 ... downloading var so

2023-10-14 01:25:32.178 [ INFO] Asynchronous mode set
2023-10-14 01:25:32.179 [ INFO] Authenticating user isoares for service https://nrt.cmems-du.eu/motu-web/Motu
2023-10-14 01:25:36.528 [ INFO] Requesting file to download (this can take a while)...
2023-10-14 01:25:44.125 [ INFO] Authenticating user isoares for service https://nrt.cmems-du.eu/motu-web/Motu
2023-10-14 01:25:55.438 [ INFO] Product is not yet available (request in progress)
2023-10-14 01:26:05.446 [ INFO] Authenticating user isoares for service https://nrt.cmems-du.eu/motu-web/Motu
2023-10-14 01:26:16.730 [ INFO] The product is ready for download
2023-10-14 01:26:16.730 [ INFO] Downloading file (this can take a while)...
2023-10-14 01:26:17.776 [ INFO] File type: application/x-netcdf
2023-10-14 01:26:17.777 [ INFO] File size: 185.1 MB (185115188 B)
2023-10-14 01:26:17.777 [ INFO] Downloading file /home/ivans/operational/pacific_npo_2gr/forecast/d-temporary/nemo_so.nc
2023-10-14 01:26:19.546 [ INFO] - 185.1 MB (1.0%)
2023-10-14 01:26:19.801 [ INFO] - 185.1 MB (2.1%)
2023-10-14 01:26:20.083 [ INFO] - 185.1 MB (3.1%)
2023-10-14 01:26:20.313 [ INFO] - 185.1 MB (4.1%)
2023-10-14 01:26:20.569 [ INFO] - 185.1 MB (5.1%)
2023-10-14 01:26:20.843 [ INFO] - 185.1 MB (6.2%)
2023-10-14 01:26:21.094 [ INFO] - 185.1 MB (7.2%)
2023-10-14 01:26:21.340 [ INFO] - 185.1 MB (8.2%)
2023-10-14 01:26:21.575 [ INFO] - 185.1 MB (9.2%)
2023-10-14 01:26:21.607 [ INFO] - 185.1 MB (10.3%)
2023-10-14 01:26:21.851 [ INFO] - 185.1 MB (11.3%)
2023-10-14 01:26:22.085 [ INFO] - 185.1 MB (12.3%)
2023-10-14 01:26:22.117 [ INFO] - 185.1 MB (13.3%)
2023-10-14 01:26:22.360 [ INFO] - 185.1 MB (14.4%)
2023-10-14 01:26:22.595 [ INFO] - 185.1 MB (15.4%)
2023-10-14 01:26:22.628 [ INFO] - 185.1 MB (16.4%)
2023-10-14 01:26:22.871 [ INFO] - 185.1 MB (17.5%)
2023-10-14 01:26:23.103 [ INFO] - 185.1 MB (18.5%)
2023-10-14 01:26:23.138 [ INFO] - 185.1 MB (19.5%)
2023-10-14 01:26:23.380 [ INFO] - 185.1 MB (20.5%)
2023-10-14 01:26:23.617 [ INFO] - 185.1 MB (21.6%)
2023-10-14 01:26:23.648 [ INFO] - 185.1 MB (22.6%)
2023-10-14 01:26:23.889 [ INFO] - 185.1 MB (23.6%)
2023-10-14 01:26:24.128 [ INFO] - 185.1 MB (24.6%)
2023-10-14 01:26:24.353 [ INFO] - 185.1 MB (25.7%)
2023-10-14 01:26:24.398 [ INFO] - 185.1 MB (26.7%)
2023-10-14 01:26:24.637 [ INFO] - 185.1 MB (27.7%)
2023-10-14 01:26:24.868 [ INFO] - 185.1 MB (28.7%)
2023-10-14 01:26:24.911 [ INFO] - 185.1 MB (29.8%)
2023-10-14 01:26:25.145 [ INFO] - 185.1 MB (30.8%)
2023-10-14 01:26:25.376 [ INFO] - 185.1 MB (31.8%)
2023-10-14 01:26:25.419 [ INFO] - 185.1 MB (32.9%)
2023-10-14 01:26:25.661 [ INFO] - 185.1 MB (33.9%)
2023-10-14 01:26:25.885 [ INFO] - 185.1 MB (34.9%)
2023-10-14 01:26:25.930 [ INFO] - 185.1 MB (35.9%)
2023-10-14 01:26:26.170 [ INFO] - 185.1 MB (37.0%)
2023-10-14 01:26:26.400 [ INFO] - 185.1 MB (38.0%)
2023-10-14 01:26:26.439 [ INFO] - 185.1 MB (39.0%)
2023-10-14 01:26:26.677 [ INFO] - 185.1 MB (40.0%)
2023-10-14 01:26:26.910 [ INFO] - 185.1 MB (41.1%)
2023-10-14 01:26:26.950 [ INFO] - 185.1 MB (42.1%)
2023-10-14 01:26:27.191 [ INFO] - 185.1 MB (43.1%)
2023-10-14 01:26:27.418 [ INFO] - 185.1 MB (44.1%)
2023-10-14 01:26:27.464 [ INFO] - 185.1 MB (45.2%)
2023-10-14 01:26:27.698 [ INFO] - 185.1 MB (46.2%)
2023-10-14 01:26:27.923 [ INFO] - 185.1 MB (47.2%)
2023-10-14 01:26:27.967 [ INFO] - 185.1 MB (48.3%)
2023-10-14 01:26:28.200 [ INFO] - 185.1 MB (49.3%)
2023-10-14 01:26:28.423 [ INFO] - 185.1 MB (50.3%)
2023-10-14 01:26:28.472 [ INFO] - 185.1 MB (51.3%)
2023-10-14 01:26:28.717 [ INFO] - 185.1 MB (52.4%)
2023-10-14 01:26:28.931 [ INFO] - 185.1 MB (53.4%)
2023-10-14 01:26:28.985 [ INFO] - 185.1 MB (54.4%)
2023-10-14 01:26:29.197 [ INFO] - 185.1 MB (55.4%)
2023-10-14 01:26:29.251 [ INFO] - 185.1 MB (56.5%)
2023-10-14 01:26:29.494 [ INFO] - 185.1 MB (57.5%)
2023-10-14 01:26:29.710 [ INFO] - 185.1 MB (58.5%)
2023-10-14 01:26:29.762 [ INFO] - 185.1 MB (59.5%)
2023-10-14 01:26:30.006 [ INFO] - 185.1 MB (60.6%)
2023-10-14 01:26:30.221 [ INFO] - 185.1 MB (61.6%)
2023-10-14 01:26:30.274 [ INFO] - 185.1 MB (62.6%)
2023-10-14 01:26:30.489 [ INFO] - 185.1 MB (63.7%)
2023-10-14 01:26:30.733 [ INFO] - 185.1 MB (64.7%)
2023-10-14 01:26:30.786 [ INFO] - 185.1 MB (65.7%)
2023-10-14 01:26:31.001 [ INFO] - 185.1 MB (66.7%)
2023-10-14 01:26:31.056 [ INFO] - 185.1 MB (67.8%)
2023-10-14 01:26:31.286 [ INFO] - 185.1 MB (68.8%)
2023-10-14 01:26:31.512 [ INFO] - 185.1 MB (69.8%)
2023-10-14 01:26:31.567 [ INFO] - 185.1 MB (70.8%)
2023-10-14 01:26:31.782 [ INFO] - 185.1 MB (71.9%)
2023-10-14 01:26:31.834 [ INFO] - 185.1 MB (72.9%)
2023-10-14 01:26:32.051 [ INFO] - 185.1 MB (73.9%)
2023-10-14 01:26:32.290 [ INFO] - 185.1 MB (74.9%)
2023-10-14 01:26:32.341 [ INFO] - 185.1 MB (76.0%)
2023-10-14 01:26:32.564 [ INFO] - 185.1 MB (77.0%)
2023-10-14 01:26:32.772 [ INFO] - 185.1 MB (78.0%)
2023-10-14 01:26:32.833 [ INFO] - 185.1 MB (79.1%)
2023-10-14 01:26:33.056 [ INFO] - 185.1 MB (80.1%)
2023-10-14 01:26:33.104 [ INFO] - 185.1 MB (81.1%)
2023-10-14 01:26:33.346 [ INFO] - 185.1 MB (82.1%)
2023-10-14 01:26:33.562 [ INFO] - 185.1 MB (83.2%)
2023-10-14 01:26:33.616 [ INFO] - 185.1 MB (84.2%)
2023-10-14 01:26:33.829 [ INFO] - 185.1 MB (85.2%)
2023-10-14 01:26:34.030 [ INFO] - 185.1 MB (86.2%)
2023-10-14 01:26:34.113 [ INFO] - 185.1 MB (87.3%)
2023-10-14 01:26:34.340 [ INFO] - 185.1 MB (88.3%)
2023-10-14 01:26:34.400 [ INFO] - 185.1 MB (89.3%)
2023-10-14 01:26:34.607 [ INFO] - 185.1 MB (90.3%)
2023-10-14 01:26:34.811 [ INFO] - 185.1 MB (91.4%)
2023-10-14 01:26:34.886 [ INFO] - 185.1 MB (92.4%)
2023-10-14 01:26:35.115 [ INFO] - 185.1 MB (93.4%)
2023-10-14 01:26:35.302 [ INFO] - 185.1 MB (94.5%)
2023-10-14 01:26:35.389 [ INFO] - 185.1 MB (95.5%)
2023-10-14 01:26:35.586 [ INFO] - 185.1 MB (96.5%)
2023-10-14 01:26:35.657 [ INFO] - 185.1 MB (97.5%)
2023-10-14 01:26:35.887 [ INFO] - 185.1 MB (98.6%)
2023-10-14 01:26:36.086 [ INFO] - 185.1 MB (99.6%)
2023-10-14 01:26:36.108 [ INFO] - 185.1 MB (100.0%)
2023-10-14 01:26:36.109 [ INFO] Processing  time : 0:00:45.599483
2023-10-14 01:26:36.109 [ INFO] Downloading time : 0:00:18.332032
2023-10-14 01:26:36.109 [ INFO] Total time       : 0:01:03.931515
2023-10-14 01:26:36.109 [ INFO] Download rate    : 9.6 MB/s
2023-10-14 01:26:36.109 [ INFO] Done

 ... downloading var cur

2023-10-14 01:26:36.672 [ INFO] Asynchronous mode set
2023-10-14 01:26:36.676 [ INFO] Authenticating user isoares for service https://nrt.cmems-du.eu/motu-web/Motu
2023-10-14 01:26:41.114 [ INFO] Requesting file to download (this can take a while)...
2023-10-14 01:26:48.203 [ INFO] Authenticating user isoares for service https://nrt.cmems-du.eu/motu-web/Motu
2023-10-14 01:27:00.722 [ INFO] Product is not yet available (request in progress)
2023-10-14 01:27:10.733 [ INFO] Authenticating user isoares for service https://nrt.cmems-du.eu/motu-web/Motu
2023-10-14 01:27:22.208 [ INFO] Product is not yet available (request in progress)
2023-10-14 01:27:32.219 [ INFO] Authenticating user isoares for service https://nrt.cmems-du.eu/motu-web/Motu
2023-10-14 01:27:43.747 [ INFO] The product is ready for download
2023-10-14 01:27:43.748 [ INFO] Downloading file (this can take a while)...
2023-10-14 01:27:45.066 [ INFO] File type: application/x-netcdf
2023-10-14 01:27:45.067 [ INFO] File size: 370.2 MB (370223532 B)
2023-10-14 01:27:45.067 [ INFO] Downloading file /home/ivans/operational/pacific_npo_2gr/forecast/d-temporary/nemo_cur.nc
2023-10-14 01:27:46.843 [ INFO] - 370.2 MB (1.0%)
2023-10-14 01:27:47.591 [ INFO] - 370.2 MB (2.0%)
2023-10-14 01:27:48.100 [ INFO] - 370.2 MB (3.0%)
2023-10-14 01:27:48.623 [ INFO] - 370.2 MB (4.0%)
2023-10-14 01:27:49.364 [ INFO] - 370.2 MB (5.0%)
2023-10-14 01:27:49.884 [ INFO] - 370.2 MB (6.1%)
2023-10-14 01:27:50.617 [ INFO] - 370.2 MB (7.1%)
2023-10-14 01:27:51.130 [ INFO] - 370.2 MB (8.1%)
2023-10-14 01:27:51.645 [ INFO] - 370.2 MB (9.1%)
2023-10-14 01:27:52.156 [ INFO] - 370.2 MB (10.1%)
2023-10-14 01:27:52.885 [ INFO] - 370.2 MB (11.1%)
2023-10-14 01:27:53.396 [ INFO] - 370.2 MB (12.1%)
2023-10-14 01:27:53.904 [ INFO] - 370.2 MB (13.1%)
2023-10-14 01:27:54.416 [ INFO] - 370.2 MB (14.1%)
2023-10-14 01:27:54.926 [ INFO] - 370.2 MB (15.1%)
2023-10-14 01:27:55.645 [ INFO] - 370.2 MB (16.1%)
2023-10-14 01:27:56.161 [ INFO] - 370.2 MB (17.2%)
2023-10-14 01:27:56.671 [ INFO] - 370.2 MB (18.2%)
2023-10-14 01:27:57.181 [ INFO] - 370.2 MB (19.2%)
2023-10-14 01:27:57.691 [ INFO] - 370.2 MB (20.2%)
2023-10-14 01:27:58.201 [ INFO] - 370.2 MB (21.2%)
2023-10-14 01:27:58.905 [ INFO] - 370.2 MB (22.2%)
2023-10-14 01:27:59.432 [ INFO] - 370.2 MB (23.2%)
2023-10-14 01:27:59.943 [ INFO] - 370.2 MB (24.2%)
2023-10-14 01:28:00.452 [ INFO] - 370.2 MB (25.2%)
2023-10-14 01:28:00.961 [ INFO] - 370.2 MB (26.2%)
2023-10-14 01:28:01.467 [ INFO] - 370.2 MB (27.2%)
2023-10-14 01:28:01.972 [ INFO] - 370.2 MB (28.3%)
2023-10-14 01:28:02.478 [ INFO] - 370.2 MB (29.3%)
2023-10-14 01:28:02.982 [ INFO] - 370.2 MB (30.3%)
2023-10-14 01:28:03.486 [ INFO] - 370.2 MB (31.3%)
2023-10-14 01:28:03.987 [ INFO] - 370.2 MB (32.3%)
2023-10-14 01:28:04.484 [ INFO] - 370.2 MB (33.3%)
2023-10-14 01:28:04.977 [ INFO] - 370.2 MB (34.3%)
2023-10-14 01:28:05.449 [ INFO] - 370.2 MB (35.3%)
2023-10-14 01:28:05.757 [ INFO] - 370.2 MB (36.3%)
2023-10-14 01:28:06.243 [ INFO] - 370.2 MB (37.3%)
2023-10-14 01:28:06.710 [ INFO] - 370.2 MB (38.3%)
2023-10-14 01:28:07.013 [ INFO] - 370.2 MB (39.4%)
2023-10-14 01:28:07.481 [ INFO] - 370.2 MB (40.4%)
2023-10-14 01:28:07.770 [ INFO] - 370.2 MB (41.4%)
2023-10-14 01:28:08.233 [ INFO] - 370.2 MB (42.4%)
2023-10-14 01:28:08.522 [ INFO] - 370.2 MB (43.4%)
2023-10-14 01:28:08.970 [ INFO] - 370.2 MB (44.4%)
2023-10-14 01:28:09.270 [ INFO] - 370.2 MB (45.4%)
2023-10-14 01:28:09.545 [ INFO] - 370.2 MB (46.4%)
2023-10-14 01:28:10.017 [ INFO] - 370.2 MB (47.4%)
2023-10-14 01:28:10.294 [ INFO] - 370.2 MB (48.4%)
2023-10-14 01:28:10.756 [ INFO] - 370.2 MB (49.4%)
2023-10-14 01:28:11.040 [ INFO] - 370.2 MB (50.4%)
2023-10-14 01:28:11.489 [ INFO] - 370.2 MB (51.5%)
2023-10-14 01:28:11.785 [ INFO] - 370.2 MB (52.5%)
2023-10-14 01:28:12.062 [ INFO] - 370.2 MB (53.5%)
2023-10-14 01:28:12.512 [ INFO] - 370.2 MB (54.5%)
2023-10-14 01:28:12.801 [ INFO] - 370.2 MB (55.5%)
2023-10-14 01:28:13.072 [ INFO] - 370.2 MB (56.5%)
2023-10-14 01:28:13.536 [ INFO] - 370.2 MB (57.5%)
2023-10-14 01:28:13.813 [ INFO] - 370.2 MB (58.5%)
2023-10-14 01:28:14.259 [ INFO] - 370.2 MB (59.5%)
2023-10-14 01:28:14.549 [ INFO] - 370.2 MB (60.5%)
2023-10-14 01:28:14.821 [ INFO] - 370.2 MB (61.5%)
2023-10-14 01:28:15.274 [ INFO] - 370.2 MB (62.6%)
2023-10-14 01:28:15.559 [ INFO] - 370.2 MB (63.6%)
2023-10-14 01:28:15.834 [ INFO] - 370.2 MB (64.6%)
2023-10-14 01:28:16.284 [ INFO] - 370.2 MB (65.6%)
2023-10-14 01:28:16.573 [ INFO] - 370.2 MB (66.6%)
2023-10-14 01:28:16.842 [ INFO] - 370.2 MB (67.6%)
2023-10-14 01:28:17.307 [ INFO] - 370.2 MB (68.6%)
2023-10-14 01:28:17.578 [ INFO] - 370.2 MB (69.6%)
2023-10-14 01:28:18.022 [ INFO] - 370.2 MB (70.6%)
2023-10-14 01:28:18.310 [ INFO] - 370.2 MB (71.6%)
2023-10-14 01:28:18.587 [ INFO] - 370.2 MB (72.6%)
2023-10-14 01:28:19.027 [ INFO] - 370.2 MB (73.7%)
2023-10-14 01:28:19.321 [ INFO] - 370.2 MB (74.7%)
2023-10-14 01:28:19.597 [ INFO] - 370.2 MB (75.7%)
2023-10-14 01:28:20.038 [ INFO] - 370.2 MB (76.7%)
2023-10-14 01:28:20.332 [ INFO] - 370.2 MB (77.7%)
2023-10-14 01:28:20.607 [ INFO] - 370.2 MB (78.7%)
2023-10-14 01:28:21.045 [ INFO] - 370.2 MB (79.7%)
2023-10-14 01:28:21.343 [ INFO] - 370.2 MB (80.7%)
2023-10-14 01:28:21.611 [ INFO] - 370.2 MB (81.7%)
2023-10-14 01:28:22.040 [ INFO] - 370.2 MB (82.7%)
2023-10-14 01:28:22.355 [ INFO] - 370.2 MB (83.7%)
2023-10-14 01:28:22.619 [ INFO] - 370.2 MB (84.8%)
2023-10-14 01:28:22.902 [ INFO] - 370.2 MB (85.8%)
2023-10-14 01:28:23.287 [ INFO] - 370.2 MB (86.8%)
2023-10-14 01:28:23.625 [ INFO] - 370.2 MB (87.8%)
2023-10-14 01:28:23.898 [ INFO] - 370.2 MB (88.8%)
2023-10-14 01:28:24.163 [ INFO] - 370.2 MB (89.8%)
2023-10-14 01:28:24.446 [ INFO] - 370.2 MB (90.8%)
2023-10-14 01:28:24.845 [ INFO] - 370.2 MB (91.8%)
2023-10-14 01:28:25.178 [ INFO] - 370.2 MB (92.8%)
2023-10-14 01:28:25.441 [ INFO] - 370.2 MB (93.8%)
2023-10-14 01:28:25.705 [ INFO] - 370.2 MB (94.8%)
2023-10-14 01:28:25.989 [ INFO] - 370.2 MB (95.9%)
2023-10-14 01:28:26.348 [ INFO] - 370.2 MB (96.9%)
2023-10-14 01:28:26.681 [ INFO] - 370.2 MB (97.9%)
2023-10-14 01:28:26.985 [ INFO] - 370.2 MB (98.9%)
2023-10-14 01:28:27.319 [ INFO] - 370.2 MB (99.9%)
2023-10-14 01:28:27.325 [ INFO] - 370.2 MB (100.0%)
2023-10-14 01:28:27.326 [ INFO] Processing  time : 0:01:08.395942
2023-10-14 01:28:27.328 [ INFO] Downloading time : 0:00:42.258988
2023-10-14 01:28:27.328 [ INFO] Total time       : 0:01:50.654930
2023-10-14 01:28:27.328 [ INFO] Download rate    : 8.5 MB/s
2023-10-14 01:28:27.329 [ INFO] Done

 ... end of get_nemo_anfc_uvts

/home/ivans/.local/lib/python3.8/site-packages/numpy/ma/core.py:1156: RuntimeWarning: overflow encountered in true_divide
  result = self.f(da, db, *args, **kwargs)

 +++ End of get nemo 06h +++


 +++ Starting get nemo 06h +++


 ... starting script to get nemo anfc ssh

date ini = 2023-10-15 00:30:00
date end = 2023-10-15 00:30:00

 ... downloading ssh

2023-10-14 01:28:55.817 [ INFO] Asynchronous mode set
2023-10-14 01:28:55.819 [ INFO] Authenticating user isoares for service https://nrt.cmems-du.eu/motu-web/Motu
2023-10-14 01:29:00.376 [ INFO] Requesting file to download (this can take a while)...
2023-10-14 01:29:07.518 [ INFO] Authenticating user isoares for service https://nrt.cmems-du.eu/motu-web/Motu
2023-10-14 01:29:19.039 [ INFO] The product is ready for download
2023-10-14 01:29:19.040 [ INFO] Downloading file (this can take a while)...
2023-10-14 01:29:20.041 [ INFO] File type: application/x-netcdf
2023-10-14 01:29:20.042 [ INFO] File size: 932.1 kB (932120 B)
2023-10-14 01:29:20.042 [ INFO] Downloading file /home/ivans/operational/pacific_npo_2gr/forecast/d-temporary/nemo_ssh_20231015.nc
2023-10-14 01:29:20.532 [ INFO] - 932.1 kB (7.0%)
2023-10-14 01:29:20.777 [ INFO] - 932.1 kB (14.1%)
2023-10-14 01:29:21.022 [ INFO] - 932.1 kB (21.1%)
2023-10-14 01:29:21.023 [ INFO] - 932.1 kB (28.1%)
2023-10-14 01:29:21.025 [ INFO] - 932.1 kB (35.2%)
2023-10-14 01:29:21.026 [ INFO] - 932.1 kB (42.2%)
2023-10-14 01:29:21.270 [ INFO] - 932.1 kB (49.2%)
2023-10-14 01:29:21.272 [ INFO] - 932.1 kB (56.2%)
2023-10-14 01:29:21.273 [ INFO] - 932.1 kB (63.3%)
2023-10-14 01:29:21.273 [ INFO] - 932.1 kB (70.3%)
2023-10-14 01:29:21.274 [ INFO] - 932.1 kB (77.3%)
2023-10-14 01:29:21.275 [ INFO] - 932.1 kB (84.4%)
2023-10-14 01:29:21.275 [ INFO] - 932.1 kB (91.4%)
2023-10-14 01:29:21.515 [ INFO] - 932.1 kB (98.4%)
2023-10-14 01:29:21.516 [ INFO] - 932.1 kB (100.0%)
2023-10-14 01:29:21.516 [ INFO] Processing  time : 0:00:24.225491
2023-10-14 01:29:21.516 [ INFO] Downloading time : 0:00:01.474079
2023-10-14 01:29:21.516 [ INFO] Total time       : 0:00:25.699570
2023-10-14 01:29:21.516 [ INFO] Download rate    : 376.4 kB/s
2023-10-14 01:29:21.517 [ INFO] Done

 ... starting script to get nemo anfc pt6h1 uvts

date ini = 2023-10-15 00:00:00
date end = 2023-10-15 00:00:00


 ... downloading var thetao

2023-10-14 01:29:21.959 [ INFO] Asynchronous mode set
2023-10-14 01:29:21.961 [ INFO] Authenticating user isoares for service https://nrt.cmems-du.eu/motu-web/Motu
2023-10-14 01:29:26.159 [ INFO] Requesting file to download (this can take a while)...
2023-10-14 01:29:33.255 [ INFO] Authenticating user isoares for service https://nrt.cmems-du.eu/motu-web/Motu
2023-10-14 01:29:44.645 [ INFO] The product is ready for download
2023-10-14 01:29:44.646 [ INFO] Downloading file (this can take a while)...
2023-10-14 01:29:45.619 [ INFO] File type: application/x-netcdf
2023-10-14 01:29:45.619 [ INFO] File size: 46.3 MB (46284188 B)
2023-10-14 01:29:45.619 [ INFO] Downloading file /home/ivans/operational/pacific_npo_2gr/forecast/d-temporary/nemo_thetao.nc
2023-10-14 01:29:46.802 [ INFO] -  46.3 MB (1.1%)
2023-10-14 01:29:47.039 [ INFO] -  46.3 MB (2.3%)
2023-10-14 01:29:47.269 [ INFO] -  46.3 MB (3.4%)
2023-10-14 01:29:47.278 [ INFO] -  46.3 MB (4.5%)
2023-10-14 01:29:47.285 [ INFO] -  46.3 MB (5.7%)
2023-10-14 01:29:47.291 [ INFO] -  46.3 MB (6.8%)
2023-10-14 01:29:47.514 [ INFO] -  46.3 MB (7.9%)
2023-10-14 01:29:47.521 [ INFO] -  46.3 MB (9.1%)
2023-10-14 01:29:47.528 [ INFO] -  46.3 MB (10.2%)
2023-10-14 01:29:47.772 [ INFO] -  46.3 MB (11.3%)
2023-10-14 01:29:47.985 [ INFO] -  46.3 MB (12.5%)
2023-10-14 01:29:47.989 [ INFO] -  46.3 MB (13.6%)
2023-10-14 01:29:47.993 [ INFO] -  46.3 MB (14.7%)
2023-10-14 01:29:47.996 [ INFO] -  46.3 MB (15.9%)
2023-10-14 01:29:47.998 [ INFO] -  46.3 MB (17.0%)
2023-10-14 01:29:48.225 [ INFO] -  46.3 MB (18.1%)
2023-10-14 01:29:48.232 [ INFO] -  46.3 MB (19.3%)
2023-10-14 01:29:48.479 [ INFO] -  46.3 MB (20.4%)
2023-10-14 01:29:48.702 [ INFO] -  46.3 MB (21.5%)
2023-10-14 01:29:48.705 [ INFO] -  46.3 MB (22.7%)
2023-10-14 01:29:48.708 [ INFO] -  46.3 MB (23.8%)
2023-10-14 01:29:48.710 [ INFO] -  46.3 MB (24.9%)
2023-10-14 01:29:48.717 [ INFO] -  46.3 MB (26.1%)
2023-10-14 01:29:48.939 [ INFO] -  46.3 MB (27.2%)
2023-10-14 01:29:48.945 [ INFO] -  46.3 MB (28.3%)
2023-10-14 01:29:48.957 [ INFO] -  46.3 MB (29.5%)
2023-10-14 01:29:49.178 [ INFO] -  46.3 MB (30.6%)
2023-10-14 01:29:49.189 [ INFO] -  46.3 MB (31.7%)
2023-10-14 01:29:49.196 [ INFO] -  46.3 MB (32.8%)
2023-10-14 01:29:49.418 [ INFO] -  46.3 MB (34.0%)
2023-10-14 01:29:49.429 [ INFO] -  46.3 MB (35.1%)
2023-10-14 01:29:49.649 [ INFO] -  46.3 MB (36.2%)
2023-10-14 01:29:49.657 [ INFO] -  46.3 MB (37.4%)
2023-10-14 01:29:49.668 [ INFO] -  46.3 MB (38.5%)
2023-10-14 01:29:49.888 [ INFO] -  46.3 MB (39.6%)
2023-10-14 01:29:49.895 [ INFO] -  46.3 MB (40.8%)
2023-10-14 01:29:49.907 [ INFO] -  46.3 MB (41.9%)
2023-10-14 01:29:50.127 [ INFO] -  46.3 MB (43.0%)
2023-10-14 01:29:50.137 [ INFO] -  46.3 MB (44.2%)
2023-10-14 01:29:50.145 [ INFO] -  46.3 MB (45.3%)
2023-10-14 01:29:50.366 [ INFO] -  46.3 MB (46.4%)
2023-10-14 01:29:50.376 [ INFO] -  46.3 MB (47.6%)
2023-10-14 01:29:50.384 [ INFO] -  46.3 MB (48.7%)
2023-10-14 01:29:50.603 [ INFO] -  46.3 MB (49.8%)
2023-10-14 01:29:50.613 [ INFO] -  46.3 MB (51.0%)
2023-10-14 01:29:50.621 [ INFO] -  46.3 MB (52.1%)
2023-10-14 01:29:50.841 [ INFO] -  46.3 MB (53.2%)
2023-10-14 01:29:50.850 [ INFO] -  46.3 MB (54.4%)
2023-10-14 01:29:50.858 [ INFO] -  46.3 MB (55.5%)
2023-10-14 01:29:51.079 [ INFO] -  46.3 MB (56.6%)
2023-10-14 01:29:51.087 [ INFO] -  46.3 MB (57.8%)
2023-10-14 01:29:51.095 [ INFO] -  46.3 MB (58.9%)
2023-10-14 01:29:51.314 [ INFO] -  46.3 MB (60.0%)
2023-10-14 01:29:51.323 [ INFO] -  46.3 MB (61.2%)
2023-10-14 01:29:51.331 [ INFO] -  46.3 MB (62.3%)
2023-10-14 01:29:51.551 [ INFO] -  46.3 MB (63.4%)
2023-10-14 01:29:51.560 [ INFO] -  46.3 MB (64.6%)
2023-10-14 01:29:51.569 [ INFO] -  46.3 MB (65.7%)
2023-10-14 01:29:51.787 [ INFO] -  46.3 MB (66.8%)
2023-10-14 01:29:51.796 [ INFO] -  46.3 MB (68.0%)
2023-10-14 01:29:51.805 [ INFO] -  46.3 MB (69.1%)
2023-10-14 01:29:52.023 [ INFO] -  46.3 MB (70.2%)
2023-10-14 01:29:52.033 [ INFO] -  46.3 MB (71.4%)
2023-10-14 01:29:52.041 [ INFO] -  46.3 MB (72.5%)
2023-10-14 01:29:52.259 [ INFO] -  46.3 MB (73.6%)
2023-10-14 01:29:52.268 [ INFO] -  46.3 MB (74.8%)
2023-10-14 01:29:52.277 [ INFO] -  46.3 MB (75.9%)
2023-10-14 01:29:52.494 [ INFO] -  46.3 MB (77.0%)
2023-10-14 01:29:52.504 [ INFO] -  46.3 MB (78.2%)
2023-10-14 01:29:52.513 [ INFO] -  46.3 MB (79.3%)
2023-10-14 01:29:52.730 [ INFO] -  46.3 MB (80.4%)
2023-10-14 01:29:52.739 [ INFO] -  46.3 MB (81.6%)
2023-10-14 01:29:52.748 [ INFO] -  46.3 MB (82.7%)
2023-10-14 01:29:52.965 [ INFO] -  46.3 MB (83.8%)
2023-10-14 01:29:52.974 [ INFO] -  46.3 MB (85.0%)
2023-10-14 01:29:52.984 [ INFO] -  46.3 MB (86.1%)
2023-10-14 01:29:53.069 [ INFO] -  46.3 MB (87.2%)
2023-10-14 01:29:53.209 [ INFO] -  46.3 MB (88.4%)
2023-10-14 01:29:53.219 [ INFO] -  46.3 MB (89.5%)
2023-10-14 01:29:53.228 [ INFO] -  46.3 MB (90.6%)
2023-10-14 01:29:53.444 [ INFO] -  46.3 MB (91.8%)
2023-10-14 01:29:53.454 [ INFO] -  46.3 MB (92.9%)
2023-10-14 01:29:53.464 [ INFO] -  46.3 MB (94.0%)
2023-10-14 01:29:53.680 [ INFO] -  46.3 MB (95.2%)
2023-10-14 01:29:53.690 [ INFO] -  46.3 MB (96.3%)
2023-10-14 01:29:53.699 [ INFO] -  46.3 MB (97.4%)
2023-10-14 01:29:53.912 [ INFO] -  46.3 MB (98.5%)
2023-10-14 01:29:53.924 [ INFO] -  46.3 MB (99.7%)
2023-10-14 01:29:53.927 [ INFO] -  46.3 MB (100.0%)
2023-10-14 01:29:53.927 [ INFO] Processing  time : 0:00:23.661146
2023-10-14 01:29:53.927 [ INFO] Downloading time : 0:00:08.307763
2023-10-14 01:29:53.927 [ INFO] Total time       : 0:00:31.968909
2023-10-14 01:29:53.927 [ INFO] Download rate    : 5.0 MB/s
2023-10-14 01:29:53.928 [ INFO] Done

 ... downloading var so

2023-10-14 01:29:54.271 [ INFO] Asynchronous mode set
2023-10-14 01:29:54.273 [ INFO] Authenticating user isoares for service https://nrt.cmems-du.eu/motu-web/Motu
2023-10-14 01:29:58.533 [ INFO] Requesting file to download (this can take a while)...
2023-10-14 01:30:05.652 [ INFO] Authenticating user isoares for service https://nrt.cmems-du.eu/motu-web/Motu
2023-10-14 01:30:17.886 [ INFO] The product is ready for download
2023-10-14 01:30:17.887 [ INFO] Downloading file (this can take a while)...
2023-10-14 01:30:19.198 [ INFO] File type: application/x-netcdf
2023-10-14 01:30:19.199 [ INFO] File size: 46.3 MB (46284164 B)
2023-10-14 01:30:19.199 [ INFO] Downloading file /home/ivans/operational/pacific_npo_2gr/forecast/d-temporary/nemo_so.nc
2023-10-14 01:30:20.479 [ INFO] -  46.3 MB (1.1%)
2023-10-14 01:30:20.735 [ INFO] -  46.3 MB (2.3%)
2023-10-14 01:30:20.742 [ INFO] -  46.3 MB (3.4%)
2023-10-14 01:30:20.992 [ INFO] -  46.3 MB (4.5%)
2023-10-14 01:30:20.999 [ INFO] -  46.3 MB (5.7%)
2023-10-14 01:30:21.005 [ INFO] -  46.3 MB (6.8%)
2023-10-14 01:30:21.012 [ INFO] -  46.3 MB (7.9%)
2023-10-14 01:30:21.508 [ INFO] -  46.3 MB (9.1%)
2023-10-14 01:30:21.512 [ INFO] -  46.3 MB (10.2%)
2023-10-14 01:30:21.516 [ INFO] -  46.3 MB (11.3%)
2023-10-14 01:30:21.519 [ INFO] -  46.3 MB (12.5%)
2023-10-14 01:30:21.522 [ INFO] -  46.3 MB (13.6%)
2023-10-14 01:30:21.525 [ INFO] -  46.3 MB (14.7%)
2023-10-14 01:30:21.767 [ INFO] -  46.3 MB (15.9%)
2023-10-14 01:30:21.773 [ INFO] -  46.3 MB (17.0%)
2023-10-14 01:30:21.780 [ INFO] -  46.3 MB (18.1%)
2023-10-14 01:30:22.043 [ INFO] -  46.3 MB (19.3%)
2023-10-14 01:30:22.046 [ INFO] -  46.3 MB (20.4%)
2023-10-14 01:30:22.050 [ INFO] -  46.3 MB (21.5%)
2023-10-14 01:30:22.054 [ INFO] -  46.3 MB (22.7%)
2023-10-14 01:30:22.282 [ INFO] -  46.3 MB (23.8%)
2023-10-14 01:30:22.296 [ INFO] -  46.3 MB (24.9%)
2023-10-14 01:30:22.303 [ INFO] -  46.3 MB (26.1%)
2023-10-14 01:30:22.542 [ INFO] -  46.3 MB (27.2%)
2023-10-14 01:30:22.556 [ INFO] -  46.3 MB (28.3%)
2023-10-14 01:30:22.563 [ INFO] -  46.3 MB (29.5%)
2023-10-14 01:30:22.802 [ INFO] -  46.3 MB (30.6%)
2023-10-14 01:30:22.814 [ INFO] -  46.3 MB (31.7%)
2023-10-14 01:30:23.047 [ INFO] -  46.3 MB (32.9%)
2023-10-14 01:30:23.062 [ INFO] -  46.3 MB (34.0%)
2023-10-14 01:30:23.073 [ INFO] -  46.3 MB (35.1%)
2023-10-14 01:30:23.306 [ INFO] -  46.3 MB (36.2%)
2023-10-14 01:30:23.321 [ INFO] -  46.3 MB (37.4%)
2023-10-14 01:30:23.331 [ INFO] -  46.3 MB (38.5%)
2023-10-14 01:30:23.563 [ INFO] -  46.3 MB (39.6%)
2023-10-14 01:30:23.578 [ INFO] -  46.3 MB (40.8%)
2023-10-14 01:30:23.588 [ INFO] -  46.3 MB (41.9%)
2023-10-14 01:30:23.822 [ INFO] -  46.3 MB (43.0%)
2023-10-14 01:30:23.837 [ INFO] -  46.3 MB (44.2%)
2023-10-14 01:30:23.845 [ INFO] -  46.3 MB (45.3%)
2023-10-14 01:30:24.078 [ INFO] -  46.3 MB (46.4%)
2023-10-14 01:30:24.093 [ INFO] -  46.3 MB (47.6%)
2023-10-14 01:30:24.103 [ INFO] -  46.3 MB (48.7%)
2023-10-14 01:30:24.334 [ INFO] -  46.3 MB (49.8%)
2023-10-14 01:30:24.348 [ INFO] -  46.3 MB (51.0%)
2023-10-14 01:30:24.360 [ INFO] -  46.3 MB (52.1%)
2023-10-14 01:30:24.590 [ INFO] -  46.3 MB (53.2%)
2023-10-14 01:30:24.604 [ INFO] -  46.3 MB (54.4%)
2023-10-14 01:30:24.616 [ INFO] -  46.3 MB (55.5%)
2023-10-14 01:30:24.845 [ INFO] -  46.3 MB (56.6%)
2023-10-14 01:30:24.858 [ INFO] -  46.3 MB (57.8%)
2023-10-14 01:30:24.871 [ INFO] -  46.3 MB (58.9%)
2023-10-14 01:30:25.099 [ INFO] -  46.3 MB (60.0%)
2023-10-14 01:30:25.113 [ INFO] -  46.3 MB (61.2%)
2023-10-14 01:30:25.125 [ INFO] -  46.3 MB (62.3%)
2023-10-14 01:30:25.355 [ INFO] -  46.3 MB (63.4%)
2023-10-14 01:30:25.369 [ INFO] -  46.3 MB (64.6%)
2023-10-14 01:30:25.380 [ INFO] -  46.3 MB (65.7%)
2023-10-14 01:30:25.607 [ INFO] -  46.3 MB (66.8%)
2023-10-14 01:30:25.626 [ INFO] -  46.3 MB (68.0%)
2023-10-14 01:30:25.636 [ INFO] -  46.3 MB (69.1%)
2023-10-14 01:30:25.859 [ INFO] -  46.3 MB (70.2%)
2023-10-14 01:30:25.877 [ INFO] -  46.3 MB (71.4%)
2023-10-14 01:30:25.890 [ INFO] -  46.3 MB (72.5%)
2023-10-14 01:30:25.902 [ INFO] -  46.3 MB (73.6%)
2023-10-14 01:30:26.131 [ INFO] -  46.3 MB (74.8%)
2023-10-14 01:30:26.145 [ INFO] -  46.3 MB (75.9%)
2023-10-14 01:30:26.155 [ INFO] -  46.3 MB (77.0%)
2023-10-14 01:30:26.385 [ INFO] -  46.3 MB (78.2%)
2023-10-14 01:30:26.400 [ INFO] -  46.3 MB (79.3%)
2023-10-14 01:30:26.409 [ INFO] -  46.3 MB (80.4%)
2023-10-14 01:30:26.637 [ INFO] -  46.3 MB (81.6%)
2023-10-14 01:30:26.653 [ INFO] -  46.3 MB (82.7%)
2023-10-14 01:30:26.665 [ INFO] -  46.3 MB (83.8%)
2023-10-14 01:30:26.891 [ INFO] -  46.3 MB (85.0%)
2023-10-14 01:30:26.905 [ INFO] -  46.3 MB (86.1%)
2023-10-14 01:30:26.919 [ INFO] -  46.3 MB (87.2%)
2023-10-14 01:30:27.139 [ INFO] -  46.3 MB (88.4%)
2023-10-14 01:30:27.158 [ INFO] -  46.3 MB (89.5%)
2023-10-14 01:30:27.172 [ INFO] -  46.3 MB (90.6%)
2023-10-14 01:30:27.184 [ INFO] -  46.3 MB (91.8%)
2023-10-14 01:30:27.410 [ INFO] -  46.3 MB (92.9%)
2023-10-14 01:30:27.425 [ INFO] -  46.3 MB (94.0%)
2023-10-14 01:30:27.438 [ INFO] -  46.3 MB (95.2%)
2023-10-14 01:30:27.663 [ INFO] -  46.3 MB (96.3%)
2023-10-14 01:30:27.677 [ INFO] -  46.3 MB (97.4%)
2023-10-14 01:30:27.691 [ INFO] -  46.3 MB (98.6%)
2023-10-14 01:30:27.914 [ INFO] -  46.3 MB (99.7%)
2023-10-14 01:30:27.919 [ INFO] -  46.3 MB (100.0%)
2023-10-14 01:30:27.919 [ INFO] Processing  time : 0:00:24.927896
2023-10-14 01:30:27.919 [ INFO] Downloading time : 0:00:08.720623
2023-10-14 01:30:27.920 [ INFO] Total time       : 0:00:33.648519
2023-10-14 01:30:27.920 [ INFO] Download rate    : 4.6 MB/s
2023-10-14 01:30:27.920 [ INFO] Done

 ... downloading var cur

2023-10-14 01:30:28.253 [ INFO] Asynchronous mode set
2023-10-14 01:30:28.254 [ INFO] Authenticating user isoares for service https://nrt.cmems-du.eu/motu-web/Motu
2023-10-14 01:30:32.621 [ INFO] Requesting file to download (this can take a while)...
2023-10-14 01:30:39.708 [ INFO] Authenticating user isoares for service https://nrt.cmems-du.eu/motu-web/Motu
2023-10-14 01:30:51.358 [ INFO] Product is not yet available (request in progress)
2023-10-14 01:31:01.366 [ INFO] Authenticating user isoares for service https://nrt.cmems-du.eu/motu-web/Motu
2023-10-14 01:31:13.165 [ INFO] The product is ready for download
2023-10-14 01:31:13.165 [ INFO] Downloading file (this can take a while)...
2023-10-14 01:31:14.142 [ INFO] File type: application/x-netcdf
2023-10-14 01:31:14.142 [ INFO] File size: 92.6 MB (92561508 B)
2023-10-14 01:31:14.142 [ INFO] Downloading file /home/ivans/operational/pacific_npo_2gr/forecast/d-temporary/nemo_cur.nc
2023-10-14 01:31:15.559 [ INFO] -  92.6 MB (1.1%)
2023-10-14 01:31:15.798 [ INFO] -  92.6 MB (2.1%)
2023-10-14 01:31:15.811 [ INFO] -  92.6 MB (3.2%)
2023-10-14 01:31:16.041 [ INFO] -  92.6 MB (4.2%)
2023-10-14 01:31:16.292 [ INFO] -  92.6 MB (5.3%)
2023-10-14 01:31:16.300 [ INFO] -  92.6 MB (6.4%)
2023-10-14 01:31:16.305 [ INFO] -  92.6 MB (7.4%)
2023-10-14 01:31:16.506 [ INFO] -  92.6 MB (8.5%)
2023-10-14 01:31:16.546 [ INFO] -  92.6 MB (9.6%)
2023-10-14 01:31:16.747 [ INFO] -  92.6 MB (10.6%)
2023-10-14 01:31:16.784 [ INFO] -  92.6 MB (11.7%)
2023-10-14 01:31:16.982 [ INFO] -  92.6 MB (12.7%)
2023-10-14 01:31:17.022 [ INFO] -  92.6 MB (13.8%)
2023-10-14 01:31:17.214 [ INFO] -  92.6 MB (14.9%)
2023-10-14 01:31:17.259 [ INFO] -  92.6 MB (15.9%)
2023-10-14 01:31:17.272 [ INFO] -  92.6 MB (17.0%)
2023-10-14 01:31:17.496 [ INFO] -  92.6 MB (18.1%)
2023-10-14 01:31:17.508 [ INFO] -  92.6 MB (19.1%)
2023-10-14 01:31:17.732 [ INFO] -  92.6 MB (20.2%)
2023-10-14 01:31:17.745 [ INFO] -  92.6 MB (21.2%)
2023-10-14 01:31:17.966 [ INFO] -  92.6 MB (22.3%)
2023-10-14 01:31:17.980 [ INFO] -  92.6 MB (23.4%)
2023-10-14 01:31:18.198 [ INFO] -  92.6 MB (24.4%)
2023-10-14 01:31:18.215 [ INFO] -  92.6 MB (25.5%)
2023-10-14 01:31:18.401 [ INFO] -  92.6 MB (26.6%)
2023-10-14 01:31:18.449 [ INFO] -  92.6 MB (27.6%)
2023-10-14 01:31:18.461 [ INFO] -  92.6 MB (28.7%)
2023-10-14 01:31:18.681 [ INFO] -  92.6 MB (29.7%)
2023-10-14 01:31:18.696 [ INFO] -  92.6 MB (30.8%)
2023-10-14 01:31:18.911 [ INFO] -  92.6 MB (31.9%)
2023-10-14 01:31:18.929 [ INFO] -  92.6 MB (32.9%)
2023-10-14 01:31:19.110 [ INFO] -  92.6 MB (34.0%)
2023-10-14 01:31:19.161 [ INFO] -  92.6 MB (35.0%)
2023-10-14 01:31:19.175 [ INFO] -  92.6 MB (36.1%)
2023-10-14 01:31:19.389 [ INFO] -  92.6 MB (37.2%)
2023-10-14 01:31:19.407 [ INFO] -  92.6 MB (38.2%)
2023-10-14 01:31:19.588 [ INFO] -  92.6 MB (39.3%)
2023-10-14 01:31:19.636 [ INFO] -  92.6 MB (40.4%)
2023-10-14 01:31:19.652 [ INFO] -  92.6 MB (41.4%)
2023-10-14 01:31:19.864 [ INFO] -  92.6 MB (42.5%)
2023-10-14 01:31:19.883 [ INFO] -  92.6 MB (43.5%)
2023-10-14 01:31:20.063 [ INFO] -  92.6 MB (44.6%)
2023-10-14 01:31:20.111 [ INFO] -  92.6 MB (45.7%)
2023-10-14 01:31:20.126 [ INFO] -  92.6 MB (46.7%)
2023-10-14 01:31:20.336 [ INFO] -  92.6 MB (47.8%)
2023-10-14 01:31:20.357 [ INFO] -  92.6 MB (48.9%)
2023-10-14 01:31:20.532 [ INFO] -  92.6 MB (49.9%)
2023-10-14 01:31:20.583 [ INFO] -  92.6 MB (51.0%)
2023-10-14 01:31:20.601 [ INFO] -  92.6 MB (52.0%)
2023-10-14 01:31:20.809 [ INFO] -  92.6 MB (53.1%)
2023-10-14 01:31:20.829 [ INFO] -  92.6 MB (54.2%)
2023-10-14 01:31:20.914 [ INFO] -  92.6 MB (55.2%)
2023-10-14 01:31:21.055 [ INFO] -  92.6 MB (56.3%)
2023-10-14 01:31:21.074 [ INFO] -  92.6 MB (57.4%)
2023-10-14 01:31:21.272 [ INFO] -  92.6 MB (58.4%)
2023-10-14 01:31:21.301 [ INFO] -  92.6 MB (59.5%)
2023-10-14 01:31:21.318 [ INFO] -  92.6 MB (60.5%)
2023-10-14 01:31:21.524 [ INFO] -  92.6 MB (61.6%)
2023-10-14 01:31:21.545 [ INFO] -  92.6 MB (62.7%)
2023-10-14 01:31:21.719 [ INFO] -  92.6 MB (63.7%)
2023-10-14 01:31:21.770 [ INFO] -  92.6 MB (64.8%)
2023-10-14 01:31:21.789 [ INFO] -  92.6 MB (65.8%)
2023-10-14 01:31:21.989 [ INFO] -  92.6 MB (66.9%)
2023-10-14 01:31:22.014 [ INFO] -  92.6 MB (68.0%)
2023-10-14 01:31:22.033 [ INFO] -  92.6 MB (69.0%)
2023-10-14 01:31:22.238 [ INFO] -  92.6 MB (70.1%)
2023-10-14 01:31:22.259 [ INFO] -  92.6 MB (71.2%)
2023-10-14 01:31:22.452 [ INFO] -  92.6 MB (72.2%)
2023-10-14 01:31:22.483 [ INFO] -  92.6 MB (73.3%)
2023-10-14 01:31:22.502 [ INFO] -  92.6 MB (74.3%)
2023-10-14 01:31:22.703 [ INFO] -  92.6 MB (75.4%)
2023-10-14 01:31:22.726 [ INFO] -  92.6 MB (76.5%)
2023-10-14 01:31:22.893 [ INFO] -  92.6 MB (77.5%)
2023-10-14 01:31:22.951 [ INFO] -  92.6 MB (78.6%)
2023-10-14 01:31:22.970 [ INFO] -  92.6 MB (79.7%)
2023-10-14 01:31:23.164 [ INFO] -  92.6 MB (80.7%)
2023-10-14 01:31:23.194 [ INFO] -  92.6 MB (81.8%)
2023-10-14 01:31:23.213 [ INFO] -  92.6 MB (82.8%)
2023-10-14 01:31:23.416 [ INFO] -  92.6 MB (83.9%)
2023-10-14 01:31:23.439 [ INFO] -  92.6 MB (85.0%)
2023-10-14 01:31:23.458 [ INFO] -  92.6 MB (86.0%)
2023-10-14 01:31:23.661 [ INFO] -  92.6 MB (87.1%)
2023-10-14 01:31:23.682 [ INFO] -  92.6 MB (88.1%)
2023-10-14 01:31:23.867 [ INFO] -  92.6 MB (89.2%)
2023-10-14 01:31:23.905 [ INFO] -  92.6 MB (90.3%)
2023-10-14 01:31:23.926 [ INFO] -  92.6 MB (91.3%)
2023-10-14 01:31:24.122 [ INFO] -  92.6 MB (92.4%)
2023-10-14 01:31:24.148 [ INFO] -  92.6 MB (93.5%)
2023-10-14 01:31:24.167 [ INFO] -  92.6 MB (94.5%)
2023-10-14 01:31:24.366 [ INFO] -  92.6 MB (95.6%)
2023-10-14 01:31:24.391 [ INFO] -  92.6 MB (96.6%)
2023-10-14 01:31:24.559 [ INFO] -  92.6 MB (97.7%)
2023-10-14 01:31:24.613 [ INFO] -  92.6 MB (98.8%)
2023-10-14 01:31:24.635 [ INFO] -  92.6 MB (99.8%)
2023-10-14 01:31:24.639 [ INFO] -  92.6 MB (100.0%)
2023-10-14 01:31:24.640 [ INFO] Processing  time : 0:00:45.889382
2023-10-14 01:31:24.640 [ INFO] Downloading time : 0:00:10.497719
2023-10-14 01:31:24.640 [ INFO] Total time       : 0:00:56.387101
2023-10-14 01:31:24.640 [ INFO] Download rate    : 8.1 MB/s
2023-10-14 01:31:24.640 [ INFO] Done

 ... end of get_nemo_anfc_uvts

/home/ivans/.local/lib/python3.8/site-packages/numpy/ma/core.py:1156: RuntimeWarning: overflow encountered in true_divide
  result = self.f(da, db, *args, **kwargs)

 +++ End of get nemo 06h +++

 ... merge downloaded files into file nemo_npo0.08_20231014.nc
 ... fix longitudes
 ... include new attributes: _FillValue and missing values
cdo    setmissval: Processed 5 variables over 5 timesteps [34.17s 106MB].
cdo    setmissval: Processed 5 variables over 5 timesteps [55.83s 108MB].

 ... check integrity of downloaded file 


 ... after check procedure check status is 0

 ... %%%%%% Downloaded file is OK !! %%%%%%

 ... move file to storage 


 ==> 2023/10/14 01:33:23 FINISHED downloading OGCM nemo for ROMS <==


 ==> Sourcing forecast_setup.sh for general forecast settings <==

 ... roms grid file is /home/ivans/operational/roms/grids/grid_npo0.08_07e.nc
 ... grid box is -166 -118 16 46

 ... grid size is 601 lons,  376 lats, 30 layers


 ==> 2023/10/14 01:33:23 HERE I am @ /home/ivans/operational/pacific_npo_2gr/forecast/d-temporary for step 04: make input files for ROMS <==


 ... today is 2023-10-14, ogcm is nemo
 ... will read 5 time steps every 24 hours
 ... will run for 1 day(s)
 ... donor file is /home/ivans/operational/pacific_npo_2gr/forecast/d-storage/20231014/nemo_npo0.08_20231014.nc


     ... horizontal interpolation: remap donor ogcm to roms grid

 ... found file grid_r_npo0.08.nc; will use it !!


     ... vertical interpolation: interp remaped ogcm to sigma level

Warning (cdfInqContents): Coordinates variable sigma can't be assigned!
Warning (cdfInqContents): Coordinates variable level can't be assigned!
Warning: Non monotonic zaxis!
     ... inpaint nans on remaped, sigma coord ogcm

     ... will use a temporary roms mask /home/ivans/operational/pacific_npo_2gr/forecast/d-interp/roms_npo0.08_07e_tmpmsk.nc
     ... to avoid inpainting on land points

 
 +++ Starting python program to inpaint nans on donor OGCM +++
 
 ... arguments are: ['/home/ivans/scripts/4roms/make_clim_step01_inpaint_nans_on_remaped_ogcm.py', '20231014', 'nemo', '5', '30', '24', '/home/ivans/operational/roms/grids/grid_npo0.08_07e.nc', 'remaped_nemo_20231014', '/home/ivans/operational/pacific_npo_2gr/forecast/d-interp/roms_npo0.08_07e_tmpmsk.nc']
 
 
 ... ogcm is nemo
 ... ntimes is 5
 ... storage interval is 24.0
 ... start date is 2023/10/14
 
 
 ... ogcm NaN is -9999.0
 
 ... doing time step 0 ... at time 750556800.0 secs
 ... doing time step 1 ... at time 750643200.0 secs
 ... doing time step 2 ... at time 750729600.0 secs
 ... doing time step 3 ... at time 750816000.0 secs
 ... doing time step 4 ... at time 750902400.0 secs
 
 +++ End of Python  +++
 
     ... re-write interpolated ogcm vars on staggered grid

 +++ Scripts to create climatology & obc files for ROMS +++

 ... will output empty netcdf files named clm.nc & bry.nc 
 ... ref date, nlon, nlat, nsig = 20000101, 601, 376, 30

 
 +++ Starting python program to write vars on clim files +++
 
 ... arguments are: ['/home/ivans/scripts/4roms/make_clim_step02_write_clm_bry_files.py', '5', '20231014', 'nemo', '0.', '1', '2', '4', '10.0', '4.0', '150', '150', '30', 'remaped_nemo_20231014_nonans.nc', '/home/ivans/operational/roms/grids/grid_npo0.08_07e.nc', 'input_clm_npo0.08_07e_20231014_nemo.nc', 'input_bry_npo0.08_07e_20231014_nemo.nc']
 
 
 ... ogcm is nemo
 ... ntimes is 5
 ... rotation ang is 0.0
 ... start date is 2023/10/14
 
 
 ... will write clim file input_clm_npo0.08_07e_20231014_nemo.nc
 ... and bdry file input_bry_npo0.08_07e_20231014_nemo.nc
 
 ... grid size is 601 x 376
 
 ... writing grid params in roms file ...
 
 
 ... writing grid params in roms file ...
 
 
 ... writing lon/lat in clm file ...
 
 
 ... writing lon/lat in bry file ...
 
 ... reading time 646776.0
 
##############################################################################
#                                                                             
#    ... writing vars in clmfile @ day: 8687.0, ntime: 0
#                                                                             
##############################################################################
 
 
##############################################################################
#                                                                             
#    ... writing vars in bryfile @ day: 8687.0, ntime: 0
#                                                                             
##############################################################################
 
 ... writting time = 750556800.0
 
               %%%%%%%%%%%%%%%%%%%%%%%%
 
 ... reading time 646782.0
 
##############################################################################
#                                                                             
#    ... writing vars in clmfile @ day: 8687.25, ntime: 1
#                                                                             
##############################################################################
 
 
##############################################################################
#                                                                             
#    ... writing vars in bryfile @ day: 8687.25, ntime: 1
#                                                                             
##############################################################################
 
 ... writting time = 750578400.0
 
               %%%%%%%%%%%%%%%%%%%%%%%%
 
 ... reading time 646788.0
 
##############################################################################
#                                                                             
#    ... writing vars in clmfile @ day: 8687.5, ntime: 2
#                                                                             
##############################################################################
 
 
##############################################################################
#                                                                             
#    ... writing vars in bryfile @ day: 8687.5, ntime: 2
#                                                                             
##############################################################################
 
 ... writting time = 750600000.0
 
               %%%%%%%%%%%%%%%%%%%%%%%%
 
 ... reading time 646794.0
 
##############################################################################
#                                                                             
#    ... writing vars in clmfile @ day: 8687.75, ntime: 3
#                                                                             
##############################################################################
 
 
##############################################################################
#                                                                             
#    ... writing vars in bryfile @ day: 8687.75, ntime: 3
#                                                                             
##############################################################################
 
 ... writting time = 750621600.0
 
               %%%%%%%%%%%%%%%%%%%%%%%%
 
 ... reading time 646800.0
 
##############################################################################
#                                                                             
#    ... writing vars in clmfile @ day: 8688.0, ntime: 4
#                                                                             
##############################################################################
 
 
##############################################################################
#                                                                             
#    ... writing vars in bryfile @ day: 8688.0, ntime: 4
#                                                                             
##############################################################################
 
 ... writting time = 750643200.0
 
               %%%%%%%%%%%%%%%%%%%%%%%%
 
 
 +++ End of python program +++ 
 

 ==> 2023/10/14 01:55:35 FINISHED making input files for ROMS <==


 ==> Sourcing forecast_setup.sh for general forecast settings <==

 ... roms grid file is /home/ivans/operational/roms/grids/grid_npo0.08_07e.nc
 ... grid box is -166 -118 16 46

 ... grid size is 601 lons,  376 lats, 30 layers


 ==> 2023/10/14 01:55:36 HERE I am @ /home/ivans/operational/pacific_npo_2gr/forecast/d-temporary for step 05: run ROMS <==


 ... today is 2023-10-14

 ... roms grid size is 601 x 376 x 30
 ... roms grid limits are: x1,x2 = -166,-118, y1,y2 = 16,46
 ... roms grid resolution is regular: 0.08 x 0.08

 ... will store outputs in folder /home/ivans/operational/pacific_npo_2gr/forecast/d-storage

 ... start day is 20231014
 ... the expt is npo0.08_07e_20231014
 ... will run for 1 day(s)

 ... the donor file is /home/ivans/operational/pacific_npo_2gr/forecast/d-storage/20231014/nemo_npo0.08_20231014.nc
 ... will read donor 5 time steps every 24 hours

 ... the grid file is /home/ivans/operational/roms/grids/grid_npo0.08_07e.nc
 ... the ngc  file is /home/ivans/operational/roms/grids/ngc_npo0.08_07e+npo0.0267_01c.nc
 ... the nudg file is /home/ivans/operational/roms/nudge/nudge_npo0.08_07e_exp_strong.nc
 ... the tide file is /home/ivans/operational/roms/tides/tide_npo0.08_07e_2023_ref2000.nc


 ... will read roms input files from /home/ivans/operational/pacific_npo_2gr/forecast/d-temporary/roms_in
 ... will output roms results to /home/ivans/operational/pacific_npo_2gr/forecast/d-temporary/roms_out

 ... /home/ivans/operational/pacific_npo_2gr/forecast/d-temporary/roms_in DOES NOT exist, will create it
 ... /home/ivans/operational/pacific_npo_2gr/forecast/d-temporary/roms_out DOES NOT exist, will create it

 ... make links to ROMS input files


 ... accessing ROMS grid file /home/ivans/operational/roms/grids/grid_npo0.08_07e.nc


 ... accessing ROMS grid file /home/ivans/operational/roms/grids/grid_npo0.0267_01c.nc


 ... accessing ROMS ngc file /home/ivans/operational/roms/grids/ngc_npo0.08_07e+npo0.0267_01c.nc


 ... accessing ROMS tide file /home/ivans/operational/roms/tides/tide_npo0.08_07e_2023_ref2000.nc


 ... this implementation uses no rivers


 ... accessing ROMS nudg file /home/ivans/operational/roms/nudge/nudge_npo0.08_07e_exp_strong.nc


 ... didnt find ROMS init file /home/ivans/operational/pacific_npo_2gr/forecast/d-storage/20231013/roms_rst_npo0.08_07e_20231014_nemo.nc

 ... will use file /home/ivans/operational/pacific_npo_2gr/forecast/d-storage/20231014/input_clm_npo0.08_07e_20231014_nemo.nc


 ... didnt find ROMS init file /home/ivans/operational/pacific_npo_2gr/forecast/d-storage/20231013/roms_rst_npo0.0267_01c_20231014_nemo.nc

 ... will use file /home/ivans/operational/pacific_npo_2gr/forecast/d-storage/20231014/input_clm_npo0.0267_01c_20231014_nemo.nc


 +++ Starting script to interp climatology to higher resolution +++

 ... DIDNT find file /home/ivans/oper/pacific_npo_2gr/forecast/d-storage/20231014/input_clm_npo0.08_07e_20231014_glby.nc, exiting now 

 ... DIDNT find file input_clm_npo0.0267_01c_20231014_nemo.nc, exiting !!


 ==> FINISHED ROMS/WW3 7-DAY FORECAST @ 2023/10/14 01:55:36 <== 

