
 ==> STARTING ROMS/WW3 7-DAY FORECAST @ 2023/10/18 01:11:01 <== 


 ==> Sourcing forecast_setup.sh for general forecast settings <==

 ... roms grid file is /home/ivans/operational/roms/grids/grid_npo0.08_07e.nc
 ... grid box is -166 -118 16 46

 ... grid size is 601 lons,  376 lats, 30 layers


 ==> 2023/10/18 01:11:01 HERE I am for step 01: start forecast <==


 ... today is 2023-10-18

 ... dir /home/ivans/operational/pacific_npo_2gr/forecast/d-storage/20231018 doesnt exist, will create it
 ... dir /home/ivans/operational/pacific_npo_2gr/forecast/d-temporary exists, will clean it

 ... end of step 01 


 ==> Sourcing forecast_setup.sh for general forecast settings <==

 ... roms grid file is /home/ivans/operational/roms/grids/grid_npo0.08_07e.nc
 ... grid box is -166 -118 16 46

 ... grid size is 601 lons,  376 lats, 30 layers


 ==> 2023/10/18 01:11:02 HERE I am @ /home/ivans/operational/pacific_npo_2gr/forecast/d-temporary for step 02: download forcing gfs data <==


 ... today is 2023-10-18
 ... will download 24 hours
 ... will store downloaded files in folder /home/ivans/operational/pacific_npo_2gr/forecast/d-storage


 +++ Starting script get_gfs_nomads_oneday+forecast.sh +++

 ... today is 20231018
 ... will download 1 day(s)


vars = :UGRD:10 m above|:VGRD:10 m above|:PREMSL|:RH:2 m above|:SPFH:2 m above|:TMP:2 m above|:PRMSL|:DSWRF|:DLWRF|:USWRF:surface|:ULWRF:surface|:PRATE:surface|:TMP:surface|:TCDC:entire atmosphere|:TCDC:high cloud layer|:TCDC:low cloud layer|:TCDC:middle cloud layer

2023-10-18 01:11:14 URL:https://nomads.ncep.noaa.gov/pub/data/nccf/com/gfs/prod/gfs.20231017/18/atmos/gfs.t18z.pgrb2.0p25.f006 [544944162/544944162] -> "nomads.tmp" [1]
1:0:d=2023101718:PRMSL:mean sea level:6 hour fcst:
563:413221302:d=2023101718:TMP:surface:6 hour fcst:
581:420685524:d=2023101718:TMP:2 m above ground:6 hour fcst:
582:421559746:d=2023101718:SPFH:2 m above ground:6 hour fcst:
584:423294177:d=2023101718:RH:2 m above ground:6 hour fcst:
588:425985038:d=2023101718:UGRD:10 m above ground:6 hour fcst:
589:426946393:d=2023101718:VGRD:10 m above ground:6 hour fcst:
593:429041474:d=2023101718:PRATE:surface:6 hour fcst:
595:430387593:d=2023101718:PRATE:surface:0-6 hour ave fcst:
636:449758610:d=2023101718:TCDC:entire atmosphere:6 hour fcst:
637:450589467:d=2023101718:TCDC:entire atmosphere:0-6 hour ave fcst:
653:466644211:d=2023101718:DSWRF:surface:0-6 hour ave fcst:
654:467602922:d=2023101718:DLWRF:surface:0-6 hour ave fcst:
655:468522757:d=2023101718:USWRF:surface:0-6 hour ave fcst:
656:469402215:d=2023101718:ULWRF:surface:0-6 hour ave fcst:

 ... downloading file https://nomads.ncep.noaa.gov/pub/data/nccf/com/gfs/prod/gfs.20231018/00/atmos/gfs.t00z.pgrb2.0p25.f003

2023-10-18 01:11:56 URL:https://nomads.ncep.noaa.gov/pub/data/nccf/com/gfs/prod/gfs.20231018/00/atmos/gfs.t00z.pgrb2.0p25.f003 [543509741/543509741] -> "nomads.tmp" [1]
1:0:d=2023101800:PRMSL:mean sea level:3 hour fcst:
563:413603867:d=2023101800:TMP:surface:3 hour fcst:
581:421252279:d=2023101800:TMP:2 m above ground:3 hour fcst:
582:422122734:d=2023101800:SPFH:2 m above ground:3 hour fcst:
584:423863158:d=2023101800:RH:2 m above ground:3 hour fcst:
588:426911156:d=2023101800:UGRD:10 m above ground:3 hour fcst:
589:427872167:d=2023101800:VGRD:10 m above ground:3 hour fcst:
593:430050870:d=2023101800:PRATE:surface:3 hour fcst:
595:431398606:d=2023101800:PRATE:surface:0-3 hour ave fcst:
636:450043968:d=2023101800:TCDC:entire atmosphere:3 hour fcst:
637:450863683:d=2023101800:TCDC:entire atmosphere:0-3 hour ave fcst:
653:466118547:d=2023101800:DSWRF:surface:0-3 hour ave fcst:
654:466923618:d=2023101800:DLWRF:surface:0-3 hour ave fcst:
655:467877023:d=2023101800:USWRF:surface:0-3 hour ave fcst:
656:468566955:d=2023101800:ULWRF:surface:0-3 hour ave fcst:

 ... downloading file https://nomads.ncep.noaa.gov/pub/data/nccf/com/gfs/prod/gfs.20231018/00/atmos/gfs.t00z.pgrb2.0p25.f006

2023-10-18 01:13:53 URL:https://nomads.ncep.noaa.gov/pub/data/nccf/com/gfs/prod/gfs.20231018/00/atmos/gfs.t00z.pgrb2.0p25.f006 [545336271/545336271] -> "nomads.tmp" [1]
1:0:d=2023101800:PRMSL:mean sea level:6 hour fcst:
563:413773860:d=2023101800:TMP:surface:6 hour fcst:
581:421248096:d=2023101800:TMP:2 m above ground:6 hour fcst:
582:422120154:d=2023101800:SPFH:2 m above ground:6 hour fcst:
584:423867219:d=2023101800:RH:2 m above ground:6 hour fcst:
588:426910149:d=2023101800:UGRD:10 m above ground:6 hour fcst:
589:427871155:d=2023101800:VGRD:10 m above ground:6 hour fcst:
593:430047543:d=2023101800:PRATE:surface:6 hour fcst:
595:431473219:d=2023101800:PRATE:surface:0-6 hour ave fcst:
636:450749586:d=2023101800:TCDC:entire atmosphere:6 hour fcst:
637:451563574:d=2023101800:TCDC:entire atmosphere:0-6 hour ave fcst:
653:467575858:d=2023101800:DSWRF:surface:0-6 hour ave fcst:
654:468516911:d=2023101800:DLWRF:surface:0-6 hour ave fcst:
655:469435615:d=2023101800:USWRF:surface:0-6 hour ave fcst:
656:470318311:d=2023101800:ULWRF:surface:0-6 hour ave fcst:

 ... downloading file https://nomads.ncep.noaa.gov/pub/data/nccf/com/gfs/prod/gfs.20231018/00/atmos/gfs.t00z.pgrb2.0p25.f009

2023-10-18 01:14:48 URL:https://nomads.ncep.noaa.gov/pub/data/nccf/com/gfs/prod/gfs.20231018/00/atmos/gfs.t00z.pgrb2.0p25.f009 [545161422/545161422] -> "nomads.tmp" [1]
1:0:d=2023101800:PRMSL:mean sea level:9 hour fcst:
563:414174155:d=2023101800:TMP:surface:9 hour fcst:
581:421650220:d=2023101800:TMP:2 m above ground:9 hour fcst:
582:422525148:d=2023101800:SPFH:2 m above ground:9 hour fcst:
584:424657873:d=2023101800:RH:2 m above ground:9 hour fcst:
588:427712844:d=2023101800:UGRD:10 m above ground:9 hour fcst:
589:428676041:d=2023101800:VGRD:10 m above ground:9 hour fcst:
593:430854502:d=2023101800:PRATE:surface:9 hour fcst:
595:432196246:d=2023101800:PRATE:surface:6-9 hour ave fcst:
636:450812616:d=2023101800:TCDC:entire atmosphere:9 hour fcst:
637:451632686:d=2023101800:TCDC:entire atmosphere:6-9 hour ave fcst:
653:466950891:d=2023101800:DSWRF:surface:6-9 hour ave fcst:
654:467750954:d=2023101800:DLWRF:surface:6-9 hour ave fcst:
655:468701858:d=2023101800:USWRF:surface:6-9 hour ave fcst:
656:469419371:d=2023101800:ULWRF:surface:6-9 hour ave fcst:

 ... downloading file https://nomads.ncep.noaa.gov/pub/data/nccf/com/gfs/prod/gfs.20231018/00/atmos/gfs.t00z.pgrb2.0p25.f012

2023-10-18 01:15:33 URL:https://nomads.ncep.noaa.gov/pub/data/nccf/com/gfs/prod/gfs.20231018/00/atmos/gfs.t00z.pgrb2.0p25.f012 [548073244/548073244] -> "nomads.tmp" [1]
1:0:d=2023101800:PRMSL:mean sea level:12 hour fcst:
563:415657044:d=2023101800:TMP:surface:12 hour fcst:
581:423140997:d=2023101800:TMP:2 m above ground:12 hour fcst:
582:424018429:d=2023101800:SPFH:2 m above ground:12 hour fcst:
584:426149757:d=2023101800:RH:2 m above ground:12 hour fcst:
588:429202829:d=2023101800:UGRD:10 m above ground:12 hour fcst:
589:430168733:d=2023101800:VGRD:10 m above ground:12 hour fcst:
593:432344685:d=2023101800:PRATE:surface:12 hour fcst:
595:433687336:d=2023101800:PRATE:surface:6-12 hour ave fcst:
636:452896922:d=2023101800:TCDC:entire atmosphere:12 hour fcst:
637:453721559:d=2023101800:TCDC:entire atmosphere:6-12 hour ave fcst:
653:469829626:d=2023101800:DSWRF:surface:6-12 hour ave fcst:
654:470745790:d=2023101800:DLWRF:surface:6-12 hour ave fcst:
655:471665343:d=2023101800:USWRF:surface:6-12 hour ave fcst:
656:472564070:d=2023101800:ULWRF:surface:6-12 hour ave fcst:

 ... downloading file https://nomads.ncep.noaa.gov/pub/data/nccf/com/gfs/prod/gfs.20231018/00/atmos/gfs.t00z.pgrb2.0p25.f015

2023-10-18 01:16:42 URL:https://nomads.ncep.noaa.gov/pub/data/nccf/com/gfs/prod/gfs.20231018/00/atmos/gfs.t00z.pgrb2.0p25.f015 [544994097/544994097] -> "nomads.tmp" [1]
1:0:d=2023101800:PRMSL:mean sea level:15 hour fcst:
563:416104916:d=2023101800:TMP:surface:15 hour fcst:
581:423536588:d=2023101800:TMP:2 m above ground:15 hour fcst:
582:424048035:d=2023101800:SPFH:2 m above ground:15 hour fcst:
584:425793170:d=2023101800:RH:2 m above ground:15 hour fcst:
588:428135664:d=2023101800:UGRD:10 m above ground:15 hour fcst:
589:429103130:d=2023101800:VGRD:10 m above ground:15 hour fcst:
593:431283938:d=2023101800:PRATE:surface:15 hour fcst:
595:432539918:d=2023101800:PRATE:surface:12-15 hour ave fcst:
636:451530999:d=2023101800:TCDC:entire atmosphere:15 hour fcst:
637:452361980:d=2023101800:TCDC:entire atmosphere:12-15 hour ave fcst:
653:467706995:d=2023101800:DSWRF:surface:12-15 hour ave fcst:
654:468527680:d=2023101800:DLWRF:surface:12-15 hour ave fcst:
655:469483220:d=2023101800:USWRF:surface:12-15 hour ave fcst:
656:470200304:d=2023101800:ULWRF:surface:12-15 hour ave fcst:

 ... downloading file https://nomads.ncep.noaa.gov/pub/data/nccf/com/gfs/prod/gfs.20231018/00/atmos/gfs.t00z.pgrb2.0p25.f018

2023-10-18 01:18:49 URL:https://nomads.ncep.noaa.gov/pub/data/nccf/com/gfs/prod/gfs.20231018/00/atmos/gfs.t00z.pgrb2.0p25.f018 [549046750/549046750] -> "nomads.tmp" [1]
1:0:d=2023101800:PRMSL:mean sea level:18 hour fcst:
563:417612054:d=2023101800:TMP:surface:18 hour fcst:
581:425051703:d=2023101800:TMP:2 m above ground:18 hour fcst:
582:425566335:d=2023101800:SPFH:2 m above ground:18 hour fcst:
584:427304768:d=2023101800:RH:2 m above ground:18 hour fcst:
588:429645367:d=2023101800:UGRD:10 m above ground:18 hour fcst:
589:430616908:d=2023101800:VGRD:10 m above ground:18 hour fcst:
593:432792404:d=2023101800:PRATE:surface:18 hour fcst:
595:434134589:d=2023101800:PRATE:surface:12-18 hour ave fcst:
636:453812618:d=2023101800:TCDC:entire atmosphere:18 hour fcst:
637:454649961:d=2023101800:TCDC:entire atmosphere:12-18 hour ave fcst:
653:470769582:d=2023101800:DSWRF:surface:12-18 hour ave fcst:
654:471709962:d=2023101800:DLWRF:surface:12-18 hour ave fcst:
655:472632347:d=2023101800:USWRF:surface:12-18 hour ave fcst:
656:473440369:d=2023101800:ULWRF:surface:12-18 hour ave fcst:

 ... downloading file https://nomads.ncep.noaa.gov/pub/data/nccf/com/gfs/prod/gfs.20231018/00/atmos/gfs.t00z.pgrb2.0p25.f021

2023-10-18 01:21:14 URL:https://nomads.ncep.noaa.gov/pub/data/nccf/com/gfs/prod/gfs.20231018/00/atmos/gfs.t00z.pgrb2.0p25.f021 [544581830/544581830] -> "nomads.tmp" [1]
1:0:d=2023101800:PRMSL:mean sea level:21 hour fcst:
563:415972256:d=2023101800:TMP:surface:21 hour fcst:
581:423440016:d=2023101800:TMP:2 m above ground:21 hour fcst:
582:423951768:d=2023101800:SPFH:2 m above ground:21 hour fcst:
584:425692492:d=2023101800:RH:2 m above ground:21 hour fcst:
588:428035401:d=2023101800:UGRD:10 m above ground:21 hour fcst:
589:429001826:d=2023101800:VGRD:10 m above ground:21 hour fcst:
593:431161095:d=2023101800:PRATE:surface:21 hour fcst:
595:432410218:d=2023101800:PRATE:surface:18-21 hour ave fcst:
636:451519257:d=2023101800:TCDC:entire atmosphere:21 hour fcst:
637:452353110:d=2023101800:TCDC:entire atmosphere:18-21 hour ave fcst:
653:467676963:d=2023101800:DSWRF:surface:18-21 hour ave fcst:
654:468507424:d=2023101800:DLWRF:surface:18-21 hour ave fcst:
655:469461409:d=2023101800:USWRF:surface:18-21 hour ave fcst:
656:470165911:d=2023101800:ULWRF:surface:18-21 hour ave fcst:

 ... downloading file https://nomads.ncep.noaa.gov/pub/data/nccf/com/gfs/prod/gfs.20231018/00/atmos/gfs.t00z.pgrb2.0p25.f024

2023-10-18 01:22:42 URL:https://nomads.ncep.noaa.gov/pub/data/nccf/com/gfs/prod/gfs.20231018/00/atmos/gfs.t00z.pgrb2.0p25.f024 [546045979/546045979] -> "nomads.tmp" [1]
1:0:d=2023101800:PRMSL:mean sea level:24 hour fcst:
563:415961761:d=2023101800:TMP:surface:24 hour fcst:
581:423390222:d=2023101800:TMP:2 m above ground:24 hour fcst:
582:423895846:d=2023101800:SPFH:2 m above ground:24 hour fcst:
584:425628604:d=2023101800:RH:2 m above ground:24 hour fcst:
588:427955210:d=2023101800:UGRD:10 m above ground:24 hour fcst:
589:428915972:d=2023101800:VGRD:10 m above ground:24 hour fcst:
593:431067113:d=2023101800:PRATE:surface:24 hour fcst:
595:432396546:d=2023101800:PRATE:surface:18-24 hour ave fcst:
636:451712857:d=2023101800:TCDC:entire atmosphere:24 hour fcst:
637:452542901:d=2023101800:TCDC:entire atmosphere:18-24 hour ave fcst:
653:468587978:d=2023101800:DSWRF:surface:18-24 hour ave fcst:
654:469547305:d=2023101800:DLWRF:surface:18-24 hour ave fcst:
655:470466909:d=2023101800:USWRF:surface:18-24 hour ave fcst:
656:471345665:d=2023101800:ULWRF:surface:18-24 hour ave fcst:
cdo    mergetime: Processed 117 variables over 9 timesteps [0.83s 54MB].

 +++ End of script get_gfs_nomads_oneday+forecast.sh +++


 ==> HERE I am @ /home/ivans/operational/pacific_npo_2gr/forecast/d-temporary to execute check procedure on file gfs_20231018.nc <==


 ... Initiating routine to check integrity of file 

 ... gfs_20231018.nc exists !!!
 ... No NaNs found !!!
 ... $test_nan is empty
 ... gfs file nbytes = 106683563
 ... donwloaded file nbytes = 485918292
 ... downloaded file is OK !!!
 ... after checking procedure check status is 0

 ==> FINISHED checking file <==

 ... %%%%%% Downloaded file is OK !! %%%%%%

 ... Starting script to fix GFS variables and attibutes for ROMS ...

cdo    sellonlatbox: Processed 13 variables over 9 timesteps [0.34s 61MB].

 ... add attribute time & coordinates to all vars


 ... modify attribute long-name in all vars


 ... modify attribute units in all vars


 ... fix lon/lat


 ... END of script to fix GFS variables and attibutes for ROMS ...


 ==> 2023/10/18 01:22:52 FINISHED downloading of forcing gfs data <==


 ==> Sourcing forecast_setup.sh for general forecast settings <==

 ... roms grid file is /home/ivans/operational/roms/grids/grid_npo0.08_07e.nc
 ... grid box is -166 -118 16 46

 ... grid size is 601 lons,  376 lats, 30 layers


 ==> 2023/10/18 01:22:52 HERE I am @ /home/ivans/operational/pacific_npo_2gr/forecast/d-temporary for step 03: download ogcm nemo data <==


 ... today is 2023-10-18, ogcm is nemo
 ... will download 1 day(s), with interval of 24 hours 
 ... will save outputs in file nemo_npo0.08_20231018.nc


 ... File /home/ivans/operational/pacific_npo_2gr/forecast/d-storage/20231018/nemo_npo0.08_20231018.nc does not exist. Will download it !!!


 ... This is try n. 1 to download ogcm file


 ... downloading nemo


 +++ Starting get nemo 06h +++


 ... starting script to get nemo anfc ssh

date ini = 2023-10-18 00:30:00
date end = 2023-10-18 23:30:00

 ... downloading ssh

2023-10-18 01:22:52.672 [ INFO] Asynchronous mode set
2023-10-18 01:22:52.673 [ INFO] Authenticating user isoares for service https://nrt.cmems-du.eu/motu-web/Motu
2023-10-18 01:22:58.050 [ INFO] Requesting file to download (this can take a while)...
2023-10-18 01:23:05.630 [ INFO] Authenticating user isoares for service https://nrt.cmems-du.eu/motu-web/Motu
2023-10-18 01:23:16.936 [ INFO] Product is not yet available (request in progress)
2023-10-18 01:23:26.946 [ INFO] Authenticating user isoares for service https://nrt.cmems-du.eu/motu-web/Motu
2023-10-18 01:23:38.257 [ INFO] Product is not yet available (request in progress)
2023-10-18 01:23:48.268 [ INFO] Authenticating user isoares for service https://nrt.cmems-du.eu/motu-web/Motu
2023-10-18 01:23:59.785 [ INFO] Product is not yet available (request in progress)
2023-10-18 01:24:09.796 [ INFO] Authenticating user isoares for service https://nrt.cmems-du.eu/motu-web/Motu
2023-10-18 01:24:21.512 [ INFO] The product is ready for download
2023-10-18 01:24:21.513 [ INFO] Downloading file (this can take a while)...
2023-10-18 01:24:22.680 [ INFO] File type: application/x-netcdf
2023-10-18 01:24:22.680 [ INFO] File size: 22.2 MB (22219724 B)
2023-10-18 01:24:22.680 [ INFO] Downloading file /home/ivans/operational/pacific_npo_2gr/forecast/d-temporary/nemo_ssh_20231018.nc
2023-10-18 01:24:23.364 [ INFO] -  22.2 MB (1.2%)
2023-10-18 01:24:23.590 [ INFO] -  22.2 MB (2.4%)
2023-10-18 01:24:23.813 [ INFO] -  22.2 MB (3.5%)
2023-10-18 01:24:23.818 [ INFO] -  22.2 MB (4.7%)
2023-10-18 01:24:23.823 [ INFO] -  22.2 MB (5.9%)
2023-10-18 01:24:24.040 [ INFO] -  22.2 MB (7.1%)
2023-10-18 01:24:24.045 [ INFO] -  22.2 MB (8.3%)
2023-10-18 01:24:24.049 [ INFO] -  22.2 MB (9.4%)
2023-10-18 01:24:24.052 [ INFO] -  22.2 MB (10.6%)
2023-10-18 01:24:24.055 [ INFO] -  22.2 MB (11.8%)
2023-10-18 01:24:24.058 [ INFO] -  22.2 MB (13.0%)
2023-10-18 01:24:24.062 [ INFO] -  22.2 MB (14.2%)
2023-10-18 01:24:24.272 [ INFO] -  22.2 MB (15.3%)
2023-10-18 01:24:24.276 [ INFO] -  22.2 MB (16.5%)
2023-10-18 01:24:24.279 [ INFO] -  22.2 MB (17.7%)
2023-10-18 01:24:24.282 [ INFO] -  22.2 MB (18.9%)
2023-10-18 01:24:24.286 [ INFO] -  22.2 MB (20.1%)
2023-10-18 01:24:24.289 [ INFO] -  22.2 MB (21.2%)
2023-10-18 01:24:24.294 [ INFO] -  22.2 MB (22.4%)
2023-10-18 01:24:24.299 [ INFO] -  22.2 MB (23.6%)
2023-10-18 01:24:24.304 [ INFO] -  22.2 MB (24.8%)
2023-10-18 01:24:24.309 [ INFO] -  22.2 MB (26.0%)
2023-10-18 01:24:24.314 [ INFO] -  22.2 MB (27.1%)
2023-10-18 01:24:24.496 [ INFO] -  22.2 MB (28.3%)
2023-10-18 01:24:24.501 [ INFO] -  22.2 MB (29.5%)
2023-10-18 01:24:24.505 [ INFO] -  22.2 MB (30.7%)
2023-10-18 01:24:24.516 [ INFO] -  22.2 MB (31.9%)
2023-10-18 01:24:24.522 [ INFO] -  22.2 MB (33.0%)
2023-10-18 01:24:24.528 [ INFO] -  22.2 MB (34.2%)
2023-10-18 01:24:24.534 [ INFO] -  22.2 MB (35.4%)
2023-10-18 01:24:24.541 [ INFO] -  22.2 MB (36.6%)
2023-10-18 01:24:24.545 [ INFO] -  22.2 MB (37.8%)
2023-10-18 01:24:24.550 [ INFO] -  22.2 MB (38.9%)
2023-10-18 01:24:24.553 [ INFO] -  22.2 MB (40.1%)
2023-10-18 01:24:24.556 [ INFO] -  22.2 MB (41.3%)
2023-10-18 01:24:24.726 [ INFO] -  22.2 MB (42.5%)
2023-10-18 01:24:24.731 [ INFO] -  22.2 MB (43.7%)
2023-10-18 01:24:24.741 [ INFO] -  22.2 MB (44.8%)
2023-10-18 01:24:24.745 [ INFO] -  22.2 MB (46.0%)
2023-10-18 01:24:24.757 [ INFO] -  22.2 MB (47.2%)
2023-10-18 01:24:24.761 [ INFO] -  22.2 MB (48.4%)
2023-10-18 01:24:24.764 [ INFO] -  22.2 MB (49.6%)
2023-10-18 01:24:24.770 [ INFO] -  22.2 MB (50.7%)
2023-10-18 01:24:24.775 [ INFO] -  22.2 MB (51.9%)
2023-10-18 01:24:24.779 [ INFO] -  22.2 MB (53.1%)
2023-10-18 01:24:24.783 [ INFO] -  22.2 MB (54.3%)
2023-10-18 01:24:24.957 [ INFO] -  22.2 MB (55.4%)
2023-10-18 01:24:24.960 [ INFO] -  22.2 MB (56.6%)
2023-10-18 01:24:24.963 [ INFO] -  22.2 MB (57.8%)
2023-10-18 01:24:24.969 [ INFO] -  22.2 MB (59.0%)
2023-10-18 01:24:24.975 [ INFO] -  22.2 MB (60.2%)
2023-10-18 01:24:24.987 [ INFO] -  22.2 MB (61.3%)
2023-10-18 01:24:24.991 [ INFO] -  22.2 MB (62.5%)
2023-10-18 01:24:24.994 [ INFO] -  22.2 MB (63.7%)
2023-10-18 01:24:25.005 [ INFO] -  22.2 MB (64.9%)
2023-10-18 01:24:25.008 [ INFO] -  22.2 MB (66.1%)
2023-10-18 01:24:25.012 [ INFO] -  22.2 MB (67.2%)
2023-10-18 01:24:25.015 [ INFO] -  22.2 MB (68.4%)
2023-10-18 01:24:25.187 [ INFO] -  22.2 MB (69.6%)
2023-10-18 01:24:25.191 [ INFO] -  22.2 MB (70.8%)
2023-10-18 01:24:25.194 [ INFO] -  22.2 MB (72.0%)
2023-10-18 01:24:25.214 [ INFO] -  22.2 MB (73.1%)
2023-10-18 01:24:25.217 [ INFO] -  22.2 MB (74.3%)
2023-10-18 01:24:25.220 [ INFO] -  22.2 MB (75.5%)
2023-10-18 01:24:25.224 [ INFO] -  22.2 MB (76.7%)
2023-10-18 01:24:25.227 [ INFO] -  22.2 MB (77.9%)
2023-10-18 01:24:25.235 [ INFO] -  22.2 MB (79.0%)
2023-10-18 01:24:25.238 [ INFO] -  22.2 MB (80.2%)
2023-10-18 01:24:25.242 [ INFO] -  22.2 MB (81.4%)
2023-10-18 01:24:25.245 [ INFO] -  22.2 MB (82.6%)
2023-10-18 01:24:25.418 [ INFO] -  22.2 MB (83.8%)
2023-10-18 01:24:25.421 [ INFO] -  22.2 MB (84.9%)
2023-10-18 01:24:25.424 [ INFO] -  22.2 MB (86.1%)
2023-10-18 01:24:25.448 [ INFO] -  22.2 MB (87.3%)
2023-10-18 01:24:25.453 [ INFO] -  22.2 MB (88.5%)
2023-10-18 01:24:25.456 [ INFO] -  22.2 MB (89.7%)
2023-10-18 01:24:25.459 [ INFO] -  22.2 MB (90.8%)
2023-10-18 01:24:25.462 [ INFO] -  22.2 MB (92.0%)
2023-10-18 01:24:25.466 [ INFO] -  22.2 MB (93.2%)
2023-10-18 01:24:25.469 [ INFO] -  22.2 MB (94.4%)
2023-10-18 01:24:25.473 [ INFO] -  22.2 MB (95.6%)
2023-10-18 01:24:25.637 [ INFO] -  22.2 MB (96.7%)
2023-10-18 01:24:25.646 [ INFO] -  22.2 MB (97.9%)
2023-10-18 01:24:25.651 [ INFO] -  22.2 MB (99.1%)
2023-10-18 01:24:25.654 [ INFO] -  22.2 MB (100.0%)
2023-10-18 01:24:25.654 [ INFO] Processing  time : 0:01:30.008386
2023-10-18 01:24:25.655 [ INFO] Downloading time : 0:00:02.974197
2023-10-18 01:24:25.655 [ INFO] Total time       : 0:01:32.982583
2023-10-18 01:24:25.655 [ INFO] Download rate    : 5.4 MB/s
2023-10-18 01:24:25.655 [ INFO] Done

 ... starting script to get nemo anfc uvts

date ini = 2023-10-18 00:00:00
date end = 2023-10-18 23:59:59


 ... downloading var thetao

2023-10-18 01:24:25.884 [ INFO] Asynchronous mode set
2023-10-18 01:24:25.885 [ INFO] Authenticating user isoares for service https://nrt.cmems-du.eu/motu-web/Motu
2023-10-18 01:24:30.154 [ INFO] Requesting file to download (this can take a while)...
2023-10-18 01:24:38.061 [ INFO] Authenticating user isoares for service https://nrt.cmems-du.eu/motu-web/Motu
2023-10-18 01:24:49.463 [ INFO] Product is not yet available (request in progress)
2023-10-18 01:24:59.474 [ INFO] Authenticating user isoares for service https://nrt.cmems-du.eu/motu-web/Motu
2023-10-18 01:25:10.775 [ INFO] The product is ready for download
2023-10-18 01:25:10.776 [ INFO] Downloading file (this can take a while)...
2023-10-18 01:25:11.968 [ INFO] File type: application/x-netcdf
2023-10-18 01:25:11.968 [ INFO] File size: 185.1 MB (185115212 B)
2023-10-18 01:25:11.968 [ INFO] Downloading file /home/ivans/operational/pacific_npo_2gr/forecast/d-temporary/nemo_thetao.nc
2023-10-18 01:25:13.352 [ INFO] - 185.1 MB (1.0%)
2023-10-18 01:25:13.585 [ INFO] - 185.1 MB (2.1%)
2023-10-18 01:25:13.608 [ INFO] - 185.1 MB (3.1%)
2023-10-18 01:25:13.866 [ INFO] - 185.1 MB (4.1%)
2023-10-18 01:25:14.100 [ INFO] - 185.1 MB (5.1%)
2023-10-18 01:25:14.547 [ INFO] - 185.1 MB (6.2%)
2023-10-18 01:25:14.777 [ INFO] - 185.1 MB (7.2%)
2023-10-18 01:25:15.046 [ INFO] - 185.1 MB (8.2%)
2023-10-18 01:25:15.056 [ INFO] - 185.1 MB (9.2%)
2023-10-18 01:25:15.525 [ INFO] - 185.1 MB (10.3%)
2023-10-18 01:25:15.537 [ INFO] - 185.1 MB (11.3%)
2023-10-18 01:25:15.974 [ INFO] - 185.1 MB (12.3%)
2023-10-18 01:25:16.226 [ INFO] - 185.1 MB (13.3%)
2023-10-18 01:25:16.464 [ INFO] - 185.1 MB (14.4%)
2023-10-18 01:25:16.889 [ INFO] - 185.1 MB (15.4%)
2023-10-18 01:25:17.138 [ INFO] - 185.1 MB (16.4%)
2023-10-18 01:25:17.384 [ INFO] - 185.1 MB (17.5%)
2023-10-18 01:25:17.622 [ INFO] - 185.1 MB (18.5%)
2023-10-18 01:25:17.860 [ INFO] - 185.1 MB (19.5%)
2023-10-18 01:25:18.279 [ INFO] - 185.1 MB (20.5%)
2023-10-18 01:25:18.521 [ INFO] - 185.1 MB (21.6%)
2023-10-18 01:25:18.762 [ INFO] - 185.1 MB (22.6%)
2023-10-18 01:25:19.000 [ INFO] - 185.1 MB (23.6%)
2023-10-18 01:25:19.241 [ INFO] - 185.1 MB (24.6%)
2023-10-18 01:25:19.476 [ INFO] - 185.1 MB (25.7%)
2023-10-18 01:25:19.746 [ INFO] - 185.1 MB (26.7%)
2023-10-18 01:25:20.126 [ INFO] - 185.1 MB (27.7%)
2023-10-18 01:25:20.364 [ INFO] - 185.1 MB (28.7%)
2023-10-18 01:25:20.602 [ INFO] - 185.1 MB (29.8%)
2023-10-18 01:25:20.840 [ INFO] - 185.1 MB (30.8%)
2023-10-18 01:25:21.078 [ INFO] - 185.1 MB (31.8%)
2023-10-18 01:25:21.315 [ INFO] - 185.1 MB (32.9%)
2023-10-18 01:25:21.550 [ INFO] - 185.1 MB (33.9%)
2023-10-18 01:25:21.787 [ INFO] - 185.1 MB (34.9%)
2023-10-18 01:25:22.192 [ INFO] - 185.1 MB (35.9%)
2023-10-18 01:25:22.430 [ INFO] - 185.1 MB (37.0%)
2023-10-18 01:25:22.668 [ INFO] - 185.1 MB (38.0%)
2023-10-18 01:25:22.906 [ INFO] - 185.1 MB (39.0%)
2023-10-18 01:25:23.144 [ INFO] - 185.1 MB (40.0%)
2023-10-18 01:25:23.381 [ INFO] - 185.1 MB (41.1%)
2023-10-18 01:25:23.618 [ INFO] - 185.1 MB (42.1%)
2023-10-18 01:25:23.853 [ INFO] - 185.1 MB (43.1%)
2023-10-18 01:25:24.091 [ INFO] - 185.1 MB (44.1%)
2023-10-18 01:25:24.328 [ INFO] - 185.1 MB (45.2%)
2023-10-18 01:25:24.731 [ INFO] - 185.1 MB (46.2%)
2023-10-18 01:25:24.968 [ INFO] - 185.1 MB (47.2%)
2023-10-18 01:25:25.206 [ INFO] - 185.1 MB (48.3%)
2023-10-18 01:25:25.443 [ INFO] - 185.1 MB (49.3%)
2023-10-18 01:25:25.681 [ INFO] - 185.1 MB (50.3%)
2023-10-18 01:25:25.916 [ INFO] - 185.1 MB (51.3%)
2023-10-18 01:25:26.154 [ INFO] - 185.1 MB (52.4%)
2023-10-18 01:25:26.391 [ INFO] - 185.1 MB (53.4%)
2023-10-18 01:25:26.629 [ INFO] - 185.1 MB (54.4%)
2023-10-18 01:25:26.888 [ INFO] - 185.1 MB (55.4%)
2023-10-18 01:25:27.265 [ INFO] - 185.1 MB (56.5%)
2023-10-18 01:25:27.502 [ INFO] - 185.1 MB (57.5%)
2023-10-18 01:25:27.737 [ INFO] - 185.1 MB (58.5%)
2023-10-18 01:25:27.975 [ INFO] - 185.1 MB (59.5%)
2023-10-18 01:25:28.212 [ INFO] - 185.1 MB (60.6%)
2023-10-18 01:25:28.446 [ INFO] - 185.1 MB (61.6%)
2023-10-18 01:25:28.681 [ INFO] - 185.1 MB (62.6%)
2023-10-18 01:25:28.915 [ INFO] - 185.1 MB (63.7%)
2023-10-18 01:25:29.149 [ INFO] - 185.1 MB (64.7%)
2023-10-18 01:25:29.386 [ INFO] - 185.1 MB (65.7%)
2023-10-18 01:25:29.617 [ INFO] - 185.1 MB (66.7%)
2023-10-18 01:25:29.851 [ INFO] - 185.1 MB (67.8%)
2023-10-18 01:25:30.084 [ INFO] - 185.1 MB (68.8%)
2023-10-18 01:25:30.315 [ INFO] - 185.1 MB (69.8%)
2023-10-18 01:25:30.546 [ INFO] - 185.1 MB (70.8%)
2023-10-18 01:25:30.776 [ INFO] - 185.1 MB (71.9%)
2023-10-18 01:25:31.007 [ INFO] - 185.1 MB (72.9%)
2023-10-18 01:25:31.236 [ INFO] - 185.1 MB (73.9%)
2023-10-18 01:25:31.464 [ INFO] - 185.1 MB (74.9%)
2023-10-18 01:25:31.693 [ INFO] - 185.1 MB (76.0%)
2023-10-18 01:25:31.921 [ INFO] - 185.1 MB (77.0%)
2023-10-18 01:25:32.147 [ INFO] - 185.1 MB (78.0%)
2023-10-18 01:25:32.374 [ INFO] - 185.1 MB (79.1%)
2023-10-18 01:25:32.597 [ INFO] - 185.1 MB (80.1%)
2023-10-18 01:25:32.821 [ INFO] - 185.1 MB (81.1%)
2023-10-18 01:25:33.043 [ INFO] - 185.1 MB (82.1%)
2023-10-18 01:25:33.266 [ INFO] - 185.1 MB (83.2%)
2023-10-18 01:25:33.486 [ INFO] - 185.1 MB (84.2%)
2023-10-18 01:25:33.548 [ INFO] - 185.1 MB (85.2%)
2023-10-18 01:25:33.770 [ INFO] - 185.1 MB (86.2%)
2023-10-18 01:25:33.989 [ INFO] - 185.1 MB (87.3%)
2023-10-18 01:25:34.210 [ INFO] - 185.1 MB (88.3%)
2023-10-18 01:25:34.429 [ INFO] - 185.1 MB (89.3%)
2023-10-18 01:25:34.640 [ INFO] - 185.1 MB (90.3%)
2023-10-18 01:25:34.700 [ INFO] - 185.1 MB (91.4%)
2023-10-18 01:25:34.916 [ INFO] - 185.1 MB (92.4%)
2023-10-18 01:25:35.131 [ INFO] - 185.1 MB (93.4%)
2023-10-18 01:25:35.345 [ INFO] - 185.1 MB (94.5%)
2023-10-18 01:25:35.400 [ INFO] - 185.1 MB (95.5%)
2023-10-18 01:25:35.613 [ INFO] - 185.1 MB (96.5%)
2023-10-18 01:25:35.827 [ INFO] - 185.1 MB (97.5%)
2023-10-18 01:25:36.034 [ INFO] - 185.1 MB (98.6%)
2023-10-18 01:25:36.093 [ INFO] - 185.1 MB (99.6%)
2023-10-18 01:25:36.268 [ INFO] - 185.1 MB (100.0%)
2023-10-18 01:25:36.268 [ INFO] Processing  time : 0:00:46.083810
2023-10-18 01:25:36.268 [ INFO] Downloading time : 0:00:24.300437
2023-10-18 01:25:36.269 [ INFO] Total time       : 0:01:10.384247
2023-10-18 01:25:36.269 [ INFO] Download rate    : 7.3 MB/s
2023-10-18 01:25:36.269 [ INFO] Done

 ... downloading var so

2023-10-18 01:25:36.516 [ INFO] Asynchronous mode set
2023-10-18 01:25:36.517 [ INFO] Authenticating user isoares for service https://nrt.cmems-du.eu/motu-web/Motu
2023-10-18 01:25:40.953 [ INFO] Requesting file to download (this can take a while)...
2023-10-18 01:25:47.960 [ INFO] Authenticating user isoares for service https://nrt.cmems-du.eu/motu-web/Motu
2023-10-18 01:25:59.171 [ INFO] Product is not yet available (request in progress)
2023-10-18 01:26:09.181 [ INFO] Authenticating user isoares for service https://nrt.cmems-du.eu/motu-web/Motu
2023-10-18 01:26:21.587 [ INFO] The product is ready for download
2023-10-18 01:26:21.587 [ INFO] Downloading file (this can take a while)...
2023-10-18 01:26:22.565 [ INFO] File type: application/x-netcdf
2023-10-18 01:26:22.565 [ INFO] File size: 185.1 MB (185115188 B)
2023-10-18 01:26:22.566 [ INFO] Downloading file /home/ivans/operational/pacific_npo_2gr/forecast/d-temporary/nemo_so.nc
2023-10-18 01:26:24.204 [ INFO] - 185.1 MB (1.0%)
2023-10-18 01:26:24.439 [ INFO] - 185.1 MB (2.1%)
2023-10-18 01:26:24.702 [ INFO] - 185.1 MB (3.1%)
2023-10-18 01:26:24.722 [ INFO] - 185.1 MB (4.1%)
2023-10-18 01:26:24.958 [ INFO] - 185.1 MB (5.1%)
2023-10-18 01:26:25.423 [ INFO] - 185.1 MB (6.2%)
2023-10-18 01:26:25.432 [ INFO] - 185.1 MB (7.2%)
2023-10-18 01:26:25.938 [ INFO] - 185.1 MB (8.2%)
2023-10-18 01:26:25.949 [ INFO] - 185.1 MB (9.2%)
2023-10-18 01:26:26.426 [ INFO] - 185.1 MB (10.3%)
2023-10-18 01:26:26.643 [ INFO] - 185.1 MB (11.3%)
2023-10-18 01:26:26.889 [ INFO] - 185.1 MB (12.3%)
2023-10-18 01:26:27.133 [ INFO] - 185.1 MB (13.3%)
2023-10-18 01:26:27.585 [ INFO] - 185.1 MB (14.4%)
2023-10-18 01:26:27.830 [ INFO] - 185.1 MB (15.4%)
2023-10-18 01:26:28.072 [ INFO] - 185.1 MB (16.4%)
2023-10-18 01:26:28.518 [ INFO] - 185.1 MB (17.5%)
2023-10-18 01:26:28.763 [ INFO] - 185.1 MB (18.5%)
2023-10-18 01:26:29.005 [ INFO] - 185.1 MB (19.5%)
2023-10-18 01:26:29.248 [ INFO] - 185.1 MB (20.5%)
2023-10-18 01:26:29.688 [ INFO] - 185.1 MB (21.6%)
2023-10-18 01:26:29.932 [ INFO] - 185.1 MB (22.6%)
2023-10-18 01:26:30.174 [ INFO] - 185.1 MB (23.6%)
2023-10-18 01:26:30.415 [ INFO] - 185.1 MB (24.6%)
2023-10-18 01:26:30.657 [ INFO] - 185.1 MB (25.7%)
2023-10-18 01:26:31.093 [ INFO] - 185.1 MB (26.7%)
2023-10-18 01:26:31.336 [ INFO] - 185.1 MB (27.7%)
2023-10-18 01:26:31.578 [ INFO] - 185.1 MB (28.7%)
2023-10-18 01:26:31.817 [ INFO] - 185.1 MB (29.8%)
2023-10-18 01:26:32.059 [ INFO] - 185.1 MB (30.8%)
2023-10-18 01:26:32.493 [ INFO] - 185.1 MB (31.8%)
2023-10-18 01:26:32.737 [ INFO] - 185.1 MB (32.9%)
2023-10-18 01:26:32.979 [ INFO] - 185.1 MB (33.9%)
2023-10-18 01:26:33.219 [ INFO] - 185.1 MB (34.9%)
2023-10-18 01:26:33.461 [ INFO] - 185.1 MB (35.9%)
2023-10-18 01:26:33.700 [ INFO] - 185.1 MB (37.0%)
2023-10-18 01:26:34.135 [ INFO] - 185.1 MB (38.0%)
2023-10-18 01:26:34.376 [ INFO] - 185.1 MB (39.0%)
2023-10-18 01:26:34.620 [ INFO] - 185.1 MB (40.0%)
2023-10-18 01:26:34.859 [ INFO] - 185.1 MB (41.1%)
2023-10-18 01:26:35.101 [ INFO] - 185.1 MB (42.1%)
2023-10-18 01:26:35.534 [ INFO] - 185.1 MB (43.1%)
2023-10-18 01:26:35.777 [ INFO] - 185.1 MB (44.1%)
2023-10-18 01:26:36.018 [ INFO] - 185.1 MB (45.2%)
2023-10-18 01:26:36.260 [ INFO] - 185.1 MB (46.2%)
2023-10-18 01:26:36.501 [ INFO] - 185.1 MB (47.2%)
2023-10-18 01:26:36.742 [ INFO] - 185.1 MB (48.3%)
2023-10-18 01:26:37.174 [ INFO] - 185.1 MB (49.3%)
2023-10-18 01:26:37.416 [ INFO] - 185.1 MB (50.3%)
2023-10-18 01:26:37.657 [ INFO] - 185.1 MB (51.3%)
2023-10-18 01:26:37.899 [ INFO] - 185.1 MB (52.4%)
2023-10-18 01:26:38.140 [ INFO] - 185.1 MB (53.4%)
2023-10-18 01:26:38.381 [ INFO] - 185.1 MB (54.4%)
2023-10-18 01:26:38.723 [ INFO] - 185.1 MB (55.4%)
2023-10-18 01:26:39.053 [ INFO] - 185.1 MB (56.5%)
2023-10-18 01:26:39.294 [ INFO] - 185.1 MB (57.5%)
2023-10-18 01:26:39.534 [ INFO] - 185.1 MB (58.5%)
2023-10-18 01:26:39.774 [ INFO] - 185.1 MB (59.5%)
2023-10-18 01:26:40.014 [ INFO] - 185.1 MB (60.6%)
2023-10-18 01:26:40.253 [ INFO] - 185.1 MB (61.6%)
2023-10-18 01:26:40.491 [ INFO] - 185.1 MB (62.6%)
2023-10-18 01:26:40.728 [ INFO] - 185.1 MB (63.7%)
2023-10-18 01:26:41.103 [ INFO] - 185.1 MB (64.7%)
2023-10-18 01:26:41.389 [ INFO] - 185.1 MB (65.7%)
2023-10-18 01:26:41.626 [ INFO] - 185.1 MB (66.7%)
2023-10-18 01:26:41.863 [ INFO] - 185.1 MB (67.8%)
2023-10-18 01:26:42.099 [ INFO] - 185.1 MB (68.8%)
2023-10-18 01:26:42.335 [ INFO] - 185.1 MB (69.8%)
2023-10-18 01:26:42.569 [ INFO] - 185.1 MB (70.8%)
2023-10-18 01:26:42.803 [ INFO] - 185.1 MB (71.9%)
2023-10-18 01:26:43.035 [ INFO] - 185.1 MB (72.9%)
2023-10-18 01:26:43.263 [ INFO] - 185.1 MB (73.9%)
2023-10-18 01:26:43.491 [ INFO] - 185.1 MB (74.9%)
2023-10-18 01:26:43.714 [ INFO] - 185.1 MB (76.0%)
2023-10-18 01:26:43.777 [ INFO] - 185.1 MB (77.0%)
2023-10-18 01:26:44.007 [ INFO] - 185.1 MB (78.0%)
2023-10-18 01:26:44.238 [ INFO] - 185.1 MB (79.1%)
2023-10-18 01:26:44.467 [ INFO] - 185.1 MB (80.1%)
2023-10-18 01:26:44.694 [ INFO] - 185.1 MB (81.1%)
2023-10-18 01:26:44.921 [ INFO] - 185.1 MB (82.1%)
2023-10-18 01:26:45.139 [ INFO] - 185.1 MB (83.2%)
2023-10-18 01:26:45.196 [ INFO] - 185.1 MB (84.2%)
2023-10-18 01:26:45.418 [ INFO] - 185.1 MB (85.2%)
2023-10-18 01:26:45.643 [ INFO] - 185.1 MB (86.2%)
2023-10-18 01:26:45.862 [ INFO] - 185.1 MB (87.3%)
2023-10-18 01:26:46.076 [ INFO] - 185.1 MB (88.3%)
2023-10-18 01:26:46.128 [ INFO] - 185.1 MB (89.3%)
2023-10-18 01:26:46.352 [ INFO] - 185.1 MB (90.3%)
2023-10-18 01:26:46.570 [ INFO] - 185.1 MB (91.4%)
2023-10-18 01:26:46.780 [ INFO] - 185.1 MB (92.4%)
2023-10-18 01:26:46.833 [ INFO] - 185.1 MB (93.4%)
2023-10-18 01:26:47.054 [ INFO] - 185.1 MB (94.5%)
2023-10-18 01:26:47.269 [ INFO] - 185.1 MB (95.5%)
2023-10-18 01:26:47.471 [ INFO] - 185.1 MB (96.5%)
2023-10-18 01:26:47.537 [ INFO] - 185.1 MB (97.5%)
2023-10-18 01:26:47.753 [ INFO] - 185.1 MB (98.6%)
2023-10-18 01:26:47.964 [ INFO] - 185.1 MB (99.6%)
2023-10-18 01:26:47.988 [ INFO] - 185.1 MB (100.0%)
2023-10-18 01:26:47.988 [ INFO] Processing  time : 0:00:46.049688
2023-10-18 01:26:47.988 [ INFO] Downloading time : 0:00:25.422677
2023-10-18 01:26:47.988 [ INFO] Total time       : 0:01:11.472365
2023-10-18 01:26:47.989 [ INFO] Download rate    : 7.0 MB/s
2023-10-18 01:26:47.989 [ INFO] Done

 ... downloading var cur

2023-10-18 01:26:48.221 [ INFO] Asynchronous mode set
2023-10-18 01:26:48.221 [ INFO] Authenticating user isoares for service https://nrt.cmems-du.eu/motu-web/Motu
2023-10-18 01:26:52.654 [ INFO] Requesting file to download (this can take a while)...
2023-10-18 01:26:59.671 [ INFO] Authenticating user isoares for service https://nrt.cmems-du.eu/motu-web/Motu
2023-10-18 01:27:11.279 [ INFO] Product is not yet available (request in progress)
2023-10-18 01:27:21.290 [ INFO] Authenticating user isoares for service https://nrt.cmems-du.eu/motu-web/Motu
2023-10-18 01:27:32.568 [ INFO] Product is not yet available (request in progress)
2023-10-18 01:27:42.578 [ INFO] Authenticating user isoares for service https://nrt.cmems-du.eu/motu-web/Motu
2023-10-18 01:27:53.900 [ INFO] Product is not yet available (request in progress)
2023-10-18 01:28:03.910 [ INFO] Authenticating user isoares for service https://nrt.cmems-du.eu/motu-web/Motu
2023-10-18 01:28:15.330 [ INFO] The product is ready for download
2023-10-18 01:28:15.331 [ INFO] Downloading file (this can take a while)...
2023-10-18 01:28:16.592 [ INFO] File type: application/x-netcdf
2023-10-18 01:28:16.593 [ INFO] File size: 370.2 MB (370223532 B)
2023-10-18 01:28:16.593 [ INFO] Downloading file /home/ivans/operational/pacific_npo_2gr/forecast/d-temporary/nemo_cur.nc
2023-10-18 01:28:18.284 [ INFO] - 370.2 MB (1.0%)
2023-10-18 01:28:18.567 [ INFO] - 370.2 MB (2.0%)
2023-10-18 01:28:19.286 [ INFO] - 370.2 MB (3.0%)
2023-10-18 01:28:19.797 [ INFO] - 370.2 MB (4.0%)
2023-10-18 01:28:20.051 [ INFO] - 370.2 MB (5.0%)
2023-10-18 01:28:20.768 [ INFO] - 370.2 MB (6.1%)
2023-10-18 01:28:21.268 [ INFO] - 370.2 MB (7.1%)
2023-10-18 01:28:21.986 [ INFO] - 370.2 MB (8.1%)
2023-10-18 01:28:22.481 [ INFO] - 370.2 MB (9.1%)
2023-10-18 01:28:23.182 [ INFO] - 370.2 MB (10.1%)
2023-10-18 01:28:23.683 [ INFO] - 370.2 MB (11.1%)
2023-10-18 01:28:24.179 [ INFO] - 370.2 MB (12.1%)
2023-10-18 01:28:24.671 [ INFO] - 370.2 MB (13.1%)
2023-10-18 01:28:25.356 [ INFO] - 370.2 MB (14.1%)
2023-10-18 01:28:25.857 [ INFO] - 370.2 MB (15.1%)
2023-10-18 01:28:26.347 [ INFO] - 370.2 MB (16.1%)
2023-10-18 01:28:26.840 [ INFO] - 370.2 MB (17.2%)
2023-10-18 01:28:27.331 [ INFO] - 370.2 MB (18.2%)
2023-10-18 01:28:28.011 [ INFO] - 370.2 MB (19.2%)
2023-10-18 01:28:28.509 [ INFO] - 370.2 MB (20.2%)
2023-10-18 01:28:29.002 [ INFO] - 370.2 MB (21.2%)
2023-10-18 01:28:29.495 [ INFO] - 370.2 MB (22.2%)
2023-10-18 01:28:29.988 [ INFO] - 370.2 MB (23.2%)
2023-10-18 01:28:30.665 [ INFO] - 370.2 MB (24.2%)
2023-10-18 01:28:31.162 [ INFO] - 370.2 MB (25.2%)
2023-10-18 01:28:31.656 [ INFO] - 370.2 MB (26.2%)
2023-10-18 01:28:32.146 [ INFO] - 370.2 MB (27.2%)
2023-10-18 01:28:32.637 [ INFO] - 370.2 MB (28.3%)
2023-10-18 01:28:33.127 [ INFO] - 370.2 MB (29.3%)
2023-10-18 01:28:33.803 [ INFO] - 370.2 MB (30.3%)
2023-10-18 01:28:34.290 [ INFO] - 370.2 MB (31.3%)
2023-10-18 01:28:34.779 [ INFO] - 370.2 MB (32.3%)
2023-10-18 01:28:35.262 [ INFO] - 370.2 MB (33.3%)
2023-10-18 01:28:35.744 [ INFO] - 370.2 MB (34.3%)
2023-10-18 01:28:36.224 [ INFO] - 370.2 MB (35.3%)
2023-10-18 01:28:36.702 [ INFO] - 370.2 MB (36.3%)
2023-10-18 01:28:36.991 [ INFO] - 370.2 MB (37.3%)
2023-10-18 01:28:37.466 [ INFO] - 370.2 MB (38.3%)
2023-10-18 01:28:37.935 [ INFO] - 370.2 MB (39.4%)
2023-10-18 01:28:38.402 [ INFO] - 370.2 MB (40.4%)
2023-10-18 01:28:38.681 [ INFO] - 370.2 MB (41.4%)
2023-10-18 01:28:39.144 [ INFO] - 370.2 MB (42.4%)
2023-10-18 01:28:39.600 [ INFO] - 370.2 MB (43.4%)
2023-10-18 01:28:39.874 [ INFO] - 370.2 MB (44.4%)
2023-10-18 01:28:40.327 [ INFO] - 370.2 MB (45.4%)
2023-10-18 01:28:40.599 [ INFO] - 370.2 MB (46.4%)
2023-10-18 01:28:41.048 [ INFO] - 370.2 MB (47.4%)
2023-10-18 01:28:41.321 [ INFO] - 370.2 MB (48.4%)
2023-10-18 01:28:41.588 [ INFO] - 370.2 MB (49.4%)
2023-10-18 01:28:42.039 [ INFO] - 370.2 MB (50.4%)
2023-10-18 01:28:42.306 [ INFO] - 370.2 MB (51.5%)
2023-10-18 01:28:42.747 [ INFO] - 370.2 MB (52.5%)
2023-10-18 01:28:43.018 [ INFO] - 370.2 MB (53.5%)
2023-10-18 01:28:43.283 [ INFO] - 370.2 MB (54.5%)
2023-10-18 01:28:43.731 [ INFO] - 370.2 MB (55.5%)
2023-10-18 01:28:43.996 [ INFO] - 370.2 MB (56.5%)
2023-10-18 01:28:44.256 [ INFO] - 370.2 MB (57.5%)
2023-10-18 01:28:44.707 [ INFO] - 370.2 MB (58.5%)
2023-10-18 01:28:44.969 [ INFO] - 370.2 MB (59.5%)
2023-10-18 01:28:45.227 [ INFO] - 370.2 MB (60.5%)
2023-10-18 01:28:45.677 [ INFO] - 370.2 MB (61.5%)
2023-10-18 01:28:45.940 [ INFO] - 370.2 MB (62.6%)
2023-10-18 01:28:46.200 [ INFO] - 370.2 MB (63.6%)
2023-10-18 01:28:46.457 [ INFO] - 370.2 MB (64.6%)
2023-10-18 01:28:46.901 [ INFO] - 370.2 MB (65.6%)
2023-10-18 01:28:47.165 [ INFO] - 370.2 MB (66.6%)
2023-10-18 01:28:47.425 [ INFO] - 370.2 MB (67.6%)
2023-10-18 01:28:47.683 [ INFO] - 370.2 MB (68.6%)
2023-10-18 01:28:48.130 [ INFO] - 370.2 MB (69.6%)
2023-10-18 01:28:48.401 [ INFO] - 370.2 MB (70.6%)
2023-10-18 01:28:48.656 [ INFO] - 370.2 MB (71.6%)
2023-10-18 01:28:48.910 [ INFO] - 370.2 MB (72.6%)
2023-10-18 01:28:49.319 [ INFO] - 370.2 MB (73.7%)
2023-10-18 01:28:49.624 [ INFO] - 370.2 MB (74.7%)
2023-10-18 01:28:49.880 [ INFO] - 370.2 MB (75.7%)
2023-10-18 01:28:50.138 [ INFO] - 370.2 MB (76.7%)
2023-10-18 01:28:50.535 [ INFO] - 370.2 MB (77.7%)
2023-10-18 01:28:50.851 [ INFO] - 370.2 MB (78.7%)
2023-10-18 01:28:51.109 [ INFO] - 370.2 MB (79.7%)
2023-10-18 01:28:51.367 [ INFO] - 370.2 MB (80.7%)
2023-10-18 01:28:51.625 [ INFO] - 370.2 MB (81.7%)
2023-10-18 01:28:51.986 [ INFO] - 370.2 MB (82.7%)
2023-10-18 01:28:52.346 [ INFO] - 370.2 MB (83.7%)
2023-10-18 01:28:52.602 [ INFO] - 370.2 MB (84.8%)
2023-10-18 01:28:52.856 [ INFO] - 370.2 MB (85.8%)
2023-10-18 01:28:53.114 [ INFO] - 370.2 MB (86.8%)
2023-10-18 01:28:53.453 [ INFO] - 370.2 MB (87.8%)
2023-10-18 01:28:53.839 [ INFO] - 370.2 MB (88.8%)
2023-10-18 01:28:54.098 [ INFO] - 370.2 MB (89.8%)
2023-10-18 01:28:54.355 [ INFO] - 370.2 MB (90.8%)
2023-10-18 01:28:54.660 [ INFO] - 370.2 MB (91.8%)
2023-10-18 01:28:54.911 [ INFO] - 370.2 MB (92.8%)
2023-10-18 01:28:55.326 [ INFO] - 370.2 MB (93.8%)
2023-10-18 01:28:55.583 [ INFO] - 370.2 MB (94.8%)
2023-10-18 01:28:55.840 [ INFO] - 370.2 MB (95.9%)
2023-10-18 01:28:56.295 [ INFO] - 370.2 MB (96.9%)
2023-10-18 01:28:56.545 [ INFO] - 370.2 MB (97.9%)
2023-10-18 01:28:56.806 [ INFO] - 370.2 MB (98.9%)
2023-10-18 01:28:57.062 [ INFO] - 370.2 MB (99.9%)
2023-10-18 01:28:57.068 [ INFO] - 370.2 MB (100.0%)
2023-10-18 01:28:57.068 [ INFO] Processing  time : 0:01:28.372215
2023-10-18 01:28:57.069 [ INFO] Downloading time : 0:00:40.475569
2023-10-18 01:28:57.069 [ INFO] Total time       : 0:02:08.847784
2023-10-18 01:28:57.069 [ INFO] Download rate    : 8.9 MB/s
2023-10-18 01:28:57.069 [ INFO] Done

 ... end of get_nemo_anfc_uvts

/home/ivans/.local/lib/python3.8/site-packages/numpy/ma/core.py:1156: RuntimeWarning: overflow encountered in true_divide
  result = self.f(da, db, *args, **kwargs)

 +++ End of get nemo 06h +++


 +++ Starting get nemo 06h +++


 ... starting script to get nemo anfc ssh

date ini = 2023-10-19 00:30:00
date end = 2023-10-19 00:30:00

 ... downloading ssh

2023-10-18 01:29:23.591 [ INFO] Asynchronous mode set
2023-10-18 01:29:23.592 [ INFO] Authenticating user isoares for service https://nrt.cmems-du.eu/motu-web/Motu
2023-10-18 01:29:27.924 [ INFO] Requesting file to download (this can take a while)...
2023-10-18 01:29:35.417 [ INFO] Authenticating user isoares for service https://nrt.cmems-du.eu/motu-web/Motu
2023-10-18 01:29:46.696 [ INFO] The product is ready for download
2023-10-18 01:29:46.697 [ INFO] Downloading file (this can take a while)...
2023-10-18 01:29:47.642 [ INFO] File type: application/x-netcdf
2023-10-18 01:29:47.642 [ INFO] File size: 932.1 kB (932120 B)
2023-10-18 01:29:47.642 [ INFO] Downloading file /home/ivans/operational/pacific_npo_2gr/forecast/d-temporary/nemo_ssh_20231019.nc
2023-10-18 01:29:48.107 [ INFO] - 932.1 kB (7.0%)
2023-10-18 01:29:48.339 [ INFO] - 932.1 kB (14.1%)
2023-10-18 01:29:48.568 [ INFO] - 932.1 kB (21.1%)
2023-10-18 01:29:48.569 [ INFO] - 932.1 kB (28.1%)
2023-10-18 01:29:48.572 [ INFO] - 932.1 kB (35.2%)
2023-10-18 01:29:48.573 [ INFO] - 932.1 kB (42.2%)
2023-10-18 01:29:48.799 [ INFO] - 932.1 kB (49.2%)
2023-10-18 01:29:48.800 [ INFO] - 932.1 kB (56.2%)
2023-10-18 01:29:48.803 [ INFO] - 932.1 kB (63.3%)
2023-10-18 01:29:48.804 [ INFO] - 932.1 kB (70.3%)
2023-10-18 01:29:48.804 [ INFO] - 932.1 kB (77.3%)
2023-10-18 01:29:48.805 [ INFO] - 932.1 kB (84.4%)
2023-10-18 01:29:48.839 [ INFO] - 932.1 kB (91.4%)
2023-10-18 01:29:49.030 [ INFO] - 932.1 kB (98.4%)
2023-10-18 01:29:49.031 [ INFO] - 932.1 kB (100.0%)
2023-10-18 01:29:49.031 [ INFO] Processing  time : 0:00:24.050602
2023-10-18 01:29:49.031 [ INFO] Downloading time : 0:00:01.388759
2023-10-18 01:29:49.031 [ INFO] Total time       : 0:00:25.439361
2023-10-18 01:29:49.031 [ INFO] Download rate    : 399.4 kB/s
2023-10-18 01:29:49.031 [ INFO] Done

 ... starting script to get nemo anfc pt6h1 uvts

date ini = 2023-10-19 00:00:00
date end = 2023-10-19 00:00:00


 ... downloading var thetao

2023-10-18 01:29:49.284 [ INFO] Asynchronous mode set
2023-10-18 01:29:49.285 [ INFO] Authenticating user isoares for service https://nrt.cmems-du.eu/motu-web/Motu
2023-10-18 01:29:53.444 [ INFO] Requesting file to download (this can take a while)...
2023-10-18 01:30:00.510 [ INFO] Authenticating user isoares for service https://nrt.cmems-du.eu/motu-web/Motu
2023-10-18 01:30:12.032 [ INFO] The product is ready for download
2023-10-18 01:30:12.032 [ INFO] Downloading file (this can take a while)...
2023-10-18 01:30:12.978 [ INFO] File type: application/x-netcdf
2023-10-18 01:30:12.978 [ INFO] File size: 46.3 MB (46284188 B)
2023-10-18 01:30:12.978 [ INFO] Downloading file /home/ivans/operational/pacific_npo_2gr/forecast/d-temporary/nemo_thetao.nc
2023-10-18 01:30:14.130 [ INFO] -  46.3 MB (1.1%)
2023-10-18 01:30:14.361 [ INFO] -  46.3 MB (2.3%)
2023-10-18 01:30:14.368 [ INFO] -  46.3 MB (3.4%)
2023-10-18 01:30:14.594 [ INFO] -  46.3 MB (4.5%)
2023-10-18 01:30:14.601 [ INFO] -  46.3 MB (5.7%)
2023-10-18 01:30:14.607 [ INFO] -  46.3 MB (6.8%)
2023-10-18 01:30:14.821 [ INFO] -  46.3 MB (7.9%)
2023-10-18 01:30:14.828 [ INFO] -  46.3 MB (9.1%)
2023-10-18 01:30:14.834 [ INFO] -  46.3 MB (10.2%)
2023-10-18 01:30:14.841 [ INFO] -  46.3 MB (11.3%)
2023-10-18 01:30:15.085 [ INFO] -  46.3 MB (12.5%)
2023-10-18 01:30:15.104 [ INFO] -  46.3 MB (13.6%)
2023-10-18 01:30:15.107 [ INFO] -  46.3 MB (14.7%)
2023-10-18 01:30:15.110 [ INFO] -  46.3 MB (15.9%)
2023-10-18 01:30:15.113 [ INFO] -  46.3 MB (17.0%)
2023-10-18 01:30:15.115 [ INFO] -  46.3 MB (18.1%)
2023-10-18 01:30:15.335 [ INFO] -  46.3 MB (19.3%)
2023-10-18 01:30:15.341 [ INFO] -  46.3 MB (20.4%)
2023-10-18 01:30:15.348 [ INFO] -  46.3 MB (21.5%)
2023-10-18 01:30:15.355 [ INFO] -  46.3 MB (22.7%)
2023-10-18 01:30:15.784 [ INFO] -  46.3 MB (23.8%)
2023-10-18 01:30:15.788 [ INFO] -  46.3 MB (24.9%)
2023-10-18 01:30:15.790 [ INFO] -  46.3 MB (26.1%)
2023-10-18 01:30:15.792 [ INFO] -  46.3 MB (27.2%)
2023-10-18 01:30:15.794 [ INFO] -  46.3 MB (28.3%)
2023-10-18 01:30:15.797 [ INFO] -  46.3 MB (29.5%)
2023-10-18 01:30:16.022 [ INFO] -  46.3 MB (30.6%)
2023-10-18 01:30:16.029 [ INFO] -  46.3 MB (31.7%)
2023-10-18 01:30:16.267 [ INFO] -  46.3 MB (32.8%)
2023-10-18 01:30:16.272 [ INFO] -  46.3 MB (34.0%)
2023-10-18 01:30:16.484 [ INFO] -  46.3 MB (35.1%)
2023-10-18 01:30:16.487 [ INFO] -  46.3 MB (36.2%)
2023-10-18 01:30:16.489 [ INFO] -  46.3 MB (37.4%)
2023-10-18 01:30:16.505 [ INFO] -  46.3 MB (38.5%)
2023-10-18 01:30:16.716 [ INFO] -  46.3 MB (39.6%)
2023-10-18 01:30:16.723 [ INFO] -  46.3 MB (40.8%)
2023-10-18 01:30:16.735 [ INFO] -  46.3 MB (41.9%)
2023-10-18 01:30:16.943 [ INFO] -  46.3 MB (43.0%)
2023-10-18 01:30:16.951 [ INFO] -  46.3 MB (44.2%)
2023-10-18 01:30:16.958 [ INFO] -  46.3 MB (45.3%)
2023-10-18 01:30:16.969 [ INFO] -  46.3 MB (46.4%)
2023-10-18 01:30:17.177 [ INFO] -  46.3 MB (47.6%)
2023-10-18 01:30:17.185 [ INFO] -  46.3 MB (48.7%)
2023-10-18 01:30:17.192 [ INFO] -  46.3 MB (49.8%)
2023-10-18 01:30:17.203 [ INFO] -  46.3 MB (51.0%)
2023-10-18 01:30:17.411 [ INFO] -  46.3 MB (52.1%)
2023-10-18 01:30:17.419 [ INFO] -  46.3 MB (53.2%)
2023-10-18 01:30:17.426 [ INFO] -  46.3 MB (54.4%)
2023-10-18 01:30:17.634 [ INFO] -  46.3 MB (55.5%)
2023-10-18 01:30:17.645 [ INFO] -  46.3 MB (56.6%)
2023-10-18 01:30:17.653 [ INFO] -  46.3 MB (57.8%)
2023-10-18 01:30:17.659 [ INFO] -  46.3 MB (58.9%)
2023-10-18 01:30:17.870 [ INFO] -  46.3 MB (60.0%)
2023-10-18 01:30:17.878 [ INFO] -  46.3 MB (61.2%)
2023-10-18 01:30:17.885 [ INFO] -  46.3 MB (62.3%)
2023-10-18 01:30:17.892 [ INFO] -  46.3 MB (63.4%)
2023-10-18 01:30:18.102 [ INFO] -  46.3 MB (64.6%)
2023-10-18 01:30:18.110 [ INFO] -  46.3 MB (65.7%)
2023-10-18 01:30:18.118 [ INFO] -  46.3 MB (66.8%)
2023-10-18 01:30:18.127 [ INFO] -  46.3 MB (68.0%)
2023-10-18 01:30:18.335 [ INFO] -  46.3 MB (69.1%)
2023-10-18 01:30:18.343 [ INFO] -  46.3 MB (70.2%)
2023-10-18 01:30:18.351 [ INFO] -  46.3 MB (71.4%)
2023-10-18 01:30:18.360 [ INFO] -  46.3 MB (72.5%)
2023-10-18 01:30:18.565 [ INFO] -  46.3 MB (73.6%)
2023-10-18 01:30:18.575 [ INFO] -  46.3 MB (74.8%)
2023-10-18 01:30:18.583 [ INFO] -  46.3 MB (75.9%)
2023-10-18 01:30:18.590 [ INFO] -  46.3 MB (77.0%)
2023-10-18 01:30:18.796 [ INFO] -  46.3 MB (78.2%)
2023-10-18 01:30:18.807 [ INFO] -  46.3 MB (79.3%)
2023-10-18 01:30:18.815 [ INFO] -  46.3 MB (80.4%)
2023-10-18 01:30:18.822 [ INFO] -  46.3 MB (81.6%)
2023-10-18 01:30:19.027 [ INFO] -  46.3 MB (82.7%)
2023-10-18 01:30:19.038 [ INFO] -  46.3 MB (83.8%)
2023-10-18 01:30:19.046 [ INFO] -  46.3 MB (85.0%)
2023-10-18 01:30:19.053 [ INFO] -  46.3 MB (86.1%)
2023-10-18 01:30:19.255 [ INFO] -  46.3 MB (87.2%)
2023-10-18 01:30:19.269 [ INFO] -  46.3 MB (88.4%)
2023-10-18 01:30:19.277 [ INFO] -  46.3 MB (89.5%)
2023-10-18 01:30:19.285 [ INFO] -  46.3 MB (90.6%)
2023-10-18 01:30:19.292 [ INFO] -  46.3 MB (91.8%)
2023-10-18 01:30:19.500 [ INFO] -  46.3 MB (92.9%)
2023-10-18 01:30:19.508 [ INFO] -  46.3 MB (94.0%)
2023-10-18 01:30:19.516 [ INFO] -  46.3 MB (95.2%)
2023-10-18 01:30:19.523 [ INFO] -  46.3 MB (96.3%)
2023-10-18 01:30:19.729 [ INFO] -  46.3 MB (97.4%)
2023-10-18 01:30:19.738 [ INFO] -  46.3 MB (98.5%)
2023-10-18 01:30:19.747 [ INFO] -  46.3 MB (99.7%)
2023-10-18 01:30:19.749 [ INFO] -  46.3 MB (100.0%)
2023-10-18 01:30:19.749 [ INFO] Processing  time : 0:00:23.694257
2023-10-18 01:30:19.749 [ INFO] Downloading time : 0:00:06.771076
2023-10-18 01:30:19.749 [ INFO] Total time       : 0:00:30.465333
2023-10-18 01:30:19.749 [ INFO] Download rate    : 6.0 MB/s
2023-10-18 01:30:19.749 [ INFO] Done

 ... downloading var so

2023-10-18 01:30:19.964 [ INFO] Asynchronous mode set
2023-10-18 01:30:19.965 [ INFO] Authenticating user isoares for service https://nrt.cmems-du.eu/motu-web/Motu
2023-10-18 01:30:24.837 [ INFO] Requesting file to download (this can take a while)...
2023-10-18 01:30:31.842 [ INFO] Authenticating user isoares for service https://nrt.cmems-du.eu/motu-web/Motu
2023-10-18 01:30:43.370 [ INFO] The product is ready for download
2023-10-18 01:30:43.370 [ INFO] Downloading file (this can take a while)...
2023-10-18 01:30:44.528 [ INFO] File type: application/x-netcdf
2023-10-18 01:30:44.528 [ INFO] File size: 46.3 MB (46284164 B)
2023-10-18 01:30:44.528 [ INFO] Downloading file /home/ivans/operational/pacific_npo_2gr/forecast/d-temporary/nemo_so.nc
2023-10-18 01:30:45.438 [ INFO] -  46.3 MB (1.1%)
2023-10-18 01:30:45.668 [ INFO] -  46.3 MB (2.3%)
2023-10-18 01:30:45.894 [ INFO] -  46.3 MB (3.4%)
2023-10-18 01:30:45.900 [ INFO] -  46.3 MB (4.5%)
2023-10-18 01:30:46.119 [ INFO] -  46.3 MB (5.7%)
2023-10-18 01:30:46.125 [ INFO] -  46.3 MB (6.8%)
2023-10-18 01:30:46.132 [ INFO] -  46.3 MB (7.9%)
2023-10-18 01:30:46.139 [ INFO] -  46.3 MB (9.1%)
2023-10-18 01:30:46.145 [ INFO] -  46.3 MB (10.2%)
2023-10-18 01:30:46.349 [ INFO] -  46.3 MB (11.3%)
2023-10-18 01:30:46.355 [ INFO] -  46.3 MB (12.5%)
2023-10-18 01:30:46.366 [ INFO] -  46.3 MB (13.6%)
2023-10-18 01:30:46.380 [ INFO] -  46.3 MB (14.7%)
2023-10-18 01:30:46.390 [ INFO] -  46.3 MB (15.9%)
2023-10-18 01:30:46.473 [ INFO] -  46.3 MB (17.0%)
2023-10-18 01:30:46.578 [ INFO] -  46.3 MB (18.1%)
2023-10-18 01:30:46.595 [ INFO] -  46.3 MB (19.3%)
2023-10-18 01:30:46.609 [ INFO] -  46.3 MB (20.4%)
2023-10-18 01:30:46.621 [ INFO] -  46.3 MB (21.5%)
2023-10-18 01:30:46.633 [ INFO] -  46.3 MB (22.7%)
2023-10-18 01:30:46.795 [ INFO] -  46.3 MB (23.8%)
2023-10-18 01:30:46.808 [ INFO] -  46.3 MB (24.9%)
2023-10-18 01:30:46.833 [ INFO] -  46.3 MB (26.1%)
2023-10-18 01:30:46.848 [ INFO] -  46.3 MB (27.2%)
2023-10-18 01:30:46.865 [ INFO] -  46.3 MB (28.3%)
2023-10-18 01:30:46.877 [ INFO] -  46.3 MB (29.5%)
2023-10-18 01:30:47.024 [ INFO] -  46.3 MB (30.6%)
2023-10-18 01:30:47.037 [ INFO] -  46.3 MB (31.7%)
2023-10-18 01:30:47.073 [ INFO] -  46.3 MB (32.9%)
2023-10-18 01:30:47.087 [ INFO] -  46.3 MB (34.0%)
2023-10-18 01:30:47.100 [ INFO] -  46.3 MB (35.1%)
2023-10-18 01:30:47.109 [ INFO] -  46.3 MB (36.2%)
2023-10-18 01:30:47.255 [ INFO] -  46.3 MB (37.4%)
2023-10-18 01:30:47.266 [ INFO] -  46.3 MB (38.5%)
2023-10-18 01:30:47.313 [ INFO] -  46.3 MB (39.6%)
2023-10-18 01:30:47.320 [ INFO] -  46.3 MB (40.8%)
2023-10-18 01:30:47.328 [ INFO] -  46.3 MB (41.9%)
2023-10-18 01:30:47.338 [ INFO] -  46.3 MB (43.0%)
2023-10-18 01:30:47.482 [ INFO] -  46.3 MB (44.2%)
2023-10-18 01:30:47.495 [ INFO] -  46.3 MB (45.3%)
2023-10-18 01:30:47.548 [ INFO] -  46.3 MB (46.4%)
2023-10-18 01:30:47.557 [ INFO] -  46.3 MB (47.6%)
2023-10-18 01:30:47.566 [ INFO] -  46.3 MB (48.7%)
2023-10-18 01:30:47.578 [ INFO] -  46.3 MB (49.8%)
2023-10-18 01:30:47.711 [ INFO] -  46.3 MB (51.0%)
2023-10-18 01:30:47.725 [ INFO] -  46.3 MB (52.1%)
2023-10-18 01:30:47.784 [ INFO] -  46.3 MB (53.2%)
2023-10-18 01:30:47.790 [ INFO] -  46.3 MB (54.4%)
2023-10-18 01:30:47.797 [ INFO] -  46.3 MB (55.5%)
2023-10-18 01:30:47.807 [ INFO] -  46.3 MB (56.6%)
2023-10-18 01:30:47.951 [ INFO] -  46.3 MB (57.8%)
2023-10-18 01:30:47.958 [ INFO] -  46.3 MB (58.9%)
2023-10-18 01:30:48.013 [ INFO] -  46.3 MB (60.0%)
2023-10-18 01:30:48.020 [ INFO] -  46.3 MB (61.2%)
2023-10-18 01:30:48.029 [ INFO] -  46.3 MB (62.3%)
2023-10-18 01:30:48.037 [ INFO] -  46.3 MB (63.4%)
2023-10-18 01:30:48.181 [ INFO] -  46.3 MB (64.6%)
2023-10-18 01:30:48.187 [ INFO] -  46.3 MB (65.7%)
2023-10-18 01:30:48.246 [ INFO] -  46.3 MB (66.8%)
2023-10-18 01:30:48.253 [ INFO] -  46.3 MB (68.0%)
2023-10-18 01:30:48.260 [ INFO] -  46.3 MB (69.1%)
2023-10-18 01:30:48.266 [ INFO] -  46.3 MB (70.2%)
2023-10-18 01:30:48.413 [ INFO] -  46.3 MB (71.4%)
2023-10-18 01:30:48.419 [ INFO] -  46.3 MB (72.5%)
2023-10-18 01:30:48.476 [ INFO] -  46.3 MB (73.6%)
2023-10-18 01:30:48.487 [ INFO] -  46.3 MB (74.8%)
2023-10-18 01:30:48.494 [ INFO] -  46.3 MB (75.9%)
2023-10-18 01:30:48.500 [ INFO] -  46.3 MB (77.0%)
2023-10-18 01:30:48.642 [ INFO] -  46.3 MB (78.2%)
2023-10-18 01:30:48.652 [ INFO] -  46.3 MB (79.3%)
2023-10-18 01:30:48.706 [ INFO] -  46.3 MB (80.4%)
2023-10-18 01:30:48.720 [ INFO] -  46.3 MB (81.6%)
2023-10-18 01:30:48.726 [ INFO] -  46.3 MB (82.7%)
2023-10-18 01:30:48.733 [ INFO] -  46.3 MB (83.8%)
2023-10-18 01:30:48.872 [ INFO] -  46.3 MB (85.0%)
2023-10-18 01:30:48.887 [ INFO] -  46.3 MB (86.1%)
2023-10-18 01:30:48.935 [ INFO] -  46.3 MB (87.2%)
2023-10-18 01:30:48.953 [ INFO] -  46.3 MB (88.4%)
2023-10-18 01:30:48.959 [ INFO] -  46.3 MB (89.5%)
2023-10-18 01:30:48.966 [ INFO] -  46.3 MB (90.6%)
2023-10-18 01:30:49.101 [ INFO] -  46.3 MB (91.8%)
2023-10-18 01:30:49.162 [ INFO] -  46.3 MB (92.9%)
2023-10-18 01:30:49.168 [ INFO] -  46.3 MB (94.0%)
2023-10-18 01:30:49.181 [ INFO] -  46.3 MB (95.2%)
2023-10-18 01:30:49.189 [ INFO] -  46.3 MB (96.3%)
2023-10-18 01:30:49.325 [ INFO] -  46.3 MB (97.4%)
2023-10-18 01:30:49.335 [ INFO] -  46.3 MB (98.6%)
2023-10-18 01:30:49.391 [ INFO] -  46.3 MB (99.7%)
2023-10-18 01:30:49.393 [ INFO] -  46.3 MB (100.0%)
2023-10-18 01:30:49.393 [ INFO] Processing  time : 0:00:24.564399
2023-10-18 01:30:49.393 [ INFO] Downloading time : 0:00:04.864411
2023-10-18 01:30:49.393 [ INFO] Total time       : 0:00:29.428810
2023-10-18 01:30:49.393 [ INFO] Download rate    : 7.7 MB/s
2023-10-18 01:30:49.393 [ INFO] Done

 ... downloading var cur

2023-10-18 01:30:49.627 [ INFO] Asynchronous mode set
2023-10-18 01:30:49.628 [ INFO] Authenticating user isoares for service https://nrt.cmems-du.eu/motu-web/Motu
2023-10-18 01:30:54.030 [ INFO] Requesting file to download (this can take a while)...
2023-10-18 01:31:01.049 [ INFO] Authenticating user isoares for service https://nrt.cmems-du.eu/motu-web/Motu
2023-10-18 01:31:13.868 [ INFO] Product is not yet available (request in progress)
2023-10-18 01:31:23.878 [ INFO] Authenticating user isoares for service https://nrt.cmems-du.eu/motu-web/Motu
2023-10-18 01:31:35.379 [ INFO] The product is ready for download
2023-10-18 01:31:35.379 [ INFO] Downloading file (this can take a while)...
2023-10-18 01:31:36.325 [ INFO] File type: application/x-netcdf
2023-10-18 01:31:36.325 [ INFO] File size: 92.6 MB (92561508 B)
2023-10-18 01:31:36.325 [ INFO] Downloading file /home/ivans/operational/pacific_npo_2gr/forecast/d-temporary/nemo_cur.nc
2023-10-18 01:31:37.711 [ INFO] -  92.6 MB (1.1%)
2023-10-18 01:31:37.942 [ INFO] -  92.6 MB (2.1%)
2023-10-18 01:31:37.955 [ INFO] -  92.6 MB (3.2%)
2023-10-18 01:31:38.175 [ INFO] -  92.6 MB (4.2%)
2023-10-18 01:31:38.187 [ INFO] -  92.6 MB (5.3%)
2023-10-18 01:31:38.199 [ INFO] -  92.6 MB (6.4%)
2023-10-18 01:31:38.405 [ INFO] -  92.6 MB (7.4%)
2023-10-18 01:31:38.424 [ INFO] -  92.6 MB (8.5%)
2023-10-18 01:31:38.436 [ INFO] -  92.6 MB (9.6%)
2023-10-18 01:31:38.639 [ INFO] -  92.6 MB (10.6%)
2023-10-18 01:31:38.654 [ INFO] -  92.6 MB (11.7%)
2023-10-18 01:31:38.670 [ INFO] -  92.6 MB (12.7%)
2023-10-18 01:31:38.867 [ INFO] -  92.6 MB (13.8%)
2023-10-18 01:31:38.888 [ INFO] -  92.6 MB (14.9%)
2023-10-18 01:31:38.901 [ INFO] -  92.6 MB (15.9%)
2023-10-18 01:31:38.915 [ INFO] -  92.6 MB (17.0%)
2023-10-18 01:31:39.117 [ INFO] -  92.6 MB (18.1%)
2023-10-18 01:31:39.135 [ INFO] -  92.6 MB (19.1%)
2023-10-18 01:31:39.147 [ INFO] -  92.6 MB (20.2%)
2023-10-18 01:31:39.347 [ INFO] -  92.6 MB (21.2%)
2023-10-18 01:31:39.365 [ INFO] -  92.6 MB (22.3%)
2023-10-18 01:31:39.382 [ INFO] -  92.6 MB (23.4%)
2023-10-18 01:31:39.577 [ INFO] -  92.6 MB (24.4%)
2023-10-18 01:31:39.599 [ INFO] -  92.6 MB (25.5%)
2023-10-18 01:31:39.612 [ INFO] -  92.6 MB (26.6%)
2023-10-18 01:31:39.807 [ INFO] -  92.6 MB (27.6%)
2023-10-18 01:31:39.831 [ INFO] -  92.6 MB (28.7%)
2023-10-18 01:31:39.843 [ INFO] -  92.6 MB (29.7%)
2023-10-18 01:31:40.029 [ INFO] -  92.6 MB (30.8%)
2023-10-18 01:31:40.059 [ INFO] -  92.6 MB (31.9%)
2023-10-18 01:31:40.077 [ INFO] -  92.6 MB (32.9%)
2023-10-18 01:31:40.259 [ INFO] -  92.6 MB (34.0%)
2023-10-18 01:31:40.285 [ INFO] -  92.6 MB (35.0%)
2023-10-18 01:31:40.311 [ INFO] -  92.6 MB (36.1%)
2023-10-18 01:31:40.489 [ INFO] -  92.6 MB (37.2%)
2023-10-18 01:31:40.514 [ INFO] -  92.6 MB (38.2%)
2023-10-18 01:31:40.538 [ INFO] -  92.6 MB (39.3%)
2023-10-18 01:31:40.719 [ INFO] -  92.6 MB (40.4%)
2023-10-18 01:31:40.746 [ INFO] -  92.6 MB (41.4%)
2023-10-18 01:31:40.766 [ INFO] -  92.6 MB (42.5%)
2023-10-18 01:31:40.946 [ INFO] -  92.6 MB (43.5%)
2023-10-18 01:31:40.981 [ INFO] -  92.6 MB (44.6%)
2023-10-18 01:31:40.995 [ INFO] -  92.6 MB (45.7%)
2023-10-18 01:31:41.177 [ INFO] -  92.6 MB (46.7%)
2023-10-18 01:31:41.210 [ INFO] -  92.6 MB (47.8%)
2023-10-18 01:31:41.227 [ INFO] -  92.6 MB (48.9%)
2023-10-18 01:31:41.407 [ INFO] -  92.6 MB (49.9%)
2023-10-18 01:31:41.426 [ INFO] -  92.6 MB (51.0%)
2023-10-18 01:31:41.455 [ INFO] -  92.6 MB (52.0%)
2023-10-18 01:31:41.636 [ INFO] -  92.6 MB (53.1%)
2023-10-18 01:31:41.658 [ INFO] -  92.6 MB (54.2%)
2023-10-18 01:31:41.684 [ INFO] -  92.6 MB (55.2%)
2023-10-18 01:31:41.708 [ INFO] -  92.6 MB (56.3%)
2023-10-18 01:31:41.889 [ INFO] -  92.6 MB (57.4%)
2023-10-18 01:31:41.916 [ INFO] -  92.6 MB (58.4%)
2023-10-18 01:31:41.938 [ INFO] -  92.6 MB (59.5%)
2023-10-18 01:31:42.129 [ INFO] -  92.6 MB (60.5%)
2023-10-18 01:31:42.155 [ INFO] -  92.6 MB (61.6%)
2023-10-18 01:31:42.177 [ INFO] -  92.6 MB (62.7%)
2023-10-18 01:31:42.357 [ INFO] -  92.6 MB (63.7%)
2023-10-18 01:31:42.384 [ INFO] -  92.6 MB (64.8%)
2023-10-18 01:31:42.412 [ INFO] -  92.6 MB (65.8%)
2023-10-18 01:31:42.567 [ INFO] -  92.6 MB (66.9%)
2023-10-18 01:31:42.619 [ INFO] -  92.6 MB (68.0%)
2023-10-18 01:31:42.632 [ INFO] -  92.6 MB (69.0%)
2023-10-18 01:31:42.798 [ INFO] -  92.6 MB (70.1%)
2023-10-18 01:31:42.848 [ INFO] -  92.6 MB (71.2%)
2023-10-18 01:31:42.866 [ INFO] -  92.6 MB (72.2%)
2023-10-18 01:31:43.028 [ INFO] -  92.6 MB (73.3%)
2023-10-18 01:31:43.075 [ INFO] -  92.6 MB (74.3%)
2023-10-18 01:31:43.098 [ INFO] -  92.6 MB (75.4%)
2023-10-18 01:31:43.255 [ INFO] -  92.6 MB (76.5%)
2023-10-18 01:31:43.297 [ INFO] -  92.6 MB (77.5%)
2023-10-18 01:31:43.334 [ INFO] -  92.6 MB (78.6%)
2023-10-18 01:31:43.347 [ INFO] -  92.6 MB (79.7%)
2023-10-18 01:31:43.538 [ INFO] -  92.6 MB (80.7%)
2023-10-18 01:31:43.554 [ INFO] -  92.6 MB (81.8%)
2023-10-18 01:31:43.579 [ INFO] -  92.6 MB (82.8%)
2023-10-18 01:31:43.757 [ INFO] -  92.6 MB (83.9%)
2023-10-18 01:31:43.786 [ INFO] -  92.6 MB (85.0%)
2023-10-18 01:31:43.809 [ INFO] -  92.6 MB (86.0%)
2023-10-18 01:31:43.982 [ INFO] -  92.6 MB (87.1%)
2023-10-18 01:31:44.020 [ INFO] -  92.6 MB (88.1%)
2023-10-18 01:31:44.036 [ INFO] -  92.6 MB (89.2%)
2023-10-18 01:31:44.187 [ INFO] -  92.6 MB (90.3%)
2023-10-18 01:31:44.251 [ INFO] -  92.6 MB (91.3%)
2023-10-18 01:31:44.269 [ INFO] -  92.6 MB (92.4%)
2023-10-18 01:31:44.417 [ INFO] -  92.6 MB (93.5%)
2023-10-18 01:31:44.482 [ INFO] -  92.6 MB (94.5%)
2023-10-18 01:31:44.502 [ INFO] -  92.6 MB (95.6%)
2023-10-18 01:31:44.647 [ INFO] -  92.6 MB (96.6%)
2023-10-18 01:31:44.716 [ INFO] -  92.6 MB (97.7%)
2023-10-18 01:31:44.730 [ INFO] -  92.6 MB (98.8%)
2023-10-18 01:31:44.880 [ INFO] -  92.6 MB (99.8%)
2023-10-18 01:31:44.882 [ INFO] -  92.6 MB (100.0%)
2023-10-18 01:31:44.882 [ INFO] Processing  time : 0:00:46.698824
2023-10-18 01:31:44.882 [ INFO] Downloading time : 0:00:08.556644
2023-10-18 01:31:44.882 [ INFO] Total time       : 0:00:55.255468
2023-10-18 01:31:44.882 [ INFO] Download rate    : 9.7 MB/s
2023-10-18 01:31:44.883 [ INFO] Done

 ... end of get_nemo_anfc_uvts

/home/ivans/.local/lib/python3.8/site-packages/numpy/ma/core.py:1156: RuntimeWarning: overflow encountered in true_divide
  result = self.f(da, db, *args, **kwargs)

 +++ End of get nemo 06h +++

 ... merge downloaded files into file nemo_npo0.08_20231018.nc
 ... fix longitudes
 ... include new attributes: _FillValue and missing values
cdo    setmissval: Processed 5 variables over 5 timesteps [5.31s 105MB].
cdo    setmissval: Processed 5 variables over 5 timesteps [7.51s 106MB].

 ... check integrity of downloaded file 


 ... after check procedure check status is 0

 ... %%%%%% Downloaded file is OK !! %%%%%%

 ... move file to storage 


 ==> 2023/10/18 01:32:05 FINISHED downloading OGCM nemo for ROMS <==


 ==> Sourcing forecast_setup.sh for general forecast settings <==

 ... roms grid file is /home/ivans/operational/roms/grids/grid_npo0.08_07e.nc
 ... grid box is -166 -118 16 46

 ... grid size is 601 lons,  376 lats, 30 layers


 ==> 2023/10/18 01:32:05 HERE I am @ /home/ivans/operational/pacific_npo_2gr/forecast/d-temporary for step 04: make input files for ROMS <==


 ... today is 2023-10-18, ogcm is nemo
 ... will read 5 time steps every 24 hours
 ... will run for 1 day(s)
 ... donor file is /home/ivans/operational/pacific_npo_2gr/forecast/d-storage/20231018/nemo_npo0.08_20231018.nc


     ... horizontal interpolation: remap donor ogcm to roms grid

 ... found file grid_r_npo0.08.nc; will use it !!


     ... vertical interpolation: interp remaped ogcm to sigma level

Warning (cdfInqContents): Coordinates variable sigma can't be assigned!
Warning (cdfInqContents): Coordinates variable level can't be assigned!
Warning: Non monotonic zaxis!
     ... inpaint nans on remaped, sigma coord ogcm

     ... will use a temporary roms mask /home/ivans/operational/pacific_npo_2gr/forecast/d-interp/roms_npo0.08_07e_tmpmsk.nc
     ... to avoid inpainting on land points

 
 +++ Starting python program to inpaint nans on donor OGCM +++
 
 ... arguments are: ['/home/ivans/scripts/4roms/make_clim_step01_inpaint_nans_on_remaped_ogcm.py', '20231018', 'nemo', '5', '30', '24', '/home/ivans/operational/roms/grids/grid_npo0.08_07e.nc', 'remaped_nemo_20231018', '/home/ivans/operational/pacific_npo_2gr/forecast/d-interp/roms_npo0.08_07e_tmpmsk.nc']
 
 
 ... ogcm is nemo
 ... ntimes is 5
 ... storage interval is 24.0
 ... start date is 2023/10/18
 
 
 ... ogcm NaN is -9999.0
 
 ... doing time step 0 ... at time 750902400.0 secs
 ... doing time step 1 ... at time 750988800.0 secs
 ... doing time step 2 ... at time 751075200.0 secs
 ... doing time step 3 ... at time 751161600.0 secs
 ... doing time step 4 ... at time 751248000.0 secs
 
 +++ End of Python  +++
 
     ... re-write interpolated ogcm vars on staggered grid

 +++ Scripts to create climatology & obc files for ROMS +++

 ... will output empty netcdf files named clm.nc & bry.nc 
 ... ref date, nlon, nlat, nsig = 20000101, 601, 376, 30

 
 +++ Starting python program to write vars on clim files +++
 
 ... arguments are: ['/home/ivans/scripts/4roms/make_clim_step02_write_clm_bry_files.py', '5', '20231018', 'nemo', '0.', '1', '2', '4', '10.0', '4.0', '150', '150', '30', 'remaped_nemo_20231018_nonans.nc', '/home/ivans/operational/roms/grids/grid_npo0.08_07e.nc', 'input_clm_npo0.08_07e_20231018_nemo.nc', 'input_bry_npo0.08_07e_20231018_nemo.nc']
 
 
 ... ogcm is nemo
 ... ntimes is 5
 ... rotation ang is 0.0
 ... start date is 2023/10/18
 
 
 ... will write clim file input_clm_npo0.08_07e_20231018_nemo.nc
 ... and bdry file input_bry_npo0.08_07e_20231018_nemo.nc
 
 ... grid size is 601 x 376
 
 ... writing grid params in roms file ...
 
 
 ... writing grid params in roms file ...
 
 
 ... writing lon/lat in clm file ...
 
 
 ... writing lon/lat in bry file ...
 
 ... reading time 646872.0
 
##############################################################################
#                                                                             
#    ... writing vars in clmfile @ day: 8691.0, ntime: 0
#                                                                             
##############################################################################
 
Traceback (most recent call last):
  File "/home/ivans/scripts/4roms/make_clim_step02_write_clm_bry_files.py", line 223, in <module>
    write_clm_vars(clmfile, OGCM, n, outtime, 1)
  File "/home/ivans/scripts/python/io_tools_v1.py", line 592, in write_clm_vars
    out.variables[varname][it, :, :, :] = clmvars.var3d
AttributeError: type object 'Object' has no attribute 'var3d'

 ==> 2023/10/18 01:47:08 FINISHED making input files for ROMS <==


 ==> Sourcing forecast_setup.sh for general forecast settings <==

 ... roms grid file is /home/ivans/operational/roms/grids/grid_npo0.08_07e.nc
 ... grid box is -166 -118 16 46

 ... grid size is 601 lons,  376 lats, 30 layers


 ==> 2023/10/18 01:47:09 HERE I am @ /home/ivans/operational/pacific_npo_2gr/forecast/d-temporary for step 05: run ROMS <==


 ... today is 2023-10-18

 ... roms grid size is 601 x 376 x 30
 ... roms grid limits are: x1,x2 = -166,-118, y1,y2 = 16,46
 ... roms grid resolution is regular: 0.08 x 0.08

 ... will store outputs in folder /home/ivans/operational/pacific_npo_2gr/forecast/d-storage

 ... start day is 20231018
 ... the expt is npo0.08_07e_20231018
 ... will run for 1 day(s)

 ... the donor file is /home/ivans/operational/pacific_npo_2gr/forecast/d-storage/20231018/nemo_npo0.08_20231018.nc
 ... will read donor 5 time steps every 24 hours

 ... the grid file is /home/ivans/operational/roms/grids/grid_npo0.08_07e.nc
 ... the ngc  file is /home/ivans/operational/roms/grids/ngc_npo0.08_07e+npo0.0267_01c.nc
 ... the nudg file is /home/ivans/operational/roms/nudge/nudge_npo0.08_07e_exp_strong.nc
 ... the tide file is /home/ivans/operational/roms/tides/tide_npo0.08_07e_2023_ref2000.nc


 ... will read roms input files from /home/ivans/operational/pacific_npo_2gr/forecast/d-temporary/roms_in
 ... will output roms results to /home/ivans/operational/pacific_npo_2gr/forecast/d-temporary/roms_out

 ... /home/ivans/operational/pacific_npo_2gr/forecast/d-temporary/roms_in DOES NOT exist, will create it
 ... /home/ivans/operational/pacific_npo_2gr/forecast/d-temporary/roms_out DOES NOT exist, will create it

 ... make links to ROMS input files


 ... accessing ROMS grid file /home/ivans/operational/roms/grids/grid_npo0.08_07e.nc


 ... accessing ROMS grid file /home/ivans/operational/roms/grids/grid_npo0.0267_01c.nc


 ... accessing ROMS ngc file /home/ivans/operational/roms/grids/ngc_npo0.08_07e+npo0.0267_01c.nc


 ... accessing ROMS tide file /home/ivans/operational/roms/tides/tide_npo0.08_07e_2023_ref2000.nc


 ... this implementation uses no rivers


 ... accessing ROMS nudg file /home/ivans/operational/roms/nudge/nudge_npo0.08_07e_exp_strong.nc


 ... didnt find ROMS init file /home/ivans/operational/pacific_npo_2gr/forecast/d-storage/20231017/roms_rst_npo0.08_07e_20231018_nemo.nc

 ... will use file /home/ivans/operational/pacific_npo_2gr/forecast/d-storage/20231018/input_clm_npo0.08_07e_20231018_nemo.nc


 ... didnt find ROMS init file /home/ivans/operational/pacific_npo_2gr/forecast/d-storage/20231017/roms_rst_npo0.0267_01c_20231018_nemo.nc

 ... will use file /home/ivans/operational/pacific_npo_2gr/forecast/d-storage/20231018/input_clm_npo0.0267_01c_20231018_nemo.nc


 +++ Starting script to interp climatology to higher resolution +++

 ... DIDNT find file /home/ivans/oper/pacific_npo_2gr/forecast/d-storage/20231018/input_clm_npo0.08_07e_20231018_glby.nc, exiting now 

 ... DIDNT find file input_clm_npo0.0267_01c_20231018_nemo.nc, exiting !!


 ==> FINISHED ROMS/WW3 7-DAY FORECAST @ 2023/10/18 01:47:09 <== 

