
 ==> STARTING ROMS/WW3 7-DAY FORECAST @ 2023/10/08 01:11:01 <== 


 ==> Sourcing forecast_setup.sh for general forecast settings <==

 ... roms grid file is /home/ivans/operational/roms/grids/grid_npo0.08_07e.nc
 ... grid box is -166 -118 16 46

 ... grid size is 601 lons,  376 lats, 30 layers


 ==> 2023/10/08 01:11:01 HERE I am for step 01: start forecast <==


 ... today is 2023-10-08

 ... dir /home/ivans/operational/pacific_npo_2gr/forecast/d-storage/20231008 doesnt exist, will create it
 ... dir /home/ivans/operational/pacific_npo_2gr/forecast/d-temporary exists, will clean it

 ... end of step 01 


 ==> Sourcing forecast_setup.sh for general forecast settings <==

 ... roms grid file is /home/ivans/operational/roms/grids/grid_npo0.08_07e.nc
 ... grid box is -166 -118 16 46

 ... grid size is 601 lons,  376 lats, 30 layers


 ==> 2023/10/08 01:11:03 HERE I am @ /home/ivans/operational/pacific_npo_2gr/forecast/d-temporary for step 02: download forcing gfs data <==


 ... today is 2023-10-08
 ... will download 24 hours
 ... will store downloaded files in folder /home/ivans/operational/pacific_npo_2gr/forecast/d-storage


 +++ Starting script get_gfs_nomads_oneday+forecast.sh +++

 ... today is 20231008
 ... will download 1 day(s)


vars = :UGRD:10 m above|:VGRD:10 m above|:PREMSL|:RH:2 m above|:SPFH:2 m above|:TMP:2 m above|:PRMSL|:DSWRF|:DLWRF|:USWRF:surface|:ULWRF:surface|:PRATE:surface|:TMP:surface|:TCDC:entire atmosphere|:TCDC:high cloud layer|:TCDC:low cloud layer|:TCDC:middle cloud layer

2023-10-08 01:11:31 URL:https://nomads.ncep.noaa.gov/pub/data/nccf/com/gfs/prod/gfs.20231007/18/atmos/gfs.t18z.pgrb2.0p25.f006 [539163225/539163225] -> "nomads.tmp" [1]
1:0:d=2023100718:PRMSL:mean sea level:6 hour fcst:
563:407992928:d=2023100718:TMP:surface:6 hour fcst:
581:415224856:d=2023100718:TMP:2 m above ground:6 hour fcst:
582:415733486:d=2023100718:SPFH:2 m above ground:6 hour fcst:
584:417483799:d=2023100718:RH:2 m above ground:6 hour fcst:
588:419830279:d=2023100718:UGRD:10 m above ground:6 hour fcst:
589:420803361:d=2023100718:VGRD:10 m above ground:6 hour fcst:
593:423025429:d=2023100718:PRATE:surface:6 hour fcst:
595:424319563:d=2023100718:PRATE:surface:0-6 hour ave fcst:
636:443378299:d=2023100718:TCDC:entire atmosphere:6 hour fcst:
637:444198778:d=2023100718:TCDC:entire atmosphere:0-6 hour ave fcst:
653:460621926:d=2023100718:DSWRF:surface:0-6 hour ave fcst:
654:461600411:d=2023100718:DLWRF:surface:0-6 hour ave fcst:
655:462535086:d=2023100718:USWRF:surface:0-6 hour ave fcst:
656:463424058:d=2023100718:ULWRF:surface:0-6 hour ave fcst:

 ... downloading file https://nomads.ncep.noaa.gov/pub/data/nccf/com/gfs/prod/gfs.20231008/00/atmos/gfs.t00z.pgrb2.0p25.f003

2023-10-08 01:12:07 URL:https://nomads.ncep.noaa.gov/pub/data/nccf/com/gfs/prod/gfs.20231008/00/atmos/gfs.t00z.pgrb2.0p25.f003 [536606786/536606786] -> "nomads.tmp" [1]
1:0:d=2023100800:PRMSL:mean sea level:3 hour fcst:
563:406341040:d=2023100800:TMP:surface:3 hour fcst:
581:413757772:d=2023100800:TMP:2 m above ground:3 hour fcst:
582:414265683:d=2023100800:SPFH:2 m above ground:3 hour fcst:
584:416018927:d=2023100800:RH:2 m above ground:3 hour fcst:
588:418360697:d=2023100800:UGRD:10 m above ground:3 hour fcst:
589:419334513:d=2023100800:VGRD:10 m above ground:3 hour fcst:
593:421571845:d=2023100800:PRATE:surface:3 hour fcst:
595:422874177:d=2023100800:PRATE:surface:0-3 hour ave fcst:
636:441620969:d=2023100800:TCDC:entire atmosphere:3 hour fcst:
637:442434466:d=2023100800:TCDC:entire atmosphere:0-3 hour ave fcst:
653:458025579:d=2023100800:DSWRF:surface:0-3 hour ave fcst:
654:458844493:d=2023100800:DLWRF:surface:0-3 hour ave fcst:
655:459807179:d=2023100800:USWRF:surface:0-3 hour ave fcst:
656:460511235:d=2023100800:ULWRF:surface:0-3 hour ave fcst:

 ... downloading file https://nomads.ncep.noaa.gov/pub/data/nccf/com/gfs/prod/gfs.20231008/00/atmos/gfs.t00z.pgrb2.0p25.f006

2023-10-08 01:12:24 URL:https://nomads.ncep.noaa.gov/pub/data/nccf/com/gfs/prod/gfs.20231008/00/atmos/gfs.t00z.pgrb2.0p25.f006 [537852209/537852209] -> "nomads.tmp" [1]
1:0:d=2023100800:PRMSL:mean sea level:6 hour fcst:
563:407340624:d=2023100800:TMP:surface:6 hour fcst:
581:414579994:d=2023100800:TMP:2 m above ground:6 hour fcst:
582:415088077:d=2023100800:SPFH:2 m above ground:6 hour fcst:
584:416849002:d=2023100800:RH:2 m above ground:6 hour fcst:
588:419187190:d=2023100800:UGRD:10 m above ground:6 hour fcst:
589:420162990:d=2023100800:VGRD:10 m above ground:6 hour fcst:
593:422390964:d=2023100800:PRATE:surface:6 hour fcst:
595:423692235:d=2023100800:PRATE:surface:0-6 hour ave fcst:
636:442616338:d=2023100800:TCDC:entire atmosphere:6 hour fcst:
637:443428546:d=2023100800:TCDC:entire atmosphere:0-6 hour ave fcst:
653:459714926:d=2023100800:DSWRF:surface:0-6 hour ave fcst:
654:460671958:d=2023100800:DLWRF:surface:0-6 hour ave fcst:
655:461601808:d=2023100800:USWRF:surface:0-6 hour ave fcst:
656:462494390:d=2023100800:ULWRF:surface:0-6 hour ave fcst:

 ... downloading file https://nomads.ncep.noaa.gov/pub/data/nccf/com/gfs/prod/gfs.20231008/00/atmos/gfs.t00z.pgrb2.0p25.f009

2023-10-08 01:14:00 URL:https://nomads.ncep.noaa.gov/pub/data/nccf/com/gfs/prod/gfs.20231008/00/atmos/gfs.t00z.pgrb2.0p25.f009 [540959932/540959932] -> "nomads.tmp" [1]
1:0:d=2023100800:PRMSL:mean sea level:9 hour fcst:
563:411854469:d=2023100800:TMP:surface:9 hour fcst:
581:419097599:d=2023100800:TMP:2 m above ground:9 hour fcst:
582:419609350:d=2023100800:SPFH:2 m above ground:9 hour fcst:
584:421372280:d=2023100800:RH:2 m above ground:9 hour fcst:
588:423722854:d=2023100800:UGRD:10 m above ground:9 hour fcst:
589:424700806:d=2023100800:VGRD:10 m above ground:9 hour fcst:
593:426929743:d=2023100800:PRATE:surface:9 hour fcst:
595:428225436:d=2023100800:PRATE:surface:6-9 hour ave fcst:
636:446801212:d=2023100800:TCDC:entire atmosphere:9 hour fcst:
637:447613071:d=2023100800:TCDC:entire atmosphere:6-9 hour ave fcst:
653:463175603:d=2023100800:DSWRF:surface:6-9 hour ave fcst:
654:463987788:d=2023100800:DLWRF:surface:6-9 hour ave fcst:
655:464949004:d=2023100800:USWRF:surface:6-9 hour ave fcst:
656:465672688:d=2023100800:ULWRF:surface:6-9 hour ave fcst:

 ... downloading file https://nomads.ncep.noaa.gov/pub/data/nccf/com/gfs/prod/gfs.20231008/00/atmos/gfs.t00z.pgrb2.0p25.f012

2023-10-08 01:14:15 URL:https://nomads.ncep.noaa.gov/pub/data/nccf/com/gfs/prod/gfs.20231008/00/atmos/gfs.t00z.pgrb2.0p25.f012 [543794313/543794313] -> "nomads.tmp" [1]
1:0:d=2023100800:PRMSL:mean sea level:12 hour fcst:
563:412631161:d=2023100800:TMP:surface:12 hour fcst:
581:419874147:d=2023100800:TMP:2 m above ground:12 hour fcst:
582:420387617:d=2023100800:SPFH:2 m above ground:12 hour fcst:
584:422145689:d=2023100800:RH:2 m above ground:12 hour fcst:
588:424493553:d=2023100800:UGRD:10 m above ground:12 hour fcst:
589:425472133:d=2023100800:VGRD:10 m above ground:12 hour fcst:
593:427628580:d=2023100800:PRATE:surface:12 hour fcst:
595:429007292:d=2023100800:PRATE:surface:6-12 hour ave fcst:
636:448547211:d=2023100800:TCDC:entire atmosphere:12 hour fcst:
637:449358232:d=2023100800:TCDC:entire atmosphere:6-12 hour ave fcst:
653:465645144:d=2023100800:DSWRF:surface:6-12 hour ave fcst:
654:466600747:d=2023100800:DLWRF:surface:6-12 hour ave fcst:
655:467530996:d=2023100800:USWRF:surface:6-12 hour ave fcst:
656:468435653:d=2023100800:ULWRF:surface:6-12 hour ave fcst:

 ... downloading file https://nomads.ncep.noaa.gov/pub/data/nccf/com/gfs/prod/gfs.20231008/00/atmos/gfs.t00z.pgrb2.0p25.f015

2023-10-08 01:14:58 URL:https://nomads.ncep.noaa.gov/pub/data/nccf/com/gfs/prod/gfs.20231008/00/atmos/gfs.t00z.pgrb2.0p25.f015 [541133800/541133800] -> "nomads.tmp" [1]
1:0:d=2023100800:PRMSL:mean sea level:15 hour fcst:
563:411484520:d=2023100800:TMP:surface:15 hour fcst:
581:418729767:d=2023100800:TMP:2 m above ground:15 hour fcst:
582:419242986:d=2023100800:SPFH:2 m above ground:15 hour fcst:
584:421005819:d=2023100800:RH:2 m above ground:15 hour fcst:
588:423363279:d=2023100800:UGRD:10 m above ground:15 hour fcst:
589:424343616:d=2023100800:VGRD:10 m above ground:15 hour fcst:
593:426584801:d=2023100800:PRATE:surface:15 hour fcst:
595:427881841:d=2023100800:PRATE:surface:12-15 hour ave fcst:
636:446951660:d=2023100800:TCDC:entire atmosphere:15 hour fcst:
637:447763566:d=2023100800:TCDC:entire atmosphere:12-15 hour ave fcst:
653:463296465:d=2023100800:DSWRF:surface:12-15 hour ave fcst:
654:464112878:d=2023100800:DLWRF:surface:12-15 hour ave fcst:
655:465073555:d=2023100800:USWRF:surface:12-15 hour ave fcst:
656:465788507:d=2023100800:ULWRF:surface:12-15 hour ave fcst:

 ... downloading file https://nomads.ncep.noaa.gov/pub/data/nccf/com/gfs/prod/gfs.20231008/00/atmos/gfs.t00z.pgrb2.0p25.f018

2023-10-08 01:16:44 URL:https://nomads.ncep.noaa.gov/pub/data/nccf/com/gfs/prod/gfs.20231008/00/atmos/gfs.t00z.pgrb2.0p25.f018 [540142126/540142126] -> "nomads.tmp" [1]
1:0:d=2023100800:PRMSL:mean sea level:18 hour fcst:
563:409251456:d=2023100800:TMP:surface:18 hour fcst:
581:416501840:d=2023100800:TMP:2 m above ground:18 hour fcst:
582:417015489:d=2023100800:SPFH:2 m above ground:18 hour fcst:
584:418774433:d=2023100800:RH:2 m above ground:18 hour fcst:
588:421128508:d=2023100800:UGRD:10 m above ground:18 hour fcst:
589:422108694:d=2023100800:VGRD:10 m above ground:18 hour fcst:
593:424339130:d=2023100800:PRATE:surface:18 hour fcst:
595:425635600:d=2023100800:PRATE:surface:12-18 hour ave fcst:
636:445136839:d=2023100800:TCDC:entire atmosphere:18 hour fcst:
637:445950144:d=2023100800:TCDC:entire atmosphere:12-18 hour ave fcst:
653:462189208:d=2023100800:DSWRF:surface:12-18 hour ave fcst:
654:463128242:d=2023100800:DLWRF:surface:12-18 hour ave fcst:
655:464057129:d=2023100800:USWRF:surface:12-18 hour ave fcst:
656:464866180:d=2023100800:ULWRF:surface:12-18 hour ave fcst:

 ... downloading file https://nomads.ncep.noaa.gov/pub/data/nccf/com/gfs/prod/gfs.20231008/00/atmos/gfs.t00z.pgrb2.0p25.f021

2023-10-08 01:17:38 URL:https://nomads.ncep.noaa.gov/pub/data/nccf/com/gfs/prod/gfs.20231008/00/atmos/gfs.t00z.pgrb2.0p25.f021 [540548363/540548363] -> "nomads.tmp" [1]
1:0:d=2023100800:PRMSL:mean sea level:21 hour fcst:
563:411059273:d=2023100800:TMP:surface:21 hour fcst:
581:418303344:d=2023100800:TMP:2 m above ground:21 hour fcst:
582:418812242:d=2023100800:SPFH:2 m above ground:21 hour fcst:
584:420572780:d=2023100800:RH:2 m above ground:21 hour fcst:
588:422922893:d=2023100800:UGRD:10 m above ground:21 hour fcst:
589:423900953:d=2023100800:VGRD:10 m above ground:21 hour fcst:
593:426109553:d=2023100800:PRATE:surface:21 hour fcst:
595:427399781:d=2023100800:PRATE:surface:18-21 hour ave fcst:
636:446498977:d=2023100800:TCDC:entire atmosphere:21 hour fcst:
637:447306005:d=2023100800:TCDC:entire atmosphere:18-21 hour ave fcst:
653:462748399:d=2023100800:DSWRF:surface:18-21 hour ave fcst:
654:463582784:d=2023100800:DLWRF:surface:18-21 hour ave fcst:
655:464545470:d=2023100800:USWRF:surface:18-21 hour ave fcst:
656:465250824:d=2023100800:ULWRF:surface:18-21 hour ave fcst:

 ... downloading file https://nomads.ncep.noaa.gov/pub/data/nccf/com/gfs/prod/gfs.20231008/00/atmos/gfs.t00z.pgrb2.0p25.f024

2023-10-08 01:18:39 URL:https://nomads.ncep.noaa.gov/pub/data/nccf/com/gfs/prod/gfs.20231008/00/atmos/gfs.t00z.pgrb2.0p25.f024 [541543411/541543411] -> "nomads.tmp" [1]
1:0:d=2023100800:PRMSL:mean sea level:24 hour fcst:
563:410909064:d=2023100800:TMP:surface:24 hour fcst:
581:418148887:d=2023100800:TMP:2 m above ground:24 hour fcst:
582:418654056:d=2023100800:SPFH:2 m above ground:24 hour fcst:
584:420407327:d=2023100800:RH:2 m above ground:24 hour fcst:
588:422746614:d=2023100800:UGRD:10 m above ground:24 hour fcst:
589:423720550:d=2023100800:VGRD:10 m above ground:24 hour fcst:
593:425924105:d=2023100800:PRATE:surface:24 hour fcst:
595:427286620:d=2023100800:PRATE:surface:18-24 hour ave fcst:
636:446727013:d=2023100800:TCDC:entire atmosphere:24 hour fcst:
637:447527298:d=2023100800:TCDC:entire atmosphere:18-24 hour ave fcst:
653:463633771:d=2023100800:DSWRF:surface:18-24 hour ave fcst:
654:464603590:d=2023100800:DLWRF:surface:18-24 hour ave fcst:
655:465532663:d=2023100800:USWRF:surface:18-24 hour ave fcst:
656:466416376:d=2023100800:ULWRF:surface:18-24 hour ave fcst:
cdo    mergetime: Processed 117 variables over 9 timesteps [0.84s 55MB].

 +++ End of script get_gfs_nomads_oneday+forecast.sh +++


 ==> HERE I am @ /home/ivans/operational/pacific_npo_2gr/forecast/d-temporary to execute check procedure on file gfs_20231008.nc <==


 ... Initiating routine to check integrity of file 

 ... gfs_20231008.nc exists !!!
 ... No NaNs found !!!
 ... $test_nan is empty
 ... gfs file nbytes = 106683563
 ... donwloaded file nbytes = 485918292
 ... downloaded file is OK !!!
 ... after checking procedure check status is 0

 ==> FINISHED checking file <==

 ... %%%%%% Downloaded file is OK !! %%%%%%

 ... Starting script to fix GFS variables and attibutes for ROMS ...

cdo    sellonlatbox: Processed 13 variables over 9 timesteps [0.36s 62MB].

 ... add attribute time & coordinates to all vars


 ... modify attribute long-name in all vars


 ... modify attribute units in all vars


 ... fix lon/lat


 ... END of script to fix GFS variables and attibutes for ROMS ...


 ==> 2023/10/08 01:18:48 FINISHED downloading of forcing gfs data <==


 ==> Sourcing forecast_setup.sh for general forecast settings <==

 ... roms grid file is /home/ivans/operational/roms/grids/grid_npo0.08_07e.nc
 ... grid box is -166 -118 16 46

 ... grid size is 601 lons,  376 lats, 30 layers


 ==> 2023/10/08 01:18:48 HERE I am @ /home/ivans/operational/pacific_npo_2gr/forecast/d-temporary for step 03: download ogcm nemo data <==


 ... today is 2023-10-08, ogcm is nemo
 ... will download 1 day(s), with interval of 24 hours 
 ... will save outputs in file nemo_npo0.08_20231008.nc


 ... File /home/ivans/operational/pacific_npo_2gr/forecast/d-storage/20231008/nemo_npo0.08_20231008.nc does not exist. Will download it !!!


 ... This is try n. 1 to download ogcm file


 ... downloading nemo


 +++ Starting get nemo 06h +++


 ... starting script to get nemo anfc ssh

date ini = 2023-10-08 00:30:00
date end = 2023-10-08 23:30:00

 ... downloading ssh

2023-10-08 01:18:49.292 [ INFO] Asynchronous mode set
2023-10-08 01:18:49.293 [ INFO] Authenticating user isoares for service https://nrt.cmems-du.eu/motu-web/Motu
2023-10-08 01:18:55.704 [ INFO] Requesting file to download (this can take a while)...
2023-10-08 01:19:03.170 [ INFO] Authenticating user isoares for service https://nrt.cmems-du.eu/motu-web/Motu
2023-10-08 01:19:15.695 [ERROR] 010-27 : Error in NetcdfWriter finish

 ... starting script to get nemo anfc uvts

date ini = 2023-10-08 00:00:00
date end = 2023-10-08 23:59:59


 ... downloading var thetao

2023-10-08 01:19:15.932 [ INFO] Asynchronous mode set
2023-10-08 01:19:15.933 [ INFO] Authenticating user isoares for service https://nrt.cmems-du.eu/motu-web/Motu
2023-10-08 01:19:20.148 [ INFO] Requesting file to download (this can take a while)...
2023-10-08 01:19:27.650 [ INFO] Authenticating user isoares for service https://nrt.cmems-du.eu/motu-web/Motu
2023-10-08 01:19:38.819 [ INFO] Product is not yet available (request in progress)
2023-10-08 01:19:48.829 [ INFO] Authenticating user isoares for service https://nrt.cmems-du.eu/motu-web/Motu
2023-10-08 01:20:00.358 [ INFO] The product is ready for download
2023-10-08 01:20:00.359 [ INFO] Downloading file (this can take a while)...
2023-10-08 01:20:01.327 [ INFO] File type: application/x-netcdf
2023-10-08 01:20:01.327 [ INFO] File size: 185.1 MB (185115212 B)
2023-10-08 01:20:01.327 [ INFO] Downloading file /home/ivans/operational/pacific_npo_2gr/forecast/d-temporary/nemo_thetao.nc
2023-10-08 01:20:02.949 [ INFO] - 185.1 MB (1.0%)
2023-10-08 01:20:03.177 [ INFO] - 185.1 MB (2.1%)
2023-10-08 01:20:03.445 [ INFO] - 185.1 MB (3.1%)
2023-10-08 01:20:03.458 [ INFO] - 185.1 MB (4.1%)
2023-10-08 01:20:03.692 [ INFO] - 185.1 MB (5.1%)
2023-10-08 01:20:04.145 [ INFO] - 185.1 MB (6.2%)
2023-10-08 01:20:04.173 [ INFO] - 185.1 MB (7.2%)
2023-10-08 01:20:04.629 [ INFO] - 185.1 MB (8.2%)
2023-10-08 01:20:04.638 [ INFO] - 185.1 MB (9.2%)
2023-10-08 01:20:04.877 [ INFO] - 185.1 MB (10.3%)
2023-10-08 01:20:05.111 [ INFO] - 185.1 MB (11.3%)
2023-10-08 01:20:05.344 [ INFO] - 185.1 MB (12.3%)
2023-10-08 01:20:05.577 [ INFO] - 185.1 MB (13.3%)
2023-10-08 01:20:05.810 [ INFO] - 185.1 MB (14.4%)
2023-10-08 01:20:06.042 [ INFO] - 185.1 MB (15.4%)
2023-10-08 01:20:06.274 [ INFO] - 185.1 MB (16.4%)
2023-10-08 01:20:06.506 [ INFO] - 185.1 MB (17.5%)
2023-10-08 01:20:06.735 [ INFO] - 185.1 MB (18.5%)
2023-10-08 01:20:06.964 [ INFO] - 185.1 MB (19.5%)
2023-10-08 01:20:07.193 [ INFO] - 185.1 MB (20.5%)
2023-10-08 01:20:07.416 [ INFO] - 185.1 MB (21.6%)
2023-10-08 01:20:07.453 [ INFO] - 185.1 MB (22.6%)
2023-10-08 01:20:07.683 [ INFO] - 185.1 MB (23.6%)
2023-10-08 01:20:07.913 [ INFO] - 185.1 MB (24.6%)
2023-10-08 01:20:08.142 [ INFO] - 185.1 MB (25.7%)
2023-10-08 01:20:08.369 [ INFO] - 185.1 MB (26.7%)
2023-10-08 01:20:08.596 [ INFO] - 185.1 MB (27.7%)
2023-10-08 01:20:08.820 [ INFO] - 185.1 MB (28.7%)
2023-10-08 01:20:08.856 [ INFO] - 185.1 MB (29.8%)
2023-10-08 01:20:09.084 [ INFO] - 185.1 MB (30.8%)
2023-10-08 01:20:09.312 [ INFO] - 185.1 MB (31.8%)
2023-10-08 01:20:09.538 [ INFO] - 185.1 MB (32.9%)
2023-10-08 01:20:09.765 [ INFO] - 185.1 MB (33.9%)
2023-10-08 01:20:09.986 [ INFO] - 185.1 MB (34.9%)
2023-10-08 01:20:10.024 [ INFO] - 185.1 MB (35.9%)
2023-10-08 01:20:10.252 [ INFO] - 185.1 MB (37.0%)
2023-10-08 01:20:10.480 [ INFO] - 185.1 MB (38.0%)
2023-10-08 01:20:10.703 [ INFO] - 185.1 MB (39.0%)
2023-10-08 01:20:10.930 [ INFO] - 185.1 MB (40.0%)
2023-10-08 01:20:11.143 [ INFO] - 185.1 MB (41.1%)
2023-10-08 01:20:11.190 [ INFO] - 185.1 MB (42.1%)
2023-10-08 01:20:11.418 [ INFO] - 185.1 MB (43.1%)
2023-10-08 01:20:11.643 [ INFO] - 185.1 MB (44.1%)
2023-10-08 01:20:11.870 [ INFO] - 185.1 MB (45.2%)
2023-10-08 01:20:12.087 [ INFO] - 185.1 MB (46.2%)
2023-10-08 01:20:12.295 [ INFO] - 185.1 MB (47.2%)
2023-10-08 01:20:12.356 [ INFO] - 185.1 MB (48.3%)
2023-10-08 01:20:12.580 [ INFO] - 185.1 MB (49.3%)
2023-10-08 01:20:12.807 [ INFO] - 185.1 MB (50.3%)
2023-10-08 01:20:13.033 [ INFO] - 185.1 MB (51.3%)
2023-10-08 01:20:13.244 [ INFO] - 185.1 MB (52.4%)
2023-10-08 01:20:13.293 [ INFO] - 185.1 MB (53.4%)
2023-10-08 01:20:13.518 [ INFO] - 185.1 MB (54.4%)
2023-10-08 01:20:13.745 [ INFO] - 185.1 MB (55.4%)
2023-10-08 01:20:13.972 [ INFO] - 185.1 MB (56.5%)
2023-10-08 01:20:14.186 [ INFO] - 185.1 MB (57.5%)
2023-10-08 01:20:14.392 [ INFO] - 185.1 MB (58.5%)
2023-10-08 01:20:14.455 [ INFO] - 185.1 MB (59.5%)
2023-10-08 01:20:14.681 [ INFO] - 185.1 MB (60.6%)
2023-10-08 01:20:14.906 [ INFO] - 185.1 MB (61.6%)
2023-10-08 01:20:15.123 [ INFO] - 185.1 MB (62.6%)
2023-10-08 01:20:15.334 [ INFO] - 185.1 MB (63.7%)
2023-10-08 01:20:15.497 [ INFO] - 185.1 MB (64.7%)
2023-10-08 01:20:15.618 [ INFO] - 185.1 MB (65.7%)
2023-10-08 01:20:15.843 [ INFO] - 185.1 MB (66.7%)
2023-10-08 01:20:16.062 [ INFO] - 185.1 MB (67.8%)
2023-10-08 01:20:16.280 [ INFO] - 185.1 MB (68.8%)
2023-10-08 01:20:16.478 [ INFO] - 185.1 MB (69.8%)
2023-10-08 01:20:16.555 [ INFO] - 185.1 MB (70.8%)
2023-10-08 01:20:16.781 [ INFO] - 185.1 MB (71.9%)
2023-10-08 01:20:17.004 [ INFO] - 185.1 MB (72.9%)
2023-10-08 01:20:17.216 [ INFO] - 185.1 MB (73.9%)
2023-10-08 01:20:17.425 [ INFO] - 185.1 MB (74.9%)
2023-10-08 01:20:17.491 [ INFO] - 185.1 MB (76.0%)
2023-10-08 01:20:17.715 [ INFO] - 185.1 MB (77.0%)
2023-10-08 01:20:17.936 [ INFO] - 185.1 MB (78.0%)
2023-10-08 01:20:18.152 [ INFO] - 185.1 MB (79.1%)
2023-10-08 01:20:18.358 [ INFO] - 185.1 MB (80.1%)
2023-10-08 01:20:18.550 [ INFO] - 185.1 MB (81.1%)
2023-10-08 01:20:18.647 [ INFO] - 185.1 MB (82.1%)
2023-10-08 01:20:18.869 [ INFO] - 185.1 MB (83.2%)
2023-10-08 01:20:19.082 [ INFO] - 185.1 MB (84.2%)
2023-10-08 01:20:19.289 [ INFO] - 185.1 MB (85.2%)
2023-10-08 01:20:19.435 [ INFO] - 185.1 MB (86.2%)
2023-10-08 01:20:19.579 [ INFO] - 185.1 MB (87.3%)
2023-10-08 01:20:19.795 [ INFO] - 185.1 MB (88.3%)
2023-10-08 01:20:20.010 [ INFO] - 185.1 MB (89.3%)
2023-10-08 01:20:20.198 [ INFO] - 185.1 MB (90.3%)
2023-10-08 01:20:20.286 [ INFO] - 185.1 MB (91.4%)
2023-10-08 01:20:20.505 [ INFO] - 185.1 MB (92.4%)
2023-10-08 01:20:20.717 [ INFO] - 185.1 MB (93.4%)
2023-10-08 01:20:20.916 [ INFO] - 185.1 MB (94.5%)
2023-10-08 01:20:20.988 [ INFO] - 185.1 MB (95.5%)
2023-10-08 01:20:21.204 [ INFO] - 185.1 MB (96.5%)
2023-10-08 01:20:21.417 [ INFO] - 185.1 MB (97.5%)
2023-10-08 01:20:21.614 [ INFO] - 185.1 MB (98.6%)
2023-10-08 01:20:21.685 [ INFO] - 185.1 MB (99.6%)
2023-10-08 01:20:21.853 [ INFO] - 185.1 MB (100.0%)
2023-10-08 01:20:21.853 [ INFO] Processing  time : 0:00:45.395247
2023-10-08 01:20:21.853 [ INFO] Downloading time : 0:00:20.525794
2023-10-08 01:20:21.853 [ INFO] Total time       : 0:01:05.921041
2023-10-08 01:20:21.853 [ INFO] Download rate    : 8.6 MB/s
2023-10-08 01:20:21.853 [ INFO] Done

 ... downloading var so

2023-10-08 01:20:22.104 [ INFO] Asynchronous mode set
2023-10-08 01:20:22.104 [ INFO] Authenticating user isoares for service https://nrt.cmems-du.eu/motu-web/Motu
2023-10-08 01:20:26.273 [ INFO] Requesting file to download (this can take a while)...
2023-10-08 01:20:33.749 [ INFO] Authenticating user isoares for service https://nrt.cmems-du.eu/motu-web/Motu
2023-10-08 01:20:44.916 [ INFO] Product is not yet available (request in progress)
2023-10-08 01:20:54.927 [ INFO] Authenticating user isoares for service https://nrt.cmems-du.eu/motu-web/Motu
2023-10-08 01:21:06.174 [ INFO] The product is ready for download
2023-10-08 01:21:06.174 [ INFO] Downloading file (this can take a while)...
2023-10-08 01:21:07.137 [ INFO] File type: application/x-netcdf
2023-10-08 01:21:07.137 [ INFO] File size: 185.1 MB (185115188 B)
2023-10-08 01:21:07.138 [ INFO] Downloading file /home/ivans/operational/pacific_npo_2gr/forecast/d-temporary/nemo_so.nc
2023-10-08 01:21:08.752 [ INFO] - 185.1 MB (1.0%)
2023-10-08 01:21:08.984 [ INFO] - 185.1 MB (2.1%)
2023-10-08 01:21:09.244 [ INFO] - 185.1 MB (3.1%)
2023-10-08 01:21:09.255 [ INFO] - 185.1 MB (4.1%)
2023-10-08 01:21:09.489 [ INFO] - 185.1 MB (5.1%)
2023-10-08 01:21:09.948 [ INFO] - 185.1 MB (6.2%)
2023-10-08 01:21:10.180 [ INFO] - 185.1 MB (7.2%)
2023-10-08 01:21:10.642 [ INFO] - 185.1 MB (8.2%)
2023-10-08 01:21:10.865 [ INFO] - 185.1 MB (9.2%)
2023-10-08 01:21:11.332 [ INFO] - 185.1 MB (10.3%)
2023-10-08 01:21:11.343 [ INFO] - 185.1 MB (11.3%)
2023-10-08 01:21:11.576 [ INFO] - 185.1 MB (12.3%)
2023-10-08 01:21:12.027 [ INFO] - 185.1 MB (13.3%)
2023-10-08 01:21:12.266 [ INFO] - 185.1 MB (14.4%)
2023-10-08 01:21:12.504 [ INFO] - 185.1 MB (15.4%)
2023-10-08 01:21:12.951 [ INFO] - 185.1 MB (16.4%)
2023-10-08 01:21:13.192 [ INFO] - 185.1 MB (17.5%)
2023-10-08 01:21:13.430 [ INFO] - 185.1 MB (18.5%)
2023-10-08 01:21:13.667 [ INFO] - 185.1 MB (19.5%)
2023-10-08 01:21:14.097 [ INFO] - 185.1 MB (20.5%)
2023-10-08 01:21:14.344 [ INFO] - 185.1 MB (21.6%)
2023-10-08 01:21:14.583 [ INFO] - 185.1 MB (22.6%)
2023-10-08 01:21:14.823 [ INFO] - 185.1 MB (23.6%)
2023-10-08 01:21:15.059 [ INFO] - 185.1 MB (24.6%)
2023-10-08 01:21:15.296 [ INFO] - 185.1 MB (25.7%)
2023-10-08 01:21:15.722 [ INFO] - 185.1 MB (26.7%)
2023-10-08 01:21:15.963 [ INFO] - 185.1 MB (27.7%)
2023-10-08 01:21:16.201 [ INFO] - 185.1 MB (28.7%)
2023-10-08 01:21:16.441 [ INFO] - 185.1 MB (29.8%)
2023-10-08 01:21:16.679 [ INFO] - 185.1 MB (30.8%)
2023-10-08 01:21:16.916 [ INFO] - 185.1 MB (31.8%)
2023-10-08 01:21:17.325 [ INFO] - 185.1 MB (32.9%)
2023-10-08 01:21:17.572 [ INFO] - 185.1 MB (33.9%)
2023-10-08 01:21:17.809 [ INFO] - 185.1 MB (34.9%)
2023-10-08 01:21:18.052 [ INFO] - 185.1 MB (35.9%)
2023-10-08 01:21:18.289 [ INFO] - 185.1 MB (37.0%)
2023-10-08 01:21:18.528 [ INFO] - 185.1 MB (38.0%)
2023-10-08 01:21:18.768 [ INFO] - 185.1 MB (39.0%)
2023-10-08 01:21:19.005 [ INFO] - 185.1 MB (40.0%)
2023-10-08 01:21:19.414 [ INFO] - 185.1 MB (41.1%)
2023-10-08 01:21:19.658 [ INFO] - 185.1 MB (42.1%)
2023-10-08 01:21:19.896 [ INFO] - 185.1 MB (43.1%)
2023-10-08 01:21:20.135 [ INFO] - 185.1 MB (44.1%)
2023-10-08 01:21:20.373 [ INFO] - 185.1 MB (45.2%)
2023-10-08 01:21:20.610 [ INFO] - 185.1 MB (46.2%)
2023-10-08 01:21:20.848 [ INFO] - 185.1 MB (47.2%)
2023-10-08 01:21:21.210 [ INFO] - 185.1 MB (48.3%)
2023-10-08 01:21:21.496 [ INFO] - 185.1 MB (49.3%)
2023-10-08 01:21:21.736 [ INFO] - 185.1 MB (50.3%)
2023-10-08 01:21:21.974 [ INFO] - 185.1 MB (51.3%)
2023-10-08 01:21:22.212 [ INFO] - 185.1 MB (52.4%)
2023-10-08 01:21:22.449 [ INFO] - 185.1 MB (53.4%)
2023-10-08 01:21:22.687 [ INFO] - 185.1 MB (54.4%)
2023-10-08 01:21:22.924 [ INFO] - 185.1 MB (55.4%)
2023-10-08 01:21:23.320 [ INFO] - 185.1 MB (56.5%)
2023-10-08 01:21:23.575 [ INFO] - 185.1 MB (57.5%)
2023-10-08 01:21:23.815 [ INFO] - 185.1 MB (58.5%)
2023-10-08 01:21:24.054 [ INFO] - 185.1 MB (59.5%)
2023-10-08 01:21:24.289 [ INFO] - 185.1 MB (60.6%)
2023-10-08 01:21:24.528 [ INFO] - 185.1 MB (61.6%)
2023-10-08 01:21:24.764 [ INFO] - 185.1 MB (62.6%)
2023-10-08 01:21:25.001 [ INFO] - 185.1 MB (63.7%)
2023-10-08 01:21:25.235 [ INFO] - 185.1 MB (64.7%)
2023-10-08 01:21:25.469 [ INFO] - 185.1 MB (65.7%)
2023-10-08 01:21:25.703 [ INFO] - 185.1 MB (66.7%)
2023-10-08 01:21:25.938 [ INFO] - 185.1 MB (67.8%)
2023-10-08 01:21:26.219 [ INFO] - 185.1 MB (68.8%)
2023-10-08 01:21:26.559 [ INFO] - 185.1 MB (69.8%)
2023-10-08 01:21:26.789 [ INFO] - 185.1 MB (70.8%)
2023-10-08 01:21:27.023 [ INFO] - 185.1 MB (71.9%)
2023-10-08 01:21:27.255 [ INFO] - 185.1 MB (72.9%)
2023-10-08 01:21:27.483 [ INFO] - 185.1 MB (73.9%)
2023-10-08 01:21:27.711 [ INFO] - 185.1 MB (74.9%)
2023-10-08 01:21:27.787 [ INFO] - 185.1 MB (76.0%)
2023-10-08 01:21:28.017 [ INFO] - 185.1 MB (77.0%)
2023-10-08 01:21:28.243 [ INFO] - 185.1 MB (78.0%)
2023-10-08 01:21:28.470 [ INFO] - 185.1 MB (79.1%)
2023-10-08 01:21:28.696 [ INFO] - 185.1 MB (80.1%)
2023-10-08 01:21:28.920 [ INFO] - 185.1 MB (81.1%)
2023-10-08 01:21:29.146 [ INFO] - 185.1 MB (82.1%)
2023-10-08 01:21:29.370 [ INFO] - 185.1 MB (83.2%)
2023-10-08 01:21:29.590 [ INFO] - 185.1 MB (84.2%)
2023-10-08 01:21:29.798 [ INFO] - 185.1 MB (85.2%)
2023-10-08 01:21:29.864 [ INFO] - 185.1 MB (86.2%)
2023-10-08 01:21:30.087 [ INFO] - 185.1 MB (87.3%)
2023-10-08 01:21:30.307 [ INFO] - 185.1 MB (88.3%)
2023-10-08 01:21:30.523 [ INFO] - 185.1 MB (89.3%)
2023-10-08 01:21:30.734 [ INFO] - 185.1 MB (90.3%)
2023-10-08 01:21:30.791 [ INFO] - 185.1 MB (91.4%)
2023-10-08 01:21:31.009 [ INFO] - 185.1 MB (92.4%)
2023-10-08 01:21:31.225 [ INFO] - 185.1 MB (93.4%)
2023-10-08 01:21:31.435 [ INFO] - 185.1 MB (94.5%)
2023-10-08 01:21:31.487 [ INFO] - 185.1 MB (95.5%)
2023-10-08 01:21:31.703 [ INFO] - 185.1 MB (96.5%)
2023-10-08 01:21:31.918 [ INFO] - 185.1 MB (97.5%)
2023-10-08 01:21:32.128 [ INFO] - 185.1 MB (98.6%)
2023-10-08 01:21:32.187 [ INFO] - 185.1 MB (99.6%)
2023-10-08 01:21:32.359 [ INFO] - 185.1 MB (100.0%)
2023-10-08 01:21:32.360 [ INFO] Processing  time : 0:00:45.034122
2023-10-08 01:21:32.360 [ INFO] Downloading time : 0:00:25.221966
2023-10-08 01:21:32.360 [ INFO] Total time       : 0:01:10.256088
2023-10-08 01:21:32.360 [ INFO] Download rate    : 7.1 MB/s
2023-10-08 01:21:32.360 [ INFO] Done

 ... downloading var cur

2023-10-08 01:21:32.601 [ INFO] Asynchronous mode set
2023-10-08 01:21:32.602 [ INFO] Authenticating user isoares for service https://nrt.cmems-du.eu/motu-web/Motu
2023-10-08 01:21:36.824 [ INFO] Requesting file to download (this can take a while)...
2023-10-08 01:21:43.808 [ INFO] Authenticating user isoares for service https://nrt.cmems-du.eu/motu-web/Motu
2023-10-08 01:21:55.075 [ INFO] Product is not yet available (request in progress)
2023-10-08 01:22:05.085 [ INFO] Authenticating user isoares for service https://nrt.cmems-du.eu/motu-web/Motu
2023-10-08 01:22:16.321 [ INFO] Product is not yet available (request in progress)
2023-10-08 01:22:26.331 [ INFO] Authenticating user isoares for service https://nrt.cmems-du.eu/motu-web/Motu
2023-10-08 01:22:37.625 [ INFO] The product is ready for download
2023-10-08 01:22:37.625 [ INFO] Downloading file (this can take a while)...
2023-10-08 01:22:38.611 [ INFO] File type: application/x-netcdf
2023-10-08 01:22:38.611 [ INFO] File size: 370.2 MB (370223532 B)
2023-10-08 01:22:38.611 [ INFO] Downloading file /home/ivans/operational/pacific_npo_2gr/forecast/d-temporary/nemo_cur.nc
2023-10-08 01:22:40.448 [ INFO] - 370.2 MB (1.0%)
2023-10-08 01:22:40.692 [ INFO] - 370.2 MB (2.0%)
2023-10-08 01:22:40.934 [ INFO] - 370.2 MB (3.0%)
2023-10-08 01:22:41.175 [ INFO] - 370.2 MB (4.0%)
2023-10-08 01:22:41.417 [ INFO] - 370.2 MB (5.0%)
2023-10-08 01:22:41.836 [ INFO] - 370.2 MB (6.1%)
2023-10-08 01:22:42.086 [ INFO] - 370.2 MB (7.1%)
2023-10-08 01:22:42.326 [ INFO] - 370.2 MB (8.1%)
2023-10-08 01:22:42.569 [ INFO] - 370.2 MB (9.1%)
2023-10-08 01:22:42.988 [ INFO] - 370.2 MB (10.1%)
2023-10-08 01:22:43.231 [ INFO] - 370.2 MB (11.1%)
2023-10-08 01:22:43.479 [ INFO] - 370.2 MB (12.1%)
2023-10-08 01:22:43.724 [ INFO] - 370.2 MB (13.1%)
2023-10-08 01:22:43.965 [ INFO] - 370.2 MB (14.1%)
2023-10-08 01:22:44.375 [ INFO] - 370.2 MB (15.1%)
2023-10-08 01:22:44.624 [ INFO] - 370.2 MB (16.1%)
2023-10-08 01:22:44.871 [ INFO] - 370.2 MB (17.2%)
2023-10-08 01:22:45.112 [ INFO] - 370.2 MB (18.2%)
2023-10-08 01:22:45.356 [ INFO] - 370.2 MB (19.2%)
2023-10-08 01:22:45.758 [ INFO] - 370.2 MB (20.2%)
2023-10-08 01:22:46.024 [ INFO] - 370.2 MB (21.2%)
2023-10-08 01:22:46.270 [ INFO] - 370.2 MB (22.2%)
2023-10-08 01:22:46.515 [ INFO] - 370.2 MB (23.2%)
2023-10-08 01:22:46.902 [ INFO] - 370.2 MB (24.2%)
2023-10-08 01:22:47.170 [ INFO] - 370.2 MB (25.2%)
2023-10-08 01:22:47.414 [ INFO] - 370.2 MB (26.2%)
2023-10-08 01:22:47.663 [ INFO] - 370.2 MB (27.2%)
2023-10-08 01:22:48.042 [ INFO] - 370.2 MB (28.3%)
2023-10-08 01:22:48.296 [ INFO] - 370.2 MB (29.3%)
2023-10-08 01:22:48.552 [ INFO] - 370.2 MB (30.3%)
2023-10-08 01:22:48.807 [ INFO] - 370.2 MB (31.3%)
2023-10-08 01:22:49.050 [ INFO] - 370.2 MB (32.3%)
2023-10-08 01:22:49.431 [ INFO] - 370.2 MB (33.3%)
2023-10-08 01:22:49.695 [ INFO] - 370.2 MB (34.3%)
2023-10-08 01:22:49.948 [ INFO] - 370.2 MB (35.3%)
2023-10-08 01:22:50.194 [ INFO] - 370.2 MB (36.3%)
2023-10-08 01:22:50.575 [ INFO] - 370.2 MB (37.3%)
2023-10-08 01:22:50.827 [ INFO] - 370.2 MB (38.3%)
2023-10-08 01:22:51.080 [ INFO] - 370.2 MB (39.4%)
2023-10-08 01:22:51.333 [ INFO] - 370.2 MB (40.4%)
2023-10-08 01:22:51.592 [ INFO] - 370.2 MB (41.4%)
2023-10-08 01:22:51.971 [ INFO] - 370.2 MB (42.4%)
2023-10-08 01:22:52.213 [ INFO] - 370.2 MB (43.4%)
2023-10-08 01:22:52.475 [ INFO] - 370.2 MB (44.4%)
2023-10-08 01:22:52.734 [ INFO] - 370.2 MB (45.4%)
2023-10-08 01:22:52.976 [ INFO] - 370.2 MB (46.4%)
2023-10-08 01:22:53.343 [ INFO] - 370.2 MB (47.4%)
2023-10-08 01:22:53.611 [ INFO] - 370.2 MB (48.4%)
2023-10-08 01:22:53.863 [ INFO] - 370.2 MB (49.4%)
2023-10-08 01:22:54.121 [ INFO] - 370.2 MB (50.4%)
2023-10-08 01:22:54.365 [ INFO] - 370.2 MB (51.5%)
2023-10-08 01:22:54.739 [ INFO] - 370.2 MB (52.5%)
2023-10-08 01:22:54.985 [ INFO] - 370.2 MB (53.5%)
2023-10-08 01:22:55.258 [ INFO] - 370.2 MB (54.5%)
2023-10-08 01:22:55.514 [ INFO] - 370.2 MB (55.5%)
2023-10-08 01:22:55.755 [ INFO] - 370.2 MB (56.5%)
2023-10-08 01:22:56.123 [ INFO] - 370.2 MB (57.5%)
2023-10-08 01:22:56.382 [ INFO] - 370.2 MB (58.5%)
2023-10-08 01:22:56.633 [ INFO] - 370.2 MB (59.5%)
2023-10-08 01:22:56.899 [ INFO] - 370.2 MB (60.5%)
2023-10-08 01:22:57.243 [ INFO] - 370.2 MB (61.5%)
2023-10-08 01:22:57.500 [ INFO] - 370.2 MB (62.6%)
2023-10-08 01:22:57.777 [ INFO] - 370.2 MB (63.6%)
2023-10-08 01:22:58.035 [ INFO] - 370.2 MB (64.6%)
2023-10-08 01:22:58.275 [ INFO] - 370.2 MB (65.6%)
2023-10-08 01:22:58.630 [ INFO] - 370.2 MB (66.6%)
2023-10-08 01:22:58.901 [ INFO] - 370.2 MB (67.6%)
2023-10-08 01:22:59.151 [ INFO] - 370.2 MB (68.6%)
2023-10-08 01:22:59.421 [ INFO] - 370.2 MB (69.6%)
2023-10-08 01:22:59.677 [ INFO] - 370.2 MB (70.6%)
2023-10-08 01:23:00.000 [ INFO] - 370.2 MB (71.6%)
2023-10-08 01:23:00.278 [ INFO] - 370.2 MB (72.6%)
2023-10-08 01:23:00.549 [ INFO] - 370.2 MB (73.7%)
2023-10-08 01:23:00.792 [ INFO] - 370.2 MB (74.7%)
2023-10-08 01:23:01.063 [ INFO] - 370.2 MB (75.7%)
2023-10-08 01:23:01.399 [ INFO] - 370.2 MB (76.7%)
2023-10-08 01:23:01.647 [ INFO] - 370.2 MB (77.7%)
2023-10-08 01:23:01.936 [ INFO] - 370.2 MB (78.7%)
2023-10-08 01:23:02.194 [ INFO] - 370.2 MB (79.7%)
2023-10-08 01:23:02.438 [ INFO] - 370.2 MB (80.7%)
2023-10-08 01:23:02.783 [ INFO] - 370.2 MB (81.7%)
2023-10-08 01:23:03.061 [ INFO] - 370.2 MB (82.7%)
2023-10-08 01:23:03.303 [ INFO] - 370.2 MB (83.7%)
2023-10-08 01:23:03.583 [ INFO] - 370.2 MB (84.8%)
2023-10-08 01:23:03.894 [ INFO] - 370.2 MB (85.8%)
2023-10-08 01:23:04.152 [ INFO] - 370.2 MB (86.8%)
2023-10-08 01:23:04.455 [ INFO] - 370.2 MB (87.8%)
2023-10-08 01:23:04.708 [ INFO] - 370.2 MB (88.8%)
2023-10-08 01:23:04.953 [ INFO] - 370.2 MB (89.8%)
2023-10-08 01:23:05.277 [ INFO] - 370.2 MB (90.8%)
2023-10-08 01:23:05.550 [ INFO] - 370.2 MB (91.8%)
2023-10-08 01:23:05.831 [ INFO] - 370.2 MB (92.8%)
2023-10-08 01:23:06.112 [ INFO] - 370.2 MB (93.8%)
2023-10-08 01:23:06.358 [ INFO] - 370.2 MB (94.8%)
2023-10-08 01:23:06.642 [ INFO] - 370.2 MB (95.9%)
2023-10-08 01:23:06.957 [ INFO] - 370.2 MB (96.9%)
2023-10-08 01:23:07.200 [ INFO] - 370.2 MB (97.9%)
2023-10-08 01:23:07.467 [ INFO] - 370.2 MB (98.9%)
2023-10-08 01:23:07.766 [ INFO] - 370.2 MB (99.9%)
2023-10-08 01:23:07.778 [ INFO] - 370.2 MB (100.0%)
2023-10-08 01:23:07.778 [ INFO] Processing  time : 0:01:06.010415
2023-10-08 01:23:07.779 [ INFO] Downloading time : 0:00:29.167187
2023-10-08 01:23:07.779 [ INFO] Total time       : 0:01:35.177602
2023-10-08 01:23:07.779 [ INFO] Download rate    : 12.3 MB/s
2023-10-08 01:23:07.779 [ INFO] Done

 ... end of get_nemo_anfc_uvts

ncks: ERROR file nemo_ssh_20231008.nc not found. It does not exist on the local filesystem, nor does it match remote filename patterns (e.g., http://foo or foo.bar.edu:file).
ncks: HINT file-not-found errors usually arise from filename typos, incorrect paths, missing files, or capricious gods. Please verify spelling and location of requested file. If the file resides on a High Performance Storage System (HPSS) accessible via the 'hsi' command, then add the --hpss option and re-try command.
rm: cannot remove 'nemo_ssh_20231008.nc': No such file or directory
ncap2: ERROR file ssh2.nc not found. It does not exist on the local filesystem, nor does it match remote filename patterns (e.g., http://foo or foo.bar.edu:file).
ncap2: HINT file-not-found errors usually arise from filename typos, incorrect paths, missing files, or capricious gods. Please verify spelling and location of requested file. If the file resides on a High Performance Storage System (HPSS) accessible via the 'hsi' command, then add the --hpss option and re-try command.
ncks: ERROR file ssh3.nc not found. It does not exist on the local filesystem, nor does it match remote filename patterns (e.g., http://foo or foo.bar.edu:file).
ncks: HINT file-not-found errors usually arise from filename typos, incorrect paths, missing files, or capricious gods. Please verify spelling and location of requested file. If the file resides on a High Performance Storage System (HPSS) accessible via the 'hsi' command, then add the --hpss option and re-try command.
rm: cannot remove 'ssh2.nc': No such file or directory
rm: cannot remove 'ssh3.nc': No such file or directory
ncdump: nemo_ssh_20231008.nc: No such file or directory
ncdump: nemo_ssh_20231008.nc: No such file or directory
ncgen: cdf.cdf line 5: syntax error, unexpected ';'
Traceback (most recent call last):
  File "write_nemo_file.py", line 11, in <module>
    infile2 = Dataset(in2,'r')
  File "src/netCDF4/_netCDF4.pyx", line 2353, in netCDF4._netCDF4.Dataset.__init__
  File "src/netCDF4/_netCDF4.pyx", line 1963, in netCDF4._netCDF4._ensure_nc_success
FileNotFoundError: [Errno 2] No such file or directory: b'nemo_ssh_20231008.nc'
rm: cannot remove 'nemo_ssh_20231008.nc': No such file or directory

 +++ End of get nemo 06h +++


 +++ Starting get nemo 06h +++


 ... starting script to get nemo anfc ssh

date ini = 2023-10-09 00:30:00
date end = 2023-10-09 00:30:00

 ... downloading ssh

2023-10-08 01:23:13.275 [ INFO] Asynchronous mode set
2023-10-08 01:23:13.275 [ INFO] Authenticating user isoares for service https://nrt.cmems-du.eu/motu-web/Motu
2023-10-08 01:23:17.428 [ INFO] Requesting file to download (this can take a while)...
2023-10-08 01:23:24.571 [ INFO] Authenticating user isoares for service https://nrt.cmems-du.eu/motu-web/Motu
2023-10-08 01:23:35.799 [ERROR] 010-27 : Error in NetcdfWriter finish

 ... starting script to get nemo anfc pt6h1 uvts

date ini = 2023-10-09 00:00:00
date end = 2023-10-09 00:00:00


 ... downloading var thetao

2023-10-08 01:23:36.040 [ INFO] Asynchronous mode set
2023-10-08 01:23:36.041 [ INFO] Authenticating user isoares for service https://nrt.cmems-du.eu/motu-web/Motu
2023-10-08 01:23:40.195 [ INFO] Requesting file to download (this can take a while)...
2023-10-08 01:23:47.181 [ INFO] Authenticating user isoares for service https://nrt.cmems-du.eu/motu-web/Motu
2023-10-08 01:23:58.294 [ INFO] The product is ready for download
2023-10-08 01:23:58.294 [ INFO] Downloading file (this can take a while)...
2023-10-08 01:23:59.248 [ INFO] File type: application/x-netcdf
2023-10-08 01:23:59.249 [ INFO] File size: 46.3 MB (46284188 B)
2023-10-08 01:23:59.249 [ INFO] Downloading file /home/ivans/operational/pacific_npo_2gr/forecast/d-temporary/nemo_thetao.nc
2023-10-08 01:24:00.413 [ INFO] -  46.3 MB (1.1%)
2023-10-08 01:24:00.648 [ INFO] -  46.3 MB (2.3%)
2023-10-08 01:24:00.654 [ INFO] -  46.3 MB (3.4%)
2023-10-08 01:24:00.884 [ INFO] -  46.3 MB (4.5%)
2023-10-08 01:24:00.890 [ INFO] -  46.3 MB (5.7%)
2023-10-08 01:24:00.897 [ INFO] -  46.3 MB (6.8%)
2023-10-08 01:24:01.145 [ INFO] -  46.3 MB (7.9%)
2023-10-08 01:24:01.149 [ INFO] -  46.3 MB (9.1%)
2023-10-08 01:24:01.153 [ INFO] -  46.3 MB (10.2%)
2023-10-08 01:24:01.156 [ INFO] -  46.3 MB (11.3%)
2023-10-08 01:24:01.159 [ INFO] -  46.3 MB (12.5%)
2023-10-08 01:24:01.352 [ INFO] -  46.3 MB (13.6%)
2023-10-08 01:24:01.381 [ INFO] -  46.3 MB (14.7%)
2023-10-08 01:24:01.387 [ INFO] -  46.3 MB (15.9%)
2023-10-08 01:24:01.397 [ INFO] -  46.3 MB (17.0%)
2023-10-08 01:24:01.404 [ INFO] -  46.3 MB (18.1%)
2023-10-08 01:24:01.590 [ INFO] -  46.3 MB (19.3%)
2023-10-08 01:24:01.618 [ INFO] -  46.3 MB (20.4%)
2023-10-08 01:24:01.627 [ INFO] -  46.3 MB (21.5%)
2023-10-08 01:24:01.635 [ INFO] -  46.3 MB (22.7%)
2023-10-08 01:24:01.818 [ INFO] -  46.3 MB (23.8%)
2023-10-08 01:24:01.848 [ INFO] -  46.3 MB (24.9%)
2023-10-08 01:24:01.855 [ INFO] -  46.3 MB (26.1%)
2023-10-08 01:24:01.864 [ INFO] -  46.3 MB (27.2%)
2023-10-08 01:24:01.871 [ INFO] -  46.3 MB (28.3%)
2023-10-08 01:24:02.054 [ INFO] -  46.3 MB (29.5%)
2023-10-08 01:24:02.084 [ INFO] -  46.3 MB (30.6%)
2023-10-08 01:24:02.091 [ INFO] -  46.3 MB (31.7%)
2023-10-08 01:24:02.101 [ INFO] -  46.3 MB (32.8%)
2023-10-08 01:24:02.107 [ INFO] -  46.3 MB (34.0%)
2023-10-08 01:24:02.291 [ INFO] -  46.3 MB (35.1%)
2023-10-08 01:24:02.320 [ INFO] -  46.3 MB (36.2%)
2023-10-08 01:24:02.328 [ INFO] -  46.3 MB (37.4%)
2023-10-08 01:24:02.337 [ INFO] -  46.3 MB (38.5%)
2023-10-08 01:24:02.344 [ INFO] -  46.3 MB (39.6%)
2023-10-08 01:24:02.527 [ INFO] -  46.3 MB (40.8%)
2023-10-08 01:24:02.556 [ INFO] -  46.3 MB (41.9%)
2023-10-08 01:24:02.563 [ INFO] -  46.3 MB (43.0%)
2023-10-08 01:24:02.572 [ INFO] -  46.3 MB (44.2%)
2023-10-08 01:24:02.579 [ INFO] -  46.3 MB (45.3%)
2023-10-08 01:24:02.775 [ INFO] -  46.3 MB (46.4%)
2023-10-08 01:24:02.790 [ INFO] -  46.3 MB (47.6%)
2023-10-08 01:24:02.798 [ INFO] -  46.3 MB (48.7%)
2023-10-08 01:24:02.808 [ INFO] -  46.3 MB (49.8%)
2023-10-08 01:24:02.979 [ INFO] -  46.3 MB (51.0%)
2023-10-08 01:24:03.012 [ INFO] -  46.3 MB (52.1%)
2023-10-08 01:24:03.025 [ INFO] -  46.3 MB (53.2%)
2023-10-08 01:24:03.033 [ INFO] -  46.3 MB (54.4%)
2023-10-08 01:24:03.042 [ INFO] -  46.3 MB (55.5%)
2023-10-08 01:24:03.215 [ INFO] -  46.3 MB (56.6%)
2023-10-08 01:24:03.245 [ INFO] -  46.3 MB (57.8%)
2023-10-08 01:24:03.260 [ INFO] -  46.3 MB (58.9%)
2023-10-08 01:24:03.268 [ INFO] -  46.3 MB (60.0%)
2023-10-08 01:24:03.275 [ INFO] -  46.3 MB (61.2%)
2023-10-08 01:24:03.450 [ INFO] -  46.3 MB (62.3%)
2023-10-08 01:24:03.480 [ INFO] -  46.3 MB (63.4%)
2023-10-08 01:24:03.494 [ INFO] -  46.3 MB (64.6%)
2023-10-08 01:24:03.503 [ INFO] -  46.3 MB (65.7%)
2023-10-08 01:24:03.510 [ INFO] -  46.3 MB (66.8%)
2023-10-08 01:24:03.684 [ INFO] -  46.3 MB (68.0%)
2023-10-08 01:24:03.713 [ INFO] -  46.3 MB (69.1%)
2023-10-08 01:24:03.727 [ INFO] -  46.3 MB (70.2%)
2023-10-08 01:24:03.736 [ INFO] -  46.3 MB (71.4%)
2023-10-08 01:24:03.744 [ INFO] -  46.3 MB (72.5%)
2023-10-08 01:24:03.917 [ INFO] -  46.3 MB (73.6%)
2023-10-08 01:24:03.946 [ INFO] -  46.3 MB (74.8%)
2023-10-08 01:24:03.961 [ INFO] -  46.3 MB (75.9%)
2023-10-08 01:24:03.971 [ INFO] -  46.3 MB (77.0%)
2023-10-08 01:24:03.978 [ INFO] -  46.3 MB (78.2%)
2023-10-08 01:24:04.063 [ INFO] -  46.3 MB (79.3%)
2023-10-08 01:24:04.178 [ INFO] -  46.3 MB (80.4%)
2023-10-08 01:24:04.193 [ INFO] -  46.3 MB (81.6%)
2023-10-08 01:24:04.203 [ INFO] -  46.3 MB (82.7%)
2023-10-08 01:24:04.212 [ INFO] -  46.3 MB (83.8%)
2023-10-08 01:24:04.219 [ INFO] -  46.3 MB (85.0%)
2023-10-08 01:24:04.408 [ INFO] -  46.3 MB (86.1%)
2023-10-08 01:24:04.427 [ INFO] -  46.3 MB (87.2%)
2023-10-08 01:24:04.436 [ INFO] -  46.3 MB (88.4%)
2023-10-08 01:24:04.445 [ INFO] -  46.3 MB (89.5%)
2023-10-08 01:24:04.453 [ INFO] -  46.3 MB (90.6%)
2023-10-08 01:24:04.631 [ INFO] -  46.3 MB (91.8%)
2023-10-08 01:24:04.657 [ INFO] -  46.3 MB (92.9%)
2023-10-08 01:24:04.669 [ INFO] -  46.3 MB (94.0%)
2023-10-08 01:24:04.678 [ INFO] -  46.3 MB (95.2%)
2023-10-08 01:24:04.686 [ INFO] -  46.3 MB (96.3%)
2023-10-08 01:24:04.862 [ INFO] -  46.3 MB (97.4%)
2023-10-08 01:24:04.890 [ INFO] -  46.3 MB (98.5%)
2023-10-08 01:24:04.902 [ INFO] -  46.3 MB (99.7%)
2023-10-08 01:24:04.905 [ INFO] -  46.3 MB (100.0%)
2023-10-08 01:24:04.905 [ INFO] Processing  time : 0:00:23.208581
2023-10-08 01:24:04.905 [ INFO] Downloading time : 0:00:05.656275
2023-10-08 01:24:04.905 [ INFO] Total time       : 0:00:28.864856
2023-10-08 01:24:04.905 [ INFO] Download rate    : 7.0 MB/s
2023-10-08 01:24:04.905 [ INFO] Done

 ... downloading var so

2023-10-08 01:24:05.151 [ INFO] Asynchronous mode set
2023-10-08 01:24:05.151 [ INFO] Authenticating user isoares for service https://nrt.cmems-du.eu/motu-web/Motu
2023-10-08 01:24:09.385 [ INFO] Requesting file to download (this can take a while)...
2023-10-08 01:24:16.382 [ INFO] Authenticating user isoares for service https://nrt.cmems-du.eu/motu-web/Motu
2023-10-08 01:24:27.674 [ INFO] The product is ready for download
2023-10-08 01:24:27.674 [ INFO] Downloading file (this can take a while)...
2023-10-08 01:24:28.770 [ INFO] File type: application/x-netcdf
2023-10-08 01:24:28.770 [ INFO] File size: 46.3 MB (46284164 B)
2023-10-08 01:24:28.770 [ INFO] Downloading file /home/ivans/operational/pacific_npo_2gr/forecast/d-temporary/nemo_so.nc
2023-10-08 01:24:29.978 [ INFO] -  46.3 MB (1.1%)
2023-10-08 01:24:30.220 [ INFO] -  46.3 MB (2.3%)
2023-10-08 01:24:30.227 [ INFO] -  46.3 MB (3.4%)
2023-10-08 01:24:30.465 [ INFO] -  46.3 MB (4.5%)
2023-10-08 01:24:30.471 [ INFO] -  46.3 MB (5.7%)
2023-10-08 01:24:30.478 [ INFO] -  46.3 MB (6.8%)
2023-10-08 01:24:30.948 [ INFO] -  46.3 MB (7.9%)
2023-10-08 01:24:30.952 [ INFO] -  46.3 MB (9.1%)
2023-10-08 01:24:30.954 [ INFO] -  46.3 MB (10.2%)
2023-10-08 01:24:30.965 [ INFO] -  46.3 MB (11.3%)
2023-10-08 01:24:30.970 [ INFO] -  46.3 MB (12.5%)
2023-10-08 01:24:30.975 [ INFO] -  46.3 MB (13.6%)
2023-10-08 01:24:31.208 [ INFO] -  46.3 MB (14.7%)
2023-10-08 01:24:31.215 [ INFO] -  46.3 MB (15.9%)
2023-10-08 01:24:31.464 [ INFO] -  46.3 MB (17.0%)
2023-10-08 01:24:31.674 [ INFO] -  46.3 MB (18.1%)
2023-10-08 01:24:31.695 [ INFO] -  46.3 MB (19.3%)
2023-10-08 01:24:31.699 [ INFO] -  46.3 MB (20.4%)
2023-10-08 01:24:31.701 [ INFO] -  46.3 MB (21.5%)
2023-10-08 01:24:31.709 [ INFO] -  46.3 MB (22.7%)
2023-10-08 01:24:31.937 [ INFO] -  46.3 MB (23.8%)
2023-10-08 01:24:31.944 [ INFO] -  46.3 MB (24.9%)
2023-10-08 01:24:31.951 [ INFO] -  46.3 MB (26.1%)
2023-10-08 01:24:32.178 [ INFO] -  46.3 MB (27.2%)
2023-10-08 01:24:32.185 [ INFO] -  46.3 MB (28.3%)
2023-10-08 01:24:32.192 [ INFO] -  46.3 MB (29.5%)
2023-10-08 01:24:32.199 [ INFO] -  46.3 MB (30.6%)
2023-10-08 01:24:32.426 [ INFO] -  46.3 MB (31.7%)
2023-10-08 01:24:32.432 [ INFO] -  46.3 MB (32.9%)
2023-10-08 01:24:32.440 [ INFO] -  46.3 MB (34.0%)
2023-10-08 01:24:32.666 [ INFO] -  46.3 MB (35.1%)
2023-10-08 01:24:32.673 [ INFO] -  46.3 MB (36.2%)
2023-10-08 01:24:32.679 [ INFO] -  46.3 MB (37.4%)
2023-10-08 01:24:32.903 [ INFO] -  46.3 MB (38.5%)
2023-10-08 01:24:32.912 [ INFO] -  46.3 MB (39.6%)
2023-10-08 01:24:32.919 [ INFO] -  46.3 MB (40.8%)
2023-10-08 01:24:32.926 [ INFO] -  46.3 MB (41.9%)
2023-10-08 01:24:33.151 [ INFO] -  46.3 MB (43.0%)
2023-10-08 01:24:33.159 [ INFO] -  46.3 MB (44.2%)
2023-10-08 01:24:33.166 [ INFO] -  46.3 MB (45.3%)
2023-10-08 01:24:33.387 [ INFO] -  46.3 MB (46.4%)
2023-10-08 01:24:33.398 [ INFO] -  46.3 MB (47.6%)
2023-10-08 01:24:33.405 [ INFO] -  46.3 MB (48.7%)
2023-10-08 01:24:33.412 [ INFO] -  46.3 MB (49.8%)
2023-10-08 01:24:33.636 [ INFO] -  46.3 MB (51.0%)
2023-10-08 01:24:33.644 [ INFO] -  46.3 MB (52.1%)
2023-10-08 01:24:33.651 [ INFO] -  46.3 MB (53.2%)
2023-10-08 01:24:33.870 [ INFO] -  46.3 MB (54.4%)
2023-10-08 01:24:33.881 [ INFO] -  46.3 MB (55.5%)
2023-10-08 01:24:33.889 [ INFO] -  46.3 MB (56.6%)
2023-10-08 01:24:33.896 [ INFO] -  46.3 MB (57.8%)
2023-10-08 01:24:34.116 [ INFO] -  46.3 MB (58.9%)
2023-10-08 01:24:34.127 [ INFO] -  46.3 MB (60.0%)
2023-10-08 01:24:34.134 [ INFO] -  46.3 MB (61.2%)
2023-10-08 01:24:34.351 [ INFO] -  46.3 MB (62.3%)
2023-10-08 01:24:34.363 [ INFO] -  46.3 MB (63.4%)
2023-10-08 01:24:34.372 [ INFO] -  46.3 MB (64.6%)
2023-10-08 01:24:34.379 [ INFO] -  46.3 MB (65.7%)
2023-10-08 01:24:34.595 [ INFO] -  46.3 MB (66.8%)
2023-10-08 01:24:34.610 [ INFO] -  46.3 MB (68.0%)
2023-10-08 01:24:34.617 [ INFO] -  46.3 MB (69.1%)
2023-10-08 01:24:34.624 [ INFO] -  46.3 MB (70.2%)
2023-10-08 01:24:34.843 [ INFO] -  46.3 MB (71.4%)
2023-10-08 01:24:34.854 [ INFO] -  46.3 MB (72.5%)
2023-10-08 01:24:34.861 [ INFO] -  46.3 MB (73.6%)
2023-10-08 01:24:35.071 [ INFO] -  46.3 MB (74.8%)
2023-10-08 01:24:35.089 [ INFO] -  46.3 MB (75.9%)
2023-10-08 01:24:35.098 [ INFO] -  46.3 MB (77.0%)
2023-10-08 01:24:35.106 [ INFO] -  46.3 MB (78.2%)
2023-10-08 01:24:35.320 [ INFO] -  46.3 MB (79.3%)
2023-10-08 01:24:35.334 [ INFO] -  46.3 MB (80.4%)
2023-10-08 01:24:35.343 [ INFO] -  46.3 MB (81.6%)
2023-10-08 01:24:35.350 [ INFO] -  46.3 MB (82.7%)
2023-10-08 01:24:35.565 [ INFO] -  46.3 MB (83.8%)
2023-10-08 01:24:35.577 [ INFO] -  46.3 MB (85.0%)
2023-10-08 01:24:35.586 [ INFO] -  46.3 MB (86.1%)
2023-10-08 01:24:35.594 [ INFO] -  46.3 MB (87.2%)
2023-10-08 01:24:35.810 [ INFO] -  46.3 MB (88.4%)
2023-10-08 01:24:35.822 [ INFO] -  46.3 MB (89.5%)
2023-10-08 01:24:35.830 [ INFO] -  46.3 MB (90.6%)
2023-10-08 01:24:36.037 [ INFO] -  46.3 MB (91.8%)
2023-10-08 01:24:36.053 [ INFO] -  46.3 MB (92.9%)
2023-10-08 01:24:36.066 [ INFO] -  46.3 MB (94.0%)
2023-10-08 01:24:36.074 [ INFO] -  46.3 MB (95.2%)
2023-10-08 01:24:36.282 [ INFO] -  46.3 MB (96.3%)
2023-10-08 01:24:36.297 [ INFO] -  46.3 MB (97.4%)
2023-10-08 01:24:36.308 [ INFO] -  46.3 MB (98.6%)
2023-10-08 01:24:36.318 [ INFO] -  46.3 MB (99.7%)
2023-10-08 01:24:36.320 [ INFO] -  46.3 MB (100.0%)
2023-10-08 01:24:36.320 [ INFO] Processing  time : 0:00:23.619682
2023-10-08 01:24:36.321 [ INFO] Downloading time : 0:00:07.550305
2023-10-08 01:24:36.321 [ INFO] Total time       : 0:00:31.169987
2023-10-08 01:24:36.321 [ INFO] Download rate    : 5.4 MB/s
2023-10-08 01:24:36.321 [ INFO] Done

 ... downloading var cur

2023-10-08 01:24:36.561 [ INFO] Asynchronous mode set
2023-10-08 01:24:36.562 [ INFO] Authenticating user isoares for service https://nrt.cmems-du.eu/motu-web/Motu
2023-10-08 01:24:40.747 [ INFO] Requesting file to download (this can take a while)...
2023-10-08 01:24:47.803 [ INFO] Authenticating user isoares for service https://nrt.cmems-du.eu/motu-web/Motu
2023-10-08 01:24:59.126 [ INFO] Product is not yet available (request in progress)
2023-10-08 01:25:09.136 [ INFO] Authenticating user isoares for service https://nrt.cmems-du.eu/motu-web/Motu
2023-10-08 01:25:20.799 [ INFO] The product is ready for download
2023-10-08 01:25:20.799 [ INFO] Downloading file (this can take a while)...
2023-10-08 01:25:21.994 [ INFO] File type: application/x-netcdf
2023-10-08 01:25:21.994 [ INFO] File size: 92.6 MB (92561508 B)
2023-10-08 01:25:21.994 [ INFO] Downloading file /home/ivans/operational/pacific_npo_2gr/forecast/d-temporary/nemo_cur.nc
2023-10-08 01:25:23.166 [ INFO] -  92.6 MB (1.1%)
2023-10-08 01:25:23.403 [ INFO] -  92.6 MB (2.1%)
2023-10-08 01:25:23.415 [ INFO] -  92.6 MB (3.2%)
2023-10-08 01:25:23.873 [ INFO] -  92.6 MB (4.2%)
2023-10-08 01:25:23.878 [ INFO] -  92.6 MB (5.3%)
2023-10-08 01:25:23.917 [ INFO] -  92.6 MB (6.4%)
2023-10-08 01:25:24.126 [ INFO] -  92.6 MB (7.4%)
2023-10-08 01:25:24.373 [ INFO] -  92.6 MB (8.5%)
2023-10-08 01:25:24.574 [ INFO] -  92.6 MB (9.6%)
2023-10-08 01:25:24.580 [ INFO] -  92.6 MB (10.6%)
2023-10-08 01:25:24.610 [ INFO] -  92.6 MB (11.7%)
2023-10-08 01:25:24.814 [ INFO] -  92.6 MB (12.7%)
2023-10-08 01:25:25.042 [ INFO] -  92.6 MB (13.8%)
2023-10-08 01:25:25.075 [ INFO] -  92.6 MB (14.9%)
2023-10-08 01:25:25.280 [ INFO] -  92.6 MB (15.9%)
2023-10-08 01:25:25.316 [ INFO] -  92.6 MB (17.0%)
2023-10-08 01:25:25.519 [ INFO] -  92.6 MB (18.1%)
2023-10-08 01:25:25.743 [ INFO] -  92.6 MB (19.1%)
2023-10-08 01:25:25.776 [ INFO] -  92.6 MB (20.2%)
2023-10-08 01:25:25.982 [ INFO] -  92.6 MB (21.2%)
2023-10-08 01:25:26.016 [ INFO] -  92.6 MB (22.3%)
2023-10-08 01:25:26.221 [ INFO] -  92.6 MB (23.4%)
2023-10-08 01:25:26.254 [ INFO] -  92.6 MB (24.4%)
2023-10-08 01:25:26.459 [ INFO] -  92.6 MB (25.5%)
2023-10-08 01:25:26.677 [ INFO] -  92.6 MB (26.6%)
2023-10-08 01:25:26.696 [ INFO] -  92.6 MB (27.6%)
2023-10-08 01:25:26.916 [ INFO] -  92.6 MB (28.7%)
2023-10-08 01:25:26.946 [ INFO] -  92.6 MB (29.7%)
2023-10-08 01:25:27.153 [ INFO] -  92.6 MB (30.8%)
2023-10-08 01:25:27.183 [ INFO] -  92.6 MB (31.9%)
2023-10-08 01:25:27.390 [ INFO] -  92.6 MB (32.9%)
2023-10-08 01:25:27.422 [ INFO] -  92.6 MB (34.0%)
2023-10-08 01:25:27.627 [ INFO] -  92.6 MB (35.0%)
2023-10-08 01:25:27.658 [ INFO] -  92.6 MB (36.1%)
2023-10-08 01:25:27.865 [ INFO] -  92.6 MB (37.2%)
2023-10-08 01:25:28.072 [ INFO] -  92.6 MB (38.2%)
2023-10-08 01:25:28.101 [ INFO] -  92.6 MB (39.3%)
2023-10-08 01:25:28.311 [ INFO] -  92.6 MB (40.4%)
2023-10-08 01:25:28.337 [ INFO] -  92.6 MB (41.4%)
2023-10-08 01:25:28.553 [ INFO] -  92.6 MB (42.5%)
2023-10-08 01:25:28.574 [ INFO] -  92.6 MB (43.5%)
2023-10-08 01:25:28.789 [ INFO] -  92.6 MB (44.6%)
2023-10-08 01:25:28.810 [ INFO] -  92.6 MB (45.7%)
2023-10-08 01:25:29.024 [ INFO] -  92.6 MB (46.7%)
2023-10-08 01:25:29.047 [ INFO] -  92.6 MB (47.8%)
2023-10-08 01:25:29.259 [ INFO] -  92.6 MB (48.9%)
2023-10-08 01:25:29.281 [ INFO] -  92.6 MB (49.9%)
2023-10-08 01:25:29.497 [ INFO] -  92.6 MB (51.0%)
2023-10-08 01:25:29.519 [ INFO] -  92.6 MB (52.0%)
2023-10-08 01:25:29.730 [ INFO] -  92.6 MB (53.1%)
2023-10-08 01:25:29.754 [ INFO] -  92.6 MB (54.2%)
2023-10-08 01:25:29.968 [ INFO] -  92.6 MB (55.2%)
2023-10-08 01:25:29.990 [ INFO] -  92.6 MB (56.3%)
2023-10-08 01:25:30.202 [ INFO] -  92.6 MB (57.4%)
2023-10-08 01:25:30.223 [ INFO] -  92.6 MB (58.4%)
2023-10-08 01:25:30.436 [ INFO] -  92.6 MB (59.5%)
2023-10-08 01:25:30.458 [ INFO] -  92.6 MB (60.5%)
2023-10-08 01:25:30.671 [ INFO] -  92.6 MB (61.6%)
2023-10-08 01:25:30.695 [ INFO] -  92.6 MB (62.7%)
2023-10-08 01:25:30.905 [ INFO] -  92.6 MB (63.7%)
2023-10-08 01:25:30.929 [ INFO] -  92.6 MB (64.8%)
2023-10-08 01:25:31.140 [ INFO] -  92.6 MB (65.8%)
2023-10-08 01:25:31.164 [ INFO] -  92.6 MB (66.9%)
2023-10-08 01:25:31.375 [ INFO] -  92.6 MB (68.0%)
2023-10-08 01:25:31.397 [ INFO] -  92.6 MB (69.0%)
2023-10-08 01:25:31.610 [ INFO] -  92.6 MB (70.1%)
2023-10-08 01:25:31.632 [ INFO] -  92.6 MB (71.2%)
2023-10-08 01:25:31.845 [ INFO] -  92.6 MB (72.2%)
2023-10-08 01:25:31.867 [ INFO] -  92.6 MB (73.3%)
2023-10-08 01:25:32.079 [ INFO] -  92.6 MB (74.3%)
2023-10-08 01:25:32.101 [ INFO] -  92.6 MB (75.4%)
2023-10-08 01:25:32.315 [ INFO] -  92.6 MB (76.5%)
2023-10-08 01:25:32.336 [ INFO] -  92.6 MB (77.5%)
2023-10-08 01:25:32.550 [ INFO] -  92.6 MB (78.6%)
2023-10-08 01:25:32.570 [ INFO] -  92.6 MB (79.7%)
2023-10-08 01:25:32.785 [ INFO] -  92.6 MB (80.7%)
2023-10-08 01:25:32.805 [ INFO] -  92.6 MB (81.8%)
2023-10-08 01:25:33.021 [ INFO] -  92.6 MB (82.8%)
2023-10-08 01:25:33.040 [ INFO] -  92.6 MB (83.9%)
2023-10-08 01:25:33.254 [ INFO] -  92.6 MB (85.0%)
2023-10-08 01:25:33.274 [ INFO] -  92.6 MB (86.0%)
2023-10-08 01:25:33.489 [ INFO] -  92.6 MB (87.1%)
2023-10-08 01:25:33.509 [ INFO] -  92.6 MB (88.1%)
2023-10-08 01:25:33.723 [ INFO] -  92.6 MB (89.2%)
2023-10-08 01:25:33.744 [ INFO] -  92.6 MB (90.3%)
2023-10-08 01:25:33.957 [ INFO] -  92.6 MB (91.3%)
2023-10-08 01:25:33.978 [ INFO] -  92.6 MB (92.4%)
2023-10-08 01:25:34.192 [ INFO] -  92.6 MB (93.5%)
2023-10-08 01:25:34.214 [ INFO] -  92.6 MB (94.5%)
2023-10-08 01:25:34.428 [ INFO] -  92.6 MB (95.6%)
2023-10-08 01:25:34.449 [ INFO] -  92.6 MB (96.6%)
2023-10-08 01:25:34.662 [ INFO] -  92.6 MB (97.7%)
2023-10-08 01:25:34.684 [ INFO] -  92.6 MB (98.8%)
2023-10-08 01:25:34.897 [ INFO] -  92.6 MB (99.8%)
2023-10-08 01:25:34.901 [ INFO] -  92.6 MB (100.0%)
2023-10-08 01:25:34.901 [ INFO] Processing  time : 0:00:45.432923
2023-10-08 01:25:34.901 [ INFO] Downloading time : 0:00:12.907153
2023-10-08 01:25:34.901 [ INFO] Total time       : 0:00:58.340076
2023-10-08 01:25:34.901 [ INFO] Download rate    : 6.6 MB/s
2023-10-08 01:25:34.902 [ INFO] Done

 ... end of get_nemo_anfc_uvts

ncks: ERROR file nemo_ssh_20231009.nc not found. It does not exist on the local filesystem, nor does it match remote filename patterns (e.g., http://foo or foo.bar.edu:file).
ncks: HINT file-not-found errors usually arise from filename typos, incorrect paths, missing files, or capricious gods. Please verify spelling and location of requested file. If the file resides on a High Performance Storage System (HPSS) accessible via the 'hsi' command, then add the --hpss option and re-try command.
rm: cannot remove 'nemo_ssh_20231009.nc': No such file or directory
ncap2: ERROR file ssh2.nc not found. It does not exist on the local filesystem, nor does it match remote filename patterns (e.g., http://foo or foo.bar.edu:file).
ncap2: HINT file-not-found errors usually arise from filename typos, incorrect paths, missing files, or capricious gods. Please verify spelling and location of requested file. If the file resides on a High Performance Storage System (HPSS) accessible via the 'hsi' command, then add the --hpss option and re-try command.
ncks: ERROR file ssh3.nc not found. It does not exist on the local filesystem, nor does it match remote filename patterns (e.g., http://foo or foo.bar.edu:file).
ncks: HINT file-not-found errors usually arise from filename typos, incorrect paths, missing files, or capricious gods. Please verify spelling and location of requested file. If the file resides on a High Performance Storage System (HPSS) accessible via the 'hsi' command, then add the --hpss option and re-try command.
rm: cannot remove 'ssh2.nc': No such file or directory
rm: cannot remove 'ssh3.nc': No such file or directory
ncdump: nemo_ssh_20231009.nc: No such file or directory
ncdump: nemo_ssh_20231009.nc: No such file or directory
ncgen: cdf.cdf line 5: syntax error, unexpected ';'
Traceback (most recent call last):
  File "write_nemo_file.py", line 11, in <module>
    infile2 = Dataset(in2,'r')
  File "src/netCDF4/_netCDF4.pyx", line 2353, in netCDF4._netCDF4.Dataset.__init__
  File "src/netCDF4/_netCDF4.pyx", line 1963, in netCDF4._netCDF4._ensure_nc_success
FileNotFoundError: [Errno 2] No such file or directory: b'nemo_ssh_20231009.nc'
rm: cannot remove 'nemo_ssh_20231009.nc': No such file or directory

 +++ End of get nemo 06h +++

 ... merge downloaded files into file nemo_npo0.08_20231008.nc
cdo    mergetime: Open failed on >nemo_20*.nc<
                  No such file or directory
mv: cannot stat 'nemo_20*.nc': No such file or directory
 ... fix longitudes
 ... include new attributes: _FillValue and missing values
cdo    setmissval: Open failed on >tmp1<
                   No such file or directory
cdo    setmissval: Open failed on >tmp2<
                   No such file or directory
rm: cannot remove 'tmp*': No such file or directory

 ... check integrity of downloaded file 


 ... after check procedure check status is 0

 ... %%%%%% Downloaded file is OK !! %%%%%%

 ... move file to storage 

mv: cannot stat 'nemo_npo0.08_20231008.nc': No such file or directory

 ==> 2023/10/08 01:25:36 FINISHED downloading OGCM nemo for ROMS <==


 ==> Sourcing forecast_setup.sh for general forecast settings <==

 ... roms grid file is /home/ivans/operational/roms/grids/grid_npo0.08_07e.nc
 ... grid box is -166 -118 16 46

 ... grid size is 601 lons,  376 lats, 30 layers


 ==> 2023/10/08 01:25:37 HERE I am @ /home/ivans/operational/pacific_npo_2gr/forecast/d-temporary for step 04: make input files for ROMS <==


 ... today is 2023-10-08, ogcm is nemo
 ... will read 5 time steps every 24 hours
 ... will run for 1 day(s)
 ... donor file is /home/ivans/operational/pacific_npo_2gr/forecast/d-storage/20231008/nemo_npo0.08_20231008.nc


     ... horizontal interpolation: remap donor ogcm to roms grid

 ... found file grid_r_npo0.08.nc; will use it !!

cdo    genbil: Open failed on >/home/ivans/operational/pacific_npo_2gr/forecast/d-storage/20231008/nemo_npo0.08_20231008.nc<
               No such file or directory
cdo    remap: Open failed on >/home/ivans/operational/pacific_npo_2gr/forecast/d-storage/20231008/nemo_npo0.08_20231008.nc<
              No such file or directory

     ... vertical interpolation: interp remaped ogcm to sigma level

cdo    intlevel3d: Open failed on >remaped_nemo_20231008.nc<
                   No such file or directory
cp: cannot stat 'remaped_nemo_20231008_sig.nc': No such file or directory
     ... inpaint nans on remaped, sigma coord ogcm

     ... will use a temporary roms mask /home/ivans/operational/pacific_npo_2gr/forecast/d-interp/roms_npo0.08_07e_tmpmsk.nc
     ... to avoid inpainting on land points

 
 +++ Starting python program to inpaint nans on donor OGCM +++
 
 ... arguments are: ['/home/ivans/scripts/4roms/make_clim_step01_inpaint_nans_on_remaped_ogcm.py', '20231008', 'nemo', '5', '30', '24', '/home/ivans/operational/roms/grids/grid_npo0.08_07e.nc', 'remaped_nemo_20231008', '/home/ivans/operational/pacific_npo_2gr/forecast/d-interp/roms_npo0.08_07e_tmpmsk.nc']
 
 
 ... ogcm is nemo
 ... ntimes is 5
 ... storage interval is 24.0
 ... start date is 2023/10/08
 
Traceback (most recent call last):
  File "/home/ivans/scripts/4roms/make_clim_step01_inpaint_nans_on_remaped_ogcm.py", line 58, in <module>
    inpfile = Dataset(file2 + '_sig.nc','r')
  File "src/netCDF4/_netCDF4.pyx", line 2353, in netCDF4._netCDF4.Dataset.__init__
  File "src/netCDF4/_netCDF4.pyx", line 1963, in netCDF4._netCDF4._ensure_nc_success
FileNotFoundError: [Errno 2] No such file or directory: b'remaped_nemo_20231008_sig.nc'
     ... re-write interpolated ogcm vars on staggered grid

 +++ Scripts to create climatology & obc files for ROMS +++

 ... will output empty netcdf files named clm.nc & bry.nc 
 ... ref date, nlon, nlat, nsig = 20000101, 601, 376, 30

 
 +++ Starting python program to write vars on clim files +++
 
 ... arguments are: ['/home/ivans/scripts/4roms/make_clim_step02_write_clm_bry_files.py', '5', '20231008', 'nemo', '0.', '1', '2', '4', '10.0', '4.0', '150', '150', '30', 'remaped_nemo_20231008_nonans.nc', '/home/ivans/operational/roms/grids/grid_npo0.08_07e.nc', 'input_clm_npo0.08_07e_20231008_nemo.nc', 'input_bry_npo0.08_07e_20231008_nemo.nc']
 
 
 ... ogcm is nemo
 ... ntimes is 5
 ... rotation ang is 0.0
 ... start date is 2023/10/8
 
Traceback (most recent call last):
  File "/home/ivans/scripts/4roms/make_clim_step02_write_clm_bry_files.py", line 73, in <module>
    INP = Dataset(inpfile, 'r')
  File "src/netCDF4/_netCDF4.pyx", line 2353, in netCDF4._netCDF4.Dataset.__init__
  File "src/netCDF4/_netCDF4.pyx", line 1963, in netCDF4._netCDF4._ensure_nc_success
FileNotFoundError: [Errno 2] No such file or directory: b'remaped_nemo_20231008_nonans.nc'

 ==> 2023/10/08 01:25:39 FINISHED making input files for ROMS <==


 ==> Sourcing forecast_setup.sh for general forecast settings <==

 ... roms grid file is /home/ivans/operational/roms/grids/grid_npo0.08_07e.nc
 ... grid box is -166 -118 16 46

 ... grid size is 601 lons,  376 lats, 30 layers


 ==> 2023/10/08 01:25:40 HERE I am @ /home/ivans/operational/pacific_npo_2gr/forecast/d-temporary for step 05: run ROMS <==


 ... today is 2023-10-08

 ... roms grid size is 601 x 376 x 30
 ... roms grid limits are: x1,x2 = -166,-118, y1,y2 = 16,46
 ... roms grid resolution is regular: 0.08 x 0.08

 ... will store outputs in folder /home/ivans/operational/pacific_npo_2gr/forecast/d-storage

 ... start day is 20231008
 ... the expt is npo0.08_07e_20231008
 ... will run for 1 day(s)

 ... the donor file is /home/ivans/operational/pacific_npo_2gr/forecast/d-storage/20231008/nemo_npo0.08_20231008.nc
 ... will read donor 5 time steps every 24 hours

 ... the grid file is /home/ivans/operational/roms/grids/grid_npo0.08_07e.nc
 ... the ngc  file is /home/ivans/operational/roms/grids/ngc_npo0.08_07e+npo0.0267_01c.nc
 ... the nudg file is /home/ivans/operational/roms/nudge/nudge_npo0.08_07e_exp_strong.nc
 ... the tide file is /home/ivans/operational/roms/tides/tide_npo0.08_07e_2023_ref2000.nc


 ... will read roms input files from /home/ivans/operational/pacific_npo_2gr/forecast/d-temporary/roms_in
 ... will output roms results to /home/ivans/operational/pacific_npo_2gr/forecast/d-temporary/roms_out

 ... /home/ivans/operational/pacific_npo_2gr/forecast/d-temporary/roms_in DOES NOT exist, will create it
 ... /home/ivans/operational/pacific_npo_2gr/forecast/d-temporary/roms_out DOES NOT exist, will create it

 ... make links to ROMS input files


 ... accessing ROMS grid file /home/ivans/operational/roms/grids/grid_npo0.08_07e.nc


 ... accessing ROMS grid file /home/ivans/operational/roms/grids/grid_npo0.0267_01c.nc


 ... accessing ROMS ngc file /home/ivans/operational/roms/grids/ngc_npo0.08_07e+npo0.0267_01c.nc


 ... accessing ROMS tide file /home/ivans/operational/roms/tides/tide_npo0.08_07e_2023_ref2000.nc


 ... this implementation uses no rivers


 ... accessing ROMS nudg file /home/ivans/operational/roms/nudge/nudge_npo0.08_07e_exp_strong.nc


 ... didnt find ROMS init file /home/ivans/operational/pacific_npo_2gr/forecast/d-storage/20231007/roms_rst_npo0.08_07e_20231008_nemo.nc

 ... will use file /home/ivans/operational/pacific_npo_2gr/forecast/d-storage/20231008/input_clm_npo0.08_07e_20231008_nemo.nc


 ... didnt find ROMS init file /home/ivans/operational/pacific_npo_2gr/forecast/d-storage/20231007/roms_rst_npo0.0267_01c_20231008_nemo.nc

 ... will use file /home/ivans/operational/pacific_npo_2gr/forecast/d-storage/20231008/input_clm_npo0.0267_01c_20231008_nemo.nc


 +++ Starting script to interp climatology to higher resolution +++

 ... DIDNT find file /home/ivans/oper/pacific_npo_2gr/forecast/d-storage/20231008/input_clm_npo0.08_07e_20231008_glby.nc, exiting now 

 ... DIDNT find file input_clm_npo0.0267_01c_20231008_nemo.nc, exiting !!


 ==> FINISHED ROMS/WW3 7-DAY FORECAST @ 2023/10/08 01:25:40 <== 

